<?xml version="1.0" encoding="UTF-8"?>
<testsuite xmlns:xsi="http://www.w3.org/2001/XMLSchema-instance" xsi:noNamespaceSchemaLocation="https://maven.apache.org/surefire/maven-surefire-plugin/xsd/surefire-test-report-3.0.xsd" version="3.0" name="TestSuite" time="966.94" tests="7" errors="0" skipped="0" failures="3">
  <properties>
    <property name="gopherProxySet" value="false"/>
    <property name="awt.toolkit" value="sun.lwawt.macosx.LWCToolkit"/>
    <property name="file.encoding.pkg" value="sun.io"/>
    <property name="java.specification.version" value="1.8"/>
    <property name="sun.cpu.isalist" value=""/>
    <property name="sun.jnu.encoding" value="UTF-8"/>
    <property name="java.class.path" value="/Users/kamaljhinjer/Documents/Mac_Coding/AndroidAutomation/target/test-classes:/Users/kamaljhinjer/Documents/Mac_Coding/AndroidAutomation/target/classes:/Users/kamaljhinjer/.m2/repository/org/seleniumhq/selenium/selenium-java/3.141.59/selenium-java-3.141.59.jar:/Users/kamaljhinjer/.m2/repository/org/seleniumhq/selenium/selenium-api/3.141.59/selenium-api-3.141.59.jar:/Users/kamaljhinjer/.m2/repository/org/seleniumhq/selenium/selenium-chrome-driver/3.141.59/selenium-chrome-driver-3.141.59.jar:/Users/kamaljhinjer/.m2/repository/org/seleniumhq/selenium/selenium-edge-driver/3.141.59/selenium-edge-driver-3.141.59.jar:/Users/kamaljhinjer/.m2/repository/org/seleniumhq/selenium/selenium-firefox-driver/3.141.59/selenium-firefox-driver-3.141.59.jar:/Users/kamaljhinjer/.m2/repository/org/seleniumhq/selenium/selenium-ie-driver/3.141.59/selenium-ie-driver-3.141.59.jar:/Users/kamaljhinjer/.m2/repository/org/seleniumhq/selenium/selenium-opera-driver/3.141.59/selenium-opera-driver-3.141.59.jar:/Users/kamaljhinjer/.m2/repository/org/seleniumhq/selenium/selenium-remote-driver/3.141.59/selenium-remote-driver-3.141.59.jar:/Users/kamaljhinjer/.m2/repository/org/seleniumhq/selenium/selenium-safari-driver/3.141.59/selenium-safari-driver-3.141.59.jar:/Users/kamaljhinjer/.m2/repository/org/seleniumhq/selenium/selenium-support/3.141.59/selenium-support-3.141.59.jar:/Users/kamaljhinjer/.m2/repository/net/bytebuddy/byte-buddy/1.8.15/byte-buddy-1.8.15.jar:/Users/kamaljhinjer/.m2/repository/org/apache/commons/commons-exec/1.3/commons-exec-1.3.jar:/Users/kamaljhinjer/.m2/repository/com/google/guava/guava/25.0-jre/guava-25.0-jre.jar:/Users/kamaljhinjer/.m2/repository/com/google/code/findbugs/jsr305/1.3.9/jsr305-1.3.9.jar:/Users/kamaljhinjer/.m2/repository/org/checkerframework/checker-compat-qual/2.0.0/checker-compat-qual-2.0.0.jar:/Users/kamaljhinjer/.m2/repository/com/google/errorprone/error_prone_annotations/2.1.3/error_prone_annotations-2.1.3.jar:/Users/kamaljhinjer/.m2/repository/com/google/j2objc/j2objc-annotations/1.1/j2objc-annotations-1.1.jar:/Users/kamaljhinjer/.m2/repository/org/codehaus/mojo/animal-sniffer-annotations/1.14/animal-sniffer-annotations-1.14.jar:/Users/kamaljhinjer/.m2/repository/com/squareup/okhttp3/okhttp/3.11.0/okhttp-3.11.0.jar:/Users/kamaljhinjer/.m2/repository/com/squareup/okio/okio/1.14.0/okio-1.14.0.jar:/Users/kamaljhinjer/.m2/repository/org/testng/testng/7.3.0/testng-7.3.0.jar:/Users/kamaljhinjer/.m2/repository/com/beust/jcommander/1.78/jcommander-1.78.jar:/Users/kamaljhinjer/.m2/repository/org/apache/ant/ant/1.10.3/ant-1.10.3.jar:/Users/kamaljhinjer/.m2/repository/org/apache/ant/ant-launcher/1.10.3/ant-launcher-1.10.3.jar:/Users/kamaljhinjer/.m2/repository/junit/junit/4.12/junit-4.12.jar:/Users/kamaljhinjer/.m2/repository/org/hamcrest/hamcrest-core/1.3/hamcrest-core-1.3.jar:/Users/kamaljhinjer/.m2/repository/com/google/inject/guice/4.2.2/guice-4.2.2-no_aop.jar:/Users/kamaljhinjer/.m2/repository/javax/inject/javax.inject/1/javax.inject-1.jar:/Users/kamaljhinjer/.m2/repository/aopalliance/aopalliance/1.0/aopalliance-1.0.jar:/Users/kamaljhinjer/.m2/repository/org/yaml/snakeyaml/1.21/snakeyaml-1.21.jar:/Users/kamaljhinjer/.m2/repository/org/apache/commons/commons-lang3/3.9/commons-lang3-3.9.jar:/Users/kamaljhinjer/.m2/repository/commons-io/commons-io/2.6/commons-io-2.6.jar:/Users/kamaljhinjer/.m2/repository/io/appium/java-client/7.3.0/java-client-7.3.0.jar:/Users/kamaljhinjer/.m2/repository/com/google/code/gson/gson/2.8.5/gson-2.8.5.jar:/Users/kamaljhinjer/.m2/repository/org/apache/httpcomponents/httpclient/4.5.9/httpclient-4.5.9.jar:/Users/kamaljhinjer/.m2/repository/org/apache/httpcomponents/httpcore/4.4.11/httpcore-4.4.11.jar:/Users/kamaljhinjer/.m2/repository/commons-codec/commons-codec/1.11/commons-codec-1.11.jar:/Users/kamaljhinjer/.m2/repository/cglib/cglib/3.2.12/cglib-3.2.12.jar:/Users/kamaljhinjer/.m2/repository/org/ow2/asm/asm/7.1/asm-7.1.jar:/Users/kamaljhinjer/.m2/repository/org/springframework/spring-context/5.1.8.RELEASE/spring-context-5.1.8.RELEASE.jar:/Users/kamaljhinjer/.m2/repository/org/springframework/spring-aop/5.1.8.RELEASE/spring-aop-5.1.8.RELEASE.jar:/Users/kamaljhinjer/.m2/repository/org/springframework/spring-beans/5.1.8.RELEASE/spring-beans-5.1.8.RELEASE.jar:/Users/kamaljhinjer/.m2/repository/org/springframework/spring-core/5.1.8.RELEASE/spring-core-5.1.8.RELEASE.jar:/Users/kamaljhinjer/.m2/repository/org/springframework/spring-jcl/5.1.8.RELEASE/spring-jcl-5.1.8.RELEASE.jar:/Users/kamaljhinjer/.m2/repository/org/springframework/spring-expression/5.1.8.RELEASE/spring-expression-5.1.8.RELEASE.jar:/Users/kamaljhinjer/.m2/repository/org/aspectj/aspectjweaver/1.9.4/aspectjweaver-1.9.4.jar:/Users/kamaljhinjer/.m2/repository/commons-validator/commons-validator/1.6/commons-validator-1.6.jar:/Users/kamaljhinjer/.m2/repository/commons-beanutils/commons-beanutils/1.9.2/commons-beanutils-1.9.2.jar:/Users/kamaljhinjer/.m2/repository/commons-digester/commons-digester/1.8.1/commons-digester-1.8.1.jar:/Users/kamaljhinjer/.m2/repository/commons-logging/commons-logging/1.2/commons-logging-1.2.jar:/Users/kamaljhinjer/.m2/repository/commons-collections/commons-collections/3.2.2/commons-collections-3.2.2.jar:/Users/kamaljhinjer/.m2/repository/org/slf4j/slf4j-simple/1.7.26/slf4j-simple-1.7.26.jar:/Users/kamaljhinjer/.m2/repository/org/slf4j/slf4j-api/1.7.26/slf4j-api-1.7.26.jar:/Users/kamaljhinjer/.m2/repository/com/aventstack/extentreports/4.0.0/extentreports-4.0.0.jar:/Users/kamaljhinjer/.m2/repository/org/freemarker/freemarker/2.3.23/freemarker-2.3.23.jar:/Users/kamaljhinjer/.m2/repository/org/mongodb/mongodb-driver/3.3.0/mongodb-driver-3.3.0.jar:/Users/kamaljhinjer/.m2/repository/org/mongodb/mongodb-driver-core/3.3.0/mongodb-driver-core-3.3.0.jar:/Users/kamaljhinjer/.m2/repository/org/mongodb/bson/3.3.0/bson-3.3.0.jar:/Users/kamaljhinjer/.m2/repository/org/apache/httpcomponents/httpmime/4.5.2/httpmime-4.5.2.jar:"/>
    <property name="java.vm.vendor" value="Amazon.com Inc."/>
    <property name="sun.arch.data.model" value="64"/>
    <property name="java.vendor.url" value="https://aws.amazon.com/corretto/"/>
    <property name="user.timezone" value="Asia/Kolkata"/>
    <property name="java.vm.specification.version" value="1.8"/>
    <property name="os.name" value="Mac OS X"/>
    <property name="user.country" value="IN"/>
    <property name="sun.java.launcher" value="SUN_STANDARD"/>
    <property name="sun.boot.library.path" value="/Users/kamaljhinjer/Library/Java/JavaVirtualMachines/corretto-1.8.0_292/Contents/Home/jre/lib"/>
    <property name="sun.java.command" value="/Users/kamaljhinjer/Documents/Mac_Coding/AndroidAutomation/target/surefire/surefirebooter5004012767348302422.jar /Users/kamaljhinjer/Documents/Mac_Coding/AndroidAutomation/target/surefire 2022-06-07T22-21-58_194-jvmRun1 surefire6347871881640100364tmp surefire_03911024978801540148tmp"/>
    <property name="http.nonProxyHosts" value="local|*.local|169.254/16|*.169.254/16"/>
    <property name="surefire.test.class.path" value="/Users/kamaljhinjer/Documents/Mac_Coding/AndroidAutomation/target/test-classes:/Users/kamaljhinjer/Documents/Mac_Coding/AndroidAutomation/target/classes:/Users/kamaljhinjer/.m2/repository/org/seleniumhq/selenium/selenium-java/3.141.59/selenium-java-3.141.59.jar:/Users/kamaljhinjer/.m2/repository/org/seleniumhq/selenium/selenium-api/3.141.59/selenium-api-3.141.59.jar:/Users/kamaljhinjer/.m2/repository/org/seleniumhq/selenium/selenium-chrome-driver/3.141.59/selenium-chrome-driver-3.141.59.jar:/Users/kamaljhinjer/.m2/repository/org/seleniumhq/selenium/selenium-edge-driver/3.141.59/selenium-edge-driver-3.141.59.jar:/Users/kamaljhinjer/.m2/repository/org/seleniumhq/selenium/selenium-firefox-driver/3.141.59/selenium-firefox-driver-3.141.59.jar:/Users/kamaljhinjer/.m2/repository/org/seleniumhq/selenium/selenium-ie-driver/3.141.59/selenium-ie-driver-3.141.59.jar:/Users/kamaljhinjer/.m2/repository/org/seleniumhq/selenium/selenium-opera-driver/3.141.59/selenium-opera-driver-3.141.59.jar:/Users/kamaljhinjer/.m2/repository/org/seleniumhq/selenium/selenium-remote-driver/3.141.59/selenium-remote-driver-3.141.59.jar:/Users/kamaljhinjer/.m2/repository/org/seleniumhq/selenium/selenium-safari-driver/3.141.59/selenium-safari-driver-3.141.59.jar:/Users/kamaljhinjer/.m2/repository/org/seleniumhq/selenium/selenium-support/3.141.59/selenium-support-3.141.59.jar:/Users/kamaljhinjer/.m2/repository/net/bytebuddy/byte-buddy/1.8.15/byte-buddy-1.8.15.jar:/Users/kamaljhinjer/.m2/repository/org/apache/commons/commons-exec/1.3/commons-exec-1.3.jar:/Users/kamaljhinjer/.m2/repository/com/google/guava/guava/25.0-jre/guava-25.0-jre.jar:/Users/kamaljhinjer/.m2/repository/com/google/code/findbugs/jsr305/1.3.9/jsr305-1.3.9.jar:/Users/kamaljhinjer/.m2/repository/org/checkerframework/checker-compat-qual/2.0.0/checker-compat-qual-2.0.0.jar:/Users/kamaljhinjer/.m2/repository/com/google/errorprone/error_prone_annotations/2.1.3/error_prone_annotations-2.1.3.jar:/Users/kamaljhinjer/.m2/repository/com/google/j2objc/j2objc-annotations/1.1/j2objc-annotations-1.1.jar:/Users/kamaljhinjer/.m2/repository/org/codehaus/mojo/animal-sniffer-annotations/1.14/animal-sniffer-annotations-1.14.jar:/Users/kamaljhinjer/.m2/repository/com/squareup/okhttp3/okhttp/3.11.0/okhttp-3.11.0.jar:/Users/kamaljhinjer/.m2/repository/com/squareup/okio/okio/1.14.0/okio-1.14.0.jar:/Users/kamaljhinjer/.m2/repository/org/testng/testng/7.3.0/testng-7.3.0.jar:/Users/kamaljhinjer/.m2/repository/com/beust/jcommander/1.78/jcommander-1.78.jar:/Users/kamaljhinjer/.m2/repository/org/apache/ant/ant/1.10.3/ant-1.10.3.jar:/Users/kamaljhinjer/.m2/repository/org/apache/ant/ant-launcher/1.10.3/ant-launcher-1.10.3.jar:/Users/kamaljhinjer/.m2/repository/junit/junit/4.12/junit-4.12.jar:/Users/kamaljhinjer/.m2/repository/org/hamcrest/hamcrest-core/1.3/hamcrest-core-1.3.jar:/Users/kamaljhinjer/.m2/repository/com/google/inject/guice/4.2.2/guice-4.2.2-no_aop.jar:/Users/kamaljhinjer/.m2/repository/javax/inject/javax.inject/1/javax.inject-1.jar:/Users/kamaljhinjer/.m2/repository/aopalliance/aopalliance/1.0/aopalliance-1.0.jar:/Users/kamaljhinjer/.m2/repository/org/yaml/snakeyaml/1.21/snakeyaml-1.21.jar:/Users/kamaljhinjer/.m2/repository/org/apache/commons/commons-lang3/3.9/commons-lang3-3.9.jar:/Users/kamaljhinjer/.m2/repository/commons-io/commons-io/2.6/commons-io-2.6.jar:/Users/kamaljhinjer/.m2/repository/io/appium/java-client/7.3.0/java-client-7.3.0.jar:/Users/kamaljhinjer/.m2/repository/com/google/code/gson/gson/2.8.5/gson-2.8.5.jar:/Users/kamaljhinjer/.m2/repository/org/apache/httpcomponents/httpclient/4.5.9/httpclient-4.5.9.jar:/Users/kamaljhinjer/.m2/repository/org/apache/httpcomponents/httpcore/4.4.11/httpcore-4.4.11.jar:/Users/kamaljhinjer/.m2/repository/commons-codec/commons-codec/1.11/commons-codec-1.11.jar:/Users/kamaljhinjer/.m2/repository/cglib/cglib/3.2.12/cglib-3.2.12.jar:/Users/kamaljhinjer/.m2/repository/org/ow2/asm/asm/7.1/asm-7.1.jar:/Users/kamaljhinjer/.m2/repository/org/springframework/spring-context/5.1.8.RELEASE/spring-context-5.1.8.RELEASE.jar:/Users/kamaljhinjer/.m2/repository/org/springframework/spring-aop/5.1.8.RELEASE/spring-aop-5.1.8.RELEASE.jar:/Users/kamaljhinjer/.m2/repository/org/springframework/spring-beans/5.1.8.RELEASE/spring-beans-5.1.8.RELEASE.jar:/Users/kamaljhinjer/.m2/repository/org/springframework/spring-core/5.1.8.RELEASE/spring-core-5.1.8.RELEASE.jar:/Users/kamaljhinjer/.m2/repository/org/springframework/spring-jcl/5.1.8.RELEASE/spring-jcl-5.1.8.RELEASE.jar:/Users/kamaljhinjer/.m2/repository/org/springframework/spring-expression/5.1.8.RELEASE/spring-expression-5.1.8.RELEASE.jar:/Users/kamaljhinjer/.m2/repository/org/aspectj/aspectjweaver/1.9.4/aspectjweaver-1.9.4.jar:/Users/kamaljhinjer/.m2/repository/commons-validator/commons-validator/1.6/commons-validator-1.6.jar:/Users/kamaljhinjer/.m2/repository/commons-beanutils/commons-beanutils/1.9.2/commons-beanutils-1.9.2.jar:/Users/kamaljhinjer/.m2/repository/commons-digester/commons-digester/1.8.1/commons-digester-1.8.1.jar:/Users/kamaljhinjer/.m2/repository/commons-logging/commons-logging/1.2/commons-logging-1.2.jar:/Users/kamaljhinjer/.m2/repository/commons-collections/commons-collections/3.2.2/commons-collections-3.2.2.jar:/Users/kamaljhinjer/.m2/repository/org/slf4j/slf4j-simple/1.7.26/slf4j-simple-1.7.26.jar:/Users/kamaljhinjer/.m2/repository/org/slf4j/slf4j-api/1.7.26/slf4j-api-1.7.26.jar:/Users/kamaljhinjer/.m2/repository/com/aventstack/extentreports/4.0.0/extentreports-4.0.0.jar:/Users/kamaljhinjer/.m2/repository/org/freemarker/freemarker/2.3.23/freemarker-2.3.23.jar:/Users/kamaljhinjer/.m2/repository/org/mongodb/mongodb-driver/3.3.0/mongodb-driver-3.3.0.jar:/Users/kamaljhinjer/.m2/repository/org/mongodb/mongodb-driver-core/3.3.0/mongodb-driver-core-3.3.0.jar:/Users/kamaljhinjer/.m2/repository/org/mongodb/bson/3.3.0/bson-3.3.0.jar:/Users/kamaljhinjer/.m2/repository/org/apache/httpcomponents/httpmime/4.5.2/httpmime-4.5.2.jar:"/>
    <property name="sun.cpu.endian" value="little"/>
    <property name="user.home" value="/Users/kamaljhinjer"/>
    <property name="user.language" value="en"/>
    <property name="java.specification.vendor" value="Oracle Corporation"/>
    <property name="java.home" value="/Users/kamaljhinjer/Library/Java/JavaVirtualMachines/corretto-1.8.0_292/Contents/Home/jre"/>
    <property name="basedir" value="/Users/kamaljhinjer/Documents/Mac_Coding/AndroidAutomation"/>
    <property name="file.separator" value="/"/>
    <property name="line.separator" value="&#10;"/>
    <property name="java.vm.specification.vendor" value="Oracle Corporation"/>
    <property name="java.specification.name" value="Java Platform API Specification"/>
    <property name="java.awt.graphicsenv" value="sun.awt.CGraphicsEnvironment"/>
    <property name="surefire.real.class.path" value="/Users/kamaljhinjer/Documents/Mac_Coding/AndroidAutomation/target/surefire/surefirebooter5004012767348302422.jar"/>
    <property name="sun.boot.class.path" value="/Users/kamaljhinjer/Library/Java/JavaVirtualMachines/corretto-1.8.0_292/Contents/Home/jre/lib/resources.jar:/Users/kamaljhinjer/Library/Java/JavaVirtualMachines/corretto-1.8.0_292/Contents/Home/jre/lib/rt.jar:/Users/kamaljhinjer/Library/Java/JavaVirtualMachines/corretto-1.8.0_292/Contents/Home/jre/lib/sunrsasign.jar:/Users/kamaljhinjer/Library/Java/JavaVirtualMachines/corretto-1.8.0_292/Contents/Home/jre/lib/jsse.jar:/Users/kamaljhinjer/Library/Java/JavaVirtualMachines/corretto-1.8.0_292/Contents/Home/jre/lib/jce.jar:/Users/kamaljhinjer/Library/Java/JavaVirtualMachines/corretto-1.8.0_292/Contents/Home/jre/lib/charsets.jar:/Users/kamaljhinjer/Library/Java/JavaVirtualMachines/corretto-1.8.0_292/Contents/Home/jre/lib/jfr.jar:/Users/kamaljhinjer/Library/Java/JavaVirtualMachines/corretto-1.8.0_292/Contents/Home/jre/classes"/>
    <property name="sun.management.compiler" value="HotSpot 64-Bit Tiered Compilers"/>
    <property name="ftp.nonProxyHosts" value="local|*.local|169.254/16|*.169.254/16"/>
    <property name="java.runtime.version" value="1.8.0_292-b10"/>
    <property name="user.name" value="kamaljhinjer"/>
    <property name="path.separator" value=":"/>
    <property name="os.version" value="10.16"/>
    <property name="java.endorsed.dirs" value="/Users/kamaljhinjer/Library/Java/JavaVirtualMachines/corretto-1.8.0_292/Contents/Home/jre/lib/endorsed"/>
    <property name="java.runtime.name" value="OpenJDK Runtime Environment"/>
    <property name="file.encoding" value="UTF-8"/>
    <property name="java.vm.name" value="OpenJDK 64-Bit Server VM"/>
    <property name="localRepository" value="/Users/kamaljhinjer/.m2/repository"/>
    <property name="java.vendor.url.bug" value="https://github.com/corretto/corretto-8/issues/"/>
    <property name="java.io.tmpdir" value="/var/folders/4f/ggkjk46s0lj0y4w1yj8mpmm00000gn/T/"/>
    <property name="java.version" value="1.8.0_292"/>
    <property name="user.dir" value="/Users/kamaljhinjer/Documents/Mac_Coding/AndroidAutomation"/>
    <property name="os.arch" value="x86_64"/>
    <property name="java.vm.specification.name" value="Java Virtual Machine Specification"/>
    <property name="java.awt.printerjob" value="sun.lwawt.macosx.CPrinterJob"/>
    <property name="sun.os.patch.level" value="unknown"/>
    <property name="java.library.path" value="/Users/kamaljhinjer/Library/Java/Extensions:/Library/Java/Extensions:/Network/Library/Java/Extensions:/System/Library/Java/Extensions:/usr/lib/java:."/>
    <property name="java.vm.info" value="mixed mode"/>
    <property name="java.vendor" value="Amazon.com Inc."/>
    <property name="java.vm.version" value="25.292-b10"/>
    <property name="java.ext.dirs" value="/Users/kamaljhinjer/Library/Java/Extensions:/Users/kamaljhinjer/Library/Java/JavaVirtualMachines/corretto-1.8.0_292/Contents/Home/jre/lib/ext:/Library/Java/Extensions:/Network/Library/Java/Extensions:/System/Library/Java/Extensions:/usr/lib/java"/>
    <property name="sun.io.unicode.encoding" value="UnicodeBig"/>
    <property name="java.class.version" value="52.0"/>
    <property name="socksNonProxyHosts" value="local|*.local|169.254/16|*.169.254/16"/>
  </properties>
  <testcase name="WidgetSwipeTestCase" classname="SoFaDog.AndroidAutomation.WidgetSwipeTest" time="58.266">
    <system-out><![CDATA[Entered Before Test, Starting Server & Launching App
&amp#27;[35m[Appium]&amp#27;[39m Welcome to Appium v1.22.3
&amp#27;[35m[Appium]&amp#27;[39m Non-default server args:
&amp#27;[35m[Appium]&amp#27;[39m   address: 127.0.0.1
&amp#27;[35m[Appium]&amp#27;[39m Appium REST http interface listener started on 127.0.0.1:4723
&amp#27;[35m[HTTP]&amp#27;[39m &amp#27;[37m-->&amp#27;[39m &amp#27;[37mGET&amp#27;[39m &amp#27;[37m/wd/hub/status&amp#27;[39m
&amp#27;[35m[HTTP]&amp#27;[39m &amp#27;[90m{}&amp#27;[39m
[debug] &amp#27;[35m[GENERIC]&amp#27;[39m Calling AppiumDriver.getStatus() with args: []
[debug] &amp#27;[35m[GENERIC]&amp#27;[39m Responding to client with driver.getStatus() result: {"build":{"version":"1.22.3"}}
&amp#27;[35m[HTTP]&amp#27;[39m &amp#27;[37m<-- GET /wd/hub/status &amp#27;[39m&amp#27;[32m200&amp#27;[39m &amp#27;[90m12 ms - 68&amp#27;[39m
&amp#27;[35m[HTTP]&amp#27;[39m &amp#27;[90m&amp#27;[39m
Execute Before Class & passing capabilities to driver every time the Test's Start in New Class
&amp#27;[35m[HTTP]&amp#27;[39m &amp#27;[37m-->&amp#27;[39m &amp#27;[37mPOST&amp#27;[39m &amp#27;[37m/wd/hub/session&amp#27;[39m
&amp#27;[35m[HTTP]&amp#27;[39m &amp#27;[90m{"desiredCapabilities":{"app":"/Users/kamaljhinjer/Documents/Mac_Coding/AndroidAutomation/src/sofadog-debug-services-4.5.3-2.apk","chromedriverExecutable":"/Users/kamaljhinjer/Documents/Mac_Coding/AndroidAutomation/src/chromedriver/chromedriver","newCommandTimeout":180,"automationName":"uiautomator2","platformName":"Android","deviceName":"Emulator_Pixel2XL"},"capabilities":{"firstMatch":[{"appium:app":"/Users/kamaljhinjer/Documents/Mac_Coding/AndroidAutomation/src/sofadog-debug-services-4.5.3-2.apk","appium:automationName":"uiautomator2","appium:chromedriverExecutable":"/Users/kamaljhinjer/Documents/Mac_Coding/AndroidAutomation/src/chromedriver/chromedriver","appium:deviceName":"Emulator_Pixel2XL","appium:newCommandTimeout":180,"platformName":"android"}]}}&amp#27;[39m
[debug] &amp#27;[35m[W3C]&amp#27;[39m Calling AppiumDriver.createSession() with args: [{"app":"/Users/kamaljhinjer/Documents/Mac_Coding/AndroidAutomation/src/sofadog-debug-services-4.5.3-2.apk","chromedriverExecutable":"/Users/kamaljhinjer/Documents/Mac_Coding/AndroidAutomation/src/chromedriver/chromedriver","newCommandTimeout":180,"automationName":"uiautomator2","platformName":"Android","deviceName":"Emulator_Pixel2XL"},null,{"firstMatch":[{"appium:app":"/Users/kamaljhinjer/Documents/Mac_Coding/AndroidAutomation/src/sofadog-debug-services-4.5.3-2.apk","appium:automationName":"uiautomator2","appium:chromedriverExecutable":"/Users/kamaljhinjer/Documents/Mac_Coding/AndroidAutomation/src/chromedriver/chromedriver","appium:deviceName":"Emulator_Pixel2XL","appium:newCommandTimeout":180,"platformName":"android"}]}]
[debug] &amp#27;[35m[BaseDriver]&amp#27;[39m Event 'newSessionRequested' logged at 1654620733103 (22:22:13 GMT+0530 (India Standard Time))
&amp#27;[35m[Appium]&amp#27;[39m Appium v1.22.3 creating new AndroidUiautomator2Driver (v1.70.1) session
[debug] &amp#27;[35m[BaseDriver]&amp#27;[39m W3C capabilities and MJSONWP desired capabilities were provided
[debug] &amp#27;[35m[BaseDriver]&amp#27;[39m Creating session with W3C capabilities: {
[debug] &amp#27;[35m[BaseDriver]&amp#27;[39m   "alwaysMatch": {
[debug] &amp#27;[35m[BaseDriver]&amp#27;[39m     "platformName": "android",
[debug] &amp#27;[35m[BaseDriver]&amp#27;[39m     "appium:app": "/Users/kamaljhinjer/Documents/Mac_Coding/AndroidAutomation/src/sofadog-debug-services-4.5.3-2.apk",
[debug] &amp#27;[35m[BaseDriver]&amp#27;[39m     "appium:automationName": "uiautomator2",
[debug] &amp#27;[35m[BaseDriver]&amp#27;[39m     "appium:chromedriverExecutable": "/Users/kamaljhinjer/Documents/Mac_Coding/AndroidAutomation/src/chromedriver/chromedriver",
[debug] &amp#27;[35m[BaseDriver]&amp#27;[39m     "appium:deviceName": "Emulator_Pixel2XL",
[debug] &amp#27;[35m[BaseDriver]&amp#27;[39m     "appium:newCommandTimeout": 180
[debug] &amp#27;[35m[BaseDriver]&amp#27;[39m   },
[debug] &amp#27;[35m[BaseDriver]&amp#27;[39m   "firstMatch": [
[debug] &amp#27;[35m[BaseDriver]&amp#27;[39m     {}
[debug] &amp#27;[35m[BaseDriver]&amp#27;[39m   ]
[debug] &amp#27;[35m[BaseDriver]&amp#27;[39m }
&amp#27;[35m[BaseDriver]&amp#27;[39m Session created with session id: 587fc001-2b30-4c88-9eb5-fa2dca2a30b0
&amp#27;[35m[BaseDriver]&amp#27;[39m Using local app '/Users/kamaljhinjer/Documents/Mac_Coding/AndroidAutomation/src/sofadog-debug-services-4.5.3-2.apk'
[debug] &amp#27;[35m[UiAutomator2]&amp#27;[39m Checking whether app is actually present
&amp#27;[35m[ADB]&amp#27;[39m Found 4 'build-tools' folders under '/Users/kamaljhinjer/Library/Android/sdk' (newest first):
&amp#27;[35m[ADB]&amp#27;[39m     /Users/kamaljhinjer/Library/Android/sdk/build-tools/33.0.0-rc3
&amp#27;[35m[ADB]&amp#27;[39m     /Users/kamaljhinjer/Library/Android/sdk/build-tools/32.1.0-rc1
&amp#27;[35m[ADB]&amp#27;[39m     /Users/kamaljhinjer/Library/Android/sdk/build-tools/32.0.0
&amp#27;[35m[ADB]&amp#27;[39m     /Users/kamaljhinjer/Library/Android/sdk/build-tools/30.0.3
&amp#27;[35m[ADB]&amp#27;[39m Using 'adb' from '/Users/kamaljhinjer/Library/Android/sdk/platform-tools/adb'
[debug] &amp#27;[35m[ADB]&amp#27;[39m Running '/Users/kamaljhinjer/Library/Android/sdk/platform-tools/adb -P 5037 start-server'
&amp#27;[35m[AndroidDriver]&amp#27;[39m Retrieving device list
[debug] &amp#27;[35m[ADB]&amp#27;[39m Trying to find a connected android device
[debug] &amp#27;[35m[ADB]&amp#27;[39m Getting connected devices
[debug] &amp#27;[35m[ADB]&amp#27;[39m Connected devices: [{"udid":"emulator-5554","state":"device"}]
&amp#27;[35m[AndroidDriver]&amp#27;[39m Using device: emulator-5554
&amp#27;[35m[ADB]&amp#27;[39m Using 'adb' from '/Users/kamaljhinjer/Library/Android/sdk/platform-tools/adb'
[debug] &amp#27;[35m[ADB]&amp#27;[39m Running '/Users/kamaljhinjer/Library/Android/sdk/platform-tools/adb -P 5037 start-server'
[debug] &amp#27;[35m[ADB]&amp#27;[39m Setting device id to emulator-5554
[debug] &amp#27;[35m[ADB]&amp#27;[39m Running '/Users/kamaljhinjer/Library/Android/sdk/platform-tools/adb -P 5037 -s emulator-5554 shell getprop ro.build.version.sdk'
[debug] &amp#27;[35m[ADB]&amp#27;[39m Current device property 'ro.build.version.sdk': 31
&amp#27;[35m[ADB]&amp#27;[39m Getting device platform version
[debug] &amp#27;[35m[ADB]&amp#27;[39m Running '/Users/kamaljhinjer/Library/Android/sdk/platform-tools/adb -P 5037 -s emulator-5554 shell getprop ro.build.version.release'
[debug] &amp#27;[35m[ADB]&amp#27;[39m Current device property 'ro.build.version.release': 12
[debug] &amp#27;[35m[ADB]&amp#27;[39m Device API level: 31
&amp#27;[35m[UiAutomator2]&amp#27;[39m Relaxing hidden api policy
[debug] &amp#27;[35m[ADB]&amp#27;[39m Running '/Users/kamaljhinjer/Library/Android/sdk/platform-tools/adb -P 5037 -s emulator-5554 shell 'settings put global hidden_api_policy_pre_p_apps 1;settings put global hidden_api_policy_p_apps 1;settings put global hidden_api_policy 1''
[debug] &amp#27;[35m[AndroidDriver]&amp#27;[39m Parsing package and activity from app manifest
&amp#27;[35m[ADB]&amp#27;[39m Package name: 'dog.fa.so.app'
&amp#27;[35m[ADB]&amp#27;[39m Main activity name: 'dog.fa.so.app.MainActivity'
[debug] &amp#27;[35m[AndroidDriver]&amp#27;[39m Parsed package and activity are: dog.fa.so.app/dog.fa.so.app.MainActivity
[debug] &amp#27;[35m[ADB]&amp#27;[39m Running '/Users/kamaljhinjer/Library/Android/sdk/platform-tools/adb -P 5037 -s emulator-5554 wait-for-device'
[debug] &amp#27;[35m[ADB]&amp#27;[39m Running '/Users/kamaljhinjer/Library/Android/sdk/platform-tools/adb -P 5037 -s emulator-5554 shell echo ping'
[debug] &amp#27;[35m[AndroidDriver]&amp#27;[39m Pushing settings apk to device...
[debug] &amp#27;[35m[ADB]&amp#27;[39m Getting install status for io.appium.settings
[debug] &amp#27;[35m[ADB]&amp#27;[39m Running '/Users/kamaljhinjer/Library/Android/sdk/platform-tools/adb -P 5037 -s emulator-5554 shell dumpsys package io.appium.settings'
[debug] &amp#27;[35m[ADB]&amp#27;[39m 'io.appium.settings' is installed
[debug] &amp#27;[35m[ADB]&amp#27;[39m Getting package info for 'io.appium.settings'
[debug] &amp#27;[35m[ADB]&amp#27;[39m Running '/Users/kamaljhinjer/Library/Android/sdk/platform-tools/adb -P 5037 -s emulator-5554 shell dumpsys package io.appium.settings'
[debug] &amp#27;[35m[ADB]&amp#27;[39m The version name of the installed 'io.appium.settings' is greater or equal to the application version name ('3.4.0' >= '3.4.0')
[debug] &amp#27;[35m[ADB]&amp#27;[39m There is no need to install/upgrade '/usr/local/lib/node_modules/appium/node_modules/io.appium.settings/apks/settings_apk-debug.apk'
[debug] &amp#27;[35m[ADB]&amp#27;[39m Getting IDs of all 'io.appium.settings' processes
[debug] &amp#27;[35m[ADB]&amp#27;[39m Running '/Users/kamaljhinjer/Library/Android/sdk/platform-tools/adb -P 5037 -s emulator-5554 shell 'pgrep --help; echo $?''
[debug] &amp#27;[35m[ADB]&amp#27;[39m Running '/Users/kamaljhinjer/Library/Android/sdk/platform-tools/adb -P 5037 -s emulator-5554 shell pgrep -f \(\[\[:blank:\]\]\|\^\)io\.appium\.settings\(\[\[:blank:\]\]\|\$\)'
[debug] &amp#27;[35m[AndroidDriver]&amp#27;[39m io.appium.settings is already running. There is no need to reset its permissions.
[debug] &amp#27;[35m[Logcat]&amp#27;[39m Starting logs capture with command: /Users/kamaljhinjer/Library/Android/sdk/platform-tools/adb -P 5037 -s emulator-5554 logcat -v threadtime
[debug] &amp#27;[35m[UiAutomator2]&amp#27;[39m Forwarding UiAutomator2 Server port 6790 to local port 8208
[debug] &amp#27;[35m[ADB]&amp#27;[39m Forwarding system: 8208 to device: 6790
[debug] &amp#27;[35m[ADB]&amp#27;[39m Running '/Users/kamaljhinjer/Library/Android/sdk/platform-tools/adb -P 5037 -s emulator-5554 forward tcp:8208 tcp:6790'
&amp#27;[35m[UiAutomator2]&amp#27;[39m Server package at '/usr/local/lib/node_modules/appium/node_modules/appium-uiautomator2-server/apks/appium-uiautomator2-server-v4.27.0.apk' is not writeable. Will copy it into the temporary location at '/var/folders/4f/ggkjk46s0lj0y4w1yj8mpmm00000gn/T/202257-2037-11tda5i.q3dnj' as a workaround. Consider making this file writeable manually in order to improve the performance of session startup.
&amp#27;[35m[UiAutomator2]&amp#27;[39m Server package at '/usr/local/lib/node_modules/appium/node_modules/appium-uiautomator2-server/apks/appium-uiautomator2-server-debug-androidTest.apk' is not writeable. Will copy it into the temporary location at '/var/folders/4f/ggkjk46s0lj0y4w1yj8mpmm00000gn/T/202257-2037-11tda5i.q3dnj' as a workaround. Consider making this file writeable manually in order to improve the performance of session startup.
[debug] &amp#27;[35m[ADB]&amp#27;[39m Getting install status for io.appium.uiautomator2.server
[debug] &amp#27;[35m[ADB]&amp#27;[39m Running '/Users/kamaljhinjer/Library/Android/sdk/platform-tools/adb -P 5037 -s emulator-5554 shell dumpsys package io.appium.uiautomator2.server'
[debug] &amp#27;[35m[ADB]&amp#27;[39m 'io.appium.uiautomator2.server' is installed
[debug] &amp#27;[35m[ADB]&amp#27;[39m Getting package info for 'io.appium.uiautomator2.server'
[debug] &amp#27;[35m[ADB]&amp#27;[39m Running '/Users/kamaljhinjer/Library/Android/sdk/platform-tools/adb -P 5037 -s emulator-5554 shell dumpsys package io.appium.uiautomator2.server'
[debug] &amp#27;[35m[ADB]&amp#27;[39m The version name of the installed 'io.appium.uiautomator2.server' is greater or equal to the application version name ('4.27.0' >= '4.27.0')
[debug] &amp#27;[35m[UiAutomator2]&amp#27;[39m io.appium.uiautomator2.server installation state: sameVersionInstalled
[debug] &amp#27;[35m[ADB]&amp#27;[39m Checking app cert for /var/folders/4f/ggkjk46s0lj0y4w1yj8mpmm00000gn/T/202257-2037-11tda5i.q3dnj/appium-uiautomator2-server-v4.27.0.apk
&amp#27;[35m[ADB]&amp#27;[39m Using 'apksigner.jar' from '/Users/kamaljhinjer/Library/Android/sdk/build-tools/33.0.0-rc3/lib/apksigner.jar'
[debug] &amp#27;[35m[ADB]&amp#27;[39m Starting apksigner: /Users/kamaljhinjer/Library/Java/JavaVirtualMachines/corretto-1.8.0_292/Contents/Home/bin/java -Xmx1024M -Xss1m -jar /Users/kamaljhinjer/Library/Android/sdk/build-tools/33.0.0-rc3/lib/apksigner.jar verify --print-certs /var/folders/4f/ggkjk46s0lj0y4w1yj8mpmm00000gn/T/202257-2037-11tda5i.q3dnj/appium-uiautomator2-server-v4.27.0.apk
[debug] &amp#27;[35m[ADB]&amp#27;[39m apksigner stdout: Signer #1 certificate DN: EMAILADDRESS=android@android.com, CN=Android, OU=Android, O=Android, L=Mountain View, ST=California, C=US
[debug] &amp#27;[35m[ADB]&amp#27;[39m Signer #1 certificate SHA-256 digest: a40da80a59d170caa950cf15c18c454d47a39b26989d8b640ecd745ba71bf5dc
[debug] &amp#27;[35m[ADB]&amp#27;[39m Signer #1 certificate SHA-1 digest: 61ed377e85d386a8dfee6b864bd85b0bfaa5af81
[debug] &amp#27;[35m[ADB]&amp#27;[39m Signer #1 certificate MD5 digest: e89b158e4bcf988ebd09eb83f5378e87
[debug] &amp#27;[35m[ADB]&amp#27;[39m 
[debug] &amp#27;[35m[ADB]&amp#27;[39m sha256 hash did match for 'appium-uiautomator2-server-v4.27.0.apk'
&amp#27;[35m[ADB]&amp#27;[39m '/var/folders/4f/ggkjk46s0lj0y4w1yj8mpmm00000gn/T/202257-2037-11tda5i.q3dnj/appium-uiautomator2-server-v4.27.0.apk' is signed with the default certificate
[debug] &amp#27;[35m[ADB]&amp#27;[39m Getting install status for io.appium.uiautomator2.server.test
[debug] &amp#27;[35m[ADB]&amp#27;[39m Running '/Users/kamaljhinjer/Library/Android/sdk/platform-tools/adb -P 5037 -s emulator-5554 shell dumpsys package io.appium.uiautomator2.server.test'
[debug] &amp#27;[35m[ADB]&amp#27;[39m 'io.appium.uiautomator2.server.test' is installed
[debug] &amp#27;[35m[ADB]&amp#27;[39m Checking app cert for /var/folders/4f/ggkjk46s0lj0y4w1yj8mpmm00000gn/T/202257-2037-11tda5i.q3dnj/appium-uiautomator2-server-debug-androidTest.apk
[debug] &amp#27;[35m[ADB]&amp#27;[39m Starting apksigner: /Users/kamaljhinjer/Library/Java/JavaVirtualMachines/corretto-1.8.0_292/Contents/Home/bin/java -Xmx1024M -Xss1m -jar /Users/kamaljhinjer/Library/Android/sdk/build-tools/33.0.0-rc3/lib/apksigner.jar verify --print-certs /var/folders/4f/ggkjk46s0lj0y4w1yj8mpmm00000gn/T/202257-2037-11tda5i.q3dnj/appium-uiautomator2-server-debug-androidTest.apk
[debug] &amp#27;[35m[ADB]&amp#27;[39m apksigner stdout: Signer #1 certificate DN: EMAILADDRESS=android@android.com, CN=Android, OU=Android, O=Android, L=Mountain View, ST=California, C=US
[debug] &amp#27;[35m[ADB]&amp#27;[39m Signer #1 certificate SHA-256 digest: a40da80a59d170caa950cf15c18c454d47a39b26989d8b640ecd745ba71bf5dc
[debug] &amp#27;[35m[ADB]&amp#27;[39m Signer #1 certificate SHA-1 digest: 61ed377e85d386a8dfee6b864bd85b0bfaa5af81
[debug] &amp#27;[35m[ADB]&amp#27;[39m Signer #1 certificate MD5 digest: e89b158e4bcf988ebd09eb83f5378e87
[debug] &amp#27;[35m[ADB]&amp#27;[39m 
[debug] &amp#27;[35m[ADB]&amp#27;[39m sha256 hash did match for 'appium-uiautomator2-server-debug-androidTest.apk'
&amp#27;[35m[ADB]&amp#27;[39m '/var/folders/4f/ggkjk46s0lj0y4w1yj8mpmm00000gn/T/202257-2037-11tda5i.q3dnj/appium-uiautomator2-server-debug-androidTest.apk' is signed with the default certificate
&amp#27;[35m[UiAutomator2]&amp#27;[39m Server packages are not going to be (re)installed
[debug] &amp#27;[35m[UiAutomator2]&amp#27;[39m Waiting up to 30000ms for services to be available
[debug] &amp#27;[35m[ADB]&amp#27;[39m Running '/Users/kamaljhinjer/Library/Android/sdk/platform-tools/adb -P 5037 -s emulator-5554 shell pm list instrumentation'
[debug] &amp#27;[35m[UiAutomator2]&amp#27;[39m Instrumentation target 'io.appium.uiautomator2.server.test/androidx.test.runner.AndroidJUnitRunner' is available
&amp#27;[35m[ADB]&amp#27;[39m Adding packages ["io.appium.settings","io.appium.uiautomator2.server","io.appium.uiautomator2.server.test"] to Doze whitelist
[debug] &amp#27;[35m[ADB]&amp#27;[39m Got the following command chunks to execute: [["dumpsys","deviceidle","whitelist","+io.appium.settings",";","dumpsys","deviceidle","whitelist","+io.appium.uiautomator2.server",";","dumpsys","deviceidle","whitelist","+io.appium.uiautomator2.server.test",";"]]
[debug] &amp#27;[35m[ADB]&amp#27;[39m Running '/Users/kamaljhinjer/Library/Android/sdk/platform-tools/adb -P 5037 -s emulator-5554 shell dumpsys deviceidle whitelist +io.appium.settings ; dumpsys deviceidle whitelist +io.appium.uiautomator2.server ; dumpsys deviceidle whitelist +io.appium.uiautomator2.server.test ;'
[debug] &amp#27;[35m[ADB]&amp#27;[39m Checking app cert for /Users/kamaljhinjer/Documents/Mac_Coding/AndroidAutomation/src/sofadog-debug-services-4.5.3-2.apk
[debug] &amp#27;[35m[ADB]&amp#27;[39m Starting apksigner: /Users/kamaljhinjer/Library/Java/JavaVirtualMachines/corretto-1.8.0_292/Contents/Home/bin/java -Xmx1024M -Xss1m -jar /Users/kamaljhinjer/Library/Android/sdk/build-tools/33.0.0-rc3/lib/apksigner.jar verify --print-certs /Users/kamaljhinjer/Documents/Mac_Coding/AndroidAutomation/src/sofadog-debug-services-4.5.3-2.apk
[debug] &amp#27;[35m[ADB]&amp#27;[39m apksigner stdout: Signer #1 certificate DN: CN=Android Debug, OU=Android, O=Unknown, L=Unknown, ST=Unknown, C=US
[debug] &amp#27;[35m[ADB]&amp#27;[39m Signer #1 certificate SHA-256 digest: fac61745dc0903786fb9ede62a962b399f7348f0bb6f899b8332667591033b9c
[debug] &amp#27;[35m[ADB]&amp#27;[39m Signer #1 certificate SHA-1 digest: 5e8f16062ea3cd2c4a0d547876baa6f38cabf625
[debug] &amp#27;[35m[ADB]&amp#27;[39m Signer #1 certificate MD5 digest: 20f46148b72d8e5e5ca23d37a4f41490
[debug] &amp#27;[35m[ADB]&amp#27;[39m 
&amp#27;[35m[ADB]&amp#27;[39m '/Users/kamaljhinjer/Documents/Mac_Coding/AndroidAutomation/src/sofadog-debug-services-4.5.3-2.apk' is signed with a non-default certificate
[debug] &amp#27;[35m[ADB]&amp#27;[39m Getting install status for dog.fa.so.app
[debug] &amp#27;[35m[ADB]&amp#27;[39m Running '/Users/kamaljhinjer/Library/Android/sdk/platform-tools/adb -P 5037 -s emulator-5554 shell dumpsys package dog.fa.so.app'
[debug] &amp#27;[35m[ADB]&amp#27;[39m 'dog.fa.so.app' is installed
[debug] &amp#27;[35m[ADB]&amp#27;[39m Getting package info for 'dog.fa.so.app'
[debug] &amp#27;[35m[ADB]&amp#27;[39m Running '/Users/kamaljhinjer/Library/Android/sdk/platform-tools/adb -P 5037 -s emulator-5554 shell dumpsys package dog.fa.so.app'
[debug] &amp#27;[35m[ADB]&amp#27;[39m The version name of the installed 'dog.fa.so.app' is greater or equal to the application version name ('4.5.1' >= '4.5.1')
[debug] &amp#27;[35m[ADB]&amp#27;[39m There is no need to install/upgrade '/Users/kamaljhinjer/Documents/Mac_Coding/AndroidAutomation/src/sofadog-debug-services-4.5.3-2.apk'
&amp#27;[35m[AndroidDriver]&amp#27;[39m Performing fast reset on 'dog.fa.so.app'
[debug] &amp#27;[35m[ADB]&amp#27;[39m Getting install status for dog.fa.so.app
[debug] &amp#27;[35m[ADB]&amp#27;[39m Running '/Users/kamaljhinjer/Library/Android/sdk/platform-tools/adb -P 5037 -s emulator-5554 shell dumpsys package dog.fa.so.app'
[debug] &amp#27;[35m[ADB]&amp#27;[39m 'dog.fa.so.app' is installed
[debug] &amp#27;[35m[ADB]&amp#27;[39m Running '/Users/kamaljhinjer/Library/Android/sdk/platform-tools/adb -P 5037 -s emulator-5554 shell am force-stop dog.fa.so.app'
[debug] &amp#27;[35m[ADB]&amp#27;[39m Running '/Users/kamaljhinjer/Library/Android/sdk/platform-tools/adb -P 5037 -s emulator-5554 shell pm clear dog.fa.so.app'
[debug] &amp#27;[35m[AndroidDriver]&amp#27;[39m Performed fast reset on the installed 'dog.fa.so.app' application (stop and clear)
[debug] &amp#27;[35m[UiAutomator2]&amp#27;[39m Performing shallow cleanup of automation leftovers
[debug] &amp#27;[35m[UiAutomator2]&amp#27;[39m The following obsolete sessions are still running: ["df6f27fe-a7e7-468d-be4f-241d0dbe450e"]
[debug] &amp#27;[35m[UiAutomator2]&amp#27;[39m Cleaning up 1 obsolete session
[debug] &amp#27;[35m[ADB]&amp#27;[39m Running '/Users/kamaljhinjer/Library/Android/sdk/platform-tools/adb -P 5037 -s emulator-5554 shell am force-stop io.appium.uiautomator2.server.test'
&amp#27;[35m[UiAutomator2]&amp#27;[39m Starting UIAutomator2 server 4.27.0
&amp#27;[35m[UiAutomator2]&amp#27;[39m Using UIAutomator2 server from '/usr/local/lib/node_modules/appium/node_modules/appium-uiautomator2-server/apks/appium-uiautomator2-server-v4.27.0.apk' and test from '/usr/local/lib/node_modules/appium/node_modules/appium-uiautomator2-server/apks/appium-uiautomator2-server-debug-androidTest.apk'
&amp#27;[35m[UiAutomator2]&amp#27;[39m Waiting up to 30000ms for UiAutomator2 to be online...
[debug] &amp#27;[35m[ADB]&amp#27;[39m Creating ADB subprocess with args: ["-P",5037,"-s","emulator-5554","shell","am","instrument","-w","-e","disableAnalytics",true,"io.appium.uiautomator2.server.test/androidx.test.runner.AndroidJUnitRunner"]
[debug] &amp#27;[35m[WD Proxy]&amp#27;[39m Matched '/status' to command name 'getStatus'
[debug] &amp#27;[35m[WD Proxy]&amp#27;[39m Proxying [GET /status] to [GET http://127.0.0.1:8208/wd/hub/status] with no body
&amp#27;[35m[WD Proxy]&amp#27;[39m socket hang up
[debug] &amp#27;[35m[WD Proxy]&amp#27;[39m Matched '/status' to command name 'getStatus'
[debug] &amp#27;[35m[WD Proxy]&amp#27;[39m Proxying [GET /status] to [GET http://127.0.0.1:8208/wd/hub/status] with no body
&amp#27;[35m[WD Proxy]&amp#27;[39m socket hang up
[debug] &amp#27;[35m[Instrumentation]&amp#27;[39m io.appium.uiautomator2.server.test.AppiumUiAutomator2Server:
[debug] &amp#27;[35m[WD Proxy]&amp#27;[39m Matched '/status' to command name 'getStatus'
[debug] &amp#27;[35m[WD Proxy]&amp#27;[39m Proxying [GET /status] to [GET http://127.0.0.1:8208/wd/hub/status] with no body
&amp#27;[35m[WD Proxy]&amp#27;[39m socket hang up
[debug] &amp#27;[35m[WD Proxy]&amp#27;[39m Matched '/status' to command name 'getStatus'
[debug] &amp#27;[35m[WD Proxy]&amp#27;[39m Proxying [GET /status] to [GET http://127.0.0.1:8208/wd/hub/status] with no body
[debug] &amp#27;[35m[WD Proxy]&amp#27;[39m Got response with status 200: {"sessionId":"None","value":{"message":"UiAutomator2 Server is ready to accept commands","ready":true}}
[debug] &amp#27;[35m[UiAutomator2]&amp#27;[39m The initialization of the instrumentation process took 3189ms
[debug] &amp#27;[35m[WD Proxy]&amp#27;[39m Matched '/session' to command name 'createSession'
[debug] &amp#27;[35m[WD Proxy]&amp#27;[39m Proxying [POST /session] to [POST http://127.0.0.1:8208/wd/hub/session] with body: {"capabilities":{"firstMatch":[{"platform":"LINUX","webStorageEnabled":false,"takesScreenshot":true,"javascriptEnabled":true,"databaseEnabled":false,"networkConnectionEnabled":true,"locationContextEnabled":false,"warnings":{},"desired":{"platformName":"android","app":"/Users/kamaljhinjer/Documents/Mac_Coding/AndroidAutomation/src/sofadog-debug-services-4.5.3-2.apk","automationName":"uiautomator2","chromedriverExecutable":"/Users/kamaljhinjer/Documents/Mac_Coding/AndroidAutomation/src/chromedriver/chromedriver","deviceName":"Emulator_Pixel2XL","newCommandTimeout":180},"platformName":"android","app":"/Users/kamaljhinjer/Documents/Mac_Coding/AndroidAutomation/src/sofadog-debug-services-4.5.3-2.apk","automationName":"uiautomator2","chromedriverExecutable":"/Users/kamaljhinjer/Documents/Mac_Coding/AndroidAutomation/src/chromedriver/chromedriver","deviceName":"emulator-5554","newCommandTimeout":180,"deviceUDID":"emulator-5554","appPackage":"dog.fa.so.app"}],"alwaysMatch":{}}}
[debug] &amp#27;[35m[WD Proxy]&amp#27;[39m Got response with status 200: {"sessionId":"ae5a4bea-c2cc-4752-b9bf-35aef89a3ce2","value":{"capabilities":{"firstMatch":[{"platform":"LINUX","webStorageEnabled":false,"takesScreenshot":true,"javascriptEnabled":true,"databaseEnabled":false,"networkConnectionEnabled":true,"locationContextEnabled":false,"warnings":{},"desired":{"platformName":"android","app":"/Users/kamaljhinjer/Documents/Mac_Coding/AndroidAutomation/src/sofadog-debug-services-4.5.3-2.apk","automationName":"uiautomator2","chromedriverExecutable":"/Users/kamaljhinjer/Documents/Mac_Coding/AndroidAutomation/src/chromedriver/chromedriver","deviceName":"Emulator_Pixel2XL","newCommandTimeout":180},"platformName":"android","app":"/Users/kamaljhinjer/Documents/Mac_Coding/AndroidAutomation/src/sofadog-debug-services-4.5.3-2.apk","automationName":"uiautomator2","chromedriverExecutable":"/Users/kamaljhinjer/Documents/Mac_Coding/AndroidAutomation/src/chromedriver/chromedriver","deviceName":"emulator-5554","newCommandTimeout":180,"deviceUDID":"emulator-5554","appPackage":"dog.fa.so.ap...
&amp#27;[35m[WD Proxy]&amp#27;[39m Determined the downstream protocol as 'W3C'
[debug] &amp#27;[35m[WD Proxy]&amp#27;[39m Proxying [GET /appium/device/info] to [GET http://127.0.0.1:8208/wd/hub/session/ae5a4bea-c2cc-4752-b9bf-35aef89a3ce2/appium/device/info] with no body
[debug] &amp#27;[35m[WD Proxy]&amp#27;[39m Got response with status 200: {"sessionId":"ae5a4bea-c2cc-4752-b9bf-35aef89a3ce2","value":{"androidId":"489d6660c2445b4e","apiVersion":"31","bluetooth":{"state":"OFF"},"brand":"google","carrierName":"T-Mobile","displayDensity":560,"locale":"en_US","manufacturer":"Google","model":"sdk_gphone64_x86_64","networks":[{"capabilities":{"SSID":null,"linkDownBandwidthKbps":4300,"linkUpstreamBandwidthKbps":1800,"networkCapabilities":"NET_CAPABILITY_MMS,NET_CAPABILITY_SUPL,NET_CAPABILITY_DUN,NET_CAPABILITY_FOTA,NET_CAPABILITY_IMS,NET_CAPABILITY_CBS,NET_CAPABILITY_INTERNET,NET_CAPABILITY_NOT_RESTRICTED,NET_CAPABILITY_TRUSTED,NET_CAPABILITY_NOT_VPN,NET_CAPABILITY_VALIDATED,NET_CAPABILITY_NOT_ROAMING,NET_CAPABILITY_NOT_CONGESTED,NET_CAPABILITY_NOT_SUSPENDED","signalStrength":-2147483648,"transportTypes":"TRANSPORT_CELLULAR"},"detailedState":"CONNECTED","extraInfo":"epc.tmobile.com","isAvailable":true,"isConnected":true,"isFailover":false,"isRoaming":false,"state":"CONNECTED","subtype":10,"subtypeName":"HSPA","type":0,"typeName":"MOBILE"},{"capabilit...
[debug] &amp#27;[35m[ADB]&amp#27;[39m Running '/Users/kamaljhinjer/Library/Android/sdk/platform-tools/adb -P 5037 -s emulator-5554 shell dumpsys window'
&amp#27;[35m[AndroidDriver]&amp#27;[39m Screen already unlocked, doing nothing
&amp#27;[35m[UiAutomator2]&amp#27;[39m Starting 'dog.fa.so.app/dog.fa.so.app.MainActivity and waiting for 'dog.fa.so.app/dog.fa.so.app.MainActivity'
[debug] &amp#27;[35m[ADB]&amp#27;[39m Running '/Users/kamaljhinjer/Library/Android/sdk/platform-tools/adb -P 5037 -s emulator-5554 shell am start -W -n dog.fa.so.app/dog.fa.so.app.MainActivity -S -a android.intent.action.MAIN -c android.intent.category.LAUNCHER -f 0x10200000'
[debug] &amp#27;[35m[ADB]&amp#27;[39m Waiting up to 20000ms for activity matching pkg: 'dog.fa.so.app' and activity: 'dog.fa.so.app.MainActivity' to be focused
[debug] &amp#27;[35m[ADB]&amp#27;[39m Possible activities, to be checked: 'dog.fa.so.app.MainActivity', 'dog.fa.so.app.dog.fa.so.app.MainActivity'
[debug] &amp#27;[35m[ADB]&amp#27;[39m Getting focused package and activity
[debug] &amp#27;[35m[ADB]&amp#27;[39m Running '/Users/kamaljhinjer/Library/Android/sdk/platform-tools/adb -P 5037 -s emulator-5554 shell dumpsys window displays'
[debug] &amp#27;[35m[ADB]&amp#27;[39m Found package: 'dog.fa.so.app' and fully qualified activity name : 'dog.fa.so.app.MainActivity'
[debug] &amp#27;[35m[WD Proxy]&amp#27;[39m Proxying [GET /appium/device/pixel_ratio] to [GET http://127.0.0.1:8208/wd/hub/session/ae5a4bea-c2cc-4752-b9bf-35aef89a3ce2/appium/device/pixel_ratio] with no body
[debug] &amp#27;[35m[WD Proxy]&amp#27;[39m Got response with status 200: {"sessionId":"ae5a4bea-c2cc-4752-b9bf-35aef89a3ce2","value":3.5}
[debug] &amp#27;[35m[WD Proxy]&amp#27;[39m Matched '/appium/device/system_bars' to command name 'getSystemBars'
[debug] &amp#27;[35m[WD Proxy]&amp#27;[39m Proxying [GET /appium/device/system_bars] to [GET http://127.0.0.1:8208/wd/hub/session/ae5a4bea-c2cc-4752-b9bf-35aef89a3ce2/appium/device/system_bars] with no body
[debug] &amp#27;[35m[WD Proxy]&amp#27;[39m Got response with status 200: {"sessionId":"ae5a4bea-c2cc-4752-b9bf-35aef89a3ce2","value":{"statusBar":98}}
[debug] &amp#27;[35m[WD Proxy]&amp#27;[39m Matched '/window/current/size' to command name 'getWindowSize'
[debug] &amp#27;[35m[WD Proxy]&amp#27;[39m Proxying [GET /window/current/size] to [GET http://127.0.0.1:8208/wd/hub/session/ae5a4bea-c2cc-4752-b9bf-35aef89a3ce2/window/current/size] with no body
[debug] &amp#27;[35m[WD Proxy]&amp#27;[39m Got response with status 200: {"sessionId":"ae5a4bea-c2cc-4752-b9bf-35aef89a3ce2","value":{"height":2712,"width":1440}}
&amp#27;[35m[Appium]&amp#27;[39m New AndroidUiautomator2Driver session created successfully, session 587fc001-2b30-4c88-9eb5-fa2dca2a30b0 added to master session list
[debug] &amp#27;[35m[BaseDriver]&amp#27;[39m Event 'newSessionStarted' logged at 1654620751751 (22:22:31 GMT+0530 (India Standard Time))
[debug] &amp#27;[35m[W3C (587fc001)]&amp#27;[39m Cached the protocol value 'W3C' for the new session 587fc001-2b30-4c88-9eb5-fa2dca2a30b0
[debug] &amp#27;[35m[W3C (587fc001)]&amp#27;[39m Responding to client with driver.createSession() result: {"capabilities":{"platform":"LINUX","webStorageEnabled":false,"takesScreenshot":true,"javascriptEnabled":true,"databaseEnabled":false,"networkConnectionEnabled":true,"locationContextEnabled":false,"warnings":{},"desired":{"platformName":"android","app":"/Users/kamaljhinjer/Documents/Mac_Coding/AndroidAutomation/src/sofadog-debug-services-4.5.3-2.apk","automationName":"uiautomator2","chromedriverExecutable":"/Users/kamaljhinjer/Documents/Mac_Coding/AndroidAutomation/src/chromedriver/chromedriver","deviceName":"Emulator_Pixel2XL","newCommandTimeout":180},"platformName":"android","app":"/Users/kamaljhinjer/Documents/Mac_Coding/AndroidAutomation/src/sofadog-debug-services-4.5.3-2.apk","automationName":"uiautomator2","chromedriverExecutable":"/Users/kamaljhinjer/Documents/Mac_Coding/AndroidAutomation/src/chromedriver/chromedriver","deviceName":"emulator-5554","newCommandTimeout":180,"deviceUDID":"emulator-5554","appPackage":"dog.fa.so.app","deviceApiLevel":31,"platformVersion":"12","deviceScreenSize":"1440x2880...
&amp#27;[35m[HTTP]&amp#27;[39m &amp#27;[37m<-- POST /wd/hub/session &amp#27;[39m&amp#27;[32m200&amp#27;[39m &amp#27;[90m18652 ms - 1275&amp#27;[39m
&amp#27;[35m[HTTP]&amp#27;[39m &amp#27;[90m&amp#27;[39m
Executing Before Method, Starting Test
&amp#27;[35m[HTTP]&amp#27;[39m &amp#27;[37m-->&amp#27;[39m &amp#27;[37mPOST&amp#27;[39m &amp#27;[37m/wd/hub/session/587fc001-2b30-4c88-9eb5-fa2dca2a30b0/timeouts&amp#27;[39m
&amp#27;[35m[HTTP]&amp#27;[39m &amp#27;[90m{"implicit":15000}&amp#27;[39m
[debug] &amp#27;[35m[W3C (587fc001)]&amp#27;[39m Calling AppiumDriver.timeouts() with args: [null,null,null,null,15000,"587fc001-2b30-4c88-9eb5-fa2dca2a30b0"]
[debug] &amp#27;[35m[BaseDriver]&amp#27;[39m W3C timeout argument: {"implicit":15000}}
[debug] &amp#27;[35m[BaseDriver]&amp#27;[39m Set implicit wait to 15000ms
[debug] &amp#27;[35m[W3C (587fc001)]&amp#27;[39m Responding to client with driver.timeouts() result: null
&amp#27;[35m[HTTP]&amp#27;[39m &amp#27;[37m<-- POST /wd/hub/session/587fc001-2b30-4c88-9eb5-fa2dca2a30b0/timeouts &amp#27;[39m&amp#27;[32m200&amp#27;[39m &amp#27;[90m4 ms - 14&amp#27;[39m
&amp#27;[35m[HTTP]&amp#27;[39m &amp#27;[90m&amp#27;[39m
Wait for application to load
swipeScreen() Method : dir: 'LEFT'
&amp#27;[35m[HTTP]&amp#27;[39m &amp#27;[37m-->&amp#27;[39m &amp#27;[37mGET&amp#27;[39m &amp#27;[37m/wd/hub/session/587fc001-2b30-4c88-9eb5-fa2dca2a30b0/window/rect&amp#27;[39m
&amp#27;[35m[HTTP]&amp#27;[39m &amp#27;[90m{}&amp#27;[39m
[debug] &amp#27;[35m[W3C (587fc001)]&amp#27;[39m Calling AppiumDriver.getWindowRect() with args: ["587fc001-2b30-4c88-9eb5-fa2dca2a30b0"]
[debug] &amp#27;[35m[WD Proxy]&amp#27;[39m Matched '/window/current/size' to command name 'getWindowSize'
[debug] &amp#27;[35m[WD Proxy]&amp#27;[39m Proxying [GET /window/current/size] to [GET http://127.0.0.1:8208/wd/hub/session/ae5a4bea-c2cc-4752-b9bf-35aef89a3ce2/window/current/size] with no body
[debug] &amp#27;[35m[WD Proxy]&amp#27;[39m Got response with status 200: {"sessionId":"ae5a4bea-c2cc-4752-b9bf-35aef89a3ce2","value":{"height":2712,"width":1440}}
[debug] &amp#27;[35m[W3C (587fc001)]&amp#27;[39m Responding to client with driver.getWindowRect() result: {"width":1440,"height":2712,"x":0,"y":0}
&amp#27;[35m[HTTP]&amp#27;[39m &amp#27;[37m<-- GET /wd/hub/session/587fc001-2b30-4c88-9eb5-fa2dca2a30b0/window/rect &amp#27;[39m&amp#27;[32m200&amp#27;[39m &amp#27;[90m40 ms - 50&amp#27;[39m
&amp#27;[35m[HTTP]&amp#27;[39m &amp#27;[90m&amp#27;[39m
The Screen Width is : 1440
&amp#27;[35m[HTTP]&amp#27;[39m &amp#27;[37m-->&amp#27;[39m &amp#27;[37mPOST&amp#27;[39m &amp#27;[37m/wd/hub/session/587fc001-2b30-4c88-9eb5-fa2dca2a30b0/touch/perform&amp#27;[39m
&amp#27;[35m[HTTP]&amp#27;[39m &amp#27;[90m{"actions":[{"action":"press","options":{"x":1400,"y":1356}},{"action":"wait","options":{"ms":200}},{"action":"moveTo","options":{"x":10,"y":1356}},{"action":"release","options":{}}]}&amp#27;[39m
[debug] &amp#27;[35m[W3C (587fc001)]&amp#27;[39m Calling AppiumDriver.performTouch() with args: [[{"action":"press","options":{"x":1400,"y":1356}},{"action":"wait","options":{"ms":200}},{"action":"moveTo","options":{"x":10,"y":1356}},{"action":"release","options":{}}],"587fc001-2b30-4c88-9eb5-fa2dca2a30b0"]
[debug] &amp#27;[35m[WD Proxy]&amp#27;[39m Matched '/touch/perform' to command name 'performTouch'
[debug] &amp#27;[35m[WD Proxy]&amp#27;[39m Proxying [POST /touch/perform] to [POST http://127.0.0.1:8208/wd/hub/session/ae5a4bea-c2cc-4752-b9bf-35aef89a3ce2/touch/perform] with body: {"startX":1400,"startY":1356,"endX":10,"endY":1356,"steps":6}
[debug] &amp#27;[35m[WD Proxy]&amp#27;[39m Got response with status 200: {"sessionId":"ae5a4bea-c2cc-4752-b9bf-35aef89a3ce2","value":null}
[debug] &amp#27;[35m[W3C (587fc001)]&amp#27;[39m Responding to client with driver.performTouch() result: null
&amp#27;[35m[HTTP]&amp#27;[39m &amp#27;[37m<-- POST /wd/hub/session/587fc001-2b30-4c88-9eb5-fa2dca2a30b0/touch/perform &amp#27;[39m&amp#27;[32m200&amp#27;[39m &amp#27;[90m1410 ms - 14&amp#27;[39m
&amp#27;[35m[HTTP]&amp#27;[39m &amp#27;[90m&amp#27;[39m
1st Widget Swipe Executed
swipeScreen() Method : dir: 'LEFT'
&amp#27;[35m[HTTP]&amp#27;[39m &amp#27;[37m-->&amp#27;[39m &amp#27;[37mGET&amp#27;[39m &amp#27;[37m/wd/hub/session/587fc001-2b30-4c88-9eb5-fa2dca2a30b0/window/rect&amp#27;[39m
&amp#27;[35m[HTTP]&amp#27;[39m &amp#27;[90m{}&amp#27;[39m
[debug] &amp#27;[35m[W3C (587fc001)]&amp#27;[39m Calling AppiumDriver.getWindowRect() with args: ["587fc001-2b30-4c88-9eb5-fa2dca2a30b0"]
[debug] &amp#27;[35m[WD Proxy]&amp#27;[39m Matched '/window/current/size' to command name 'getWindowSize'
[debug] &amp#27;[35m[WD Proxy]&amp#27;[39m Proxying [GET /window/current/size] to [GET http://127.0.0.1:8208/wd/hub/session/ae5a4bea-c2cc-4752-b9bf-35aef89a3ce2/window/current/size] with no body
[debug] &amp#27;[35m[WD Proxy]&amp#27;[39m Got response with status 200: {"sessionId":"ae5a4bea-c2cc-4752-b9bf-35aef89a3ce2","value":{"height":2712,"width":1440}}
[debuThe Screen Width is : 1440
g] &amp#27;[35m[W3C (587fc001)]&amp#27;[39m Responding to client with driver.getWindowRect() result: {"width":1440,"height":2712,"x":0,"y":0}
&amp#27;[35m[HTTP]&amp#27;[39m &amp#27;[37m<-- GET /wd/hub/session/587fc001-2b30-4c88-9eb5-fa2dca2a30b0/window/rect &amp#27;[39m&amp#27;[32m200&amp#27;[39m &amp#27;[90m19 ms - 50&amp#27;[39m
&amp#27;[35m[HTTP]&amp#27;[39m &amp#27;[90m&amp#27;[39m
&amp#27;[35m[HTTP]&amp#27;[39m &amp#27;[37m-->&amp#27;[39m &amp#27;[37mPOST&amp#27;[39m &amp#27;[37m/wd/hub/session/587fc001-2b30-4c88-9eb5-fa2dca2a30b0/touch/perform&amp#27;[39m
&amp#27;[35m[HTTP]&amp#27;[39m &amp#27;[90m{"actions":[{"action":"press","options":{"x":1400,"y":1356}},{"action":"wait","options":{"ms":200}},{"action":"moveTo","options":{"x":10,"y":1356}},{"action":"release","options":{}}]}&amp#27;[39m
[debug] &amp#27;[35m[W3C (587fc001)]&amp#27;[39m Calling AppiumDriver.performTouch() with args: [[{"action":"press","options":{"x":1400,"y":1356}},{"action":"wait","options":{"ms":200}},{"action":"moveTo","options":{"x":10,"y":1356}},{"action":"release","options":{}}],"587fc001-2b30-4c88-9eb5-fa2dca2a30b0"]
[debug] &amp#27;[35m[WD Proxy]&amp#27;[39m Matched '/touch/perform' to command name 'performTouch'
[debug] &amp#27;[35m[WD Proxy]&amp#27;[39m Proxying [POST /touch/perform] to [POST http://127.0.0.1:8208/wd/hub/session/ae5a4bea-c2cc-4752-b9bf-35aef89a3ce2/touch/perform] with body: {"startX":1400,"startY":1356,"endX":10,"endY":1356,"steps":6}
[debug] &amp#27;[35m[WD Proxy]&amp#27;[39m Got response with status 200: {"sessionId":"ae5a4bea-c2cc-4752-b9bf-35aef89a3ce2","value":null}
[debug] &amp#27;[35m[W3C (587fc001)]&amp#27;[39m Responding to client with driver.performTouch() result: null
&amp#27;[35m[HTTP]&amp#27;[39m &amp#27;[37m<-- POST /wd/hub/session/587fc001-2b30-4c88-9eb5-fa2dca2a30b0/touch/perform &amp#27;[39m&amp#27;[32m200&amp#27;[39m &amp#27;[90m1363 ms - 14&amp#27;[39m
&amp#27;[35m[HTTP]&amp#27;[39m &amp#27;[90m&amp#27;[39m
2nd Widget Swipe Executed
swipeScreen() Method : dir: 'LEFT'
&amp#27;[35m[HTTP]&amp#27;[39m &amp#27;[37m-->&amp#27;[39m &amp#27;[37mGET&amp#27;[39m &amp#27;[37m/wd/hub/session/587fc001-2b30-4c88-9eb5-fa2dca2a30b0/window/rect&amp#27;[39m
&amp#27;[35m[HTTP]&amp#27;[39m &amp#27;[90m{}&amp#27;[39m
[debug] &amp#27;[35m[W3C (587fc001)]&amp#27;[39m Calling AppiumDriver.getWindowRect() with args: ["587fc001-2b30-4c88-9eb5-fa2dca2a30b0"]
[debug] &amp#27;[35m[WD Proxy]&amp#27;[39m Matched '/window/current/size' to command name 'getWindowSize'
[debug] &amp#27;[35m[WD Proxy]&amp#27;[39m Proxying [GET /window/current/size] to [GET http://127.0.0.1:8208/wd/hub/session/ae5a4bea-c2cc-4752-b9bf-35aef89a3ce2/window/current/size] with no body
[debug] &amp#27;[35m[WD Proxy]&amp#27;[39m Got response with status 200: {"sessionId":"ae5a4bea-c2cc-4752-b9bf-35aef89a3ce2","value":{"height":2712,"width":The Screen Width is : 1440
1440}}
[debug] &amp#27;[35m[W3C (587fc001)]&amp#27;[39m Responding to client with driver.getWindowRect() result: {"width":1440,"height":2712,"x":0,"y":0}
&amp#27;[35m[HTTP]&amp#27;[39m &amp#27;[37m<-- GET /wd/hub/session/587fc001-2b30-4c88-9eb5-fa2dca2a30b0/window/rect &amp#27;[39m&amp#27;[32m200&amp#27;[39m &amp#27;[90m59 ms - 50&amp#27;[39m
&amp#27;[35m[HTTP]&amp#27;[39m &amp#27;[90m&amp#27;[39m
&amp#27;[35m[HTTP]&amp#27;[39m &amp#27;[37m-->&amp#27;[39m &amp#27;[37mPOST&amp#27;[39m &amp#27;[37m/wd/hub/session/587fc001-2b30-4c88-9eb5-fa2dca2a30b0/touch/perform&amp#27;[39m
&amp#27;[35m[HTTP]&amp#27;[39m &amp#27;[90m{"actions":[{"action":"press","options":{"x":1400,"y":1356}},{"action":"wait","options":{"ms":200}},{"action":"moveTo","options":{"x":10,"y":1356}},{"action":"release","options":{}}]}&amp#27;[39m
[debug] &amp#27;[35m[W3C (587fc001)]&amp#27;[39m Calling AppiumDriver.performTouch() with args: [[{"action":"press","options":{"x":1400,"y":1356}},{"action":"wait","options":{"ms":200}},{"action":"moveTo","options":{"x":10,"y":1356}},{"action":"release","options":{}}],"587fc001-2b30-4c88-9eb5-fa2dca2a30b0"]
[debug] &amp#27;[35m[WD Proxy]&amp#27;[39m Matched '/touch/perform' to command name 'performTouch'
[debug] &amp#27;[35m[WD Proxy]&amp#27;[39m Proxying [POST /touch/perform] to [POST http://127.0.0.1:8208/wd/hub/session/ae5a4bea-c2cc-4752-b9bf-35aef89a3ce2/touch/perform] with body: {"startX":1400,"startY":1356,"endX":10,"endY":1356,"steps":6}
[debug] &amp#27;[35m[WD Proxy]&amp#27;[39m Got response with status 200: {"sessionId":"ae5a4bea-c2cc-4752-b9bf-35aef89a3ce2","value":null}
[debug] &amp#27;[35m[W3C (587fc001)]&amp#27;[39m Responding to client with driver.performTouch() result: null
&amp#27;[35m[HTTP]&amp#27;[39m &amp#27;[37m<-- POST /wd/hub/session/587fc001-2b30-4c88-9eb5-fa2dca2a30b0/touch/perform &amp#27;[39m&amp#27;[32m200&amp#27;[39m &amp#27;[90m1359 ms - 14&amp#27;[39m
&amp#27;[35m[HTTP]&amp#27;[39m &amp#27;[90m&amp#27;[39m
3rd Widget Swipe Executed
swipeScreen() Method : dir: 'LEFT'
&amp#27;[35m[HTTP]&amp#27;[39m &amp#27;[37m-->&amp#27;[39m &amp#27;[37mGET&amp#27;[39m &amp#27;[37m/wd/hub/session/587fc001-2b30-4c88-9eb5-fa2dca2a30b0/window/rect&amp#27;[39m
&amp#27;[35m[HTTP]&amp#27;[39m &amp#27;[90m{}&amp#27;[39m
[debug] &amp#27;[35m[W3C (587fc001)]&amp#27;[39m Calling AppiumDriver.getWindowRect() with args: ["587fc001-2b30-4c88-9eb5-fa2dca2a30b0"]
[debug] &amp#27;[35m[WD Proxy]&amp#27;[39m Matched '/window/current/size' to command name 'getWindowSize'
[debug] &amp#27;[35m[WD Proxy]&amp#27;[39m Proxying [GET /window/current/size] to [GET http://127.0.0.1:8208/wd/hub/session/ae5a4bea-c2cc-4752-b9bf-35aef89a3ce2/window/current/size] with no body
[debug] &amp#27;[35m[WD Proxy]&amp#27;[39m Got response with status 200: {"sessionId":"ae5a4bea-c2cc-4752-b9bf-35aef89a3ce2","value":{"height":2712,"width":1440}}
[dThe Screen Width is : 1440
ebug] &amp#27;[35m[W3C (587fc001)]&amp#27;[39m Responding to client with driver.getWindowRect() result: {"width":1440,"height":2712,"x":0,"y":0}
&amp#27;[35m[HTTP]&amp#27;[39m &amp#27;[37m<-- GET /wd/hub/session/587fc001-2b30-4c88-9eb5-fa2dca2a30b0/window/rect &amp#27;[39m&amp#27;[32m200&amp#27;[39m &amp#27;[90m27 ms - 50&amp#27;[39m
&amp#27;[35m[HTTP]&amp#27;[39m &amp#27;[90m&amp#27;[39m
&amp#27;[35m[HTTP]&amp#27;[39m &amp#27;[37m-->&amp#27;[39m &amp#27;[37mPOST&amp#27;[39m &amp#27;[37m/wd/hub/session/587fc001-2b30-4c88-9eb5-fa2dca2a30b0/touch/perform&amp#27;[39m
&amp#27;[35m[HTTP]&amp#27;[39m &amp#27;[90m{"actions":[{"action":"press","options":{"x":1400,"y":1356}},{"action":"wait","options":{"ms":200}},{"action":"moveTo","options":{"x":10,"y":1356}},{"action":"release","options":{}}]}&amp#27;[39m
[debug] &amp#27;[35m[W3C (587fc001)]&amp#27;[39m Calling AppiumDriver.performTouch() with args: [[{"action":"press","options":{"x":1400,"y":1356}},{"action":"wait","options":{"ms":200}},{"action":"moveTo","options":{"x":10,"y":1356}},{"action":"release","options":{}}],"587fc001-2b30-4c88-9eb5-fa2dca2a30b0"]
[debug] &amp#27;[35m[WD Proxy]&amp#27;[39m Matched '/touch/perform' to command name 'performTouch'
[debug] &amp#27;[35m[WD Proxy]&amp#27;[39m Proxying [POST /touch/perform] to [POST http://127.0.0.1:8208/wd/hub/session/ae5a4bea-c2cc-4752-b9bf-35aef89a3ce2/touch/perform] with body: {"startX":1400,"startY":1356,"endX":10,"endY":1356,"steps":6}
[debug] &amp#27;[35m[WD Proxy]&amp#27;[39m Got response with status 200: {"sessionId":"ae5a4bea-c2cc-4752-b9bf-35aef89a3ce2","value":null}
[debug] &amp#27;[35m[W3C (587fc001)]&amp#27;[39m Responding to client with driver.performTouch() result: null
&amp#27;[35m[HTTP]&amp#27;[39m &amp#27;[37m<-- POST /wd/hub/session/587fc001-2b30-4c88-9eb5-fa2dca2a30b0/touch/perform &amp#27;[39m&amp#27;[32m200&amp#27;[39m &amp#27;[90m1322 ms - 14&amp#27;[39m
&amp#27;[35m[HTTP]&amp#27;[39m &amp#27;[90m&amp#27;[39m
Last Swipe Executed
&amp#27;[35m[HTTP]&amp#27;[39m &amp#27;[37m-->&amp#27;[39m &amp#27;[37mGET&amp#27;[39m &amp#27;[37m/wd/hub/session/587fc001-2b30-4c88-9eb5-fa2dca2a30b0/context&amp#27;[39m
&amp#27;[35m[HTTP]&amp#27;[39m &amp#27;[90m{}&amp#27;[39m
[debug] &amp#27;[35m[W3C (587fc001)]&amp#27;[39m Calling AppiumDriver.getCurrentContext() with args: ["587fc001-2b30-4c88-9eb5-fa2dca2a30b0"]
[debug] &amp#27;[35m[W3C (587fc001)]&amp#27;[39m Responding to client with driver.getCurrentContext() result: "NATIVE_APP"
&amp#27;[35m[HTTP]&amp#27;[39m &amp#27;[37m<-- GET /wd/hub/session/587fc001-2b30-4c88-9eb5-fa2dca2a30b0/context &amp#27;[39m&amp#27;[32m200&amp#27;[39m &amp#27;[90m1 ms - 22&amp#27;[39m
&amp#27;[35m[HTTP]&amp#27;[39m &amp#27;[90m&amp#27;[39m
&amp#27;[35m[HTTP]&amp#27;[39m &amp#27;[37m-->&amp#27;[39m &amp#27;[37mPOST&amp#27;[39m &amp#27;[37m/wd/hub/session/587fc001-2b30-4c88-9eb5-fa2dca2a30b0/element&amp#27;[39m
&amp#27;[35m[HTTP]&amp#27;[39m &amp#27;[90m{"using":"xpath","value":"//android.widget.TextView[@text='Maybe later']"}&amp#27;[39m
[debug] &amp#27;[35m[W3C (587fc001)]&amp#27;[39m Calling AppiumDriver.findElement() with args: ["xpath","//android.widget.TextView[@text='Maybe later']","587fc001-2b30-4c88-9eb5-fa2dca2a30b0"]
[debug] &amp#27;[35m[BaseDriver]&amp#27;[39m Valid locator strategies for this request: xpath, id, class name, accessibility id, css selector, -android uiautomator
[debug] &amp#27;[35m[BaseDriver]&amp#27;[39m Waiting up to 15000 ms for condition
[debug] &amp#27;[35m[WD Proxy]&amp#27;[39m Matched '/element' to command name 'findElement'
[debug] &amp#27;[35m[WD Proxy]&amp#27;[39m Proxying [POST /element] to [POST http://127.0.0.1:8208/wd/hub/session/ae5a4bea-c2cc-4752-b9bf-35aef89a3ce2/element] with body: {"strategy":"xpath","selector":"//android.widget.TextView[@text='Maybe later']","context":"","multiple":false}
[debug] &amp#27;[35m[WD Proxy]&amp#27;[39m Got response with status 200: {"sessionId":"ae5a4bea-c2cc-4752-b9bf-35aef89a3ce2","value":{"ELEMENT":"00000000-0000-020d-ffff-ffff0000015d","element-6066-11e4-a52e-4f735466cecf":"00000000-0000-020d-ffff-ffff0000015d"}}
[debug] &amp#27;[35m[W3C (587fc001)]&amp#27;[39m Responding to client with driver.findElement() result: {"element-6066-11e4-a52e-4f735466cecf":"00000000-0000-020d-ffff-ffff0000015d","ELEMENT":"00000000-0000-020d-ffff-ffff0000015d"}
&amp#27;[35m[HTTP]&amp#27;[39m &amp#27;[37m<-- POST /wd/hub/session/587fc001-2b30-4c88-9eb5-fa2dca2a30b0/element &amp#27;[39m&amp#27;[32m200&amp#27;[39m &amp#27;[90m2251 ms - 137&amp#27;[39m
&amp#27;[35m[HTTP]&amp#27;[39m &amp#27;[90m&amp#27;[39m
&amp#27;[35m[HTTP]&amp#27;[39m &amp#27;[37m-->&amp#27;[39m &amp#27;[37mGET&amp#27;[39m &amp#27;[37m/wd/hub/session/587fc001-2b30-4c88-9eb5-fa2dca2a30b0/element/00000000-0000-020d-ffff-ffff0000015d/text&amp#27;[39m
&amp#27;[35m[HTTP]&amp#27;[39m &amp#27;[90m{}&amp#27;[39m
&amp#27;[35m[W3C (587fc001)]&amp#27;[39m Driver proxy active, passing request on via HTTP proxy
[debug] &amp#27;[35m[WD Proxy]&amp#27;[39m Matched '/wd/hub/session/587fc001-2b30-4c88-9eb5-fa2dca2a30b0/element/00000000-0000-020d-ffff-ffff0000015d/text' to command name 'getText'
[debug] &amp#27;[35m[WD Proxy]&amp#27;[39m Proxying [GET /wd/hub/session/587fc001-2b30-4c88-9eb5-fa2dca2a30b0/element/00000000-0000-020d-ffff-ffff0000015d/text] to [GET http://127.0.0.1:8208/wd/hub/session/ae5a4bea-c2cc-4752-b9bf-35aef89a3ce2/element/00000000-0000-020d-ffff-ffff0000015d/text] with no body
[debug] &amp#27;[35m[WD Proxy]&amp#27;[39m Got response with status 200: {"sessionId":"ae5a4bea-c2cc-4752-b9bf-35aef89a3ce2","value":"Maybe later"}
&amp#27;[35m[WD Proxy]&amp#27;[39m Replacing sessionId ae5a4bea-c2cc-4752-b9bf-35aef89a3ce2 with 587fc001-2b30-4c88-9eb5-fa2dca2a30b0
&amp#27;[35m[HTTP]&amp#27;[39m &amp#27;[37m<-- GET /wd/hub/session/587fc001-2b30-4c88-9eb5-fa2dca2a30b0/element/00000000-0000-020d-ffff-ffff0000015d/text &amp#27;[39m&amp#27;[32m200&amp#27;[39m &amp#27;[90m198 ms - 74&amp#27;[39m
&amp#27;[35m[HTTP]&amp#27;[39m &amp#27;[90m&amp#27;[39m
]]></system-out>
    <system-err><![CDATA[Jun 07, 2022 10:22:31 PM io.appium.java_client.remote.AppiumCommandExecutor$1 lambda$0
INFO: Detected dialect: W3C
]]></system-err>
  </testcase>
  <testcase name="SmokeTestCase" classname="SoFaDog.AndroidAutomation.SmokeTest" time="128.311">
    <system-out><![CDATA[Executing After Method and Confirming the Test was executed
Execute After Class
Execute Before Class & passing capabilities to driver every time the Test's Start in New Class
&amp#27;[35m[HTTP]&amp#27;[39m &amp#27;[37m-->&amp#27;[39m &amp#27;[37mPOST&amp#27;[39m &amp#27;[37m/wd/hub/session&amp#27;[39m
&amp#27;[35m[HTTP]&amp#27;[39m &amp#27;[90m{"desiredCapabilities":{"app":"/Users/kamaljhinjer/Documents/Mac_Coding/AndroidAutomation/src/sofadog-debug-services-4.5.3-2.apk","chromedriverExecutable":"/Users/kamaljhinjer/Documents/Mac_Coding/AndroidAutomation/src/chromedriver/chromedriver","newCommandTimeout":180,"automationName":"uiautomator2","platformName":"Android","deviceName":"Emulator_Pixel2XL"},"capabilities":{"firstMatch":[{"appium:app":"/Users/kamaljhinjer/Documents/Mac_Coding/AndroidAutomation/src/sofadog-debug-services-4.5.3-2.apk","appium:automationName":"uiautomator2","appium:chromedriverExecutable":"/Users/kamaljhinjer/Documents/Mac_Coding/AndroidAutomation/src/chromedriver/chromedriver","appium:deviceName":"Emulator_Pixel2XL","appium:newCommandTimeout":180,"platformName":"android"}]}}&amp#27;[39m
[debug] &amp#27;[35m[W3C]&amp#27;[39m Calling AppiumDriver.createSession() with args: [{"app":"/Users/kamaljhinjer/Documents/Mac_Coding/AndroidAutomation/src/sofadog-debug-services-4.5.3-2.apk","chromedriverExecutable":"/Users/kamaljhinjer/Documents/Mac_Coding/AndroidAutomation/src/chromedriver/chromedriver","newCommandTimeout":180,"automationName":"uiautomator2","platformName":"Android","deviceName":"Emulator_Pixel2XL"},null,{"firstMatch":[{"appium:app":"/Users/kamaljhinjer/Documents/Mac_Coding/AndroidAutomation/src/sofadog-debug-services-4.5.3-2.apk","appium:automationName":"uiautomator2","appium:chromedriverExecutable":"/Users/kamaljhinjer/Documents/Mac_Coding/AndroidAutomation/src/chromedriver/chromedriver","appium:deviceName":"Emulator_Pixel2XL","appium:newCommandTimeout":180,"platformName":"android"}]}]
[debug] &amp#27;[35m[BaseDriver]&amp#27;[39m Event 'newSessionRequested' logged at 1654620820129 (22:23:40 GMT+0530 (India Standard Time))
&amp#27;[35m[Appium]&amp#27;[39m Appium v1.22.3 creating new AndroidUiautomator2Driver (v1.70.1) session
[debug] &amp#27;[35m[BaseDriver]&amp#27;[39m W3C capabilities and MJSONWP desired capabilities were provided
[debug] &amp#27;[35m[BaseDriver]&amp#27;[39m Creating session with W3C capabilities: {
[debug] &amp#27;[35m[BaseDriver]&amp#27;[39m   "alwaysMatch": {
[debug] &amp#27;[35m[BaseDriver]&amp#27;[39m     "platformName": "android",
[debug] &amp#27;[35m[BaseDriver]&amp#27;[39m     "appium:app": "/Users/kamaljhinjer/Documents/Mac_Coding/AndroidAutomation/src/sofadog-debug-services-4.5.3-2.apk",
[debug] &amp#27;[35m[BaseDriver]&amp#27;[39m     "appium:automationName": "uiautomator2",
[debug] &amp#27;[35m[BaseDriver]&amp#27;[39m     "appium:chromedriverExecutable": "/Users/kamaljhinjer/Documents/Mac_Coding/AndroidAutomation/src/chromedriver/chromedriver",
[debug] &amp#27;[35m[BaseDriver]&amp#27;[39m     "appium:deviceName": "Emulator_Pixel2XL",
[debug] &amp#27;[35m[BaseDriver]&amp#27;[39m     "appium:newCommandTimeout": 180
[debug] &amp#27;[35m[BaseDriver]&amp#27;[39m   },
[debug] &amp#27;[35m[BaseDriver]&amp#27;[39m   "firstMatch": [
[debug] &amp#27;[35m[BaseDriver]&amp#27;[39m     {}
[debug] &amp#27;[35m[BaseDriver]&amp#27;[39m   ]
[debug] &amp#27;[35m[BaseDriver]&amp#27;[39m }
&amp#27;[35m[BaseDriver]&amp#27;[39m Session created with session id: dbeb26db-cd3e-4699-a7a4-f9d109b655a2
&amp#27;[35m[BaseDriver]&amp#27;[39m Using local app '/Users/kamaljhinjer/Documents/Mac_Coding/AndroidAutomation/src/sofadog-debug-services-4.5.3-2.apk'
[debug] &amp#27;[35m[UiAutomator2]&amp#27;[39m Checking whether app is actually present
&amp#27;[35m[ADB]&amp#27;[39m Using 'adb' from '/Users/kamaljhinjer/Library/Android/sdk/platform-tools/adb'
[debug] &amp#27;[35m[ADB]&amp#27;[39m Running '/Users/kamaljhinjer/Library/Android/sdk/platform-tools/adb -P 5037 start-server'
&amp#27;[35m[AndroidDriver]&amp#27;[39m Retrieving device list
[debug] &amp#27;[35m[ADB]&amp#27;[39m Trying to find a connected android device
[debug] &amp#27;[35m[ADB]&amp#27;[39m Getting connected devices
[debug] &amp#27;[35m[ADB]&amp#27;[39m Connected devices: [{"udid":"emulator-5554","state":"device"}]
&amp#27;[35m[AndroidDriver]&amp#27;[39m Using device: emulator-5554
&amp#27;[35m[ADB]&amp#27;[39m Using 'adb' from '/Users/kamaljhinjer/Library/Android/sdk/platform-tools/adb'
[debug] &amp#27;[35m[ADB]&amp#27;[39m Running '/Users/kamaljhinjer/Library/Android/sdk/platform-tools/adb -P 5037 start-server'
[debug] &amp#27;[35m[ADB]&amp#27;[39m Setting device id to emulator-5554
[debug] &amp#27;[35m[ADB]&amp#27;[39m Running '/Users/kamaljhinjer/Library/Android/sdk/platform-tools/adb -P 5037 -s emulator-5554 shell getprop ro.build.version.sdk'
[debug] &amp#27;[35m[ADB]&amp#27;[39m Current device property 'ro.build.version.sdk': 31
&amp#27;[35m[ADB]&amp#27;[39m Getting device platform version
[debug] &amp#27;[35m[ADB]&amp#27;[39m Running '/Users/kamaljhinjer/Library/Android/sdk/platform-tools/adb -P 5037 -s emulator-5554 shell getprop ro.build.version.release'
[debug] &amp#27;[35m[ADB]&amp#27;[39m Current device property 'ro.build.version.release': 12
[debug] &amp#27;[35m[ADB]&amp#27;[39m Device API level: 31
&amp#27;[35m[UiAutomator2]&amp#27;[39m Relaxing hidden api policy
[debug] &amp#27;[35m[ADB]&amp#27;[39m Running '/Users/kamaljhinjer/Library/Android/sdk/platform-tools/adb -P 5037 -s emulator-5554 shell 'settings put global hidden_api_policy_pre_p_apps 1;settings put global hidden_api_policy_p_apps 1;settings put global hidden_api_policy 1''
[debug] &amp#27;[35m[AndroidDriver]&amp#27;[39m Parsing package and activity from app manifest
&amp#27;[35m[ADB]&amp#27;[39m Package name: 'dog.fa.so.app'
&amp#27;[35m[ADB]&amp#27;[39m Main activity name: 'dog.fa.so.app.MainActivity'
[debug] &amp#27;[35m[AndroidDriver]&amp#27;[39m Parsed package and activity are: dog.fa.so.app/dog.fa.so.app.MainActivity
[debug] &amp#27;[35m[ADB]&amp#27;[39m Running '/Users/kamaljhinjer/Library/Android/sdk/platform-tools/adb -P 5037 -s emulator-5554 wait-for-device'
[debug] &amp#27;[35m[ADB]&amp#27;[39m Running '/Users/kamaljhinjer/Library/Android/sdk/platform-tools/adb -P 5037 -s emulator-5554 shell echo ping'
[debug] &amp#27;[35m[AndroidDriver]&amp#27;[39m Pushing settings apk to device...
[debug] &amp#27;[35m[ADB]&amp#27;[39m Getting install status for io.appium.settings
[debug] &amp#27;[35m[ADB]&amp#27;[39m Running '/Users/kamaljhinjer/Library/Android/sdk/platform-tools/adb -P 5037 -s emulator-5554 shell dumpsys package io.appium.settings'
[debug] &amp#27;[35m[ADB]&amp#27;[39m 'io.appium.settings' is installed
[debug] &amp#27;[35m[ADB]&amp#27;[39m Getting package info for 'io.appium.settings'
[debug] &amp#27;[35m[ADB]&amp#27;[39m Running '/Users/kamaljhinjer/Library/Android/sdk/platform-tools/adb -P 5037 -s emulator-5554 shell dumpsys package io.appium.settings'
[debug] &amp#27;[35m[ADB]&amp#27;[39m The version name of the installed 'io.appium.settings' is greater or equal to the application version name ('3.4.0' >= '3.4.0')
[debug] &amp#27;[35m[ADB]&amp#27;[39m There is no need to install/upgrade '/usr/local/lib/node_modules/appium/node_modules/io.appium.settings/apks/settings_apk-debug.apk'
[debug] &amp#27;[35m[ADB]&amp#27;[39m Getting IDs of all 'io.appium.settings' processes
[debug] &amp#27;[35m[ADB]&amp#27;[39m Running '/Users/kamaljhinjer/Library/Android/sdk/platform-tools/adb -P 5037 -s emulator-5554 shell 'pgrep --help; echo $?''
[debug] &amp#27;[35m[ADB]&amp#27;[39m Running '/Users/kamaljhinjer/Library/Android/sdk/platform-tools/adb -P 5037 -s emulator-5554 shell pgrep -f \(\[\[:blank:\]\]\|\^\)io\.appium\.settings\(\[\[:blank:\]\]\|\$\)'
[debug] &amp#27;[35m[AndroidDriver]&amp#27;[39m io.appium.settings is already running. There is no need to reset its permissions.
[debug] &amp#27;[35m[Logcat]&amp#27;[39m Starting logs capture with command: /Users/kamaljhinjer/Library/Android/sdk/platform-tools/adb -P 5037 -s emulator-5554 logcat -v threadtime
[debug] &amp#27;[35m[UiAutomator2]&amp#27;[39m Forwarding UiAutomator2 Server port 6790 to local port 8209
[debug] &amp#27;[35m[ADB]&amp#27;[39m Forwarding system: 8209 to device: 6790
[debug] &amp#27;[35m[ADB]&amp#27;[39m Running '/Users/kamaljhinjer/Library/Android/sdk/platform-tools/adb -P 5037 -s emulator-5554 forward tcp:8209 tcp:6790'
&amp#27;[35m[UiAutomator2]&amp#27;[39m Server package at '/usr/local/lib/node_modules/appium/node_modules/appium-uiautomator2-server/apks/appium-uiautomator2-server-v4.27.0.apk' is not writeable. Will copy it into the temporary location at '/var/folders/4f/ggkjk46s0lj0y4w1yj8mpmm00000gn/T/202257-2037-1w3d2k2.siv4' as a workaround. Consider making this file writeable manually in order to improve the performance of session startup.
&amp#27;[35m[UiAutomator2]&amp#27;[39m Server package at '/usr/local/lib/node_modules/appium/node_modules/appium-uiautomator2-server/apks/appium-uiautomator2-server-debug-androidTest.apk' is not writeable. Will copy it into the temporary location at '/var/folders/4f/ggkjk46s0lj0y4w1yj8mpmm00000gn/T/202257-2037-1w3d2k2.siv4' as a workaround. Consider making this file writeable manually in order to improve the performance of session startup.
[debug] &amp#27;[35m[ADB]&amp#27;[39m Getting install status for io.appium.uiautomator2.server
[debug] &amp#27;[35m[ADB]&amp#27;[39m Running '/Users/kamaljhinjer/Library/Android/sdk/platform-tools/adb -P 5037 -s emulator-5554 shell dumpsys package io.appium.uiautomator2.server'
[debug] &amp#27;[35m[ADB]&amp#27;[39m 'io.appium.uiautomator2.server' is installed
[debug] &amp#27;[35m[ADB]&amp#27;[39m Getting package info for 'io.appium.uiautomator2.server'
[debug] &amp#27;[35m[ADB]&amp#27;[39m Running '/Users/kamaljhinjer/Library/Android/sdk/platform-tools/adb -P 5037 -s emulator-5554 shell dumpsys package io.appium.uiautomator2.server'
[debug] &amp#27;[35m[ADB]&amp#27;[39m The version name of the installed 'io.appium.uiautomator2.server' is greater or equal to the application version name ('4.27.0' >= '4.27.0')
[debug] &amp#27;[35m[UiAutomator2]&amp#27;[39m io.appium.uiautomator2.server installation state: sameVersionInstalled
[debug] &amp#27;[35m[ADB]&amp#27;[39m Checking app cert for /var/folders/4f/ggkjk46s0lj0y4w1yj8mpmm00000gn/T/202257-2037-1w3d2k2.siv4/appium-uiautomator2-server-v4.27.0.apk
[debug] &amp#27;[35m[ADB]&amp#27;[39m Using the previously cached signature entry for 'appium-uiautomator2-server-v4.27.0.apk'
[debug] &amp#27;[35m[ADB]&amp#27;[39m sha256 hash did match for 'appium-uiautomator2-server-v4.27.0.apk'
[debug] &amp#27;[35m[ADB]&amp#27;[39m Getting install status for io.appium.uiautomator2.server.test
[debug] &amp#27;[35m[ADB]&amp#27;[39m Running '/Users/kamaljhinjer/Library/Android/sdk/platform-tools/adb -P 5037 -s emulator-5554 shell dumpsys package io.appium.uiautomator2.server.test'
[debug] &amp#27;[35m[ADB]&amp#27;[39m 'io.appium.uiautomator2.server.test' is installed
[debug] &amp#27;[35m[ADB]&amp#27;[39m Checking app cert for /var/folders/4f/ggkjk46s0lj0y4w1yj8mpmm00000gn/T/202257-2037-1w3d2k2.siv4/appium-uiautomator2-server-debug-androidTest.apk
[debug] &amp#27;[35m[ADB]&amp#27;[39m Using the previously cached signature entry for 'appium-uiautomator2-server-debug-androidTest.apk'
[debug] &amp#27;[35m[ADB]&amp#27;[39m sha256 hash did match for 'appium-uiautomator2-server-debug-androidTest.apk'
&amp#27;[35m[UiAutomator2]&amp#27;[39m Server packages are not going to be (re)installed
[debug] &amp#27;[35m[UiAutomator2]&amp#27;[39m Waiting up to 30000ms for services to be available
[debug] &amp#27;[35m[ADB]&amp#27;[39m Running '/Users/kamaljhinjer/Library/Android/sdk/platform-tools/adb -P 5037 -s emulator-5554 shell pm list instrumentation'
[debug] &amp#27;[35m[UiAutomator2]&amp#27;[39m Instrumentation target 'io.appium.uiautomator2.server.test/androidx.test.runner.AndroidJUnitRunner' is available
&amp#27;[35m[ADB]&amp#27;[39m Adding packages ["io.appium.settings","io.appium.uiautomator2.server","io.appium.uiautomator2.server.test"] to Doze whitelist
[debug] &amp#27;[35m[ADB]&amp#27;[39m Got the following command chunks to execute: [["dumpsys","deviceidle","whitelist","+io.appium.settings",";","dumpsys","deviceidle","whitelist","+io.appium.uiautomator2.server",";","dumpsys","deviceidle","whitelist","+io.appium.uiautomator2.server.test",";"]]
[debug] &amp#27;[35m[ADB]&amp#27;[39m Running '/Users/kamaljhinjer/Library/Android/sdk/platform-tools/adb -P 5037 -s emulator-5554 shell dumpsys deviceidle whitelist +io.appium.settings ; dumpsys deviceidle whitelist +io.appium.uiautomator2.server ; dumpsys deviceidle whitelist +io.appium.uiautomator2.server.test ;'
[debug] &amp#27;[35m[ADB]&amp#27;[39m Checking app cert for /Users/kamaljhinjer/Documents/Mac_Coding/AndroidAutomation/src/sofadog-debug-services-4.5.3-2.apk
[debug] &amp#27;[35m[ADB]&amp#27;[39m Using the previously cached signature entry for 'sofadog-debug-services-4.5.3-2.apk'
[debug] &amp#27;[35m[ADB]&amp#27;[39m Getting install status for dog.fa.so.app
[debug] &amp#27;[35m[ADB]&amp#27;[39m Running '/Users/kamaljhinjer/Library/Android/sdk/platform-tools/adb -P 5037 -s emulator-5554 shell dumpsys package dog.fa.so.app'
[debug] &amp#27;[35m[ADB]&amp#27;[39m 'dog.fa.so.app' is installed
[debug] &amp#27;[35m[ADB]&amp#27;[39m Getting package info for 'dog.fa.so.app'
[debug] &amp#27;[35m[ADB]&amp#27;[39m Running '/Users/kamaljhinjer/Library/Android/sdk/platform-tools/adb -P 5037 -s emulator-5554 shell dumpsys package dog.fa.so.app'
[debug] &amp#27;[35m[ADB]&amp#27;[39m The version name of the installed 'dog.fa.so.app' is greater or equal to the application version name ('4.5.1' >= '4.5.1')
[debug] &amp#27;[35m[ADB]&amp#27;[39m There is no need to install/upgrade '/Users/kamaljhinjer/Documents/Mac_Coding/AndroidAutomation/src/sofadog-debug-services-4.5.3-2.apk'
&amp#27;[35m[AndroidDriver]&amp#27;[39m Performing fast reset on 'dog.fa.so.app'
[debug] &amp#27;[35m[ADB]&amp#27;[39m Getting install status for dog.fa.so.app
[debug] &amp#27;[35m[ADB]&amp#27;[39m Running '/Users/kamaljhinjer/Library/Android/sdk/platform-tools/adb -P 5037 -s emulator-5554 shell dumpsys package dog.fa.so.app'
[debug] &amp#27;[35m[ADB]&amp#27;[39m 'dog.fa.so.app' is installed
[debug] &amp#27;[35m[ADB]&amp#27;[39m Running '/Users/kamaljhinjer/Library/Android/sdk/platform-tools/adb -P 5037 -s emulator-5554 shell am force-stop dog.fa.so.app'
[debug] &amp#27;[35m[ADB]&amp#27;[39m Running '/Users/kamaljhinjer/Library/Android/sdk/platform-tools/adb -P 5037 -s emulator-5554 shell pm clear dog.fa.so.app'
[debug] &amp#27;[35m[AndroidDriver]&amp#27;[39m Performed fast reset on the installed 'dog.fa.so.app' application (stop and clear)
[debug] &amp#27;[35m[UiAutomator2]&amp#27;[39m Performing shallow cleanup of automation leftovers
[debug] &amp#27;[35m[UiAutomator2]&amp#27;[39m The following obsolete sessions are still running: ["ae5a4bea-c2cc-4752-b9bf-35aef89a3ce2"]
[debug] &amp#27;[35m[UiAutomator2]&amp#27;[39m Cleaning up 1 obsolete session
[debug] &amp#27;[35m[Instrumentation]&amp#27;[39m .
[debug] &amp#27;[35m[Instrumentation]&amp#27;[39m Time: 80.312
[debug] &amp#27;[35m[Instrumentation]&amp#27;[39m 
[debug] &amp#27;[35m[Instrumentation]&amp#27;[39m OK (1 test)
[debug] &amp#27;[35m[Instrumentation]&amp#27;[39m The process has exited with code 0
[debug] &amp#27;[35m[ADB]&amp#27;[39m Running '/Users/kamaljhinjer/Library/Android/sdk/platform-tools/adb -P 5037 -s emulator-5554 shell am force-stop io.appium.uiautomator2.server.test'
&amp#27;[35m[UiAutomator2]&amp#27;[39m Starting UIAutomator2 server 4.27.0
&amp#27;[35m[UiAutomator2]&amp#27;[39m Using UIAutomator2 server from '/usr/local/lib/node_modules/appium/node_modules/appium-uiautomator2-server/apks/appium-uiautomator2-server-v4.27.0.apk' and test from '/usr/local/lib/node_modules/appium/node_modules/appium-uiautomator2-server/apks/appium-uiautomator2-server-debug-androidTest.apk'
&amp#27;[35m[UiAutomator2]&amp#27;[39m Waiting up to 30000ms for UiAutomator2 to be online...
[debug] &amp#27;[35m[ADB]&amp#27;[39m Creating ADB subprocess with args: ["-P",5037,"-s","emulator-5554","shell","am","instrument","-w","-e","disableAnalytics",true,"io.appium.uiautomator2.server.test/androidx.test.runner.AndroidJUnitRunner"]
[debug] &amp#27;[35m[WD Proxy]&amp#27;[39m Matched '/status' to command name 'getStatus'
[debug] &amp#27;[35m[WD Proxy]&amp#27;[39m Proxying [GET /status] to [GET http://127.0.0.1:8209/wd/hub/status] with no body
&amp#27;[35m[WD Proxy]&amp#27;[39m socket hang up
[debug] &amp#27;[35m[WD Proxy]&amp#27;[39m Matched '/status' to command name 'getStatus'
[debug] &amp#27;[35m[WD Proxy]&amp#27;[39m Proxying [GET /status] to [GET http://127.0.0.1:8209/wd/hub/status] with no body
&amp#27;[35m[WD Proxy]&amp#27;[39m socket hang up
[debug] &amp#27;[35m[Instrumentation]&amp#27;[39m io.appium.uiautomator2.server.test.AppiumUiAutomator2Server:
[debug] &amp#27;[35m[WD Proxy]&amp#27;[39m Matched '/status' to command name 'getStatus'
[debug] &amp#27;[35m[WD Proxy]&amp#27;[39m Proxying [GET /status] to [GET http://127.0.0.1:8209/wd/hub/status] with no body
&amp#27;[35m[WD Proxy]&amp#27;[39m socket hang up
[debug] &amp#27;[35m[WD Proxy]&amp#27;[39m Matched '/status' to command name 'getStatus'
[debug] &amp#27;[35m[WD Proxy]&amp#27;[39m Proxying [GET /status] to [GET http://127.0.0.1:8209/wd/hub/status] with no body
[debug] &amp#27;[35m[WD Proxy]&amp#27;[39m Got response with status 200: {"sessionId":"None","value":{"message":"UiAutomator2 Server is ready to accept commands","ready":true}}
[debug] &amp#27;[35m[UiAutomator2]&amp#27;[39m The initialization of the instrumentation process took 3186ms
[debug] &amp#27;[35m[WD Proxy]&amp#27;[39m Matched '/session' to command name 'createSession'
[debug] &amp#27;[35m[WD Proxy]&amp#27;[39m Proxying [POST /session] to [POST http://127.0.0.1:8209/wd/hub/session] with body: {"capabilities":{"firstMatch":[{"platform":"LINUX","webStorageEnabled":false,"takesScreenshot":true,"javascriptEnabled":true,"databaseEnabled":false,"networkConnectionEnabled":true,"locationContextEnabled":false,"warnings":{},"desired":{"platformName":"android","app":"/Users/kamaljhinjer/Documents/Mac_Coding/AndroidAutomation/src/sofadog-debug-services-4.5.3-2.apk","automationName":"uiautomator2","chromedriverExecutable":"/Users/kamaljhinjer/Documents/Mac_Coding/AndroidAutomation/src/chromedriver/chromedriver","deviceName":"Emulator_Pixel2XL","newCommandTimeout":180},"platformName":"android","app":"/Users/kamaljhinjer/Documents/Mac_Coding/AndroidAutomation/src/sofadog-debug-services-4.5.3-2.apk","automationName":"uiautomator2","chromedriverExecutable":"/Users/kamaljhinjer/Documents/Mac_Coding/AndroidAutomation/src/chromedriver/chromedriver","deviceName":"emulator-5554","newCommandTimeout":180,"deviceUDID":"emulator-5554","appPackage":"dog.fa.so.app"}],"alwaysMatch":{}}}
[debug] &amp#27;[35m[WD Proxy]&amp#27;[39m Got response with status 200: {"sessionId":"1c98a672-d9d0-461a-bb3a-f2e92b7b44d5","value":{"capabilities":{"firstMatch":[{"platform":"LINUX","webStorageEnabled":false,"takesScreenshot":true,"javascriptEnabled":true,"databaseEnabled":false,"networkConnectionEnabled":true,"locationContextEnabled":false,"warnings":{},"desired":{"platformName":"android","app":"/Users/kamaljhinjer/Documents/Mac_Coding/AndroidAutomation/src/sofadog-debug-services-4.5.3-2.apk","automationName":"uiautomator2","chromedriverExecutable":"/Users/kamaljhinjer/Documents/Mac_Coding/AndroidAutomation/src/chromedriver/chromedriver","deviceName":"Emulator_Pixel2XL","newCommandTimeout":180},"platformName":"android","app":"/Users/kamaljhinjer/Documents/Mac_Coding/AndroidAutomation/src/sofadog-debug-services-4.5.3-2.apk","automationName":"uiautomator2","chromedriverExecutable":"/Users/kamaljhinjer/Documents/Mac_Coding/AndroidAutomation/src/chromedriver/chromedriver","deviceName":"emulator-5554","newCommandTimeout":180,"deviceUDID":"emulator-5554","appPackage":"dog.fa.so.ap...
&amp#27;[35m[WD Proxy]&amp#27;[39m Determined the downstream protocol as 'W3C'
[debug] &amp#27;[35m[WD Proxy]&amp#27;[39m Proxying [GET /appium/device/info] to [GET http://127.0.0.1:8209/wd/hub/session/1c98a672-d9d0-461a-bb3a-f2e92b7b44d5/appium/device/info] with no body
[debug] &amp#27;[35m[WD Proxy]&amp#27;[39m Got response with status 200: {"sessionId":"1c98a672-d9d0-461a-bb3a-f2e92b7b44d5","value":{"androidId":"489d6660c2445b4e","apiVersion":"31","bluetooth":{"state":"OFF"},"brand":"google","carrierName":"T-Mobile","displayDensity":560,"locale":"en_US","manufacturer":"Google","model":"sdk_gphone64_x86_64","networks":[{"capabilities":{"SSID":null,"linkDownBandwidthKbps":4300,"linkUpstreamBandwidthKbps":1800,"networkCapabilities":"NET_CAPABILITY_MMS,NET_CAPABILITY_SUPL,NET_CAPABILITY_DUN,NET_CAPABILITY_FOTA,NET_CAPABILITY_IMS,NET_CAPABILITY_CBS,NET_CAPABILITY_INTERNET,NET_CAPABILITY_NOT_RESTRICTED,NET_CAPABILITY_TRUSTED,NET_CAPABILITY_NOT_VPN,NET_CAPABILITY_VALIDATED,NET_CAPABILITY_NOT_ROAMING,NET_CAPABILITY_NOT_CONGESTED,NET_CAPABILITY_NOT_SUSPENDED","signalStrength":-2147483648,"transportTypes":"TRANSPORT_CELLULAR"},"detailedState":"CONNECTED","extraInfo":"epc.tmobile.com","isAvailable":true,"isConnected":true,"isFailover":false,"isRoaming":false,"state":"CONNECTED","subtype":10,"subtypeName":"HSPA","type":0,"typeName":"MOBILE"},{"capabilit...
[debug] &amp#27;[35m[ADB]&amp#27;[39m Running '/Users/kamaljhinjer/Library/Android/sdk/platform-tools/adb -P 5037 -s emulator-5554 shell dumpsys window'
&amp#27;[35m[AndroidDriver]&amp#27;[39m Screen already unlocked, doing nothing
&amp#27;[35m[UiAutomator2]&amp#27;[39m Starting 'dog.fa.so.app/dog.fa.so.app.MainActivity and waiting for 'dog.fa.so.app/dog.fa.so.app.MainActivity'
[debug] &amp#27;[35m[ADB]&amp#27;[39m Running '/Users/kamaljhinjer/Library/Android/sdk/platform-tools/adb -P 5037 -s emulator-5554 shell am start -W -n dog.fa.so.app/dog.fa.so.app.MainActivity -S -a android.intent.action.MAIN -c android.intent.category.LAUNCHER -f 0x10200000'
[debug] &amp#27;[35m[ADB]&amp#27;[39m Waiting up to 20000ms for activity matching pkg: 'dog.fa.so.app' and activity: 'dog.fa.so.app.MainActivity' to be focused
[debug] &amp#27;[35m[ADB]&amp#27;[39m Possible activities, to be checked: 'dog.fa.so.app.MainActivity', 'dog.fa.so.app.dog.fa.so.app.MainActivity'
[debug] &amp#27;[35m[ADB]&amp#27;[39m Getting focused package and activity
[debug] &amp#27;[35m[ADB]&amp#27;[39m Running '/Users/kamaljhinjer/Library/Android/sdk/platform-tools/adb -P 5037 -s emulator-5554 shell dumpsys window displays'
[debug] &amp#27;[35m[ADB]&amp#27;[39m Found package: 'dog.fa.so.app' and fully qualified activity name : 'dog.fa.so.app.MainActivity'
[debug] &amp#27;[35m[WD Proxy]&amp#27;[39m Proxying [GET /appium/device/pixel_ratio] to [GET http://127.0.0.1:8209/wd/hub/session/1c98a672-d9d0-461a-bb3a-f2e92b7b44d5/appium/device/pixel_ratio] with no body
[debug] &amp#27;[35m[WD Proxy]&amp#27;[39m Got response with status 200: {"sessionId":"1c98a672-d9d0-461a-bb3a-f2e92b7b44d5","value":3.5}
[debug] &amp#27;[35m[WD Proxy]&amp#27;[39m Matched '/appium/device/system_bars' to command name 'getSystemBars'
[debug] &amp#27;[35m[WD Proxy]&amp#27;[39m Proxying [GET /appium/device/system_bars] to [GET http://127.0.0.1:8209/wd/hub/session/1c98a672-d9d0-461a-bb3a-f2e92b7b44d5/appium/device/system_bars] with no body
[debug] &amp#27;[35m[WD Proxy]&amp#27;[39m Got response with status 200: {"sessionId":"1c98a672-d9d0-461a-bb3a-f2e92b7b44d5","value":{"statusBar":98}}
[debug] &amp#27;[35m[WD Proxy]&amp#27;[39m Matched '/window/current/size' to command name 'getWindowSize'
[debug] &amp#27;[35m[WD Proxy]&amp#27;[39m Proxying [GET /window/current/size] to [GET http://127.0.0.1:8209/wd/hub/session/1c98a672-d9d0-461a-bb3a-f2e92b7b44d5/window/current/size] with no body
[debug] &amp#27;[35m[WD Proxy]&amp#27;[39m Got response with status 200: {"sessionId":"1c98a672-d9d0-461a-bb3a-f2e92b7b44d5","value":{"height":2712,"width":1440}}
&amp#27;[35m[Appium]&amp#27;[39m New AndroidUiautomator2Driver session created successfully, session dbeb26db-cd3e-4699-a7a4-f9d109b655a2 added to master session list
[debug] &amp#27;[35m[BaseDriver]&amp#27;[39m Event 'newSessionStarted' logged at 1654620833263 (22:23:53 GMT+0530 (India Standard Time))
[debug] &amp#27;[35m[W3C (dbeb26db)]&amp#27;[39m Cached the protocol value 'W3C' for the new session dbeb26db-cd3e-4699-a7a4-f9d109b655a2
[debug] &amp#27;[35m[W3C (dbeb26db)]&amp#27;[39m Responding to client with driver.createSession() result: {"capabilities":{"platform":"LINUX","webStorageEnabled":false,"takesScreenshot":true,"javascriptEnabled":true,"databaseEnabled":false,"networkConnectionEnabled":true,"locationContextEnabled":false,"warnings":{},"desired":{"platformName":"android","app":"/Users/kamaljhinjer/Documents/Mac_Coding/AndroidAutomation/src/sofadog-debug-services-4.5.3-2.apk","automationName":"uiautomator2","chromedriverExecutable":"/Users/kamaljhinjer/Documents/Mac_Coding/AndroidAutomation/src/chromedriver/chromedriver","deviceName":"Emulator_Pixel2XL","newCommandTimeout":180},"platformName":"android","app":"/Users/kamaljhinjer/Documents/Mac_Coding/AndroidAutomation/src/sofadog-debug-services-4.5.3-2.apk","automationName":"uiautomator2","chromedriverExecutable":"/Users/kamaljhinjer/Documents/Mac_Coding/AndroidAutomation/src/chromedriver/chromedriver","deviceName":"emulator-5554","newCommandTimeout":180,"deviceUDID":"emulator-5554","appPackage":"dog.fa.so.app","deviceApiLevel":31,"platformVersion":"12","deviceScreenSize":"1440x2880...
&amp#27;[35m[HTTP]&amp#27;[39m &amp#27;[37m<-- POST /wd/hub/session &amp#27;[39m&amp#27;[32m200&amp#27;[39m &amp#27;[90m13138 ms - 1275&amp#27;[39m
&amp#27;[35m[HTTP]&amp#27;[39m &amp#27;[90m&amp#27;[39m
Executing Before Method, Starting Test
&amp#27;[35m[HTTP]&amp#27;[39m &amp#27;[37m-->&amp#27;[39m &amp#27;[37mPOST&amp#27;[39m &amp#27;[37m/wd/hub/session/dbeb26db-cd3e-4699-a7a4-f9d109b655a2/timeouts&amp#27;[39m
&amp#27;[35m[HTTP]&amp#27;[39m &amp#27;[90m{"implicit":15000}&amp#27;[39m
[debug] &amp#27;[35m[W3C (dbeb26db)]&amp#27;[39m Calling AppiumDriver.timeouts() with args: [null,null,null,null,15000,"dbeb26db-cd3e-4699-a7a4-f9d109b655a2"]
[debug] &amp#27;[35m[BaseDriver]&amp#27;[39m W3C timeout argument: {"implicit":15000}}
[debug] &amp#27;[35m[BaseDriver]&amp#27;[39m Set implicit wait to 15000ms
[debug] &amp#27;[35m[W3C (dbeb26db)]&amp#27;[39m Responding to client with driver.timeouts() result: null
&amp#27;[35m[HTTP]&amp#27;[39m &amp#27;[37m<-- POST /wd/hub/session/dbeb26db-cd3e-4699-a7a4-f9d109b655a2/timeouts &amp#27;[39m&amp#27;[32m200&amp#27;[39m &amp#27;[90m5 ms - 14&amp#27;[39m
&amp#27;[35m[HTTP]&amp#27;[39m &amp#27;[90m&amp#27;[39m
Wait for application to load
swipeScreen() Method : dir: 'LEFT'
&amp#27;[35m[HTTP]&amp#27;[39m &amp#27;[37m-->&amp#27;[39m &amp#27;[37mGET&amp#27;[39m &amp#27;[37m/wd/hub/session/dbeb26db-cd3e-4699-a7a4-f9d109b655a2/window/rect&amp#27;[39m
&amp#27;[35m[HTTP]&amp#27;[39m &amp#27;[90m{}&amp#27;[39m
[debug] &amp#27;[35m[W3C (dbeb26db)]&amp#27;[39m Calling AppiumDriver.getWindowRect() with args: ["dbeb26db-cd3e-4699-a7a4-f9d109b655a2"]
[debug] &amp#27;[35m[WD Proxy]&amp#27;[39m Matched '/window/current/size' to command name 'getWindowSize'
[debug] &amp#27;[35m[WD Proxy]&amp#27;[39m Proxying [GET /window/current/size] to [GET http://127.0.0.1:8209/wd/hub/session/1c98a672-d9d0-461a-bb3a-f2e92b7b44d5/window/current/size] with no body
[debug] &amp#27;[35m[WD Proxy]&amp#27;[39m Got response with status 200: {"sessionId":"1c98a672-d9d0-461a-bb3a-f2e92b7b44d5","value":{"height":2712,"width":1440}}
[debug] &amp#27;[35m[W3C (dbeb26db)]&amp#27;[39m Responding to client with driver.getWindowRect() result: {"width":1440,"height":2712,"x":0,"y":0}
&amp#27;[35m[HTTP]&amp#27;[39m &amp#27;[37m<-- GET /wd/hub/session/dbeb26db-cd3e-4699-a7a4-f9d109b655a2/window/rect &amp#27;[39m&amp#27;[32m200&amp#27;[39m &amp#27;[90m14 ms - 50&amp#27;[39m
&amp#27;[35m[HTTP]&amp#27;[39m &amp#27;[90m&amp#27;[39m
The Screen Width is : 1440
&amp#27;[35m[HTTP]&amp#27;[39m &amp#27;[37m-->&amp#27;[39m &amp#27;[37mPOST&amp#27;[39m &amp#27;[37m/wd/hub/session/dbeb26db-cd3e-4699-a7a4-f9d109b655a2/touch/perform&amp#27;[39m
&amp#27;[35m[HTTP]&amp#27;[39m &amp#27;[90m{"actions":[{"action":"press","options":{"x":1400,"y":1356}},{"action":"wait","options":{"ms":200}},{"action":"moveTo","options":{"x":10,"y":1356}},{"action":"release","options":{}}]}&amp#27;[39m
[debug] &amp#27;[35m[W3C (dbeb26db)]&amp#27;[39m Calling AppiumDriver.performTouch() with args: [[{"action":"press","options":{"x":1400,"y":1356}},{"action":"wait","options":{"ms":200}},{"action":"moveTo","options":{"x":10,"y":1356}},{"action":"release","options":{}}],"dbeb26db-cd3e-4699-a7a4-f9d109b655a2"]
[debug] &amp#27;[35m[WD Proxy]&amp#27;[39m Matched '/touch/perform' to command name 'performTouch'
[debug] &amp#27;[35m[WD Proxy]&amp#27;[39m Proxying [POST /touch/perform] to [POST http://127.0.0.1:8209/wd/hub/session/1c98a672-d9d0-461a-bb3a-f2e92b7b44d5/touch/perform] with body: {"startX":1400,"startY":1356,"endX":10,"endY":1356,"steps":6}
[debug] &amp#27;[35m[WD Proxy]&amp#27;[39m Got response with status 200: {"sessionId":"1c98a672-d9d0-461a-bb3a-f2e92b7b44d5","value":null}
[debug] &amp#27;[35m[W3C (dbeb26db)]&amp#27;[39m Responding to client with driver.performTouch() result: null
&amp#27;[35m[HTTP]&amp#27;[39m &amp#27;[37m<-- POST /wd/hub/session/dbeb26db-cd3e-4699-a7a4-f9d109b655a2/touch/perform &amp#27;[39m&amp#27;[32m200&amp#27;[39m &amp#27;[90m1382 ms - 14&amp#27;[39m
&amp#27;[35m[HTTP]&amp#27;[39m &amp#27;[90m&amp#27;[39m
1st Widget Swipe Executed
swipeScreen() Method : dir: 'LEFT'
&amp#27;[35m[HTTP]&amp#27;[39m &amp#27;[37m-->&amp#27;[39m &amp#27;[37mGET&amp#27;[39m &amp#27;[37m/wd/hub/session/dbeb26db-cd3e-4699-a7a4-f9d109b655a2/window/rect&amp#27;[39m
&amp#27;[35m[HTTP]&amp#27;[39m &amp#27;[90m{}&amp#27;[39m
[debug] &amp#27;[35m[W3C (dbeb26db)]&amp#27;[39m Calling AppiumDriver.getWindowRect() with args: ["dbeb26db-cd3e-4699-a7a4-f9d109b655a2"]
[debug] &amp#27;[35m[WD Proxy]&amp#27;[39m Matched '/window/current/size' to command name 'getWindowSize'
[debug] &amp#27;[35m[WD Proxy]&amp#27;[39m Proxying [GET /window/current/size] to [GET http://127.0.0.1:8209/wd/hub/session/1c98a672-d9d0-461a-bb3a-f2e92b7b44d5/window/current/size] with no body
[debug] &amp#27;[35m[WD Proxy]&amp#27;[39m Got response with status 200: {"sessionId":"1c98a672-d9d0-461a-bb3a-f2e92b7b44d5","value":{"height":2712,"width":1440}}
[debug] &amp#27;[35m[W3C (dbeb26db)]&amp#27;[39m Responding to client with driver.getWindowRect() result: {"width":1440,"height":2712,"x":0,"y":0}
&amp#27;[35m[HTTP]&amp#27;[39m &amp#27;[37m<-- GET /wd/hub/session/dbeb26db-cd3e-4699-a7a4-f9d109b655a2/window/rect &amp#27;[39m&amp#27;[32m200&amp#27;[39m &amp#27;[90m38 ms - 50&amp#27;[39m
&amp#27;[35m[HTTP]&amp#27;[39m &amp#27;[90m&amp#27;[39m
The Screen Width is : 1440
&amp#27;[35m[HTTP]&amp#27;[39m &amp#27;[37m-->&amp#27;[39m &amp#27;[37mPOST&amp#27;[39m &amp#27;[37m/wd/hub/session/dbeb26db-cd3e-4699-a7a4-f9d109b655a2/touch/perform&amp#27;[39m
&amp#27;[35m[HTTP]&amp#27;[39m &amp#27;[90m{"actions":[{"action":"press","options":{"x":1400,"y":1356}},{"action":"wait","options":{"ms":200}},{"action":"moveTo","options":{"x":10,"y":1356}},{"action":"release","options":{}}]}&amp#27;[39m
[debug] &amp#27;[35m[W3C (dbeb26db)]&amp#27;[39m Calling AppiumDriver.performTouch() with args: [[{"action":"press","options":{"x":1400,"y":1356}},{"action":"wait","options":{"ms":200}},{"action":"moveTo","options":{"x":10,"y":1356}},{"action":"release","options":{}}],"dbeb26db-cd3e-4699-a7a4-f9d109b655a2"]
[debug] &amp#27;[35m[WD Proxy]&amp#27;[39m Matched '/touch/perform' to command name 'performTouch'
[debug] &amp#27;[35m[WD Proxy]&amp#27;[39m Proxying [POST /touch/perform] to [POST http://127.0.0.1:8209/wd/hub/session/1c98a672-d9d0-461a-bb3a-f2e92b7b44d5/touch/perform] with body: {"startX":1400,"startY":1356,"endX":10,"endY":1356,"steps":6}
[debug] &amp#27;[35m[WD Proxy]&amp#27;[39m Got response with status 200: {"sessionId":"1c98a672-d9d0-461a-bb3a-f2e92b7b44d5","value":null}
[debug] &amp#27;[35m[W3C (dbeb26db)]&amp#27;[39m Responding to client with driver.performTouch() result: null
&amp#27;[35m[HTTP]&amp#27;[39m &amp#27;[37m<-- POST /wd/hub/session/dbeb26db-cd3e-4699-a7a4-f9d109b655a2/touch/perform &amp#27;[39m&amp#27;[32m200&amp#27;[39m &amp#27;[90m1324 ms - 14&amp#27;[39m
&amp#27;[35m[HTTP]&amp#27;[39m &amp#27;[90m&amp#27;[39m
2nd Widget Swipe Executed
swipeScreen() Method : dir: 'LEFT'
&amp#27;[35m[HTTP]&amp#27;[39m &amp#27;[37m-->&amp#27;[39m &amp#27;[37mGET&amp#27;[39m &amp#27;[37m/wd/hub/session/dbeb26db-cd3e-4699-a7a4-f9d109b655a2/window/rect&amp#27;[39m
&amp#27;[35m[HTTP]&amp#27;[39m &amp#27;[90m{}&amp#27;[39m
[debug] &amp#27;[35m[W3C (dbeb26db)]&amp#27;[39m Calling AppiumDriver.getWindowRect() with args: ["dbeb26db-cd3e-4699-a7a4-f9d109b655a2"]
[debug] &amp#27;[35m[WD Proxy]&amp#27;[39m Matched '/window/current/size' to command name 'getWindowSize'
[debug] &amp#27;[35m[WD Proxy]&amp#27;[39m Proxying [GET /window/current/size] to [GET http://127.0.0.1:8209/wd/hub/session/1c98a672-d9d0-461a-bb3a-f2e92b7b44d5/window/current/size] with no body
[debug] &amp#27;[35m[WD Proxy]&amp#27;[39m Got response with status 200: {"sessionId":"1c98a672-d9d0-461a-bb3a-f2e92b7b44d5","value":{"height":2712,"width":1440}}
[debug] &amp#27;[35m[W3C (dbeb26db)]&amp#27;[39m Responding to client with driver.getWindowRect() result: {"width":1440,"height":2712,"x":0,"y":0}
&amp#27;[35m[HTTP]&amp#27;[39m &amp#27;[37m<-- GET /wd/hub/session/dbeb26db-cd3e-4699-a7a4-f9d109b655a2/window/rect &amp#27;[39m&amp#27;[32m200&amp#27;[39m &amp#27;[90m24 ms - 50&amp#27;[39m
&amp#27;[35m[HTTP]&amp#27;[39m &amp#27;[90m&amp#27;[39m
The Screen Width is : 1440
&amp#27;[35m[HTTP]&amp#27;[39m &amp#27;[37m-->&amp#27;[39m &amp#27;[37mPOST&amp#27;[39m &amp#27;[37m/wd/hub/session/dbeb26db-cd3e-4699-a7a4-f9d109b655a2/touch/perform&amp#27;[39m
&amp#27;[35m[HTTP]&amp#27;[39m &amp#27;[90m{"actions":[{"action":"press","options":{"x":1400,"y":1356}},{"action":"wait","options":{"ms":200}},{"action":"moveTo","options":{"x":10,"y":1356}},{"action":"release","options":{}}]}&amp#27;[39m
[debug] &amp#27;[35m[W3C (dbeb26db)]&amp#27;[39m Calling AppiumDriver.performTouch() with args: [[{"action":"press","options":{"x":1400,"y":1356}},{"action":"wait","options":{"ms":200}},{"action":"moveTo","options":{"x":10,"y":1356}},{"action":"release","options":{}}],"dbeb26db-cd3e-4699-a7a4-f9d109b655a2"]
[debug] &amp#27;[35m[WD Proxy]&amp#27;[39m Matched '/touch/perform' to command name 'performTouch'
[debug] &amp#27;[35m[WD Proxy]&amp#27;[39m Proxying [POST /touch/perform] to [POST http://127.0.0.1:8209/wd/hub/session/1c98a672-d9d0-461a-bb3a-f2e92b7b44d5/touch/perform] with body: {"startX":1400,"startY":1356,"endX":10,"endY":1356,"steps":6}
[debug] &amp#27;[35m[WD Proxy]&amp#27;[39m Got response with status 200: {"sessionId":"1c98a672-d9d0-461a-bb3a-f2e92b7b44d5","value":null}
[debug] &amp#27;[35m[W3C (dbeb26db)]&amp#27;[39m Responding to client with driver.performTouch() result: null
&amp#27;[35m[HTTP]&amp#27;[39m &amp#27;[37m<-- POST /wd/hub/session/dbeb26db-cd3e-4699-a7a4-f9d109b655a2/touch/perform &amp#27;[39m&amp#27;[32m200&amp#27;[39m &amp#27;[90m1314 ms - 14&amp#27;[39m
&amp#27;[35m[HTTP]&amp#27;[39m &amp#27;[90m&amp#27;[39m
3rd Widget Swipe Executed
swipeScreen() Method : dir: 'LEFT'
&amp#27;[35m[HTTP]&amp#27;[39m &amp#27;[37m-->&amp#27;[39m &amp#27;[37mGET&amp#27;[39m &amp#27;[37m/wd/hub/session/dbeb26db-cd3e-4699-a7a4-f9d109b655a2/window/rect&amp#27;[39m
&amp#27;[35m[HTTP]&amp#27;[39m &amp#27;[90m{}&amp#27;[39m
[debug] &amp#27;[35m[W3C (dbeb26db)]&amp#27;[39m Calling AppiumDriver.getWindowRect() with args: ["dbeb26db-cd3e-4699-a7a4-f9d109b655a2"]
[debug] &amp#27;[35m[WD Proxy]&amp#27;[39m Matched '/window/current/size' to command name 'getWindowSize'
[debug] &amp#27;[35m[WD Proxy]&amp#27;[39m Proxying [GET /window/current/size] to [GET http://127.0.0.1:8209/wd/hub/session/1c98a672-d9d0-461a-bb3a-f2e92b7b44d5/window/current/size] with no body
[debug] &amp#27;[35m[WD Proxy]&amp#27;[39m Got response with status 200: {"sessionId":"1c98a672-d9d0-461a-bb3a-f2e92b7b44d5","value":{"height":2712,"width":1440}}
[debug] &amp#27;[35m[W3C (dbeb26db)]&amp#27;[39m Responding to client with driver.getWindowRect() result: {"width":1440,"height":2712,"x":0,"y":0}
&amp#27;[35m[HTTP]&amp#27;[39m &amp#27;[37m<-- GET /wd/hub/session/dbeb26db-cd3e-4699-a7a4-f9d109b655a2/window/rect &amp#27;[39m&amp#27;[32m200&amp#27;[39m &amp#27;[90m42 ms - 50&amp#27;[39m
&amp#27;[35m[HTTP]&amp#27;[39m &amp#27;[90m&amp#27;[39m
The Screen Width is : 1440
&amp#27;[35m[HTTP]&amp#27;[39m &amp#27;[37m-->&amp#27;[39m &amp#27;[37mPOST&amp#27;[39m &amp#27;[37m/wd/hub/session/dbeb26db-cd3e-4699-a7a4-f9d109b655a2/touch/perform&amp#27;[39m
&amp#27;[35m[HTTP]&amp#27;[39m &amp#27;[90m{"actions":[{"action":"press","options":{"x":1400,"y":1356}},{"action":"wait","options":{"ms":200}},{"action":"moveTo","options":{"x":10,"y":1356}},{"action":"release","options":{}}]}&amp#27;[39m
[debug] &amp#27;[35m[W3C (dbeb26db)]&amp#27;[39m Calling AppiumDriver.performTouch() with args: [[{"action":"press","options":{"x":1400,"y":1356}},{"action":"wait","options":{"ms":200}},{"action":"moveTo","options":{"x":10,"y":1356}},{"action":"release","options":{}}],"dbeb26db-cd3e-4699-a7a4-f9d109b655a2"]
[debug] &amp#27;[35m[WD Proxy]&amp#27;[39m Matched '/touch/perform' to command name 'performTouch'
[debug] &amp#27;[35m[WD Proxy]&amp#27;[39m Proxying [POST /touch/perform] to [POST http://127.0.0.1:8209/wd/hub/session/1c98a672-d9d0-461a-bb3a-f2e92b7b44d5/touch/perform] with body: {"startX":1400,"startY":1356,"endX":10,"endY":1356,"steps":6}
[debug] &amp#27;[35m[WD Proxy]&amp#27;[39m Got response with status 200: {"sessionId":"1c98a672-d9d0-461a-bb3a-f2e92b7b44d5","value":null}
[debug] &amp#27;[35m[W3C (dbeb26db)]&amp#27;[39m Responding to client with driver.performTouch() result: null
&amp#27;[35m[HTTP]&amp#27;[39m &amp#27;[37m<-- POST /wd/hub/session/dbeb26db-cd3e-4699-a7a4-f9d109b655a2/touch/perform &amp#27;[39m&amp#27;[32m200&amp#27;[39m &amp#27;[90m1340 ms - 14&amp#27;[39m
&amp#27;[35m[HTTP]&amp#27;[39m &amp#27;[90m&amp#27;[39m
Last Swipe Executed
&amp#27;[35m[HTTP]&amp#27;[39m &amp#27;[37m-->&amp#27;[39m &amp#27;[37mGET&amp#27;[39m &amp#27;[37m/wd/hub/session/dbeb26db-cd3e-4699-a7a4-f9d109b655a2/context&amp#27;[39m
&amp#27;[35m[HTTP]&amp#27;[39m &amp#27;[90m{}&amp#27;[39m
[debug] &amp#27;[35m[W3C (dbeb26db)]&amp#27;[39m Calling AppiumDriver.getCurrentContext() with args: ["dbeb26db-cd3e-4699-a7a4-f9d109b655a2"]
[debug] &amp#27;[35m[W3C (dbeb26db)]&amp#27;[39m Responding to client with driver.getCurrentContext() result: "NATIVE_APP"
&amp#27;[35m[HTTP]&amp#27;[39m &amp#27;[37m<-- GET /wd/hub/session/dbeb26db-cd3e-4699-a7a4-f9d109b655a2/context &amp#27;[39m&amp#27;[32m200&amp#27;[39m &amp#27;[90m1 ms - 22&amp#27;[39m
&amp#27;[35m[HTTP]&amp#27;[39m &amp#27;[90m&amp#27;[39m
&amp#27;[35m[HTTP]&amp#27;[39m &amp#27;[37m-->&amp#27;[39m &amp#27;[37mPOST&amp#27;[39m &amp#27;[37m/wd/hub/session/dbeb26db-cd3e-4699-a7a4-f9d109b655a2/element&amp#27;[39m
&amp#27;[35m[HTTP]&amp#27;[39m &amp#27;[90m{"using":"xpath","value":"//android.widget.TextView[@text='Maybe later']"}&amp#27;[39m
[debug] &amp#27;[35m[W3C (dbeb26db)]&amp#27;[39m Calling AppiumDriver.findElement() with args: ["xpath","//android.widget.TextView[@text='Maybe later']","dbeb26db-cd3e-4699-a7a4-f9d109b655a2"]
[debug] &amp#27;[35m[BaseDriver]&amp#27;[39m Valid locator strategies for this request: xpath, id, class name, accessibility id, css selector, -android uiautomator
[debug] &amp#27;[35m[BaseDriver]&amp#27;[39m Waiting up to 15000 ms for condition
[debug] &amp#27;[35m[WD Proxy]&amp#27;[39m Matched '/element' to command name 'findElement'
[debug] &amp#27;[35m[WD Proxy]&amp#27;[39m Proxying [POST /element] to [POST http://127.0.0.1:8209/wd/hub/session/1c98a672-d9d0-461a-bb3a-f2e92b7b44d5/element] with body: {"strategy":"xpath","selector":"//android.widget.TextView[@text='Maybe later']","context":"","multiple":false}
[debug] &amp#27;[35m[WD Proxy]&amp#27;[39m Got response with status 200: {"sessionId":"1c98a672-d9d0-461a-bb3a-f2e92b7b44d5","value":{"ELEMENT":"00000000-0000-0216-ffff-ffff0000015d","element-6066-11e4-a52e-4f735466cecf":"00000000-0000-0216-ffff-ffff0000015d"}}
[debug] &amp#27;[35m[W3C (dbeb26db)]&amp#27;[39m Responding to client with driver.findElement() result: {"element-6066-11e4-a52e-4f735466cecf":"00000000-0000-0216-ffff-ffff0000015d","ELEMENT":"00000000-0000-0216-ffff-ffff0000015d"}
&amp#27;[35m[HTTP]&amp#27;[39m &amp#27;[37m<-- POST /wd/hub/session/dbeb26db-cd3e-4699-a7a4-f9d109b655a2/element &amp#27;[39m&amp#27;[32m200&amp#27;[39m &amp#27;[90m2237 ms - 137&amp#27;[39m
&amp#27;[35m[HTTP]&amp#27;[39m &amp#27;[90m&amp#27;[39m
&amp#27;[35m[HTTP]&amp#27;[39m &amp#27;[37m-->&amp#27;[39m &amp#27;[37mGET&amp#27;[39m &amp#27;[37m/wd/hub/session/dbeb26db-cd3e-4699-a7a4-f9d109b655a2/element/00000000-0000-0216-ffff-ffff0000015d/text&amp#27;[39m
&amp#27;[35m[HTTP]&amp#27;[39m &amp#27;[90m{}&amp#27;[39m
&amp#27;[35m[W3C (dbeb26db)]&amp#27;[39m Driver proxy active, passing request on via HTTP proxy
[debug] &amp#27;[35m[WD Proxy]&amp#27;[39m Matched '/wd/hub/session/dbeb26db-cd3e-4699-a7a4-f9d109b655a2/element/00000000-0000-0216-ffff-ffff0000015d/text' to command name 'getText'
[debug] &amp#27;[35m[WD Proxy]&amp#27;[39m Proxying [GET /wd/hub/session/dbeb26db-cd3e-4699-a7a4-f9d109b655a2/element/00000000-0000-0216-ffff-ffff0000015d/text] to [GET http://127.0.0.1:8209/wd/hub/session/1c98a672-d9d0-461a-bb3a-f2e92b7b44d5/element/00000000-0000-0216-ffff-ffff0000015d/text] with no body
[debug] &amp#27;[35m[WD Proxy]&amp#27;[39m Got response with status 200: {"sessionId":"1c98a672-d9d0-461a-bb3a-f2e92b7b44d5","value":"Maybe later"}
&amp#27;[35m[WD Proxy]&amp#27;[39m Replacing sessionId 1c98a672-d9d0-461a-bb3a-f2e92b7b44d5 with dbeb26db-cd3e-4699-a7a4-f9d109b655a2
&amp#27;[35m[HTTP]&amp#27;[39m &amp#27;[37m<-- GET /wd/hub/session/dbeb26db-cd3e-4699-a7a4-f9d109b655a2/element/00000000-0000-0216-ffff-ffff0000015d/text &amp#27;[39m&amp#27;[32m200&amp#27;[39m &amp#27;[90m177 ms - 74&amp#27;[39m
&amp#27;[35m[HTTP]&amp#27;[39m &amp#27;[90m&amp#27;[39m
&amp#27;[35m[HTTP]&amp#27;[39m &amp#27;[37m-->&amp#27;[39m &amp#27;[37mGET&amp#27;[39m &amp#27;[37m/wd/hub/session/dbeb26db-cd3e-4699-a7a4-f9d109b655a2/context&amp#27;[39m
&amp#27;[35m[HTTP]&amp#27;[39m &amp#27;[90m{}&amp#27;[39m
[debug] &amp#27;[35m[W3C (dbeb26db)]&amp#27;[39m Calling AppiumDriver.getCurrentContext() with args: ["dbeb26db-cd3e-4699-a7a4-f9d109b655a2"]
[debug] &amp#27;[35m[W3C (dbeb26db)]&amp#27;[39m Responding to client with driver.getCurrentContext() result: "NATIVE_APP"
&amp#27;[35m[HTTP]&amp#27;[39m &amp#27;[37m<-- GET /wd/hub/session/dbeb26db-cd3e-4699-a7a4-f9d109b655a2/context &amp#27;[39m&amp#27;[32m200&amp#27;[39m &amp#27;[90m1 ms - 22&amp#27;[39m
&amp#27;[35m[HTTP]&amp#27;[39m &amp#27;[90m&amp#27;[39m
&amp#27;[35m[HTTP]&amp#27;[39m &amp#27;[37m-->&amp#27;[39m &amp#27;[37mPOST&amp#27;[39m &amp#27;[37m/wd/hub/session/dbeb26db-cd3e-4699-a7a4-f9d109b655a2/element&amp#27;[39m
&amp#27;[35m[HTTP]&amp#27;[39m &amp#27;[90m{"using":"xpath","value":"//android.widget.TextView[@text='Sign in with Google']"}&amp#27;[39m
[debug] &amp#27;[35m[W3C (dbeb26db)]&amp#27;[39m Calling AppiumDriver.findElement() with args: ["xpath","//android.widget.TextView[@text='Sign in with Google']","dbeb26db-cd3e-4699-a7a4-f9d109b655a2"]
[debug] &amp#27;[35m[BaseDriver]&amp#27;[39m Valid locator strategies for this request: xpath, id, class name, accessibility id, css selector, -android uiautomator
[debug] &amp#27;[35m[BaseDriver]&amp#27;[39m Waiting up to 15000 ms for condition
[debug] &amp#27;[35m[WD Proxy]&amp#27;[39m Matched '/element' to command name 'findElement'
[debug] &amp#27;[35m[WD Proxy]&amp#27;[39m Proxying [POST /element] to [POST http://127.0.0.1:8209/wd/hub/session/1c98a672-d9d0-461a-bb3a-f2e92b7b44d5/element] with body: {"strategy":"xpath","selector":"//android.widget.TextView[@text='Sign in with Google']","context":"","multiple":false}
[debug] &amp#27;[35m[WD Proxy]&amp#27;[39m Got response with status 200: {"sessionId":"1c98a672-d9d0-461a-bb3a-f2e92b7b44d5","value":{"ELEMENT":"00000000-0000-0216-ffff-ffff00000149","element-6066-11e4-a52e-4f735466cecf":"00000000-0000-0216-ffff-ffff00000149"}}
[debug] &amp#27;[35m[W3C (dbeb26db)]&amp#27;[39m Responding to client with driver.findElement() result: {"element-6066-11e4-a52e-4f735466cecf":"00000000-0000-0216-ffff-ffff00000149","ELEMENT":"00000000-0000-0216-ffff-ffff00000149"}
&amp#27;[35m[HTTP]&amp#27;[39m &amp#27;[37m<-- POST /wd/hub/session/dbeb26db-cd3e-4699-a7a4-f9d109b655a2/element &amp#27;[39m&amp#27;[32m200&amp#27;[39m &amp#27;[90m1386 ms - 137&amp#27;[39m
&amp#27;[35m[HTTP]&amp#27;[39m &amp#27;[90m&amp#27;[39m
&amp#27;[35m[HTTP]&amp#27;[39m &amp#27;[37m-->&amp#27;[39m &amp#27;[37mPOST&amp#27;[39m &amp#27;[37m/wd/hub/session/dbeb26db-cd3e-4699-a7a4-f9d109b655a2/element/00000000-0000-0216-ffff-ffff00000149/click&amp#27;[39m
&amp#27;[35m[HTTP]&amp#27;[39m &amp#27;[90m{"id":"00000000-0000-0216-ffff-ffff00000149"}&amp#27;[39m
[debug] &amp#27;[35m[W3C (dbeb26db)]&amp#27;[39m Calling AppiumDriver.click() with args: ["00000000-0000-0216-ffff-ffff00000149","dbeb26db-cd3e-4699-a7a4-f9d109b655a2"]
[debug] &amp#27;[35m[WD Proxy]&amp#27;[39m Matched '/element/00000000-0000-0216-ffff-ffff00000149/click' to command name 'click'
[debug] &amp#27;[35m[WD Proxy]&amp#27;[39m Proxying [POST /element/00000000-0000-0216-ffff-ffff00000149/click] to [POST http://127.0.0.1:8209/wd/hub/session/1c98a672-d9d0-461a-bb3a-f2e92b7b44d5/element/00000000-0000-0216-ffff-ffff00000149/click] with body: {"element":"00000000-0000-0216-ffff-ffff00000149"}
[debug] &amp#27;[35m[WD Proxy]&amp#27;[39m Got response with status 200: {"sessionId":"1c98a672-d9d0-461a-bb3a-f2e92b7b44d5","value":null}
[debug] &amp#27;[35m[W3C (dbeb26db)]&amp#27;[39m Responding to client with driver.click() result: null
&amp#27;[35m[HTTP]&amp#27;[39m &amp#27;[37m<-- POST /wd/hub/session/dbeb26db-cd3e-4699-a7a4-f9d109b655a2/element/00000000-0000-0216-ffff-ffff00000149/click &amp#27;[39m&amp#27;[32m200&amp#27;[39m &amp#27;[90m338 ms - 14&amp#27;[39m
&amp#27;[35m[HTTP]&amp#27;[39m &amp#27;[90m&amp#27;[39m
&amp#27;[35m[HTTP]&amp#27;[39m &amp#27;[37m-->&amp#27;[39m &amp#27;[37mPOST&amp#27;[39m &amp#27;[37m/wd/hub/session/dbeb26db-cd3e-4699-a7a4-f9d109b655a2/appium/device/press_keycode&amp#27;[39m
&amp#27;[35m[HTTP]&amp#27;[39m &amp#27;[90m{"keycode":4}&amp#27;[39m
[debug] &amp#27;[35m[W3C (dbeb26db)]&amp#27;[39m Calling AppiumDriver.pressKeyCode() with args: [4,null,null,null,null,"dbeb26db-cd3e-4699-a7a4-f9d109b655a2"]
[debug] &amp#27;[35m[WD Proxy]&amp#27;[39m Matched '/appium/device/press_keycode' to command name 'pressKeyCode'
[debug] &amp#27;[35m[WD Proxy]&amp#27;[39m Proxying [POST /appium/device/press_keycode] to [POST http://127.0.0.1:8209/wd/hub/session/1c98a672-d9d0-461a-bb3a-f2e92b7b44d5/appium/device/press_keycode] with body: {"keycode":4,"metastate":null,"flags":null}
[debug] &amp#27;[35m[WD Proxy]&amp#27;[39m Got response with status 200: {"sessionId":"1c98a672-d9d0-461a-bb3a-f2e92b7b44d5","value":null}
[debug] &amp#27;[35m[W3C (dbeb26db)]&amp#27;[39m Responding to client with driver.pressKeyCode() result: null
&amp#27;[35m[HTTP]&amp#27;[39m &amp#27;[37m<-- POST /wd/hub/session/dbeb26db-cd3e-4699-a7a4-f9d109b655a2/appium/device/press_keycode &amp#27;[39m&amp#27;[32m200&amp#27;[39m &amp#27;[90m1573 ms - 14&amp#27;[39m
&amp#27;[35m[HTTP]&amp#27;[39m &amp#27;[90m&amp#27;[39m
&amp#27;[35m[HTTP]&amp#27;[39m &amp#27;[37m-->&amp#27;[39m &amp#27;[37mPOST&amp#27;[39m &amp#27;[37m/wd/hub/session/dbeb26db-cd3e-4699-a7a4-f9d109b655a2/timeouts&amp#27;[39m
&amp#27;[35m[HTTP]&amp#27;[39m &amp#27;[90m{"implicit":15000}&amp#27;[39m
[debug] &amp#27;[35m[W3C (dbeb26db)]&amp#27;[39m Calling AppiumDriver.timeouts() with args: [null,null,null,null,15000,"dbeb26db-cd3e-4699-a7a4-f9d109b655a2"]
[debug] &amp#27;[35m[BaseDriver]&amp#27;[39m W3C timeout argument: {"implicit":15000}}
[debug] &amp#27;[35m[BaseDriver]&amp#27;[39m Set implicit wait to 15000ms
[debug] &amp#27;[35m[W3C (dbeb26db)]&amp#27;[39m Responding to client with driver.timeouts() result: null
&amp#27;[35m[HTTP]&amp#27;[39m &amp#27;[37m<-- POST /wd/hub/session/dbeb26db-cd3e-4699-a7a4-f9d109b655a2/timeouts &amp#27;[39m&amp#27;[32m200&amp#27;[39m &amp#27;[90m1 ms - 14&amp#27;[39m
&amp#27;[35m[HTTP]&amp#27;[39m &amp#27;[90m&amp#27;[39m
&amp#27;[35m[HTTP]&amp#27;[39m &amp#27;[37m-->&amp#27;[39m &amp#27;[37mPOST&amp#27;[39m &amp#27;[37m/wd/hub/session/dbeb26db-cd3e-4699-a7a4-f9d109b655a2/element&amp#27;[39m
&amp#27;[35m[HTTP]&amp#27;[39m &amp#27;[90m{"using":"id","value":"android:id/button1"}&amp#27;[39m
[debug] &amp#27;[35m[W3C (dbeb26db)]&amp#27;[39m Calling AppiumDriver.findElement() with args: ["id","android:id/button1","dbeb26db-cd3e-4699-a7a4-f9d109b655a2"]
[debug] &amp#27;[35m[BaseDriver]&amp#27;[39m Valid locator strategies for this request: xpath, id, class name, accessibility id, css selector, -android uiautomator
[debug] &amp#27;[35m[BaseDriver]&amp#27;[39m Waiting up to 15000 ms for condition
[debug] &amp#27;[35m[WD Proxy]&amp#27;[39m Matched '/element' to command name 'findElement'
[debug] &amp#27;[35m[WD Proxy]&amp#27;[39m Proxying [POST /element] to [POST http://127.0.0.1:8209/wd/hub/session/1c98a672-d9d0-461a-bb3a-f2e92b7b44d5/element] with body: {"strategy":"id","selector":"android:id/button1","context":"","multiple":false}
&amp#27;[35m[WD Proxy]&amp#27;[39m Got response with status 404: {"sessionId":"1c98a672-d9d0-461a-bb3a-f2e92b7b44d5","value":{"error":"no such element","message":"An element could not be located on the page using the given search parameters","stacktrace":"io.appium.uiautomator2.common.exceptions.ElementNotFoundException: An element could not be located on the page using the given search parameters\n\tat io.appium.uiautomator2.handler.FindElement.safeHandle(FindElement.java:70)\n\tat io.appium.uiautomator2.handler.request.SafeRequestHandler.handle(SafeRequestHandler.java:59)\n\tat io.appium.uiautomator2.server.AppiumServlet.handleRequest(AppiumServlet.java:266)\n\tat io.appium.uiautomator2.server.AppiumServlet.handleHttpRequest(AppiumServlet.java:260)\n\tat io.appium.uiautomator2.http.ServerHandler.channelRead(ServerHandler.java:68)\n\tat io.netty.channel.AbstractChannelHandlerContext.invokeChannelRead(AbstractChannelHandlerContext.java:366)\n\tat io.netty.channel.AbstractChannelHandlerContext.invokeChannelRead(AbstractChannelHandlerContext.java:352)\n\tat io.netty.chann...
[debug] &amp#27;[35m[W3C]&amp#27;[39m Matched W3C error code 'no such element' to NoSuchElementError
[debug] &amp#27;[35m[BaseDriver]&amp#27;[39m Waited for 2266 ms so far
[debug] &amp#27;[35m[WD Proxy]&amp#27;[39m Matched '/element' to command name 'findElement'
[debug] &amp#27;[35m[WD Proxy]&amp#27;[39m Proxying [POST /element] to [POST http://127.0.0.1:8209/wd/hub/session/1c98a672-d9d0-461a-bb3a-f2e92b7b44d5/element] with body: {"strategy":"id","selector":"android:id/button1","context":"","multiple":false}
[debug] &amp#27;[35m[WD Proxy]&amp#27;[39m Got response with status 200: {"sessionId":"1c98a672-d9d0-461a-bb3a-f2e92b7b44d5","value":{"ELEMENT":"00000000-0000-021f-ffff-ffff000001f2","element-6066-11e4-a52e-4f735466cecf":"00000000-0000-021f-ffff-ffff000001f2"}}
[debug] &amp#27;[35m[W3C (dbeb26db)]&amp#27;[39m Responding to client with driver.findElement() result: {"element-6066-11e4-a52e-4f735466cecf":"00000000-0000-021f-ffff-ffff000001f2","ELEMENT":"00000000-0000-021f-ffff-ffff000001f2"}
&amp#27;[35m[HTTP]&amp#27;[39m &amp#27;[37m<-- POST /wd/hub/session/dbeb26db-cd3e-4699-a7a4-f9d109b655a2/element &amp#27;[39m&amp#27;[32m200&amp#27;[39m &amp#27;[90m3551 ms - 137&amp#27;[39m
&amp#27;[35m[HTTP]&amp#27;[39m &amp#27;[90m&amp#27;[39m
&amp#27;[35m[HTTP]&amp#27;[39m &amp#27;[37m-->&amp#27;[39m &amp#27;[37mPOST&amp#27;[39m &amp#27;[37m/wd/hub/session/dbeb26db-cd3e-4699-a7a4-f9d109b655a2/element/00000000-0000-021f-ffff-ffff000001f2/click&amp#27;[39m
&amp#27;[35m[HTTP]&amp#27;[39m &amp#27;[90m{"id":"00000000-0000-021f-ffff-ffff000001f2"}&amp#27;[39m
[debug] &amp#27;[35m[W3C (dbeb26db)]&amp#27;[39m Calling AppiumDriver.click() with args: ["00000000-0000-021f-ffff-ffff000001f2","dbeb26db-cd3e-4699-a7a4-f9d109b655a2"]
[debug] &amp#27;[35m[WD Proxy]&amp#27;[39m Matched '/element/00000000-0000-021f-ffff-ffff000001f2/click' to command name 'click'
[debug] &amp#27;[35m[WD Proxy]&amp#27;[39m Proxying [POST /element/00000000-0000-021f-ffff-ffff000001f2/click] to [POST http://127.0.0.1:8209/wd/hub/session/1c98a672-d9d0-461a-bb3a-f2e92b7b44d5/element/00000000-0000-021f-ffff-ffff000001f2/click] with body: {"element":"00000000-0000-021f-ffff-ffff000001f2"}
[debug] &amp#27;[35m[WD Proxy]&amp#27;[39m Got response with status 200: {"sessionId":"1c98a672-d9d0-461a-bb3a-f2e92b7b44d5","value":null}
[debug] &amp#27;[35m[W3C (dbeb26db)]&amp#27;[39m Responding to client with driver.click() result: null
&amp#27;[35m[HTTP]&amp#27;[39m &amp#27;[37m<-- POST /wd/hub/session/dbeb26db-cd3e-4699-a7a4-f9d109b655a2/element/00000000-0000-021f-ffff-ffff000001f2/click &amp#27;[39m&amp#27;[32m200&amp#27;[39m &amp#27;[90m487 ms - 14&amp#27;[39m
&amp#27;[35m[HTTP]&amp#27;[39m &amp#27;[90m&amp#27;[39m
&amp#27;[35m[HTTP]&amp#27;[39m &amp#27;[37m-->&amp#27;[39m &amp#27;[37mGET&amp#27;[39m &amp#27;[37m/wd/hub/session/dbeb26db-cd3e-4699-a7a4-f9d109b655a2/context&amp#27;[39m
&amp#27;[35m[HTTP]&amp#27;[39m &amp#27;[90m{}&amp#27;[39m
[debug] &amp#27;[35m[W3C (dbeb26db)]&amp#27;[39m Calling AppiumDriver.getCurrentContext() with args: ["dbeb26db-cd3e-4699-a7a4-f9d109b655a2"]
[debug] &amp#27;[35m[W3C (dbeb26db)]&amp#27;[39m Responding to client with driver.getCurrentContext() result: "NATIVE_APP"
&amp#27;[35m[HTTP]&amp#27;[39m &amp#27;[37m<-- GET /wd/hub/session/dbeb26db-cd3e-4699-a7a4-f9d109b655a2/context &amp#27;[39m&amp#27;[32m200&amp#27;[39m &amp#27;[90m1 ms - 22&amp#27;[39m
&amp#27;[35m[HTTP]&amp#27;[39m &amp#27;[90m&amp#27;[39m
&amp#27;[35m[HTTP]&amp#27;[39m &amp#27;[37m-->&amp#27;[39m &amp#27;[37mPOST&amp#27;[39m &amp#27;[37m/wd/hub/session/dbeb26db-cd3e-4699-a7a4-f9d109b655a2/element&amp#27;[39m
&amp#27;[35m[HTTP]&amp#27;[39m &amp#27;[90m{"using":"xpath","value":"//android.widget.TextView[@text='Sign in with Facebook']"}&amp#27;[39m
[debug] &amp#27;[35m[W3C (dbeb26db)]&amp#27;[39m Calling AppiumDriver.findElement() with args: ["xpath","//android.widget.TextView[@text='Sign in with Facebook']","dbeb26db-cd3e-4699-a7a4-f9d109b655a2"]
[debug] &amp#27;[35m[BaseDriver]&amp#27;[39m Valid locator strategies for this request: xpath, id, class name, accessibility id, css selector, -android uiautomator
[debug] &amp#27;[35m[BaseDriver]&amp#27;[39m Waiting up to 15000 ms for condition
[debug] &amp#27;[35m[WD Proxy]&amp#27;[39m Matched '/element' to command name 'findElement'
[debug] &amp#27;[35m[WD Proxy]&amp#27;[39m Proxying [POST /element] to [POST http://127.0.0.1:8209/wd/hub/session/1c98a672-d9d0-461a-bb3a-f2e92b7b44d5/element] with body: {"strategy":"xpath","selector":"//android.widget.TextView[@text='Sign in with Facebook']","context":"","multiple":false}
&amp#27;[35m[WD Proxy]&amp#27;[39m Got response with status 404: {"sessionId":"1c98a672-d9d0-461a-bb3a-f2e92b7b44d5","value":{"error":"no such element","message":"An element could not be located on the page using the given search parameters","stacktrace":"io.appium.uiautomator2.common.exceptions.ElementNotFoundException: An element could not be located on the page using the given search parameters\n\tat io.appium.uiautomator2.handler.FindElement.findElement(FindElement.java:90)\n\tat io.appium.uiautomator2.handler.FindElement.safeHandle(FindElement.java:67)\n\tat io.appium.uiautomator2.handler.request.SafeRequestHandler.handle(SafeRequestHandler.java:59)\n\tat io.appium.uiautomator2.server.AppiumServlet.handleRequest(AppiumServlet.java:266)\n\tat io.appium.uiautomator2.server.AppiumServlet.handleHttpRequest(AppiumServlet.java:260)\n\tat io.appium.uiautomator2.http.ServerHandler.channelRead(ServerHandler.java:68)\n\tat io.netty.channel.AbstractChannelHandlerContext.invokeChannelRead(AbstractChannelHandlerContext.java:366)\n\tat io.netty.channel.AbstractChannelHandlerCont...
[debug] &amp#27;[35m[W3C]&amp#27;[39m Matched W3C error code 'no such element' to NoSuchElementError
[debug] &amp#27;[35m[BaseDriver]&amp#27;[39m Waited for 385 ms so far
[debug] &amp#27;[35m[WD Proxy]&amp#27;[39m Matched '/element' to command name 'findElement'
[debug] &amp#27;[35m[WD Proxy]&amp#27;[39m Proxying [POST /element] to [POST http://127.0.0.1:8209/wd/hub/session/1c98a672-d9d0-461a-bb3a-f2e92b7b44d5/element] with body: {"strategy":"xpath","selector":"//android.widget.TextView[@text='Sign in with Facebook']","context":"","multiple":false}
[debug] &amp#27;[35m[WD Proxy]&amp#27;[39m Got response with status 200: {"sessionId":"1c98a672-d9d0-461a-bb3a-f2e92b7b44d5","value":{"ELEMENT":"00000000-0000-0216-ffff-ffff000001d0","element-6066-11e4-a52e-4f735466cecf":"00000000-0000-0216-ffff-ffff000001d0"}}
[debug] &amp#27;[35m[W3C (dbeb26db)]&amp#27;[39m Responding to client with driver.findElement() result: {"element-6066-11e4-a52e-4f735466cecf":"00000000-0000-0216-ffff-ffff000001d0","ELEMENT":"00000000-0000-0216-ffff-ffff000001d0"}
&amp#27;[35m[HTTP]&amp#27;[39m &amp#27;[37m<-- POST /wd/hub/session/dbeb26db-cd3e-4699-a7a4-f9d109b655a2/element &amp#27;[39m&amp#27;[32m200&amp#27;[39m &amp#27;[90m1849 ms - 137&amp#27;[39m
&amp#27;[35m[HTTP]&amp#27;[39m &amp#27;[90m&amp#27;[39m
&amp#27;[35m[HTTP]&amp#27;[39m &amp#27;[37m-->&amp#27;[39m &amp#27;[37mPOST&amp#27;[39m &amp#27;[37m/wd/hub/session/dbeb26db-cd3e-4699-a7a4-f9d109b655a2/element/00000000-0000-0216-ffff-ffff000001d0/click&amp#27;[39m
&amp#27;[35m[HTTP]&amp#27;[39m &amp#27;[90m{"id":"00000000-0000-0216-ffff-ffff000001d0"}&amp#27;[39m
[debug] &amp#27;[35m[W3C (dbeb26db)]&amp#27;[39m Calling AppiumDriver.click() with args: ["00000000-0000-0216-ffff-ffff000001d0","dbeb26db-cd3e-4699-a7a4-f9d109b655a2"]
[debug] &amp#27;[35m[WD Proxy]&amp#27;[39m Matched '/element/00000000-0000-0216-ffff-ffff000001d0/click' to command name 'click'
[debug] &amp#27;[35m[WD Proxy]&amp#27;[39m Proxying [POST /element/00000000-0000-0216-ffff-ffff000001d0/click] to [POST http://127.0.0.1:8209/wd/hub/session/1c98a672-d9d0-461a-bb3a-f2e92b7b44d5/element/00000000-0000-0216-ffff-ffff000001d0/click] with body: {"element":"00000000-0000-0216-ffff-ffff000001d0"}
[debug] &amp#27;[35m[WD Proxy]&amp#27;[39m Got response with status 200: {"sessionId":"1c98a672-d9d0-461a-bb3a-f2e92b7b44d5","value":null}
[debug] &amp#27;[35m[W3C (dbeb26db)]&amp#27;[39m Responding to client with driver.click() result: null
&amp#27;[35m[HTTP]&amp#27;[39m &amp#27;[37m<-- POST /wd/hub/session/dbeb26db-cd3e-4699-a7a4-f9d109b655a2/element/00000000-0000-0216-ffff-ffff000001d0/click &amp#27;[39m&amp#27;[32m200&amp#27;[39m &amp#27;[90m379 ms - 14&amp#27;[39m
&amp#27;[35m[HTTP]&amp#27;[39m &amp#27;[90m&amp#27;[39m
&amp#27;[35m[HTTP]&amp#27;[39m &amp#27;[37m-->&amp#27;[39m &amp#27;[37mPOST&amp#27;[39m &amp#27;[37m/wd/hub/session/dbeb26db-cd3e-4699-a7a4-f9d109b655a2/appium/device/press_keycode&amp#27;[39m
&amp#27;[35m[HTTP]&amp#27;[39m &amp#27;[90m{"keycode":4}&amp#27;[39m
[debug] &amp#27;[35m[W3C (dbeb26db)]&amp#27;[39m Calling AppiumDriver.pressKeyCode() with args: [4,null,null,null,null,"dbeb26db-cd3e-4699-a7a4-f9d109b655a2"]
[debug] &amp#27;[35m[WD Proxy]&amp#27;[39m Matched '/appium/device/press_keycode' to command name 'pressKeyCode'
[debug] &amp#27;[35m[WD Proxy]&amp#27;[39m Proxying [POST /appium/device/press_keycode] to [POST http://127.0.0.1:8209/wd/hub/session/1c98a672-d9d0-461a-bb3a-f2e92b7b44d5/appium/device/press_keycode] with body: {"keycode":4,"metastate":null,"flags":null}
[debug] &amp#27;[35m[WD Proxy]&amp#27;[39m Got response with status 200: {"sessionId":"1c98a672-d9d0-461a-bb3a-f2e92b7b44d5","value":null}
[debug] &amp#27;[35m[W3C (dbeb26db)]&amp#27;[39m Responding to client with driver.pressKeyCode() result: null
&amp#27;[35m[HTTP]&amp#27;[39m &amp#27;[37m<-- POST /wd/hub/session/dbeb26db-cd3e-4699-a7a4-f9d109b655a2/appium/device/press_keycode &amp#27;[39m&amp#27;[32m200&amp#27;[39m &amp#27;[90m1022 ms - 14&amp#27;[39m
&amp#27;[35m[HTTP]&amp#27;[39m &amp#27;[90m&amp#27;[39m
&amp#27;[35m[HTTP]&amp#27;[39m &amp#27;[37m-->&amp#27;[39m &amp#27;[37mGET&amp#27;[39m &amp#27;[37m/wd/hub/session/dbeb26db-cd3e-4699-a7a4-f9d109b655a2/context&amp#27;[39m
&amp#27;[35m[HTTP]&amp#27;[39m &amp#27;[90m{}&amp#27;[39m
[debug] &amp#27;[35m[W3C (dbeb26db)]&amp#27;[39m Calling AppiumDriver.getCurrentContext() with args: ["dbeb26db-cd3e-4699-a7a4-f9d109b655a2"]
[debug] &amp#27;[35m[W3C (dbeb26db)]&amp#27;[39m Responding to client with driver.getCurrentContext() result: "NATIVE_APP"
&amp#27;[35m[HTTP]&amp#27;[39m &amp#27;[37m<-- GET /wd/hub/session/dbeb26db-cd3e-4699-a7a4-f9d109b655a2/context &amp#27;[39m&amp#27;[32m200&amp#27;[39m &amp#27;[90m1 ms - 22&amp#27;[39m
&amp#27;[35m[HTTP]&amp#27;[39m &amp#27;[90m&amp#27;[39m
&amp#27;[35m[HTTP]&amp#27;[39m &amp#27;[37m-->&amp#27;[39m &amp#27;[37mPOST&amp#27;[39m &amp#27;[37m/wd/hub/session/dbeb26db-cd3e-4699-a7a4-f9d109b655a2/element&amp#27;[39m
&amp#27;[35m[HTTP]&amp#27;[39m &amp#27;[90m{"using":"xpath","value":"//android.widget.TextView[@text='Sign in with Email']"}&amp#27;[39m
[debug] &amp#27;[35m[W3C (dbeb26db)]&amp#27;[39m Calling AppiumDriver.findElement() with args: ["xpath","//android.widget.TextView[@text='Sign in with Email']","dbeb26db-cd3e-4699-a7a4-f9d109b655a2"]
[debug] &amp#27;[35m[BaseDriver]&amp#27;[39m Valid locator strategies for this request: xpath, id, class name, accessibility id, css selector, -android uiautomator
[debug] &amp#27;[35m[BaseDriver]&amp#27;[39m Waiting up to 15000 ms for condition
[debug] &amp#27;[35m[WD Proxy]&amp#27;[39m Matched '/element' to command name 'findElement'
[debug] &amp#27;[35m[WD Proxy]&amp#27;[39m Proxying [POST /element] to [POST http://127.0.0.1:8209/wd/hub/session/1c98a672-d9d0-461a-bb3a-f2e92b7b44d5/element] with body: {"strategy":"xpath","selector":"//android.widget.TextView[@text='Sign in with Email']","context":"","multiple":false}
[debug] &amp#27;[35m[WD Proxy]&amp#27;[39m Got response with status 200: {"sessionId":"1c98a672-d9d0-461a-bb3a-f2e92b7b44d5","value":{"ELEMENT":"00000000-0000-0216-ffff-ffff0000026e","element-6066-11e4-a52e-4f735466cecf":"00000000-0000-0216-ffff-ffff0000026e"}}
[debug] &amp#27;[35m[W3C (dbeb26db)]&amp#27;[39m Responding to client with driver.findElement() result: {"element-6066-11e4-a52e-4f735466cecf":"00000000-0000-0216-ffff-ffff0000026e","ELEMENT":"00000000-0000-0216-ffff-ffff0000026e"}
&amp#27;[35m[HTTP]&amp#27;[39m &amp#27;[37m<-- POST /wd/hub/session/dbeb26db-cd3e-4699-a7a4-f9d109b655a2/element &amp#27;[39m&amp#27;[32m200&amp#27;[39m &amp#27;[90m1422 ms - 137&amp#27;[39m
&amp#27;[35m[HTTP]&amp#27;[39m &amp#27;[90m&amp#27;[39m
&amp#27;[35m[HTTP]&amp#27;[39m &amp#27;[37m-->&amp#27;[39m &amp#27;[37mPOST&amp#27;[39m &amp#27;[37m/wd/hub/session/dbeb26db-cd3e-4699-a7a4-f9d109b655a2/element/00000000-0000-0216-ffff-ffff0000026e/click&amp#27;[39m
&amp#27;[35m[HTTP]&amp#27;[39m &amp#27;[90m{"id":"00000000-0000-0216-ffff-ffff0000026e"}&amp#27;[39m
[debug] &amp#27;[35m[W3C (dbeb26db)]&amp#27;[39m Calling AppiumDriver.click() with args: ["00000000-0000-0216-ffff-ffff0000026e","dbeb26db-cd3e-4699-a7a4-f9d109b655a2"]
[debug] &amp#27;[35m[WD Proxy]&amp#27;[39m Matched '/element/00000000-0000-0216-ffff-ffff0000026e/click' to command name 'click'
[debug] &amp#27;[35m[WD Proxy]&amp#27;[39m Proxying [POST /element/00000000-0000-0216-ffff-ffff0000026e/click] to [POST http://127.0.0.1:8209/wd/hub/session/1c98a672-d9d0-461a-bb3a-f2e92b7b44d5/element/00000000-0000-0216-ffff-ffff0000026e/click] with body: {"element":"00000000-0000-0216-ffff-ffff0000026e"}
[debug] &amp#27;[35m[WD Proxy]&amp#27;[39m Got response with status 200: {"sessionId":"1c98a672-d9d0-461a-bb3a-f2e92b7b44d5","value":null}
[debug] &amp#27;[35m[W3C (dbeb26db)]&amp#27;[39m Responding to client with driver.click() result: null
&amp#27;[35m[HTTP]&amp#27;[39m &amp#27;[37m<-- POST /wd/hub/session/dbeb26db-cd3e-4699-a7a4-f9d109b655a2/element/00000000-0000-0216-ffff-ffff0000026e/click &amp#27;[39m&amp#27;[32m200&amp#27;[39m &amp#27;[90m359 ms - 14&amp#27;[39m
&amp#27;[35m[HTTP]&amp#27;[39m &amp#27;[90m&amp#27;[39m
&amp#27;[35m[HTTP]&amp#27;[39m &amp#27;[37m-->&amp#27;[39m &amp#27;[37mPOST&amp#27;[39m &amp#27;[37m/wd/hub/session/dbeb26db-cd3e-4699-a7a4-f9d109b655a2/appium/device/press_keycode&amp#27;[39m
&amp#27;[35m[HTTP]&amp#27;[39m &amp#27;[90m{"keycode":4}&amp#27;[39m
[debug] &amp#27;[35m[W3C (dbeb26db)]&amp#27;[39m Calling AppiumDriver.pressKeyCode() with args: [4,null,null,null,null,"dbeb26db-cd3e-4699-a7a4-f9d109b655a2"]
[debug] &amp#27;[35m[WD Proxy]&amp#27;[39m Matched '/appium/device/press_keycode' to command name 'pressKeyCode'
[debug] &amp#27;[35m[WD Proxy]&amp#27;[39m Proxying [POST /appium/device/press_keycode] to [POST http://127.0.0.1:8209/wd/hub/session/1c98a672-d9d0-461a-bb3a-f2e92b7b44d5/appium/device/press_keycode] with body: {"keycode":4,"metastate":null,"flags":null}
[debug] &amp#27;[35m[WD Proxy]&amp#27;[39m Got response with status 200: {"sessionId":"1c98a672-d9d0-461a-bb3a-f2e92b7b44d5","value":null}
[debug] &amp#27;[35m[W3C (dbeb26db)]&amp#27;[39m Responding to client with driver.pressKeyCode() result: null
&amp#27;[35m[HTTP]&amp#27;[39m &amp#27;[37m<-- POST /wd/hub/session/dbeb26db-cd3e-4699-a7a4-f9d109b655a2/appium/device/press_keycode &amp#27;[39m&amp#27;[32m200&amp#27;[39m &amp#27;[90m87 ms - 14&amp#27;[39m
&amp#27;[35m[HTTP]&amp#27;[39m &amp#27;[90m&amp#27;[39m
&amp#27;[35m[HTTP]&amp#27;[39m &amp#27;[37m-->&amp#27;[39m &amp#27;[37mGET&amp#27;[39m &amp#27;[37m/wd/hub/session/dbeb26db-cd3e-4699-a7a4-f9d109b655a2/context&amp#27;[39m
&amp#27;[35m[HTTP]&amp#27;[39m &amp#27;[90m{}&amp#27;[39m
[debug] &amp#27;[35m[W3C (dbeb26db)]&amp#27;[39m Calling AppiumDriver.getCurrentContext() with args: ["dbeb26db-cd3e-4699-a7a4-f9d109b655a2"]
[debug] &amp#27;[35m[W3C (dbeb26db)]&amp#27;[39m Responding to client with driver.getCurrentContext() result: "NATIVE_APP"
&amp#27;[35m[HTTP]&amp#27;[39m &amp#27;[37m<-- GET /wd/hub/session/dbeb26db-cd3e-4699-a7a4-f9d109b655a2/context &amp#27;[39m&amp#27;[32m200&amp#27;[39m &amp#27;[90m1 ms - 22&amp#27;[39m
&amp#27;[35m[HTTP]&amp#27;[39m &amp#27;[90m&amp#27;[39m
&amp#27;[35m[HTTP]&amp#27;[39m &amp#27;[37m-->&amp#27;[39m &amp#27;[37mPOST&amp#27;[39m &amp#27;[37m/wd/hub/session/dbeb26db-cd3e-4699-a7a4-f9d109b655a2/element&amp#27;[39m
&amp#27;[35m[HTTP]&amp#27;[39m &amp#27;[90m{"using":"xpath","value":"//android.widget.TextView[@text='Maybe later']"}&amp#27;[39m
[debug] &amp#27;[35m[W3C (dbeb26db)]&amp#27;[39m Calling AppiumDriver.findElement() with args: ["xpath","//android.widget.TextView[@text='Maybe later']","dbeb26db-cd3e-4699-a7a4-f9d109b655a2"]
[debug] &amp#27;[35m[BaseDriver]&amp#27;[39m Valid locator strategies for this request: xpath, id, class name, accessibility id, css selector, -android uiautomator
[debug] &amp#27;[35m[BaseDriver]&amp#27;[39m Waiting up to 15000 ms for condition
[debug] &amp#27;[35m[WD Proxy]&amp#27;[39m Matched '/element' to command name 'findElement'
[debug] &amp#27;[35m[WD Proxy]&amp#27;[39m Proxying [POST /element] to [POST http://127.0.0.1:8209/wd/hub/session/1c98a672-d9d0-461a-bb3a-f2e92b7b44d5/element] with body: {"strategy":"xpath","selector":"//android.widget.TextView[@text='Maybe later']","context":"","multiple":false}
[debug] &amp#27;[35m[WD Proxy]&amp#27;[39m Got response with status 200: {"sessionId":"1c98a672-d9d0-461a-bb3a-f2e92b7b44d5","value":{"ELEMENT":"00000000-0000-0216-ffff-ffff00000272","element-6066-11e4-a52e-4f735466cecf":"00000000-0000-0216-ffff-ffff00000272"}}
[debug] &amp#27;[35m[W3C (dbeb26db)]&amp#27;[39m Responding to client with driver.findElement() result: {"element-6066-11e4-a52e-4f735466cecf":"00000000-0000-0216-ffff-ffff00000272","ELEMENT":"00000000-0000-0216-ffff-ffff00000272"}
&amp#27;[35m[HTTP]&amp#27;[39m &amp#27;[37m<-- POST /wd/hub/session/dbeb26db-cd3e-4699-a7a4-f9d109b655a2/element &amp#27;[39m&amp#27;[32m200&amp#27;[39m &amp#27;[90m2252 ms - 137&amp#27;[39m
&amp#27;[35m[HTTP]&amp#27;[39m &amp#27;[90m&amp#27;[39m
&amp#27;[35m[HTTP]&amp#27;[39m &amp#27;[37m-->&amp#27;[39m &amp#27;[37mPOST&amp#27;[39m &amp#27;[37m/wd/hub/session/dbeb26db-cd3e-4699-a7a4-f9d109b655a2/element/00000000-0000-0216-ffff-ffff00000272/click&amp#27;[39m
&amp#27;[35m[HTTP]&amp#27;[39m &amp#27;[90m{"id":"00000000-0000-0216-ffff-ffff00000272"}&amp#27;[39m
[debug] &amp#27;[35m[W3C (dbeb26db)]&amp#27;[39m Calling AppiumDriver.click() with args: ["00000000-0000-0216-ffff-ffff00000272","dbeb26db-cd3e-4699-a7a4-f9d109b655a2"]
[debug] &amp#27;[35m[WD Proxy]&amp#27;[39m Matched '/element/00000000-0000-0216-ffff-ffff00000272/click' to command name 'click'
[debug] &amp#27;[35m[WD Proxy]&amp#27;[39m Proxying [POST /element/00000000-0000-0216-ffff-ffff00000272/click] to [POST http://127.0.0.1:8209/wd/hub/session/1c98a672-d9d0-461a-bb3a-f2e92b7b44d5/element/00000000-0000-0216-ffff-ffff00000272/click] with body: {"element":"00000000-0000-0216-ffff-ffff00000272"}
[debug] &amp#27;[35m[WD Proxy]&amp#27;[39m Got response with status 200: {"sessionId":"1c98a672-d9d0-461a-bb3a-f2e92b7b44d5","value":null}
[debug] &amp#27;[35m[W3C (dbeb26db)]&amp#27;[39m Responding to client with driver.click() result: null
&amp#27;[35m[HTTP]&amp#27;[39m &amp#27;[37m<-- POST /wd/hub/session/dbeb26db-cd3e-4699-a7a4-f9d109b655a2/element/00000000-0000-0216-ffff-ffff00000272/click &amp#27;[39m&amp#27;[32m200&amp#27;[39m &amp#27;[90m385 ms - 14&amp#27;[39m
&amp#27;[35m[HTTP]&amp#27;[39m &amp#27;[90m&amp#27;[39m
Waiting for UI to load
&amp#27;[35m[HTTP]&amp#27;[39m &amp#27;[37m-->&amp#27;[39m &amp#27;[37mGET&amp#27;[39m &amp#27;[37m/wd/hub/session/dbeb26db-cd3e-4699-a7a4-f9d109b655a2/context&amp#27;[39m
&amp#27;[35m[HTTP]&amp#27;[39m &amp#27;[90m{}&amp#27;[39m
[debug] &amp#27;[35m[W3C (dbeb26db)]&amp#27;[39m Calling AppiumDriver.getCurrentContext() with args: ["dbeb26db-cd3e-4699-a7a4-f9d109b655a2"]
[debug] &amp#27;[35m[W3C (dbeb26db)]&amp#27;[39m Responding to client with driver.getCurrentContext() result: "NATIVE_APP"
&amp#27;[35m[HTTP]&amp#27;[39m &amp#27;[37m<-- GET /wd/hub/session/dbeb26db-cd3e-4699-a7a4-f9d109b655a2/context &amp#27;[39m&amp#27;[32m200&amp#27;[39m &amp#27;[90m1 ms - 22&amp#27;[39m
&amp#27;[35m[HTTP]&amp#27;[39m &amp#27;[90m&amp#27;[39m
&amp#27;[35m[HTTP]&amp#27;[39m &amp#27;[37m-->&amp#27;[39m &amp#27;[37mPOST&amp#27;[39m &amp#27;[37m/wd/hub/session/dbeb26db-cd3e-4699-a7a4-f9d109b655a2/element&amp#27;[39m
&amp#27;[35m[HTTP]&amp#27;[39m &amp#27;[90m{"using":"xpath","value":"//android.widget.TextView[@text='Suggested Channels']"}&amp#27;[39m
[debug] &amp#27;[35m[W3C (dbeb26db)]&amp#27;[39m Calling AppiumDriver.findElement() with args: ["xpath","//android.widget.TextView[@text='Suggested Channels']","dbeb26db-cd3e-4699-a7a4-f9d109b655a2"]
[debug] &amp#27;[35m[BaseDriver]&amp#27;[39m Valid locator strategies for this request: xpath, id, class name, accessibility id, css selector, -android uiautomator
[debug] &amp#27;[35m[BaseDriver]&amp#27;[39m Waiting up to 15000 ms for condition
[debug] &amp#27;[35m[WD Proxy]&amp#27;[39m Matched '/element' to command name 'findElement'
[debug] &amp#27;[35m[WD Proxy]&amp#27;[39m Proxying [POST /element] to [POST http://127.0.0.1:8209/wd/hub/session/1c98a672-d9d0-461a-bb3a-f2e92b7b44d5/element] with body: {"strategy":"xpath","selector":"//android.widget.TextView[@text='Suggested Channels']","context":"","multiple":false}
[debug] &amp#27;[35m[WD Proxy]&amp#27;[39m Got response with status 200: {"sessionId":"1c98a672-d9d0-461a-bb3a-f2e92b7b44d5","value":{"ELEMENT":"00000000-0000-0216-ffff-ffff0000034f","element-6066-11e4-a52e-4f735466cecf":"00000000-0000-0216-ffff-ffff0000034f"}}
[debug] &amp#27;[35m[W3C (dbeb26db)]&amp#27;[39m Responding to client with driver.findElement() result: {"element-6066-11e4-a52e-4f735466cecf":"00000000-0000-0216-ffff-ffff0000034f","ELEMENT":"00000000-0000-0216-ffff-ffff0000034f"}
&amp#27;[35m[HTTP]&amp#27;[39m &amp#27;[37m<-- POST /wd/hub/session/dbeb26db-cd3e-4699-a7a4-f9d109b655a2/element &amp#27;[39m&amp#27;[32m200&amp#27;[39m &amp#27;[90m358 ms - 137&amp#27;[39m
&amp#27;[35m[HTTP]&amp#27;[39m &amp#27;[90m&amp#27;[39m
&amp#27;[35m[HTTP]&amp#27;[39m &amp#27;[37m-->&amp#27;[39m &amp#27;[37mGET&amp#27;[39m &amp#27;[37m/wd/hub/session/dbeb26db-cd3e-4699-a7a4-f9d109b655a2/element/00000000-0000-0216-ffff-ffff0000034f/text&amp#27;[39m
&amp#27;[35m[HTTP]&amp#27;[39m &amp#27;[90m{}&amp#27;[39m
&amp#27;[35m[W3C (dbeb26db)]&amp#27;[39m Driver proxy active, passing request on via HTTP proxy
[debug] &amp#27;[35m[WD Proxy]&amp#27;[39m Matched '/wd/hub/session/dbeb26db-cd3e-4699-a7a4-f9d109b655a2/element/00000000-0000-0216-ffff-ffff0000034f/text' to command name 'getText'
[debug] &amp#27;[35m[WD Proxy]&amp#27;[39m Proxying [GET /wd/hub/session/dbeb26db-cd3e-4699-a7a4-f9d109b655a2/element/00000000-0000-0216-ffff-ffff0000034f/text] to [GET http://127.0.0.1:8209/wd/hub/session/1c98a672-d9d0-461a-bb3a-f2e92b7b44d5/element/00000000-0000-0216-ffff-ffff0000034f/text] with no body
[debug] &amp#27;[35m[WD Proxy]&amp#27;[39m Got response with status 200: {"sessionId":"1c98a672-d9d0-461a-bb3a-f2e92b7b44d5","value":"Suggested Channels"}
&amp#27;[35m[WD Proxy]&amp#27;[39m Replacing sessionId 1c98a672-d9d0-461a-bb3a-f2e92b7b44d5 with dbeb26db-cd3e-4699-a7a4-f9d109b655a2
&amp#27;[35m[HTTP]&amp#27;[39m &amp#27;[37m<-- GET /wd/hub/session/dbeb26db-cd3e-4699-a7a4-f9d109b655a2/element/00000000-0000-0216-ffff-ffff0000034f/text &amp#27;[39m&amp#27;[32m200&amp#27;[39m &amp#27;[90m25 ms - 81&amp#27;[39m
&amp#27;[35m[HTTP]&amp#27;[39m &amp#27;[90m&amp#27;[39m
Checked, Mobile Elements are available on Screen
swipeScreen() Method : dir: 'UP'
&amp#27;[35m[HTTP]&amp#27;[39m &amp#27;[37m-->&amp#27;[39m &amp#27;[37mGET&amp#27;[39m &amp#27;[37m/wd/hub/session/dbeb26db-cd3e-4699-a7a4-f9d109b655a2/window/rect&amp#27;[39m
&amp#27;[35m[HTTP]&amp#27;[39m &amp#27;[90m{}&amp#27;[39m
[debug] &amp#27;[35m[W3C (dbeb26db)]&amp#27;[39m Calling AppiumDriver.getWindowRect() with args: ["dbeb26db-cd3e-4699-a7a4-f9d109b655a2"]
[debug] &amp#27;[35m[WD Proxy]&amp#27;[39m Matched '/window/current/size' to command name 'getWindowSize'
[debug] &amp#27;[35m[WD Proxy]&amp#27;[39m Proxying [GET /window/current/size] to [GET http://127.0.0.1:8209/wd/hub/session/1c98a672-d9d0-461a-bb3a-f2e92b7b44d5/window/current/size] with no body
[debug] &amp#27;[35m[WD Proxy]&amp#27;[39m Got response with status 200: {"sessionId":"1c98a672-d9d0-461a-bb3a-f2e92b7b44d5","value":{"height":2712,"width":1440}}
[debug] &amp#27;[35m[W3C (dbeb26db)]&amp#27;[39m Responding to client with driver.getWindowRect() result: {"width":1440,"height":2712,"x":0,"y":0}
&amp#27;[35m[HTTP]&amp#27;[39m &amp#27;[37m<-- GET /wd/hub/session/dbeb26db-cd3e-4699-a7a4-f9d109b655a2/window/rect &amp#27;[39m&amp#27;[32m200&amp#27;[39m &amp#27;[90m30 ms - 50&amp#27;[39m
&amp#27;[35m[HTTP]&amp#27;[39m &amp#27;[90m&amp#27;[39m
The Screen Width is : 1440
&amp#27;[35m[HTTP]&amp#27;[39m &amp#27;[37m-->&amp#27;[39m &amp#27;[37mPOST&amp#27;[39m &amp#27;[37m/wd/hub/session/dbeb26db-cd3e-4699-a7a4-f9d109b655a2/touch/perform&amp#27;[39m
&amp#27;[35m[HTTP]&amp#27;[39m &amp#27;[90m{"actions":[{"action":"press","options":{"x":1400,"y":1356}},{"action":"wait","options":{"ms":200}},{"action":"moveTo","options":{"x":720,"y":10}},{"action":"release","options":{}}]}&amp#27;[39m
[debug] &amp#27;[35m[W3C (dbeb26db)]&amp#27;[39m Calling AppiumDriver.performTouch() with args: [[{"action":"press","options":{"x":1400,"y":1356}},{"action":"wait","options":{"ms":200}},{"action":"moveTo","options":{"x":720,"y":10}},{"action":"release","options":{}}],"dbeb26db-cd3e-4699-a7a4-f9d109b655a2"]
[debug] &amp#27;[35m[WD Proxy]&amp#27;[39m Matched '/touch/perform' to command name 'performTouch'
[debug] &amp#27;[35m[WD Proxy]&amp#27;[39m Proxying [POST /touch/perform] to [POST http://127.0.0.1:8209/wd/hub/session/1c98a672-d9d0-461a-bb3a-f2e92b7b44d5/touch/perform] with body: {"startX":1400,"startY":1356,"endX":720,"endY":10,"steps":6}
[debug] &amp#27;[35m[WD Proxy]&amp#27;[39m Got response with status 200: {"sessionId":"1c98a672-d9d0-461a-bb3a-f2e92b7b44d5","value":null}
[debug] &amp#27;[35m[W3C (dbeb26db)]&amp#27;[39m Responding to client with driver.performTouch() result: null
&amp#27;[35m[HTTP]&amp#27;[39m &amp#27;[37m<-- POST /wd/hub/session/dbeb26db-cd3e-4699-a7a4-f9d109b655a2/touch/perform &amp#27;[39m&amp#27;[32m200&amp#27;[39m &amp#27;[90m1002 ms - 14&amp#27;[39m
&amp#27;[35m[HTTP]&amp#27;[39m &amp#27;[90m&amp#27;[39m
&amp#27;[35m[HTTP]&amp#27;[39m &amp#27;[37m-->&amp#27;[39m &amp#27;[37mGET&amp#27;[39m &amp#27;[37m/wd/hub/session/dbeb26db-cd3e-4699-a7a4-f9d109b655a2/context&amp#27;[39m
&amp#27;[35m[HTTP]&amp#27;[39m &amp#27;[90m{}&amp#27;[39m
[debug] &amp#27;[35m[W3C (dbeb26db)]&amp#27;[39m Calling AppiumDriver.getCurrentContext() with args: ["dbeb26db-cd3e-4699-a7a4-f9d109b655a2"]
[debug] &amp#27;[35m[W3C (dbeb26db)]&amp#27;[39m Responding to client with driver.getCurrentContext() result: "NATIVE_APP"
&amp#27;[35m[HTTP]&amp#27;[39m &amp#27;[37m<-- GET /wd/hub/session/dbeb26db-cd3e-4699-a7a4-f9d109b655a2/context &amp#27;[39m&amp#27;[32m200&amp#27;[39m &amp#27;[90m1 ms - 22&amp#27;[39m
&amp#27;[35m[HTTP]&amp#27;[39m &amp#27;[90m&amp#27;[39m
&amp#27;[35m[HTTP]&amp#27;[39m &amp#27;[37m-->&amp#27;[39m &amp#27;[37mPOST&amp#27;[39m &amp#27;[37m/wd/hub/session/dbeb26db-cd3e-4699-a7a4-f9d109b655a2/element&amp#27;[39m
&amp#27;[35m[HTTP]&amp#27;[39m &amp#27;[90m{"using":"xpath","value":"//*[@content-desc=', tab, 1 out of 4']"}&amp#27;[39m
[debug] &amp#27;[35m[W3C (dbeb26db)]&amp#27;[39m Calling AppiumDriver.findElement() with args: ["xpath","//*[@content-desc=', tab, 1 out of 4']","dbeb26db-cd3e-4699-a7a4-f9d109b655a2"]
[debug] &amp#27;[35m[BaseDriver]&amp#27;[39m Valid locator strategies for this request: xpath, id, class name, accessibility id, css selector, -android uiautomator
[debug] &amp#27;[35m[BaseDriver]&amp#27;[39m Waiting up to 15000 ms for condition
[debug] &amp#27;[35m[WD Proxy]&amp#27;[39m Matched '/element' to command name 'findElement'
[debug] &amp#27;[35m[WD Proxy]&amp#27;[39m Proxying [POST /element] to [POST http://127.0.0.1:8209/wd/hub/session/1c98a672-d9d0-461a-bb3a-f2e92b7b44d5/element] with body: {"strategy":"xpath","selector":"//*[@content-desc=', tab, 1 out of 4']","context":"","multiple":false}
[debug] &amp#27;[35m[WD Proxy]&amp#27;[39m Got response with status 200: {"sessionId":"1c98a672-d9d0-461a-bb3a-f2e92b7b44d5","value":{"ELEMENT":"00000000-0000-0216-ffff-ffff000002fd","element-6066-11e4-a52e-4f735466cecf":"00000000-0000-0216-ffff-ffff000002fd"}}
[debug] &amp#27;[35m[W3C (dbeb26db)]&amp#27;[39m Responding to client with driver.findElement() result: {"element-6066-11e4-a52e-4f735466cecf":"00000000-0000-0216-ffff-ffff000002fd","ELEMENT":"00000000-0000-0216-ffff-ffff000002fd"}
&amp#27;[35m[HTTP]&amp#27;[39m &amp#27;[37m<-- POST /wd/hub/session/dbeb26db-cd3e-4699-a7a4-f9d109b655a2/element &amp#27;[39m&amp#27;[32m200&amp#27;[39m &amp#27;[90m309 ms - 137&amp#27;[39m
&amp#27;[35m[HTTP]&amp#27;[39m &amp#27;[90m&amp#27;[39m
&amp#27;[35m[HTTP]&amp#27;[39m &amp#27;[37m-->&amp#27;[39m &amp#27;[37mPOST&amp#27;[39m &amp#27;[37m/wd/hub/session/dbeb26db-cd3e-4699-a7a4-f9d109b655a2/element/00000000-0000-0216-ffff-ffff000002fd/click&amp#27;[39m
&amp#27;[35m[HTTP]&amp#27;[39m &amp#27;[90m{"id":"00000000-0000-0216-ffff-ffff000002fd"}&amp#27;[39m
[debug] &amp#27;[35m[W3C (dbeb26db)]&amp#27;[39m Calling AppiumDriver.click() with args: ["00000000-0000-0216-ffff-ffff000002fd","dbeb26db-cd3e-4699-a7a4-f9d109b655a2"]
[debug] &amp#27;[35m[WD Proxy]&amp#27;[39m Matched '/element/00000000-0000-0216-ffff-ffff000002fd/click' to command name 'click'
[debug] &amp#27;[35m[WD Proxy]&amp#27;[39m Proxying [POST /element/00000000-0000-0216-ffff-ffff000002fd/click] to [POST http://127.0.0.1:8209/wd/hub/session/1c98a672-d9d0-461a-bb3a-f2e92b7b44d5/element/00000000-0000-0216-ffff-ffff000002fd/click] with body: {"element":"00000000-0000-0216-ffff-ffff000002fd"}
[debug] &amp#27;[35m[WD Proxy]&amp#27;[39m Got response with status 200: {"sessionId":"1c98a672-d9d0-461a-bb3a-f2e92b7b44d5","value":null}
[debug] &amp#27;[35m[W3C (dbeb26db)]&amp#27;[39m Responding to client with driver.click() result: null
&amp#27;[35m[HTTP]&amp#27;[39m &amp#27;[37m<-- POST /wd/hub/session/dbeb26db-cd3e-4699-a7a4-f9d109b655a2/element/00000000-0000-0216-ffff-ffff000002fd/click &amp#27;[39m&amp#27;[32m200&amp#27;[39m &amp#27;[90m60 ms - 14&amp#27;[39m
&amp#27;[35m[HTTP]&amp#27;[39m &amp#27;[90m&amp#27;[39m
&amp#27;[35m[HTTP]&amp#27;[39m &amp#27;[37m-->&amp#27;[39m &amp#27;[37mGET&amp#27;[39m &amp#27;[37m/wd/hub/session/dbeb26db-cd3e-4699-a7a4-f9d109b655a2/context&amp#27;[39m
&amp#27;[35m[HTTP]&amp#27;[39m &amp#27;[90m{}&amp#27;[39m
[debug] &amp#27;[35m[W3C (dbeb26db)]&amp#27;[39m Calling AppiumDriver.getCurrentContext() with args: ["dbeb26db-cd3e-4699-a7a4-f9d109b655a2"]
[debug] &amp#27;[35m[W3C (dbeb26db)]&amp#27;[39m Responding to client with driver.getCurrentContext() result: "NATIVE_APP"
&amp#27;[35m[HTTP]&amp#27;[39m &amp#27;[37m<-- GET /wd/hub/session/dbeb26db-cd3e-4699-a7a4-f9d109b655a2/context &amp#27;[39m&amp#27;[32m200&amp#27;[39m &amp#27;[90m1 ms - 22&amp#27;[39m
&amp#27;[35m[HTTP]&amp#27;[39m &amp#27;[90m&amp#27;[39m
&amp#27;[35m[HTTP]&amp#27;[39m &amp#27;[37m-->&amp#27;[39m &amp#27;[37mPOST&amp#27;[39m &amp#27;[37m/wd/hub/session/dbeb26db-cd3e-4699-a7a4-f9d109b655a2/element&amp#27;[39m
&amp#27;[35m[HTTP]&amp#27;[39m &amp#27;[90m{"using":"xpath","value":"//android.widget.TextView[@text='Sign Up']"}&amp#27;[39m
[debug] &amp#27;[35m[W3C (dbeb26db)]&amp#27;[39m Calling AppiumDriver.findElement() with args: ["xpath","//android.widget.TextView[@text='Sign Up']","dbeb26db-cd3e-4699-a7a4-f9d109b655a2"]
[debug] &amp#27;[35m[BaseDriver]&amp#27;[39m Valid locator strategies for this request: xpath, id, class name, accessibility id, css selector, -android uiautomator
[debug] &amp#27;[35m[BaseDriver]&amp#27;[39m Waiting up to 15000 ms for condition
[debug] &amp#27;[35m[WD Proxy]&amp#27;[39m Matched '/element' to command name 'findElement'
[debug] &amp#27;[35m[WD Proxy]&amp#27;[39m Proxying [POST /element] to [POST http://127.0.0.1:8209/wd/hub/session/1c98a672-d9d0-461a-bb3a-f2e92b7b44d5/element] with body: {"strategy":"xpath","selector":"//android.widget.TextView[@text='Sign Up']","context":"","multiple":false}
[debug] &amp#27;[35m[WD Proxy]&amp#27;[39m Got response with status 200: {"sessionId":"1c98a672-d9d0-461a-bb3a-f2e92b7b44d5","value":{"ELEMENT":"00000000-0000-0216-ffff-ffff0000037f","element-6066-11e4-a52e-4f735466cecf":"00000000-0000-0216-ffff-ffff0000037f"}}
[debug] &amp#27;[35m[W3C (dbeb26db)]&amp#27;[39m Responding to client with driver.findElement() result: {"element-6066-11e4-a52e-4f735466cecf":"00000000-0000-0216-ffff-ffff0000037f","ELEMENT":"00000000-0000-0216-ffff-ffff0000037f"}
&amp#27;[35m[HTTP]&amp#27;[39m &amp#27;[37m<-- POST /wd/hub/session/dbeb26db-cd3e-4699-a7a4-f9d109b655a2/element &amp#27;[39m&amp#27;[32m200&amp#27;[39m &amp#27;[90m106 ms - 137&amp#27;[39m
&amp#27;[35m[HTTP]&amp#27;[39m &amp#27;[90m&amp#27;[39m
&amp#27;[35m[HTTP]&amp#27;[39m &amp#27;[37m-->&amp#27;[39m &amp#27;[37mPOST&amp#27;[39m &amp#27;[37m/wd/hub/session/dbeb26db-cd3e-4699-a7a4-f9d109b655a2/element/00000000-0000-0216-ffff-ffff0000037f/click&amp#27;[39m
&amp#27;[35m[HTTP]&amp#27;[39m &amp#27;[90m{"id":"00000000-0000-0216-ffff-ffff0000037f"}&amp#27;[39m
[debug] &amp#27;[35m[W3C (dbeb26db)]&amp#27;[39m Calling AppiumDriver.click() with args: ["00000000-0000-0216-ffff-ffff0000037f","dbeb26db-cd3e-4699-a7a4-f9d109b655a2"]
[debug] &amp#27;[35m[WD Proxy]&amp#27;[39m Matched '/element/00000000-0000-0216-ffff-ffff0000037f/click' to command name 'click'
[debug] &amp#27;[35m[WD Proxy]&amp#27;[39m Proxying [POST /element/00000000-0000-0216-ffff-ffff0000037f/click] to [POST http://127.0.0.1:8209/wd/hub/session/1c98a672-d9d0-461a-bb3a-f2e92b7b44d5/element/00000000-0000-0216-ffff-ffff0000037f/click] with body: {"element":"00000000-0000-0216-ffff-ffff0000037f"}
[debug] &amp#27;[35m[WD Proxy]&amp#27;[39m Got response with status 200: {"sessionId":"1c98a672-d9d0-461a-bb3a-f2e92b7b44d5","value":null}
[debug] &amp#27;[35m[W3C (dbeb26db)]&amp#27;[39m Responding to client with driver.click() result: null
&amp#27;[35m[HTTP]&amp#27;[39m &amp#27;[37m<-- POST /wd/hub/session/dbeb26db-cd3e-4699-a7a4-f9d109b655a2/element/00000000-0000-0216-ffff-ffff0000037f/click &amp#27;[39m&amp#27;[32m200&amp#27;[39m &amp#27;[90m92 ms - 14&amp#27;[39m
&amp#27;[35m[HTTP]&amp#27;[39m &amp#27;[90m&amp#27;[39m
I am in SoFaDog App at Sign-In Options Page. This Build is Responsive
]]></system-out>
    <system-err><![CDATA[Jun 07, 2022 10:23:53 PM io.appium.java_client.remote.AppiumCommandExecutor$1 lambda$0
INFO: Detected dialect: W3C
]]></system-err>
  </testcase>
  <testcase name="LoginTestCase" classname="SoFaDog.AndroidAutomation.LoginTest" time="68.967">
    <failure message="Can&apos;t locate an element by this strategy: By.chained({By.xpath: //android.widget.TextView[@text=&apos;Maybe later&apos;]})" type="org.openqa.selenium.NoSuchElementException"><![CDATA[org.openqa.selenium.NoSuchElementException: Can't locate an element by this strategy: By.chained({By.xpath: //android.widget.TextView[@text='Maybe later']})
	at SoFaDog.AndroidAutomation.LoginTest.LoginTestCase(LoginTest.java:19)
Caused by: org.openqa.selenium.TimeoutException: Expected condition failed: waiting for io.appium.java_client.pagefactory.AppiumElementLocator$WaitingFunction@3381b4fc (tried for 1 second(s) with 500 milliseconds interval)
	at SoFaDog.AndroidAutomation.LoginTest.LoginTestCase(LoginTest.java:19)
Caused by: org.openqa.selenium.NoSuchElementException: 
Cannot locate an element using By.chained({By.xpath: //android.widget.TextView[@text='Maybe later']})
For documentation on this error, please visit: https://www.seleniumhq.org/exceptions/no_such_element.html
Build info: version: '3.141.59', revision: 'e82be7d358', time: '2018-11-14T08:17:03'
System info: host: 'Kamals-MacBook-Pro.local', ip: '2401:4900:4707:863b:7d87:a931:d239:a3d2%en0', os.name: 'Mac OS X', os.arch: 'x86_64', os.version: '10.16', java.version: '1.8.0_292'
Driver info: driver.version: AndroidDriver
	at SoFaDog.AndroidAutomation.LoginTest.LoginTestCase(LoginTest.java:19)
]]></failure>
    <system-out><![CDATA[Executing After Method and Confirming the Test was executed
Execute After Class
Execute Before Class & passing capabilities to driver every time the Test's Start in New Class
&amp#27;[35m[HTTP]&amp#27;[39m &amp#27;[37m-->&amp#27;[39m &amp#27;[37mPOST&amp#27;[39m &amp#27;[37m/wd/hub/session&amp#27;[39m
&amp#27;[35m[HTTP]&amp#27;[39m &amp#27;[90m{"desiredCapabilities":{"app":"/Users/kamaljhinjer/Documents/Mac_Coding/AndroidAutomation/src/sofadog-debug-services-4.5.3-2.apk","chromedriverExecutable":"/Users/kamaljhinjer/Documents/Mac_Coding/AndroidAutomation/src/chromedriver/chromedriver","newCommandTimeout":180,"automationName":"uiautomator2","platformName":"Android","deviceName":"Emulator_Pixel2XL"},"capabilities":{"firstMatch":[{"appium:app":"/Users/kamaljhinjer/Documents/Mac_Coding/AndroidAutomation/src/sofadog-debug-services-4.5.3-2.apk","appium:automationName":"uiautomator2","appium:chromedriverExecutable":"/Users/kamaljhinjer/Documents/Mac_Coding/AndroidAutomation/src/chromedriver/chromedriver","appium:deviceName":"Emulator_Pixel2XL","appium:newCommandTimeout":180,"platformName":"android"}]}}&amp#27;[39m
[debug] &amp#27;[35m[W3C]&amp#27;[39m Calling AppiumDriver.createSession() with args: [{"app":"/Users/kamaljhinjer/Documents/Mac_Coding/AndroidAutomation/src/sofadog-debug-services-4.5.3-2.apk","chromedriverExecutable":"/Users/kamaljhinjer/Documents/Mac_Coding/AndroidAutomation/src/chromedriver/chromedriver","newCommandTimeout":180,"automationName":"uiautomator2","platformName":"Android","deviceName":"Emulator_Pixel2XL"},null,{"firstMatch":[{"appium:app":"/Users/kamaljhinjer/Documents/Mac_Coding/AndroidAutomation/src/sofadog-debug-services-4.5.3-2.apk","appium:automationName":"uiautomator2","appium:chromedriverExecutable":"/Users/kamaljhinjer/Documents/Mac_Coding/AndroidAutomation/src/chromedriver/chromedriver","appium:deviceName":"Emulator_Pixel2XL","appium:newCommandTimeout":180,"platformName":"android"}]}]
[debug] &amp#27;[35m[BaseDriver]&amp#27;[39m Event 'newSessionRequested' logged at 1654620971604 (22:26:11 GMT+0530 (India Standard Time))
&amp#27;[35m[Appium]&amp#27;[39m Appium v1.22.3 creating new AndroidUiautomator2Driver (v1.70.1) session
[debug] &amp#27;[35m[BaseDriver]&amp#27;[39m W3C capabilities and MJSONWP desired capabilities were provided
[debug] &amp#27;[35m[BaseDriver]&amp#27;[39m Creating session with W3C capabilities: {
[debug] &amp#27;[35m[BaseDriver]&amp#27;[39m   "alwaysMatch": {
[debug] &amp#27;[35m[BaseDriver]&amp#27;[39m     "platformName": "android",
[debug] &amp#27;[35m[BaseDriver]&amp#27;[39m     "appium:app": "/Users/kamaljhinjer/Documents/Mac_Coding/AndroidAutomation/src/sofadog-debug-services-4.5.3-2.apk",
[debug] &amp#27;[35m[BaseDriver]&amp#27;[39m     "appium:automationName": "uiautomator2",
[debug] &amp#27;[35m[BaseDriver]&amp#27;[39m     "appium:chromedriverExecutable": "/Users/kamaljhinjer/Documents/Mac_Coding/AndroidAutomation/src/chromedriver/chromedriver",
[debug] &amp#27;[35m[BaseDriver]&amp#27;[39m     "appium:deviceName": "Emulator_Pixel2XL",
[debug] &amp#27;[35m[BaseDriver]&amp#27;[39m     "appium:newCommandTimeout": 180
[debug] &amp#27;[35m[BaseDriver]&amp#27;[39m   },
[debug] &amp#27;[35m[BaseDriver]&amp#27;[39m   "firstMatch": [
[debug] &amp#27;[35m[BaseDriver]&amp#27;[39m     {}
[debug] &amp#27;[35m[BaseDriver]&amp#27;[39m   ]
[debug] &amp#27;[35m[BaseDriver]&amp#27;[39m }
&amp#27;[35m[BaseDriver]&amp#27;[39m Session created with session id: fdad7854-1b3a-4d24-beb9-0d50b55a3554
&amp#27;[35m[BaseDriver]&amp#27;[39m Using local app '/Users/kamaljhinjer/Documents/Mac_Coding/AndroidAutomation/src/sofadog-debug-services-4.5.3-2.apk'
[debug] &amp#27;[35m[UiAutomator2]&amp#27;[39m Checking whether app is actually present
&amp#27;[35m[ADB]&amp#27;[39m Using 'adb' from '/Users/kamaljhinjer/Library/Android/sdk/platform-tools/adb'
[debug] &amp#27;[35m[ADB]&amp#27;[39m Running '/Users/kamaljhinjer/Library/Android/sdk/platform-tools/adb -P 5037 start-server'
&amp#27;[35m[AndroidDriver]&amp#27;[39m Retrieving device list
[debug] &amp#27;[35m[ADB]&amp#27;[39m Trying to find a connected android device
[debug] &amp#27;[35m[ADB]&amp#27;[39m Getting connected devices
[debug] &amp#27;[35m[ADB]&amp#27;[39m Connected devices: [{"udid":"emulator-5554","state":"device"}]
&amp#27;[35m[AndroidDriver]&amp#27;[39m Using device: emulator-5554
&amp#27;[35m[ADB]&amp#27;[39m Using 'adb' from '/Users/kamaljhinjer/Library/Android/sdk/platform-tools/adb'
[debug] &amp#27;[35m[ADB]&amp#27;[39m Running '/Users/kamaljhinjer/Library/Android/sdk/platform-tools/adb -P 5037 start-server'
[debug] &amp#27;[35m[ADB]&amp#27;[39m Setting device id to emulator-5554
[debug] &amp#27;[35m[ADB]&amp#27;[39m Running '/Users/kamaljhinjer/Library/Android/sdk/platform-tools/adb -P 5037 -s emulator-5554 shell getprop ro.build.version.sdk'
[debug] &amp#27;[35m[ADB]&amp#27;[39m Current device property 'ro.build.version.sdk': 31
&amp#27;[35m[ADB]&amp#27;[39m Getting device platform version
[debug] &amp#27;[35m[ADB]&amp#27;[39m Running '/Users/kamaljhinjer/Library/Android/sdk/platform-tools/adb -P 5037 -s emulator-5554 shell getprop ro.build.version.release'
[debug] &amp#27;[35m[ADB]&amp#27;[39m Current device property 'ro.build.version.release': 12
[debug] &amp#27;[35m[ADB]&amp#27;[39m Device API level: 31
&amp#27;[35m[UiAutomator2]&amp#27;[39m Relaxing hidden api policy
[debug] &amp#27;[35m[ADB]&amp#27;[39m Running '/Users/kamaljhinjer/Library/Android/sdk/platform-tools/adb -P 5037 -s emulator-5554 shell 'settings put global hidden_api_policy_pre_p_apps 1;settings put global hidden_api_policy_p_apps 1;settings put global hidden_api_policy 1''
[debug] &amp#27;[35m[AndroidDriver]&amp#27;[39m Parsing package and activity from app manifest
&amp#27;[35m[ADB]&amp#27;[39m Package name: 'dog.fa.so.app'
&amp#27;[35m[ADB]&amp#27;[39m Main activity name: 'dog.fa.so.app.MainActivity'
[debug] &amp#27;[35m[AndroidDriver]&amp#27;[39m Parsed package and activity are: dog.fa.so.app/dog.fa.so.app.MainActivity
[debug] &amp#27;[35m[ADB]&amp#27;[39m Running '/Users/kamaljhinjer/Library/Android/sdk/platform-tools/adb -P 5037 -s emulator-5554 wait-for-device'
[debug] &amp#27;[35m[ADB]&amp#27;[39m Running '/Users/kamaljhinjer/Library/Android/sdk/platform-tools/adb -P 5037 -s emulator-5554 shell echo ping'
[debug] &amp#27;[35m[AndroidDriver]&amp#27;[39m Pushing settings apk to device...
[debug] &amp#27;[35m[ADB]&amp#27;[39m Getting install status for io.appium.settings
[debug] &amp#27;[35m[ADB]&amp#27;[39m Running '/Users/kamaljhinjer/Library/Android/sdk/platform-tools/adb -P 5037 -s emulator-5554 shell dumpsys package io.appium.settings'
[debug] &amp#27;[35m[ADB]&amp#27;[39m 'io.appium.settings' is installed
[debug] &amp#27;[35m[ADB]&amp#27;[39m Getting package info for 'io.appium.settings'
[debug] &amp#27;[35m[ADB]&amp#27;[39m Running '/Users/kamaljhinjer/Library/Android/sdk/platform-tools/adb -P 5037 -s emulator-5554 shell dumpsys package io.appium.settings'
[debug] &amp#27;[35m[ADB]&amp#27;[39m The version name of the installed 'io.appium.settings' is greater or equal to the application version name ('3.4.0' >= '3.4.0')
[debug] &amp#27;[35m[ADB]&amp#27;[39m There is no need to install/upgrade '/usr/local/lib/node_modules/appium/node_modules/io.appium.settings/apks/settings_apk-debug.apk'
[debug] &amp#27;[35m[ADB]&amp#27;[39m Getting IDs of all 'io.appium.settings' processes
[debug] &amp#27;[35m[ADB]&amp#27;[39m Running '/Users/kamaljhinjer/Library/Android/sdk/platform-tools/adb -P 5037 -s emulator-5554 shell 'pgrep --help; echo $?''
[debug] &amp#27;[35m[ADB]&amp#27;[39m Running '/Users/kamaljhinjer/Library/Android/sdk/platform-tools/adb -P 5037 -s emulator-5554 shell pgrep -f \(\[\[:blank:\]\]\|\^\)io\.appium\.settings\(\[\[:blank:\]\]\|\$\)'
[debug] &amp#27;[35m[AndroidDriver]&amp#27;[39m io.appium.settings is already running. There is no need to reset its permissions.
[debug] &amp#27;[35m[Logcat]&amp#27;[39m Starting logs capture with command: /Users/kamaljhinjer/Library/Android/sdk/platform-tools/adb -P 5037 -s emulator-5554 logcat -v threadtime
[debug] &amp#27;[35m[UiAutomator2]&amp#27;[39m Forwarding UiAutomator2 Server port 6790 to local port 8210
[debug] &amp#27;[35m[ADB]&amp#27;[39m Forwarding system: 8210 to device: 6790
[debug] &amp#27;[35m[ADB]&amp#27;[39m Running '/Users/kamaljhinjer/Library/Android/sdk/platform-tools/adb -P 5037 -s emulator-5554 forward tcp:8210 tcp:6790'
&amp#27;[35m[UiAutomator2]&amp#27;[39m Server package at '/usr/local/lib/node_modules/appium/node_modules/appium-uiautomator2-server/apks/appium-uiautomator2-server-v4.27.0.apk' is not writeable. Will copy it into the temporary location at '/var/folders/4f/ggkjk46s0lj0y4w1yj8mpmm00000gn/T/202257-2037-tsip7x.ywj4' as a workaround. Consider making this file writeable manually in order to improve the performance of session startup.
&amp#27;[35m[UiAutomator2]&amp#27;[39m Server package at '/usr/local/lib/node_modules/appium/node_modules/appium-uiautomator2-server/apks/appium-uiautomator2-server-debug-androidTest.apk' is not writeable. Will copy it into the temporary location at '/var/folders/4f/ggkjk46s0lj0y4w1yj8mpmm00000gn/T/202257-2037-tsip7x.ywj4' as a workaround. Consider making this file writeable manually in order to improve the performance of session startup.
[debug] &amp#27;[35m[ADB]&amp#27;[39m Getting install status for io.appium.uiautomator2.server
[debug] &amp#27;[35m[ADB]&amp#27;[39m Running '/Users/kamaljhinjer/Library/Android/sdk/platform-tools/adb -P 5037 -s emulator-5554 shell dumpsys package io.appium.uiautomator2.server'
[debug] &amp#27;[35m[ADB]&amp#27;[39m 'io.appium.uiautomator2.server' is installed
[debug] &amp#27;[35m[ADB]&amp#27;[39m Getting package info for 'io.appium.uiautomator2.server'
[debug] &amp#27;[35m[ADB]&amp#27;[39m Running '/Users/kamaljhinjer/Library/Android/sdk/platform-tools/adb -P 5037 -s emulator-5554 shell dumpsys package io.appium.uiautomator2.server'
[debug] &amp#27;[35m[ADB]&amp#27;[39m The version name of the installed 'io.appium.uiautomator2.server' is greater or equal to the application version name ('4.27.0' >= '4.27.0')
[debug] &amp#27;[35m[UiAutomator2]&amp#27;[39m io.appium.uiautomator2.server installation state: sameVersionInstalled
[debug] &amp#27;[35m[ADB]&amp#27;[39m Checking app cert for /var/folders/4f/ggkjk46s0lj0y4w1yj8mpmm00000gn/T/202257-2037-tsip7x.ywj4/appium-uiautomator2-server-v4.27.0.apk
[debug] &amp#27;[35m[ADB]&amp#27;[39m Using the previously cached signature entry for 'appium-uiautomator2-server-v4.27.0.apk'
[debug] &amp#27;[35m[ADB]&amp#27;[39m sha256 hash did match for 'appium-uiautomator2-server-v4.27.0.apk'
[debug] &amp#27;[35m[ADB]&amp#27;[39m Getting install status for io.appium.uiautomator2.server.test
[debug] &amp#27;[35m[ADB]&amp#27;[39m Running '/Users/kamaljhinjer/Library/Android/sdk/platform-tools/adb -P 5037 -s emulator-5554 shell dumpsys package io.appium.uiautomator2.server.test'
[debug] &amp#27;[35m[ADB]&amp#27;[39m 'io.appium.uiautomator2.server.test' is installed
[debug] &amp#27;[35m[ADB]&amp#27;[39m Checking app cert for /var/folders/4f/ggkjk46s0lj0y4w1yj8mpmm00000gn/T/202257-2037-tsip7x.ywj4/appium-uiautomator2-server-debug-androidTest.apk
[debug] &amp#27;[35m[ADB]&amp#27;[39m Using the previously cached signature entry for 'appium-uiautomator2-server-debug-androidTest.apk'
[debug] &amp#27;[35m[ADB]&amp#27;[39m sha256 hash did match for 'appium-uiautomator2-server-debug-androidTest.apk'
&amp#27;[35m[UiAutomator2]&amp#27;[39m Server packages are not going to be (re)installed
[debug] &amp#27;[35m[UiAutomator2]&amp#27;[39m Waiting up to 30000ms for services to be available
[debug] &amp#27;[35m[ADB]&amp#27;[39m Running '/Users/kamaljhinjer/Library/Android/sdk/platform-tools/adb -P 5037 -s emulator-5554 shell pm list instrumentation'
[debug] &amp#27;[35m[UiAutomator2]&amp#27;[39m Instrumentation target 'io.appium.uiautomator2.server.test/androidx.test.runner.AndroidJUnitRunner' is available
&amp#27;[35m[ADB]&amp#27;[39m Adding packages ["io.appium.settings","io.appium.uiautomator2.server","io.appium.uiautomator2.server.test"] to Doze whitelist
[debug] &amp#27;[35m[ADB]&amp#27;[39m Got the following command chunks to execute: [["dumpsys","deviceidle","whitelist","+io.appium.settings",";","dumpsys","deviceidle","whitelist","+io.appium.uiautomator2.server",";","dumpsys","deviceidle","whitelist","+io.appium.uiautomator2.server.test",";"]]
[debug] &amp#27;[35m[ADB]&amp#27;[39m Running '/Users/kamaljhinjer/Library/Android/sdk/platform-tools/adb -P 5037 -s emulator-5554 shell dumpsys deviceidle whitelist +io.appium.settings ; dumpsys deviceidle whitelist +io.appium.uiautomator2.server ; dumpsys deviceidle whitelist +io.appium.uiautomator2.server.test ;'
[debug] &amp#27;[35m[ADB]&amp#27;[39m Checking app cert for /Users/kamaljhinjer/Documents/Mac_Coding/AndroidAutomation/src/sofadog-debug-services-4.5.3-2.apk
[debug] &amp#27;[35m[ADB]&amp#27;[39m Using the previously cached signature entry for 'sofadog-debug-services-4.5.3-2.apk'
[debug] &amp#27;[35m[ADB]&amp#27;[39m Getting install status for dog.fa.so.app
[debug] &amp#27;[35m[ADB]&amp#27;[39m Running '/Users/kamaljhinjer/Library/Android/sdk/platform-tools/adb -P 5037 -s emulator-5554 shell dumpsys package dog.fa.so.app'
[debug] &amp#27;[35m[ADB]&amp#27;[39m 'dog.fa.so.app' is installed
[debug] &amp#27;[35m[ADB]&amp#27;[39m Getting package info for 'dog.fa.so.app'
[debug] &amp#27;[35m[ADB]&amp#27;[39m Running '/Users/kamaljhinjer/Library/Android/sdk/platform-tools/adb -P 5037 -s emulator-5554 shell dumpsys package dog.fa.so.app'
[debug] &amp#27;[35m[ADB]&amp#27;[39m The version name of the installed 'dog.fa.so.app' is greater or equal to the application version name ('4.5.1' >= '4.5.1')
[debug] &amp#27;[35m[ADB]&amp#27;[39m There is no need to install/upgrade '/Users/kamaljhinjer/Documents/Mac_Coding/AndroidAutomation/src/sofadog-debug-services-4.5.3-2.apk'
&amp#27;[35m[AndroidDriver]&amp#27;[39m Performing fast reset on 'dog.fa.so.app'
[debug] &amp#27;[35m[ADB]&amp#27;[39m Getting install status for dog.fa.so.app
[debug] &amp#27;[35m[ADB]&amp#27;[39m Running '/Users/kamaljhinjer/Library/Android/sdk/platform-tools/adb -P 5037 -s emulator-5554 shell dumpsys package dog.fa.so.app'
[debug] &amp#27;[35m[ADB]&amp#27;[39m 'dog.fa.so.app' is installed
[debug] &amp#27;[35m[ADB]&amp#27;[39m Running '/Users/kamaljhinjer/Library/Android/sdk/platform-tools/adb -P 5037 -s emulator-5554 shell am force-stop dog.fa.so.app'
[debug] &amp#27;[35m[ADB]&amp#27;[39m Running '/Users/kamaljhinjer/Library/Android/sdk/platform-tools/adb -P 5037 -s emulator-5554 shell pm clear dog.fa.so.app'
[debug] &amp#27;[35m[AndroidDriver]&amp#27;[39m Performed fast reset on the installed 'dog.fa.so.app' application (stop and clear)
[debug] &amp#27;[35m[UiAutomator2]&amp#27;[39m Performing shallow cleanup of automation leftovers
[debug] &amp#27;[35m[UiAutomator2]&amp#27;[39m The following obsolete sessions are still running: ["1c98a672-d9d0-461a-bb3a-f2e92b7b44d5"]
[debug] &amp#27;[35m[UiAutomator2]&amp#27;[39m Cleaning up 1 obsolete session
[debug] &amp#27;[35m[Instrumentation]&amp#27;[39m .
[debug] &amp#27;[35m[Instrumentation]&amp#27;[39m Time: 149.503
[debug] &amp#27;[35m[Instrumentation]&amp#27;[39m 
[debug] &amp#27;[35m[Instrumentation]&amp#27;[39m OK (1 test)
[debug] &amp#27;[35m[Instrumentation]&amp#27;[39m The process has exited with code 0
[debug] &amp#27;[35m[ADB]&amp#27;[39m Running '/Users/kamaljhinjer/Library/Android/sdk/platform-tools/adb -P 5037 -s emulator-5554 shell am force-stop io.appium.uiautomator2.server.test'
&amp#27;[35m[UiAutomator2]&amp#27;[39m Starting UIAutomator2 server 4.27.0
&amp#27;[35m[UiAutomator2]&amp#27;[39m Using UIAutomator2 server from '/usr/local/lib/node_modules/appium/node_modules/appium-uiautomator2-server/apks/appium-uiautomator2-server-v4.27.0.apk' and test from '/usr/local/lib/node_modules/appium/node_modules/appium-uiautomator2-server/apks/appium-uiautomator2-server-debug-androidTest.apk'
&amp#27;[35m[UiAutomator2]&amp#27;[39m Waiting up to 30000ms for UiAutomator2 to be online...
[debug] &amp#27;[35m[ADB]&amp#27;[39m Creating ADB subprocess with args: ["-P",5037,"-s","emulator-5554","shell","am","instrument","-w","-e","disableAnalytics",true,"io.appium.uiautomator2.server.test/androidx.test.runner.AndroidJUnitRunner"]
[debug] &amp#27;[35m[WD Proxy]&amp#27;[39m Matched '/status' to command name 'getStatus'
[debug] &amp#27;[35m[WD Proxy]&amp#27;[39m Proxying [GET /status] to [GET http://127.0.0.1:8210/wd/hub/status] with no body
&amp#27;[35m[WD Proxy]&amp#27;[39m socket hang up
[debug] &amp#27;[35m[WD Proxy]&amp#27;[39m Matched '/status' to command name 'getStatus'
[debug] &amp#27;[35m[WD Proxy]&amp#27;[39m Proxying [GET /status] to [GET http://127.0.0.1:8210/wd/hub/status] with no body
&amp#27;[35m[WD Proxy]&amp#27;[39m socket hang up
[debug] &amp#27;[35m[WD Proxy]&amp#27;[39m Matched '/status' to command name 'getStatus'
[debug] &amp#27;[35m[WD Proxy]&amp#27;[39m Proxying [GET /status] to [GET http://127.0.0.1:8210/wd/hub/status] with no body
&amp#27;[35m[WD Proxy]&amp#27;[39m socket hang up
[debug] &amp#27;[35m[Instrumentation]&amp#27;[39m io.appium.uiautomator2.server.test.AppiumUiAutomator2Server:
[debug] &amp#27;[35m[WD Proxy]&amp#27;[39m Matched '/status' to command name 'getStatus'
[debug] &amp#27;[35m[WD Proxy]&amp#27;[39m Proxying [GET /status] to [GET http://127.0.0.1:8210/wd/hub/status] with no body
&amp#27;[35m[WD Proxy]&amp#27;[39m socket hang up
[debug] &amp#27;[35m[WD Proxy]&amp#27;[39m Matched '/status' to command name 'getStatus'
[debug] &amp#27;[35m[WD Proxy]&amp#27;[39m Proxying [GET /status] to [GET http://127.0.0.1:8210/wd/hub/status] with no body
&amp#27;[35m[WD Proxy]&amp#27;[39m socket hang up
[debug] &amp#27;[35m[WD Proxy]&amp#27;[39m Matched '/status' to command name 'getStatus'
[debug] &amp#27;[35m[WD Proxy]&amp#27;[39m Proxying [GET /status] to [GET http://127.0.0.1:8210/wd/hub/status] with no body
[debug] &amp#27;[35m[WD Proxy]&amp#27;[39m Got response with status 200: {"sessionId":"None","value":{"message":"UiAutomator2 Server is ready to accept commands","ready":true}}
[debug] &amp#27;[35m[UiAutomator2]&amp#27;[39m The initialization of the instrumentation process took 5194ms
[debug] &amp#27;[35m[WD Proxy]&amp#27;[39m Matched '/session' to command name 'createSession'
[debug] &amp#27;[35m[WD Proxy]&amp#27;[39m Proxying [POST /session] to [POST http://127.0.0.1:8210/wd/hub/session] with body: {"capabilities":{"firstMatch":[{"platform":"LINUX","webStorageEnabled":false,"takesScreenshot":true,"javascriptEnabled":true,"databaseEnabled":false,"networkConnectionEnabled":true,"locationContextEnabled":false,"warnings":{},"desired":{"platformName":"android","app":"/Users/kamaljhinjer/Documents/Mac_Coding/AndroidAutomation/src/sofadog-debug-services-4.5.3-2.apk","automationName":"uiautomator2","chromedriverExecutable":"/Users/kamaljhinjer/Documents/Mac_Coding/AndroidAutomation/src/chromedriver/chromedriver","deviceName":"Emulator_Pixel2XL","newCommandTimeout":180},"platformName":"android","app":"/Users/kamaljhinjer/Documents/Mac_Coding/AndroidAutomation/src/sofadog-debug-services-4.5.3-2.apk","automationName":"uiautomator2","chromedriverExecutable":"/Users/kamaljhinjer/Documents/Mac_Coding/AndroidAutomation/src/chromedriver/chromedriver","deviceName":"emulator-5554","newCommandTimeout":180,"deviceUDID":"emulator-5554","appPackage":"dog.fa.so.app"}],"alwaysMatch":{}}}
[debug] &amp#27;[35m[WD Proxy]&amp#27;[39m Got response with status 200: {"sessionId":"4b37bf81-b76f-4a82-9a15-f969f9a10c46","value":{"capabilities":{"firstMatch":[{"platform":"LINUX","webStorageEnabled":false,"takesScreenshot":true,"javascriptEnabled":true,"databaseEnabled":false,"networkConnectionEnabled":true,"locationContextEnabled":false,"warnings":{},"desired":{"platformName":"android","app":"/Users/kamaljhinjer/Documents/Mac_Coding/AndroidAutomation/src/sofadog-debug-services-4.5.3-2.apk","automationName":"uiautomator2","chromedriverExecutable":"/Users/kamaljhinjer/Documents/Mac_Coding/AndroidAutomation/src/chromedriver/chromedriver","deviceName":"Emulator_Pixel2XL","newCommandTimeout":180},"platformName":"android","app":"/Users/kamaljhinjer/Documents/Mac_Coding/AndroidAutomation/src/sofadog-debug-services-4.5.3-2.apk","automationName":"uiautomator2","chromedriverExecutable":"/Users/kamaljhinjer/Documents/Mac_Coding/AndroidAutomation/src/chromedriver/chromedriver","deviceName":"emulator-5554","newCommandTimeout":180,"deviceUDID":"emulator-5554","appPackage":"dog.fa.so.ap...
&amp#27;[35m[WD Proxy]&amp#27;[39m Determined the downstream protocol as 'W3C'
[debug] &amp#27;[35m[WD Proxy]&amp#27;[39m Proxying [GET /appium/device/info] to [GET http://127.0.0.1:8210/wd/hub/session/4b37bf81-b76f-4a82-9a15-f969f9a10c46/appium/device/info] with no body
[debug] &amp#27;[35m[WD Proxy]&amp#27;[39m Got response with status 200: {"sessionId":"4b37bf81-b76f-4a82-9a15-f969f9a10c46","value":{"androidId":"489d6660c2445b4e","apiVersion":"31","bluetooth":{"state":"OFF"},"brand":"google","carrierName":"T-Mobile","displayDensity":560,"locale":"en_US","manufacturer":"Google","model":"sdk_gphone64_x86_64","networks":[{"capabilities":{"SSID":null,"linkDownBandwidthKbps":4300,"linkUpstreamBandwidthKbps":1800,"networkCapabilities":"NET_CAPABILITY_MMS,NET_CAPABILITY_SUPL,NET_CAPABILITY_DUN,NET_CAPABILITY_FOTA,NET_CAPABILITY_IMS,NET_CAPABILITY_CBS,NET_CAPABILITY_INTERNET,NET_CAPABILITY_NOT_RESTRICTED,NET_CAPABILITY_TRUSTED,NET_CAPABILITY_NOT_VPN,NET_CAPABILITY_VALIDATED,NET_CAPABILITY_NOT_ROAMING,NET_CAPABILITY_NOT_CONGESTED,NET_CAPABILITY_NOT_SUSPENDED","signalStrength":-2147483648,"transportTypes":"TRANSPORT_CELLULAR"},"detailedState":"CONNECTED","extraInfo":"epc.tmobile.com","isAvailable":true,"isConnected":true,"isFailover":false,"isRoaming":false,"state":"CONNECTED","subtype":10,"subtypeName":"HSPA","type":0,"typeName":"MOBILE"},{"capabilit...
[debug] &amp#27;[35m[ADB]&amp#27;[39m Running '/Users/kamaljhinjer/Library/Android/sdk/platform-tools/adb -P 5037 -s emulator-5554 shell dumpsys window'
&amp#27;[35m[AndroidDriver]&amp#27;[39m Screen already unlocked, doing nothing
&amp#27;[35m[UiAutomator2]&amp#27;[39m Starting 'dog.fa.so.app/dog.fa.so.app.MainActivity and waiting for 'dog.fa.so.app/dog.fa.so.app.MainActivity'
[debug] &amp#27;[35m[ADB]&amp#27;[39m Running '/Users/kamaljhinjer/Library/Android/sdk/platform-tools/adb -P 5037 -s emulator-5554 shell am start -W -n dog.fa.so.app/dog.fa.so.app.MainActivity -S -a android.intent.action.MAIN -c android.intent.category.LAUNCHER -f 0x10200000'
[debug] &amp#27;[35m[ADB]&amp#27;[39m Waiting up to 20000ms for activity matching pkg: 'dog.fa.so.app' and activity: 'dog.fa.so.app.MainActivity' to be focused
[debug] &amp#27;[35m[ADB]&amp#27;[39m Possible activities, to be checked: 'dog.fa.so.app.MainActivity', 'dog.fa.so.app.dog.fa.so.app.MainActivity'
[debug] &amp#27;[35m[ADB]&amp#27;[39m Getting focused package and activity
[debug] &amp#27;[35m[ADB]&amp#27;[39m Running '/Users/kamaljhinjer/Library/Android/sdk/platform-tools/adb -P 5037 -s emulator-5554 shell dumpsys window displays'
[debug] &amp#27;[35m[ADB]&amp#27;[39m Found package: 'dog.fa.so.app' and fully qualified activity name : 'dog.fa.so.app.MainActivity'
[debug] &amp#27;[35m[WD Proxy]&amp#27;[39m Proxying [GET /appium/device/pixel_ratio] to [GET http://127.0.0.1:8210/wd/hub/session/4b37bf81-b76f-4a82-9a15-f969f9a10c46/appium/device/pixel_ratio] with no body
[debug] &amp#27;[35m[WD Proxy]&amp#27;[39m Got response with status 200: {"sessionId":"4b37bf81-b76f-4a82-9a15-f969f9a10c46","value":3.5}
[debug] &amp#27;[35m[WD Proxy]&amp#27;[39m Matched '/appium/device/system_bars' to command name 'getSystemBars'
[debug] &amp#27;[35m[WD Proxy]&amp#27;[39m Proxying [GET /appium/device/system_bars] to [GET http://127.0.0.1:8210/wd/hub/session/4b37bf81-b76f-4a82-9a15-f969f9a10c46/appium/device/system_bars] with no body
[debug] &amp#27;[35m[WD Proxy]&amp#27;[39m Got response with status 200: {"sessionId":"4b37bf81-b76f-4a82-9a15-f969f9a10c46","value":{"statusBar":98}}
[debug] &amp#27;[35m[WD Proxy]&amp#27;[39m Matched '/window/current/size' to command name 'getWindowSize'
[debug] &amp#27;[35m[WD Proxy]&amp#27;[39m Proxying [GET /window/current/size] to [GET http://127.0.0.1:8210/wd/hub/session/4b37bf81-b76f-4a82-9a15-f969f9a10c46/window/current/size] with no body
[debug] &amp#27;[35m[WD Proxy]&amp#27;[39m Got response with status 200: {"sessionId":"4b37bf81-b76f-4a82-9a15-f969f9a10c46","value":{"height":2712,"width":1440}}
&amp#27;[35m[Appium]&amp#27;[39m New AndroidUiautomator2Driver session created successfully, session fdad7854-1b3a-4d24-beb9-0d50b55a3554 added to master session list
[debug] &amp#27;[35m[BaseDriver]&amp#27;[39m Event 'newSessionStarted' logged at 1654620987378 (22:26:27 GMT+0530 (India Standard Time))
[debug] &amp#27;[35m[W3C (fdad7854)]&amp#27;[39m Cached the protocol value 'W3C' for the new session fdad7854-1b3a-4d24-beb9-0d50b55a3554
[debug] &amp#27;[35m[W3C (fdad7854)]&amp#27;[39m Responding to client with driver.createSession() result: {"capabilities":{"platform":"LINUX","webStorageEnabled":false,"takesScreenshot":true,"javascriptEnabled":true,"databaseEnabled":false,"networkConnectionEnabled":true,"locationContextEnabled":false,"warnings":{},"desired":{"platformName":"android","app":"/Users/kamaljhinjer/Documents/Mac_Coding/AndroidAutomation/src/sofadog-debug-services-4.5.3-2.apk","automationName":"uiautomator2","chromedriverExecutable":"/Users/kamaljhinjer/Documents/Mac_Coding/AndroidAutomation/src/chromedriver/chromedriver","deviceName":"Emulator_Pixel2XL","newCommandTimeout":180},"platformName":"android","app":"/Users/kamaljhinjer/Documents/Mac_Coding/AndroidAutomation/src/sofadog-debug-services-4.5.3-2.apk","automationName":"uiautomator2","chromedriverExecutable":"/Users/kamaljhinjer/Documents/Mac_Coding/AndroidAutomation/src/chromedriver/chromedriver","deviceName":"emulator-5554","newCommandTimeout":180,"deviceUDID":"emulator-5554","appPackage":"dog.fa.so.app","deviceApiLevel":31,"platformVersion":"12","deviceScreenSize":"1440x2880...
&amp#27;[35m[HTTP]&amp#27;[39m &amp#27;[37m<-- POST /wd/hub/session &amp#27;[39m&amp#27;[32m200&amp#27;[39m &amp#27;[90m15778 ms - 1275&amp#27;[39m
&amp#27;[35m[HTTP]&amp#27;[39m &amp#27;[90m&amp#27;[39m
Executing Before Method, Starting Test
&amp#27;[35m[HTTP]&amp#27;[39m &amp#27;[37m-->&amp#27;[39m &amp#27;[37mPOST&amp#27;[39m &amp#27;[37m/wd/hub/session/fdad7854-1b3a-4d24-beb9-0d50b55a3554/timeouts&amp#27;[39m
&amp#27;[35m[HTTP]&amp#27;[39m &amp#27;[90m{"implicit":15000}&amp#27;[39m
[debug] &amp#27;[35m[W3C (fdad7854)]&amp#27;[39m Calling AppiumDriver.timeouts() with args: [null,null,null,null,15000,"fdad7854-1b3a-4d24-beb9-0d50b55a3554"]
[debug] &amp#27;[35m[BaseDriver]&amp#27;[39m W3C timeout argument: {"implicit":15000}}
[debug] &amp#27;[35m[BaseDriver]&amp#27;[39m Set implicit wait to 15000ms
[debug] &amp#27;[35m[W3C (fdad7854)]&amp#27;[39m Responding to client with driver.timeouts() result: null
&amp#27;[35m[HTTP]&amp#27;[39m &amp#27;[37m<-- POST /wd/hub/session/fdad7854-1b3a-4d24-beb9-0d50b55a3554/timeouts &amp#27;[39m&amp#27;[32m200&amp#27;[39m &amp#27;[90m2 ms - 14&amp#27;[39m
&amp#27;[35m[HTTP]&amp#27;[39m &amp#27;[90m&amp#27;[39m
&amp#27;[35m[HTTP]&amp#27;[39m &amp#27;[37m-->&amp#27;[39m &amp#27;[37mPOST&amp#27;[39m &amp#27;[37m/wd/hub/session/fdad7854-1b3a-4d24-beb9-0d50b55a3554/timeouts&amp#27;[39m
&amp#27;[35m[HTTP]&amp#27;[39m &amp#27;[90m{"implicit":15000}&amp#27;[39m
[debug] &amp#27;[35m[W3C (fdad7854)]&amp#27;[39m Calling AppiumDriver.timeouts() with args: [null,null,null,null,15000,"fdad7854-1b3a-4d24-beb9-0d50b55a3554"]
[debug] &amp#27;[35m[BaseDriver]&amp#27;[39m W3C timeout argument: {"implicit":15000}}
[debug] &amp#27;[35m[BaseDriver]&amp#27;[39m Set implicit wait to 15000ms
[debug] &amp#27;[35m[W3C (fdad7854)]&amp#27;[39m Responding to client with driver.timeouts() result: null
&amp#27;[35m[HTTP]&amp#27;[39m &amp#27;[37m<-- POST /wd/hub/session/fdad7854-1b3a-4d24-beb9-0d50b55a3554/timeouts &amp#27;[39m&amp#27;[32m200&amp#27;[39m &amp#27;[90m2 ms - 14&amp#27;[39m
&amp#27;[35m[HTTP]&amp#27;[39m &amp#27;[90m&amp#27;[39m
Wait for application to load
&amp#27;[35m[BaseDriver]&amp#27;[39m Shutting down because we waited 180 seconds for a command
&amp#27;[35m[Appium]&amp#27;[39m Closing session, cause was 'New Command Timeout of 180 seconds expired. Try customizing the timeout using the 'newCommandTimeout' desired capability'
&amp#27;[35m[Appium]&amp#27;[39m Removing session '587fc001-2b30-4c88-9eb5-fa2dca2a30b0' from our master session list
[debug] &amp#27;[35m[UiAutomator2]&amp#27;[39m Deleting UiAutomator2 session
[debug] &amp#27;[35m[UiAutomator2]&amp#27;[39m Deleting UiAutomator2 server session
&amp#27;[35m[UiAutomator2]&amp#27;[39m Did not get confirmation UiAutomator2 deleteSession worked; Error was: UnknownError: An unknown server-side error occurred while processing the command. Original error: 'DELETE /' cannot be proxied to UiAutomator2 server because the instrumentation process is not running (probably crashed). Check the server log and/or the logcat output for more details
[debug] &amp#27;[35m[ADB]&amp#27;[39m Running '/Users/kamaljhinjer/Library/Android/sdk/platform-tools/adb -P 5037 -s emulator-5554 shell am force-stop dog.fa.so.app'
[debug] &amp#27;[35m[Logcat]&amp#27;[39m Stopping logcat capture
[debug] &amp#27;[35m[ADB]&amp#27;[39m Removing forwarded port socket connection: 8208 
[debug] &amp#27;[35m[ADB]&amp#27;[39m Running '/Users/kamaljhinjer/Library/Android/sdk/platform-tools/adb -P 5037 -s emulator-5554 forward --remove tcp:8208'
&amp#27;[35m[UiAutomator2]&amp#27;[39m Restoring hidden api policy to the device default configuration
[debug] &amp#27;[35m[ADB]&amp#27;[39m Running '/Users/kamaljhinjer/Library/Android/sdk/platform-tools/adb -P 5037 -s emulator-5554 shell 'settings delete global hidden_api_policy_pre_p_apps;settings delete global hidden_api_policy_p_apps;settings delete global hidden_api_policy''
swipeScreen() Method : dir: 'LEFT'
&amp#27;[35m[HTTP]&amp#27;[39m &amp#27;[37m-->&amp#27;[39m &amp#27;[37mGET&amp#27;[39m &amp#27;[37m/wd/hub/session/fdad7854-1b3a-4d24-beb9-0d50b55a3554/window/rect&amp#27;[39m
&amp#27;[35m[HTTP]&amp#27;[39m &amp#27;[90m{}&amp#27;[39m
[debug] &amp#27;[35m[W3C (fdad7854)]&amp#27;[39m Calling AppiumDriver.getWindowRect() with args: ["fdad7854-1b3a-4d24-beb9-0d50b55a3554"]
[debug] &amp#27;[35m[WD Proxy]&amp#27;[39m Matched '/window/current/size' to command name 'getWindowSize'
[debug] &amp#27;[35m[WD Proxy]&amp#27;[39m Proxying [GET /window/current/size] to [GET http://127.0.0.1:8210/wd/hub/session/4b37bf81-b76f-4a82-9a15-f969f9a10c46/window/current/size] with no body
[debug] &amp#27;[35m[WD Proxy]&amp#27;[39m Got response with status 200: {"sessionId":"4b37bf81-b76f-4a82-9a15-f969f9a10c46","value":{"height":2712,"width":1440}}
[debug] &amp#27;[35m[W3C (fdad7854)]&amp#27;[39m Responding to client with driver.getWindowRect() result: {"width":1440,"height":2712,"x":0,"y":0}
&amp#27;[35m[HTTP]&amp#27;[39m &amp#27;[37m<-- GET /wd/hub/session/fdad7854-1b3a-4d24-beb9-0d50b55a3554/window/rect &amp#27;[39m&amp#27;[32m200&amp#27;[39m &amp#27;[90m16 ms - 50&amp#27;[39m
&amp#27;[35m[HTTP]&amp#27;[39m &amp#27;[90m&amp#27;[39m
The Screen Width is : 1440
&amp#27;[35m[HTTP]&amp#27;[39m &amp#27;[37m-->&amp#27;[39m &amp#27;[37mPOST&amp#27;[39m &amp#27;[37m/wd/hub/session/fdad7854-1b3a-4d24-beb9-0d50b55a3554/touch/perform&amp#27;[39m
&amp#27;[35m[HTTP]&amp#27;[39m &amp#27;[90m{"actions":[{"action":"press","options":{"x":1400,"y":1356}},{"action":"wait","options":{"ms":200}},{"action":"moveTo","options":{"x":10,"y":1356}},{"action":"release","options":{}}]}&amp#27;[39m
[debug] &amp#27;[35m[W3C (fdad7854)]&amp#27;[39m Calling AppiumDriver.performTouch() with args: [[{"action":"press","options":{"x":1400,"y":1356}},{"action":"wait","options":{"ms":200}},{"action":"moveTo","options":{"x":10,"y":1356}},{"action":"release","options":{}}],"fdad7854-1b3a-4d24-beb9-0d50b55a3554"]
[debug] &amp#27;[35m[WD Proxy]&amp#27;[39m Matched '/touch/perform' to command name 'performTouch'
[debug] &amp#27;[35m[WD Proxy]&amp#27;[39m Proxying [POST /touch/perform] to [POST http://127.0.0.1:8210/wd/hub/session/4b37bf81-b76f-4a82-9a15-f969f9a10c46/touch/perform] with body: {"startX":1400,"startY":1356,"endX":10,"endY":1356,"steps":6}
[debug] &amp#27;[35m[WD Proxy]&amp#27;[39m Got response with status 200: {"sessionId":"4b37bf81-b76f-4a82-9a15-f969f9a10c46","value":null}
[debug] &amp#27;[35m[W3C (fdad7854)]&amp#27;[39m Responding to client with driver.performTouch() result: null
&amp#27;[35m[HTTP]&amp#27;[39m &amp#27;[37m<-- POST /wd/hub/session/fdad7854-1b3a-4d24-beb9-0d50b55a3554/touch/perform &amp#27;[39m&amp#27;[32m200&amp#27;[39m &amp#27;[90m996 ms - 14&amp#27;[39m
&amp#27;[35m[HTTP]&amp#27;[39m &amp#27;[90m&amp#27;[39m
1st Widget Swipe Executed
swipeScreen() Method : dir: 'LEFT'
&amp#27;[35m[HTTP]&amp#27;[39m &amp#27;[37m-->&amp#27;[39m &amp#27;[37mGET&amp#27;[39m &amp#27;[37m/wd/hub/session/fdad7854-1b3a-4d24-beb9-0d50b55a3554/window/rect&amp#27;[39m
&amp#27;[35m[HTTP]&amp#27;[39m &amp#27;[90m{}&amp#27;[39m
[debug] &amp#27;[35m[W3C (fdad7854)]&amp#27;[39m Calling AppiumDriver.getWindowRect() with args: ["fdad7854-1b3a-4d24-beb9-0d50b55a3554"]
[debug] &amp#27;[35m[WD Proxy]&amp#27;[39m Matched '/window/current/size' to command name 'getWindowSize'
[debug] &amp#27;[35m[WD Proxy]&amp#27;[39m Proxying [GET /window/current/size] to [GET http://127.0.0.1:8210/wd/hub/session/4b37bf81-b76f-4a82-9a15-f969f9a10c46/window/current/size] with no body
[debug] &amp#27;[35m[WD Proxy]&amp#27;[39m Got response with status 200: {"sessionId":"4b37bf81-b76f-4a82-9a15-f969f9a10c46","value":{"height":2712,"width":1440}}
[debug] &amp#27;[35m[W3C (fdad7854)]&amp#27;[39m Responding to client with driver.getWindowRect() result: {"width":1440,"height":2712,"x":0,"y":0}
&amp#27;[35m[HTTP]&amp#27;[39m &amp#27;[37m<-- GET /wd/hub/session/fdad7854-1b3a-4d24-beb9-0d50b55a3554/window/rect &amp#27;[39m&amp#27;[32m200&amp#27;[39m &amp#27;[90m15 ms - 50&amp#27;[39m
&amp#27;[35m[HTTP]&amp#27;[39m &amp#27;[90m&amp#27;[39m
The Screen Width is : 1440
&amp#27;[35m[HTTP]&amp#27;[39m &amp#27;[37m-->&amp#27;[39m &amp#27;[37mPOST&amp#27;[39m &amp#27;[37m/wd/hub/session/fdad7854-1b3a-4d24-beb9-0d50b55a3554/touch/perform&amp#27;[39m
&amp#27;[35m[HTTP]&amp#27;[39m &amp#27;[90m{"actions":[{"action":"press","options":{"x":1400,"y":1356}},{"action":"wait","options":{"ms":200}},{"action":"moveTo","options":{"x":10,"y":1356}},{"action":"release","options":{}}]}&amp#27;[39m
[debug] &amp#27;[35m[W3C (fdad7854)]&amp#27;[39m Calling AppiumDriver.performTouch() with args: [[{"action":"press","options":{"x":1400,"y":1356}},{"action":"wait","options":{"ms":200}},{"action":"moveTo","options":{"x":10,"y":1356}},{"action":"release","options":{}}],"fdad7854-1b3a-4d24-beb9-0d50b55a3554"]
[debug] &amp#27;[35m[WD Proxy]&amp#27;[39m Matched '/touch/perform' to command name 'performTouch'
[debug] &amp#27;[35m[WD Proxy]&amp#27;[39m Proxying [POST /touch/perform] to [POST http://127.0.0.1:8210/wd/hub/session/4b37bf81-b76f-4a82-9a15-f969f9a10c46/touch/perform] with body: {"startX":1400,"startY":1356,"endX":10,"endY":1356,"steps":6}
[debug] &amp#27;[35m[WD Proxy]&amp#27;[39m Got response with status 200: {"sessionId":"4b37bf81-b76f-4a82-9a15-f969f9a10c46","value":null}
[debug] &amp#27;[35m[W3C (fdad7854)]&amp#27;[39m Responding to client with driver.performTouch() result: null
&amp#27;[35m[HTTP]&amp#27;[39m &amp#27;[37m<-- POST /wd/hub/session/fdad7854-1b3a-4d24-beb9-0d50b55a3554/touch/perform &amp#27;[39m&amp#27;[32m200&amp#27;[39m &amp#27;[90m975 ms - 14&amp#27;[39m
&amp#27;[35m[HTTP]&amp#27;[39m &amp#27;[90m&amp#27;[39m
2nd Widget Swipe Executed
swipeScreen() Method : dir: 'LEFT'
&amp#27;[35m[HTTP]&amp#27;[39m &amp#27;[37m-->&amp#27;[39m &amp#27;[37mGET&amp#27;[39m &amp#27;[37m/wd/hub/session/fdad7854-1b3a-4d24-beb9-0d50b55a3554/window/rect&amp#27;[39m
&amp#27;[35m[HTTP]&amp#27;[39m &amp#27;[90m{}&amp#27;[39m
[debug] &amp#27;[35m[W3C (fdad7854)]&amp#27;[39m Calling AppiumDriver.getWindowRect() with args: ["fdad7854-1b3a-4d24-beb9-0d50b55a3554"]
[debug] &amp#27;[35m[WD Proxy]&amp#27;[39m Matched '/window/current/size' to command name 'getWindowSize'
[debug] &amp#27;[35m[WD Proxy]&amp#27;[39m Proxying [GET /window/current/size] to [GET http://127.0.0.1:8210/wd/hub/session/4b37bf81-b76f-4a82-9a15-f969f9a10c46/window/current/size] with no body
[debug] &amp#27;[35m[WD Proxy]&amp#27;[39m Got response with status 200: {"sessionId":"4b37bf81-b76f-4a82-9a15-f969f9a10c46","value":{"height":2712,"width":1440}}
[debug] &amp#27;[35m[W3C (fdad7854)]&amp#27;[39m Responding to client with driver.getWindowRect() result: {"width":1440,"height":2712,"x":0,"y":0}
&amp#27;[35m[HTTP]&amp#27;[39m &amp#27;[37m<-- GET /wd/hub/session/fdad7854-1b3a-4d24-beb9-0d50b55a3554/window/rect &amp#27;[39m&amp#27;[32m200&amp#27;[39m &amp#27;[90m13 ms - 50&amp#27;[39m
&amp#27;[35m[HTTP]&amp#27;[39m &amp#27;[90m&amp#27;[39m
The Screen Width is : 1440
&amp#27;[35m[HTTP]&amp#27;[39m &amp#27;[37m-->&amp#27;[39m &amp#27;[37mPOST&amp#27;[39m &amp#27;[37m/wd/hub/session/fdad7854-1b3a-4d24-beb9-0d50b55a3554/touch/perform&amp#27;[39m
&amp#27;[35m[HTTP]&amp#27;[39m &amp#27;[90m{"actions":[{"action":"press","options":{"x":1400,"y":1356}},{"action":"wait","options":{"ms":200}},{"action":"moveTo","options":{"x":10,"y":1356}},{"action":"release","options":{}}]}&amp#27;[39m
[debug] &amp#27;[35m[W3C (fdad7854)]&amp#27;[39m Calling AppiumDriver.performTouch() with args: [[{"action":"press","options":{"x":1400,"y":1356}},{"action":"wait","options":{"ms":200}},{"action":"moveTo","options":{"x":10,"y":1356}},{"action":"release","options":{}}],"fdad7854-1b3a-4d24-beb9-0d50b55a3554"]
[debug] &amp#27;[35m[WD Proxy]&amp#27;[39m Matched '/touch/perform' to command name 'performTouch'
[debug] &amp#27;[35m[WD Proxy]&amp#27;[39m Proxying [POST /touch/perform] to [POST http://127.0.0.1:8210/wd/hub/session/4b37bf81-b76f-4a82-9a15-f969f9a10c46/touch/perform] with body: {"startX":1400,"startY":1356,"endX":10,"endY":1356,"steps":6}
[debug] &amp#27;[35m[WD Proxy]&amp#27;[39m Got response with status 200: {"sessionId":"4b37bf81-b76f-4a82-9a15-f969f9a10c46","value":null}
[debug] &amp#27;[35m[W3C (fdad7854)]&amp#27;[39m Responding to client with driver.performTouch() result: null
&amp#27;[35m[HTTP]&amp#27;[39m &amp#27;[37m<-- POST /wd/hub/session/fdad7854-1b3a-4d24-beb9-0d50b55a3554/touch/perform &amp#27;[39m&amp#27;[32m200&amp#27;[39m &amp#27;[90m967 ms - 14&amp#27;[39m
&amp#27;[35m[HTTP]&amp#27;[39m &amp#27;[90m&amp#27;[39m
3rd Widget Swipe Executed
swipeScreen() Method : dir: 'LEFT'
&amp#27;[35m[HTTP]&amp#27;[39m &amp#27;[37m-->&amp#27;[39m &amp#27;[37mGET&amp#27;[39m &amp#27;[37m/wd/hub/session/fdad7854-1b3a-4d24-beb9-0d50b55a3554/window/rect&amp#27;[39m
&amp#27;[35m[HTTP]&amp#27;[39m &amp#27;[90m{}&amp#27;[39m
[debug] &amp#27;[35m[W3C (fdad7854)]&amp#27;[39m Calling AppiumDriver.getWindowRect() with args: ["fdad7854-1b3a-4d24-beb9-0d50b55a3554"]
[debug] &amp#27;[35m[WD Proxy]&amp#27;[39m Matched '/window/current/size' to command name 'getWindowSize'
[debug] &amp#27;[35m[WD Proxy]&amp#27;[39m Proxying [GET /window/current/size] to [GET http://127.0.0.1:8210/wd/hub/session/4b37bf81-b76f-4a82-9a15-f969f9a10c46/window/current/size] with no body
[debug] &amp#27;[35m[WD Proxy]&amp#27;[39m Got response with status 200: {"sessionId":"4b37bf81-b76f-4a82-9a15-f969f9a10c46","value":{"height":2712,"width":1440}}
[debug] &amp#27;[35m[W3C (fdad7854)]&amp#27;[39m Responding to client with driver.getWindowRect() result: {"width":1440,"height":2712,"x":0,"y":0}
&amp#27;[35m[HTTP]&amp#27;[39m &amp#27;[37m<-- GET /wd/hub/session/fdad7854-1b3a-4d24-beb9-0d50b55a3554/window/rect &amp#27;[39m&amp#27;[32m200&amp#27;[39m &amp#27;[90m11 ms - 50&amp#27;[39m
&amp#27;[35m[HTTP]&amp#27;[39m &amp#27;[90m&amp#27;[39m
The Screen Width is : 1440
&amp#27;[35m[HTTP]&amp#27;[39m &amp#27;[37m-->&amp#27;[39m &amp#27;[37mPOST&amp#27;[39m &amp#27;[37m/wd/hub/session/fdad7854-1b3a-4d24-beb9-0d50b55a3554/touch/perform&amp#27;[39m
&amp#27;[35m[HTTP]&amp#27;[39m &amp#27;[90m{"actions":[{"action":"press","options":{"x":1400,"y":1356}},{"action":"wait","options":{"ms":200}},{"action":"moveTo","options":{"x":10,"y":1356}},{"action":"release","options":{}}]}&amp#27;[39m
[debug] &amp#27;[35m[W3C (fdad7854)]&amp#27;[39m Calling AppiumDriver.performTouch() with args: [[{"action":"press","options":{"x":1400,"y":1356}},{"action":"wait","options":{"ms":200}},{"action":"moveTo","options":{"x":10,"y":1356}},{"action":"release","options":{}}],"fdad7854-1b3a-4d24-beb9-0d50b55a3554"]
[debug] &amp#27;[35m[WD Proxy]&amp#27;[39m Matched '/touch/perform' to command name 'performTouch'
[debug] &amp#27;[35m[WD Proxy]&amp#27;[39m Proxying [POST /touch/perform] to [POST http://127.0.0.1:8210/wd/hub/session/4b37bf81-b76f-4a82-9a15-f969f9a10c46/touch/perform] with body: {"startX":1400,"startY":1356,"endX":10,"endY":1356,"steps":6}
[debug] &amp#27;[35m[WD Proxy]&amp#27;[39m Got response with status 200: {"sessionId":"4b37bf81-b76f-4a82-9a15-f969f9a10c46","value":null}
[debug] &amp#27;[35m[W3C (fdad7854)]&amp#27;[39m Responding to client with driver.performTouch() result: null
&amp#27;[35m[HTTP]&amp#27;[39m &amp#27;[37m<-- POST /wd/hub/session/fdad7854-1b3a-4d24-beb9-0d50b55a3554/touch/perform &amp#27;[39m&amp#27;[32m200&amp#27;[39m &amp#27;[90m957 ms - 14&amp#27;[39m
&amp#27;[35m[HTTP]&amp#27;[39m &amp#27;[90m&amp#27;[39m
Last Swipe Executed
&amp#27;[35m[HTTP]&amp#27;[39m &amp#27;[37m-->&amp#27;[39m &amp#27;[37mGET&amp#27;[39m &amp#27;[37m/wd/hub/session/fdad7854-1b3a-4d24-beb9-0d50b55a3554/context&amp#27;[39m
&amp#27;[35m[HTTP]&amp#27;[39m &amp#27;[90m{}&amp#27;[39m
[debug] &amp#27;[35m[W3C (fdad7854)]&amp#27;[39m Calling AppiumDriver.getCurrentContext() with args: ["fdad7854-1b3a-4d24-beb9-0d50b55a3554"]
[debug] &amp#27;[35m[W3C (fdad7854)]&amp#27;[39m Responding to client with driver.getCurrentContext() result: "NATIVE_APP"
&amp#27;[35m[HTTP]&amp#27;[39m &amp#27;[37m<-- GET /wd/hub/session/fdad7854-1b3a-4d24-beb9-0d50b55a3554/context &amp#27;[39m&amp#27;[32m200&amp#27;[39m &amp#27;[90m2 ms - 22&amp#27;[39m
&amp#27;[35m[HTTP]&amp#27;[39m &amp#27;[90m&amp#27;[39m
&amp#27;[35m[HTTP]&amp#27;[39m &amp#27;[37m-->&amp#27;[39m &amp#27;[37mPOST&amp#27;[39m &amp#27;[37m/wd/hub/session/fdad7854-1b3a-4d24-beb9-0d50b55a3554/element&amp#27;[39m
&amp#27;[35m[HTTP]&amp#27;[39m &amp#27;[90m{"using":"xpath","value":"//android.widget.TextView[@text='Maybe later']"}&amp#27;[39m
[debug] &amp#27;[35m[W3C (fdad7854)]&amp#27;[39m Calling AppiumDriver.findElement() with args: ["xpath","//android.widget.TextView[@text='Maybe later']","fdad7854-1b3a-4d24-beb9-0d50b55a3554"]
[debug] &amp#27;[35m[BaseDriver]&amp#27;[39m Valid locator strategies for this request: xpath, id, class name, accessibility id, css selector, -android uiautomator
[debug] &amp#27;[35m[BaseDriver]&amp#27;[39m Waiting up to 15000 ms for condition
[debug] &amp#27;[35m[WD Proxy]&amp#27;[39m Matched '/element' to command name 'findElement'
[debug] &amp#27;[35m[WD Proxy]&amp#27;[39m Proxying [POST /element] to [POST http://127.0.0.1:8210/wd/hub/session/4b37bf81-b76f-4a82-9a15-f969f9a10c46/element] with body: {"strategy":"xpath","selector":"//android.widget.TextView[@text='Maybe later']","context":"","multiple":false}
&amp#27;[35m[WD Proxy]&amp#27;[39m Got response with status 404: {"sessionId":"4b37bf81-b76f-4a82-9a15-f969f9a10c46","value":{"error":"no such element","message":"An element could not be located on the page using the given search parameters","stacktrace":"io.appium.uiautomator2.common.exceptions.ElementNotFoundException: An element could not be located on the page using the given search parameters\n\tat io.appium.uiautomator2.handler.FindElement.findElement(FindElement.java:90)\n\tat io.appium.uiautomator2.handler.FindElement.safeHandle(FindElement.java:67)\n\tat io.appium.uiautomator2.handler.request.SafeRequestHandler.handle(SafeRequestHandler.java:59)\n\tat io.appium.uiautomator2.server.AppiumServlet.handleRequest(AppiumServlet.java:266)\n\tat io.appium.uiautomator2.server.AppiumServlet.handleHttpRequest(AppiumServlet.java:260)\n\tat io.appium.uiautomator2.http.ServerHandler.channelRead(ServerHandler.java:68)\n\tat io.netty.channel.AbstractChannelHandlerContext.invokeChannelRead(AbstractChannelHandlerContext.java:366)\n\tat io.netty.channel.AbstractChannelHandlerCont...
[debug] &amp#27;[35m[W3C]&amp#27;[39m Matched W3C error code 'no such element' to NoSuchElementError
[debug] &amp#27;[35m[BaseDriver]&amp#27;[39m Waited for 480 ms so far
[debug] &amp#27;[35m[WD Proxy]&amp#27;[39m Matched '/element' to command name 'findElement'
[debug] &amp#27;[35m[WD Proxy]&amp#27;[39m Proxying [POST /element] to [POST http://127.0.0.1:8210/wd/hub/session/4b37bf81-b76f-4a82-9a15-f969f9a10c46/element] with body: {"strategy":"xpath","selector":"//android.widget.TextView[@text='Maybe later']","context":"","multiple":false}
&amp#27;[35m[WD Proxy]&amp#27;[39m Got response with status 404: {"sessionId":"4b37bf81-b76f-4a82-9a15-f969f9a10c46","value":{"error":"no such element","message":"An element could not be located on the page using the given search parameters","stacktrace":"io.appium.uiautomator2.common.exceptions.ElementNotFoundException: An element could not be located on the page using the given search parameters\n\tat io.appium.uiautomator2.handler.FindElement.findElement(FindElement.java:90)\n\tat io.appium.uiautomator2.handler.FindElement.safeHandle(FindElement.java:67)\n\tat io.appium.uiautomator2.handler.request.SafeRequestHandler.handle(SafeRequestHandler.java:59)\n\tat io.appium.uiautomator2.server.AppiumServlet.handleRequest(AppiumServlet.java:266)\n\tat io.appium.uiautomator2.server.AppiumServlet.handleHttpRequest(AppiumServlet.java:260)\n\tat io.appium.uiautomator2.http.ServerHandler.channelRead(ServerHandler.java:68)\n\tat io.netty.channel.AbstractChannelHandlerContext.invokeChannelRead(AbstractChannelHandlerContext.java:366)\n\tat io.netty.channel.AbstractChannelHandlerCont...
[debug] &amp#27;[35m[W3C]&amp#27;[39m Matched W3C error code 'no such element' to NoSuchElementError
[debug] &amp#27;[35m[BaseDriver]&amp#27;[39m Waited for 1049 ms so far
[debug] &amp#27;[35m[WD Proxy]&amp#27;[39m Matched '/element' to command name 'findElement'
[debug] &amp#27;[35m[WD Proxy]&amp#27;[39m Proxying [POST /element] to [POST http://127.0.0.1:8210/wd/hub/session/4b37bf81-b76f-4a82-9a15-f969f9a10c46/element] with body: {"strategy":"xpath","selector":"//android.widget.TextView[@text='Maybe later']","context":"","multiple":false}
&amp#27;[35m[WD Proxy]&amp#27;[39m Got response with status 404: {"sessionId":"4b37bf81-b76f-4a82-9a15-f969f9a10c46","value":{"error":"no such element","message":"An element could not be located on the page using the given search parameters","stacktrace":"io.appium.uiautomator2.common.exceptions.ElementNotFoundException: An element could not be located on the page using the given search parameters\n\tat io.appium.uiautomator2.handler.FindElement.findElement(FindElement.java:90)\n\tat io.appium.uiautomator2.handler.FindElement.safeHandle(FindElement.java:67)\n\tat io.appium.uiautomator2.handler.request.SafeRequestHandler.handle(SafeRequestHandler.java:59)\n\tat io.appium.uiautomator2.server.AppiumServlet.handleRequest(AppiumServlet.java:266)\n\tat io.appium.uiautomator2.server.AppiumServlet.handleHttpRequest(AppiumServlet.java:260)\n\tat io.appium.uiautomator2.http.ServerHandler.channelRead(ServerHandler.java:68)\n\tat io.netty.channel.AbstractChannelHandlerContext.invokeChannelRead(AbstractChannelHandlerContext.java:366)\n\tat io.netty.channel.AbstractChannelHandlerCont...
[debug] &amp#27;[35m[W3C]&amp#27;[39m Matched W3C error code 'no such element' to NoSuchElementError
[debug] &amp#27;[35m[BaseDriver]&amp#27;[39m Waited for 1630 ms so far
[debug] &amp#27;[35m[WD Proxy]&amp#27;[39m Matched '/element' to command name 'findElement'
[debug] &amp#27;[35m[WD Proxy]&amp#27;[39m Proxying [POST /element] to [POST http://127.0.0.1:8210/wd/hub/session/4b37bf81-b76f-4a82-9a15-f969f9a10c46/element] with body: {"strategy":"xpath","selector":"//android.widget.TextView[@text='Maybe later']","context":"","multiple":false}
&amp#27;[35m[WD Proxy]&amp#27;[39m Got response with status 404: {"sessionId":"4b37bf81-b76f-4a82-9a15-f969f9a10c46","value":{"error":"no such element","message":"An element could not be located on the page using the given search parameters","stacktrace":"io.appium.uiautomator2.common.exceptions.ElementNotFoundException: An element could not be located on the page using the given search parameters\n\tat io.appium.uiautomator2.handler.FindElement.findElement(FindElement.java:90)\n\tat io.appium.uiautomator2.handler.FindElement.safeHandle(FindElement.java:67)\n\tat io.appium.uiautomator2.handler.request.SafeRequestHandler.handle(SafeRequestHandler.java:59)\n\tat io.appium.uiautomator2.server.AppiumServlet.handleRequest(AppiumServlet.java:266)\n\tat io.appium.uiautomator2.server.AppiumServlet.handleHttpRequest(AppiumServlet.java:260)\n\tat io.appium.uiautomator2.http.ServerHandler.channelRead(ServerHandler.java:68)\n\tat io.netty.channel.AbstractChannelHandlerContext.invokeChannelRead(AbstractChannelHandlerContext.java:366)\n\tat io.netty.channel.AbstractChannelHandlerCont...
[debug] &amp#27;[35m[W3C]&amp#27;[39m Matched W3C error code 'no such element' to NoSuchElementError
[debug] &amp#27;[35m[BaseDriver]&amp#27;[39m Waited for 2207 ms so far
[debug] &amp#27;[35m[WD Proxy]&amp#27;[39m Matched '/element' to command name 'findElement'
[debug] &amp#27;[35m[WD Proxy]&amp#27;[39m Proxying [POST /element] to [POST http://127.0.0.1:8210/wd/hub/session/4b37bf81-b76f-4a82-9a15-f969f9a10c46/element] with body: {"strategy":"xpath","selector":"//android.widget.TextView[@text='Maybe later']","context":"","multiple":false}
&amp#27;[35m[WD Proxy]&amp#27;[39m Got response with status 404: {"sessionId":"4b37bf81-b76f-4a82-9a15-f969f9a10c46","value":{"error":"no such element","message":"An element could not be located on the page using the given search parameters","stacktrace":"io.appium.uiautomator2.common.exceptions.ElementNotFoundException: An element could not be located on the page using the given search parameters\n\tat io.appium.uiautomator2.handler.FindElement.findElement(FindElement.java:90)\n\tat io.appium.uiautomator2.handler.FindElement.safeHandle(FindElement.java:67)\n\tat io.appium.uiautomator2.handler.request.SafeRequestHandler.handle(SafeRequestHandler.java:59)\n\tat io.appium.uiautomator2.server.AppiumServlet.handleRequest(AppiumServlet.java:266)\n\tat io.appium.uiautomator2.server.AppiumServlet.handleHttpRequest(AppiumServlet.java:260)\n\tat io.appium.uiautomator2.http.ServerHandler.channelRead(ServerHandler.java:68)\n\tat io.netty.channel.AbstractChannelHandlerContext.invokeChannelRead(AbstractChannelHandlerContext.java:366)\n\tat io.netty.channel.AbstractChannelHandlerCont...
[debug] &amp#27;[35m[W3C]&amp#27;[39m Matched W3C error code 'no such element' to NoSuchElementError
[debug] &amp#27;[35m[BaseDriver]&amp#27;[39m Waited for 2797 ms so far
[debug] &amp#27;[35m[WD Proxy]&amp#27;[39m Matched '/element' to command name 'findElement'
[debug] &amp#27;[35m[WD Proxy]&amp#27;[39m Proxying [POST /element] to [POST http://127.0.0.1:8210/wd/hub/session/4b37bf81-b76f-4a82-9a15-f969f9a10c46/element] with body: {"strategy":"xpath","selector":"//android.widget.TextView[@text='Maybe later']","context":"","multiple":false}
&amp#27;[35m[WD Proxy]&amp#27;[39m Got response with status 404: {"sessionId":"4b37bf81-b76f-4a82-9a15-f969f9a10c46","value":{"error":"no such element","message":"An element could not be located on the page using the given search parameters","stacktrace":"io.appium.uiautomator2.common.exceptions.ElementNotFoundException: An element could not be located on the page using the given search parameters\n\tat io.appium.uiautomator2.handler.FindElement.findElement(FindElement.java:90)\n\tat io.appium.uiautomator2.handler.FindElement.safeHandle(FindElement.java:67)\n\tat io.appium.uiautomator2.handler.request.SafeRequestHandler.handle(SafeRequestHandler.java:59)\n\tat io.appium.uiautomator2.server.AppiumServlet.handleRequest(AppiumServlet.java:266)\n\tat io.appium.uiautomator2.server.AppiumServlet.handleHttpRequest(AppiumServlet.java:260)\n\tat io.appium.uiautomator2.http.ServerHandler.channelRead(ServerHandler.java:68)\n\tat io.netty.channel.AbstractChannelHandlerContext.invokeChannelRead(AbstractChannelHandlerContext.java:366)\n\tat io.netty.channel.AbstractChannelHandlerCont...
[debug] &amp#27;[35m[W3C]&amp#27;[39m Matched W3C error code 'no such element' to NoSuchElementError
[debug] &amp#27;[35m[BaseDriver]&amp#27;[39m Waited for 3364 ms so far
[debug] &amp#27;[35m[WD Proxy]&amp#27;[39m Matched '/element' to command name 'findElement'
[debug] &amp#27;[35m[WD Proxy]&amp#27;[39m Proxying [POST /element] to [POST http://127.0.0.1:8210/wd/hub/session/4b37bf81-b76f-4a82-9a15-f969f9a10c46/element] with body: {"strategy":"xpath","selector":"//android.widget.TextView[@text='Maybe later']","context":"","multiple":false}
&amp#27;[35m[WD Proxy]&amp#27;[39m Got response with status 404: {"sessionId":"4b37bf81-b76f-4a82-9a15-f969f9a10c46","value":{"error":"no such element","message":"An element could not be located on the page using the given search parameters","stacktrace":"io.appium.uiautomator2.common.exceptions.ElementNotFoundException: An element could not be located on the page using the given search parameters\n\tat io.appium.uiautomator2.handler.FindElement.findElement(FindElement.java:90)\n\tat io.appium.uiautomator2.handler.FindElement.safeHandle(FindElement.java:67)\n\tat io.appium.uiautomator2.handler.request.SafeRequestHandler.handle(SafeRequestHandler.java:59)\n\tat io.appium.uiautomator2.server.AppiumServlet.handleRequest(AppiumServlet.java:266)\n\tat io.appium.uiautomator2.server.AppiumServlet.handleHttpRequest(AppiumServlet.java:260)\n\tat io.appium.uiautomator2.http.ServerHandler.channelRead(ServerHandler.java:68)\n\tat io.netty.channel.AbstractChannelHandlerContext.invokeChannelRead(AbstractChannelHandlerContext.java:366)\n\tat io.netty.channel.AbstractChannelHandlerCont...
[debug] &amp#27;[35m[W3C]&amp#27;[39m Matched W3C error code 'no such element' to NoSuchElementError
[debug] &amp#27;[35m[BaseDriver]&amp#27;[39m Waited for 3954 ms so far
[debug] &amp#27;[35m[WD Proxy]&amp#27;[39m Matched '/element' to command name 'findElement'
[debug] &amp#27;[35m[WD Proxy]&amp#27;[39m Proxying [POST /element] to [POST http://127.0.0.1:8210/wd/hub/session/4b37bf81-b76f-4a82-9a15-f969f9a10c46/element] with body: {"strategy":"xpath","selector":"//android.widget.TextView[@text='Maybe later']","context":"","multiple":false}
&amp#27;[35m[WD Proxy]&amp#27;[39m Got response with status 404: {"sessionId":"4b37bf81-b76f-4a82-9a15-f969f9a10c46","value":{"error":"no such element","message":"An element could not be located on the page using the given search parameters","stacktrace":"io.appium.uiautomator2.common.exceptions.ElementNotFoundException: An element could not be located on the page using the given search parameters\n\tat io.appium.uiautomator2.handler.FindElement.findElement(FindElement.java:90)\n\tat io.appium.uiautomator2.handler.FindElement.safeHandle(FindElement.java:67)\n\tat io.appium.uiautomator2.handler.request.SafeRequestHandler.handle(SafeRequestHandler.java:59)\n\tat io.appium.uiautomator2.server.AppiumServlet.handleRequest(AppiumServlet.java:266)\n\tat io.appium.uiautomator2.server.AppiumServlet.handleHttpRequest(AppiumServlet.java:260)\n\tat io.appium.uiautomator2.http.ServerHandler.channelRead(ServerHandler.java:68)\n\tat io.netty.channel.AbstractChannelHandlerContext.invokeChannelRead(AbstractChannelHandlerContext.java:366)\n\tat io.netty.channel.AbstractChannelHandlerCont...
[debug] &amp#27;[35m[W3C]&amp#27;[39m Matched W3C error code 'no such element' to NoSuchElementError
[debug] &amp#27;[35m[BaseDriver]&amp#27;[39m Waited for 4526 ms so far
[debug] &amp#27;[35m[WD Proxy]&amp#27;[39m Matched '/element' to command name 'findElement'
[debug] &amp#27;[35m[WD Proxy]&amp#27;[39m Proxying [POST /element] to [POST http://127.0.0.1:8210/wd/hub/session/4b37bf81-b76f-4a82-9a15-f969f9a10c46/element] with body: {"strategy":"xpath","selector":"//android.widget.TextView[@text='Maybe later']","context":"","multiple":false}
&amp#27;[35m[WD Proxy]&amp#27;[39m Got response with status 404: {"sessionId":"4b37bf81-b76f-4a82-9a15-f969f9a10c46","value":{"error":"no such element","message":"An element could not be located on the page using the given search parameters","stacktrace":"io.appium.uiautomator2.common.exceptions.ElementNotFoundException: An element could not be located on the page using the given search parameters\n\tat io.appium.uiautomator2.handler.FindElement.findElement(FindElement.java:90)\n\tat io.appium.uiautomator2.handler.FindElement.safeHandle(FindElement.java:67)\n\tat io.appium.uiautomator2.handler.request.SafeRequestHandler.handle(SafeRequestHandler.java:59)\n\tat io.appium.uiautomator2.server.AppiumServlet.handleRequest(AppiumServlet.java:266)\n\tat io.appium.uiautomator2.server.AppiumServlet.handleHttpRequest(AppiumServlet.java:260)\n\tat io.appium.uiautomator2.http.ServerHandler.channelRead(ServerHandler.java:68)\n\tat io.netty.channel.AbstractChannelHandlerContext.invokeChannelRead(AbstractChannelHandlerContext.java:366)\n\tat io.netty.channel.AbstractChannelHandlerCont...
[debug] &amp#27;[35m[W3C]&amp#27;[39m Matched W3C error code 'no such element' to NoSuchElementError
[debug] &amp#27;[35m[BaseDriver]&amp#27;[39m Waited for 5108 ms so far
[debug] &amp#27;[35m[WD Proxy]&amp#27;[39m Matched '/element' to command name 'findElement'
[debug] &amp#27;[35m[WD Proxy]&amp#27;[39m Proxying [POST /element] to [POST http://127.0.0.1:8210/wd/hub/session/4b37bf81-b76f-4a82-9a15-f969f9a10c46/element] with body: {"strategy":"xpath","selector":"//android.widget.TextView[@text='Maybe later']","context":"","multiple":false}
&amp#27;[35m[WD Proxy]&amp#27;[39m Got response with status 404: {"sessionId":"4b37bf81-b76f-4a82-9a15-f969f9a10c46","value":{"error":"no such element","message":"An element could not be located on the page using the given search parameters","stacktrace":"io.appium.uiautomator2.common.exceptions.ElementNotFoundException: An element could not be located on the page using the given search parameters\n\tat io.appium.uiautomator2.handler.FindElement.findElement(FindElement.java:90)\n\tat io.appium.uiautomator2.handler.FindElement.safeHandle(FindElement.java:67)\n\tat io.appium.uiautomator2.handler.request.SafeRequestHandler.handle(SafeRequestHandler.java:59)\n\tat io.appium.uiautomator2.server.AppiumServlet.handleRequest(AppiumServlet.java:266)\n\tat io.appium.uiautomator2.server.AppiumServlet.handleHttpRequest(AppiumServlet.java:260)\n\tat io.appium.uiautomator2.http.ServerHandler.channelRead(ServerHandler.java:68)\n\tat io.netty.channel.AbstractChannelHandlerContext.invokeChannelRead(AbstractChannelHandlerContext.java:366)\n\tat io.netty.channel.AbstractChannelHandlerCont...
[debug] &amp#27;[35m[W3C]&amp#27;[39m Matched W3C error code 'no such element' to NoSuchElementError
[debug] &amp#27;[35m[BaseDriver]&amp#27;[39m Waited for 5680 ms so far
[debug] &amp#27;[35m[WD Proxy]&amp#27;[39m Matched '/element' to command name 'findElement'
[debug] &amp#27;[35m[WD Proxy]&amp#27;[39m Proxying [POST /element] to [POST http://127.0.0.1:8210/wd/hub/session/4b37bf81-b76f-4a82-9a15-f969f9a10c46/element] with body: {"strategy":"xpath","selector":"//android.widget.TextView[@text='Maybe later']","context":"","multiple":false}
&amp#27;[35m[WD Proxy]&amp#27;[39m Got response with status 404: {"sessionId":"4b37bf81-b76f-4a82-9a15-f969f9a10c46","value":{"error":"no such element","message":"An element could not be located on the page using the given search parameters","stacktrace":"io.appium.uiautomator2.common.exceptions.ElementNotFoundException: An element could not be located on the page using the given search parameters\n\tat io.appium.uiautomator2.handler.FindElement.findElement(FindElement.java:90)\n\tat io.appium.uiautomator2.handler.FindElement.safeHandle(FindElement.java:67)\n\tat io.appium.uiautomator2.handler.request.SafeRequestHandler.handle(SafeRequestHandler.java:59)\n\tat io.appium.uiautomator2.server.AppiumServlet.handleRequest(AppiumServlet.java:266)\n\tat io.appium.uiautomator2.server.AppiumServlet.handleHttpRequest(AppiumServlet.java:260)\n\tat io.appium.uiautomator2.http.ServerHandler.channelRead(ServerHandler.java:68)\n\tat io.netty.channel.AbstractChannelHandlerContext.invokeChannelRead(AbstractChannelHandlerContext.java:366)\n\tat io.netty.channel.AbstractChannelHandlerCont...
[debug] &amp#27;[35m[W3C]&amp#27;[39m Matched W3C error code 'no such element' to NoSuchElementError
[debug] &amp#27;[35m[BaseDriver]&amp#27;[39m Waited for 6251 ms so far
[debug] &amp#27;[35m[WD Proxy]&amp#27;[39m Matched '/element' to command name 'findElement'
[debug] &amp#27;[35m[WD Proxy]&amp#27;[39m Proxying [POST /element] to [POST http://127.0.0.1:8210/wd/hub/session/4b37bf81-b76f-4a82-9a15-f969f9a10c46/element] with body: {"strategy":"xpath","selector":"//android.widget.TextView[@text='Maybe later']","context":"","multiple":false}
&amp#27;[35m[WD Proxy]&amp#27;[39m Got response with status 404: {"sessionId":"4b37bf81-b76f-4a82-9a15-f969f9a10c46","value":{"error":"no such element","message":"An element could not be located on the page using the given search parameters","stacktrace":"io.appium.uiautomator2.common.exceptions.ElementNotFoundException: An element could not be located on the page using the given search parameters\n\tat io.appium.uiautomator2.handler.FindElement.findElement(FindElement.java:90)\n\tat io.appium.uiautomator2.handler.FindElement.safeHandle(FindElement.java:67)\n\tat io.appium.uiautomator2.handler.request.SafeRequestHandler.handle(SafeRequestHandler.java:59)\n\tat io.appium.uiautomator2.server.AppiumServlet.handleRequest(AppiumServlet.java:266)\n\tat io.appium.uiautomator2.server.AppiumServlet.handleHttpRequest(AppiumServlet.java:260)\n\tat io.appium.uiautomator2.http.ServerHandler.channelRead(ServerHandler.java:68)\n\tat io.netty.channel.AbstractChannelHandlerContext.invokeChannelRead(AbstractChannelHandlerContext.java:366)\n\tat io.netty.channel.AbstractChannelHandlerCont...
[debug] &amp#27;[35m[W3C]&amp#27;[39m Matched W3C error code 'no such element' to NoSuchElementError
[debug] &amp#27;[35m[BaseDriver]&amp#27;[39m Waited for 6810 ms so far
[debug] &amp#27;[35m[WD Proxy]&amp#27;[39m Matched '/element' to command name 'findElement'
[debug] &amp#27;[35m[WD Proxy]&amp#27;[39m Proxying [POST /element] to [POST http://127.0.0.1:8210/wd/hub/session/4b37bf81-b76f-4a82-9a15-f969f9a10c46/element] with body: {"strategy":"xpath","selector":"//android.widget.TextView[@text='Maybe later']","context":"","multiple":false}
&amp#27;[35m[WD Proxy]&amp#27;[39m Got response with status 404: {"sessionId":"4b37bf81-b76f-4a82-9a15-f969f9a10c46","value":{"error":"no such element","message":"An element could not be located on the page using the given search parameters","stacktrace":"io.appium.uiautomator2.common.exceptions.ElementNotFoundException: An element could not be located on the page using the given search parameters\n\tat io.appium.uiautomator2.handler.FindElement.findElement(FindElement.java:90)\n\tat io.appium.uiautomator2.handler.FindElement.safeHandle(FindElement.java:67)\n\tat io.appium.uiautomator2.handler.request.SafeRequestHandler.handle(SafeRequestHandler.java:59)\n\tat io.appium.uiautomator2.server.AppiumServlet.handleRequest(AppiumServlet.java:266)\n\tat io.appium.uiautomator2.server.AppiumServlet.handleHttpRequest(AppiumServlet.java:260)\n\tat io.appium.uiautomator2.http.ServerHandler.channelRead(ServerHandler.java:68)\n\tat io.netty.channel.AbstractChannelHandlerContext.invokeChannelRead(AbstractChannelHandlerContext.java:366)\n\tat io.netty.channel.AbstractChannelHandlerCont...
[debug] &amp#27;[35m[W3C]&amp#27;[39m Matched W3C error code 'no such element' to NoSuchElementError
[debug] &amp#27;[35m[BaseDriver]&amp#27;[39m Waited for 7379 ms so far
[debug] &amp#27;[35m[WD Proxy]&amp#27;[39m Matched '/element' to command name 'findElement'
[debug] &amp#27;[35m[WD Proxy]&amp#27;[39m Proxying [POST /element] to [POST http://127.0.0.1:8210/wd/hub/session/4b37bf81-b76f-4a82-9a15-f969f9a10c46/element] with body: {"strategy":"xpath","selector":"//android.widget.TextView[@text='Maybe later']","context":"","multiple":false}
&amp#27;[35m[WD Proxy]&amp#27;[39m Got response with status 404: {"sessionId":"4b37bf81-b76f-4a82-9a15-f969f9a10c46","value":{"error":"no such element","message":"An element could not be located on the page using the given search parameters","stacktrace":"io.appium.uiautomator2.common.exceptions.ElementNotFoundException: An element could not be located on the page using the given search parameters\n\tat io.appium.uiautomator2.handler.FindElement.findElement(FindElement.java:90)\n\tat io.appium.uiautomator2.handler.FindElement.safeHandle(FindElement.java:67)\n\tat io.appium.uiautomator2.handler.request.SafeRequestHandler.handle(SafeRequestHandler.java:59)\n\tat io.appium.uiautomator2.server.AppiumServlet.handleRequest(AppiumServlet.java:266)\n\tat io.appium.uiautomator2.server.AppiumServlet.handleHttpRequest(AppiumServlet.java:260)\n\tat io.appium.uiautomator2.http.ServerHandler.channelRead(ServerHandler.java:68)\n\tat io.netty.channel.AbstractChannelHandlerContext.invokeChannelRead(AbstractChannelHandlerContext.java:366)\n\tat io.netty.channel.AbstractChannelHandlerCont...
[debug] &amp#27;[35m[W3C]&amp#27;[39m Matched W3C error code 'no such element' to NoSuchElementError
[debug] &amp#27;[35m[BaseDriver]&amp#27;[39m Waited for 7940 ms so far
[debug] &amp#27;[35m[WD Proxy]&amp#27;[39m Matched '/element' to command name 'findElement'
[debug] &amp#27;[35m[WD Proxy]&amp#27;[39m Proxying [POST /element] to [POST http://127.0.0.1:8210/wd/hub/session/4b37bf81-b76f-4a82-9a15-f969f9a10c46/element] with body: {"strategy":"xpath","selector":"//android.widget.TextView[@text='Maybe later']","context":"","multiple":false}
&amp#27;[35m[WD Proxy]&amp#27;[39m Got response with status 404: {"sessionId":"4b37bf81-b76f-4a82-9a15-f969f9a10c46","value":{"error":"no such element","message":"An element could not be located on the page using the given search parameters","stacktrace":"io.appium.uiautomator2.common.exceptions.ElementNotFoundException: An element could not be located on the page using the given search parameters\n\tat io.appium.uiautomator2.handler.FindElement.findElement(FindElement.java:90)\n\tat io.appium.uiautomator2.handler.FindElement.safeHandle(FindElement.java:67)\n\tat io.appium.uiautomator2.handler.request.SafeRequestHandler.handle(SafeRequestHandler.java:59)\n\tat io.appium.uiautomator2.server.AppiumServlet.handleRequest(AppiumServlet.java:266)\n\tat io.appium.uiautomator2.server.AppiumServlet.handleHttpRequest(AppiumServlet.java:260)\n\tat io.appium.uiautomator2.http.ServerHandler.channelRead(ServerHandler.java:68)\n\tat io.netty.channel.AbstractChannelHandlerContext.invokeChannelRead(AbstractChannelHandlerContext.java:366)\n\tat io.netty.channel.AbstractChannelHandlerCont...
[debug] &amp#27;[35m[W3C]&amp#27;[39m Matched W3C error code 'no such element' to NoSuchElementError
[debug] &amp#27;[35m[BaseDriver]&amp#27;[39m Waited for 8503 ms so far
[debug] &amp#27;[35m[WD Proxy]&amp#27;[39m Matched '/element' to command name 'findElement'
[debug] &amp#27;[35m[WD Proxy]&amp#27;[39m Proxying [POST /element] to [POST http://127.0.0.1:8210/wd/hub/session/4b37bf81-b76f-4a82-9a15-f969f9a10c46/element] with body: {"strategy":"xpath","selector":"//android.widget.TextView[@text='Maybe later']","context":"","multiple":false}
&amp#27;[35m[WD Proxy]&amp#27;[39m Got response with status 404: {"sessionId":"4b37bf81-b76f-4a82-9a15-f969f9a10c46","value":{"error":"no such element","message":"An element could not be located on the page using the given search parameters","stacktrace":"io.appium.uiautomator2.common.exceptions.ElementNotFoundException: An element could not be located on the page using the given search parameters\n\tat io.appium.uiautomator2.handler.FindElement.findElement(FindElement.java:90)\n\tat io.appium.uiautomator2.handler.FindElement.safeHandle(FindElement.java:67)\n\tat io.appium.uiautomator2.handler.request.SafeRequestHandler.handle(SafeRequestHandler.java:59)\n\tat io.appium.uiautomator2.server.AppiumServlet.handleRequest(AppiumServlet.java:266)\n\tat io.appium.uiautomator2.server.AppiumServlet.handleHttpRequest(AppiumServlet.java:260)\n\tat io.appium.uiautomator2.http.ServerHandler.channelRead(ServerHandler.java:68)\n\tat io.netty.channel.AbstractChannelHandlerContext.invokeChannelRead(AbstractChannelHandlerContext.java:366)\n\tat io.netty.channel.AbstractChannelHandlerCont...
[debug] &amp#27;[35m[W3C]&amp#27;[39m Matched W3C error code 'no such element' to NoSuchElementError
[debug] &amp#27;[35m[BaseDriver]&amp#27;[39m Waited for 9075 ms so far
[debug] &amp#27;[35m[WD Proxy]&amp#27;[39m Matched '/element' to command name 'findElement'
[debug] &amp#27;[35m[WD Proxy]&amp#27;[39m Proxying [POST /element] to [POST http://127.0.0.1:8210/wd/hub/session/4b37bf81-b76f-4a82-9a15-f969f9a10c46/element] with body: {"strategy":"xpath","selector":"//android.widget.TextView[@text='Maybe later']","context":"","multiple":false}
&amp#27;[35m[WD Proxy]&amp#27;[39m Got response with status 404: {"sessionId":"4b37bf81-b76f-4a82-9a15-f969f9a10c46","value":{"error":"no such element","message":"An element could not be located on the page using the given search parameters","stacktrace":"io.appium.uiautomator2.common.exceptions.ElementNotFoundException: An element could not be located on the page using the given search parameters\n\tat io.appium.uiautomator2.handler.FindElement.findElement(FindElement.java:90)\n\tat io.appium.uiautomator2.handler.FindElement.safeHandle(FindElement.java:67)\n\tat io.appium.uiautomator2.handler.request.SafeRequestHandler.handle(SafeRequestHandler.java:59)\n\tat io.appium.uiautomator2.server.AppiumServlet.handleRequest(AppiumServlet.java:266)\n\tat io.appium.uiautomator2.server.AppiumServlet.handleHttpRequest(AppiumServlet.java:260)\n\tat io.appium.uiautomator2.http.ServerHandler.channelRead(ServerHandler.java:68)\n\tat io.netty.channel.AbstractChannelHandlerContext.invokeChannelRead(AbstractChannelHandlerContext.java:366)\n\tat io.netty.channel.AbstractChannelHandlerCont...
[debug] &amp#27;[35m[W3C]&amp#27;[39m Matched W3C error code 'no such element' to NoSuchElementError
[debug] &amp#27;[35m[BaseDriver]&amp#27;[39m Waited for 9643 ms so far
[debug] &amp#27;[35m[WD Proxy]&amp#27;[39m Matched '/element' to command name 'findElement'
[debug] &amp#27;[35m[WD Proxy]&amp#27;[39m Proxying [POST /element] to [POST http://127.0.0.1:8210/wd/hub/session/4b37bf81-b76f-4a82-9a15-f969f9a10c46/element] with body: {"strategy":"xpath","selector":"//android.widget.TextView[@text='Maybe later']","context":"","multiple":false}
&amp#27;[35m[WD Proxy]&amp#27;[39m Got response with status 404: {"sessionId":"4b37bf81-b76f-4a82-9a15-f969f9a10c46","value":{"error":"no such element","message":"An element could not be located on the page using the given search parameters","stacktrace":"io.appium.uiautomator2.common.exceptions.ElementNotFoundException: An element could not be located on the page using the given search parameters\n\tat io.appium.uiautomator2.handler.FindElement.findElement(FindElement.java:90)\n\tat io.appium.uiautomator2.handler.FindElement.safeHandle(FindElement.java:67)\n\tat io.appium.uiautomator2.handler.request.SafeRequestHandler.handle(SafeRequestHandler.java:59)\n\tat io.appium.uiautomator2.server.AppiumServlet.handleRequest(AppiumServlet.java:266)\n\tat io.appium.uiautomator2.server.AppiumServlet.handleHttpRequest(AppiumServlet.java:260)\n\tat io.appium.uiautomator2.http.ServerHandler.channelRead(ServerHandler.java:68)\n\tat io.netty.channel.AbstractChannelHandlerContext.invokeChannelRead(AbstractChannelHandlerContext.java:366)\n\tat io.netty.channel.AbstractChannelHandlerCont...
[debug] &amp#27;[35m[W3C]&amp#27;[39m Matched W3C error code 'no such element' to NoSuchElementError
[debug] &amp#27;[35m[BaseDriver]&amp#27;[39m Waited for 10209 ms so far
[debug] &amp#27;[35m[WD Proxy]&amp#27;[39m Matched '/element' to command name 'findElement'
[debug] &amp#27;[35m[WD Proxy]&amp#27;[39m Proxying [POST /element] to [POST http://127.0.0.1:8210/wd/hub/session/4b37bf81-b76f-4a82-9a15-f969f9a10c46/element] with body: {"strategy":"xpath","selector":"//android.widget.TextView[@text='Maybe later']","context":"","multiple":false}
&amp#27;[35m[WD Proxy]&amp#27;[39m Got response with status 404: {"sessionId":"4b37bf81-b76f-4a82-9a15-f969f9a10c46","value":{"error":"no such element","message":"An element could not be located on the page using the given search parameters","stacktrace":"io.appium.uiautomator2.common.exceptions.ElementNotFoundException: An element could not be located on the page using the given search parameters\n\tat io.appium.uiautomator2.handler.FindElement.findElement(FindElement.java:90)\n\tat io.appium.uiautomator2.handler.FindElement.safeHandle(FindElement.java:67)\n\tat io.appium.uiautomator2.handler.request.SafeRequestHandler.handle(SafeRequestHandler.java:59)\n\tat io.appium.uiautomator2.server.AppiumServlet.handleRequest(AppiumServlet.java:266)\n\tat io.appium.uiautomator2.server.AppiumServlet.handleHttpRequest(AppiumServlet.java:260)\n\tat io.appium.uiautomator2.http.ServerHandler.channelRead(ServerHandler.java:68)\n\tat io.netty.channel.AbstractChannelHandlerContext.invokeChannelRead(AbstractChannelHandlerContext.java:366)\n\tat io.netty.channel.AbstractChannelHandlerCont...
[debug] &amp#27;[35m[W3C]&amp#27;[39m Matched W3C error code 'no such element' to NoSuchElementError
[debug] &amp#27;[35m[BaseDriver]&amp#27;[39m Waited for 10777 ms so far
[debug] &amp#27;[35m[WD Proxy]&amp#27;[39m Matched '/element' to command name 'findElement'
[debug] &amp#27;[35m[WD Proxy]&amp#27;[39m Proxying [POST /element] to [POST http://127.0.0.1:8210/wd/hub/session/4b37bf81-b76f-4a82-9a15-f969f9a10c46/element] with body: {"strategy":"xpath","selector":"//android.widget.TextView[@text='Maybe later']","context":"","multiple":false}
&amp#27;[35m[WD Proxy]&amp#27;[39m Got response with status 404: {"sessionId":"4b37bf81-b76f-4a82-9a15-f969f9a10c46","value":{"error":"no such element","message":"An element could not be located on the page using the given search parameters","stacktrace":"io.appium.uiautomator2.common.exceptions.ElementNotFoundException: An element could not be located on the page using the given search parameters\n\tat io.appium.uiautomator2.handler.FindElement.findElement(FindElement.java:90)\n\tat io.appium.uiautomator2.handler.FindElement.safeHandle(FindElement.java:67)\n\tat io.appium.uiautomator2.handler.request.SafeRequestHandler.handle(SafeRequestHandler.java:59)\n\tat io.appium.uiautomator2.server.AppiumServlet.handleRequest(AppiumServlet.java:266)\n\tat io.appium.uiautomator2.server.AppiumServlet.handleHttpRequest(AppiumServlet.java:260)\n\tat io.appium.uiautomator2.http.ServerHandler.channelRead(ServerHandler.java:68)\n\tat io.netty.channel.AbstractChannelHandlerContext.invokeChannelRead(AbstractChannelHandlerContext.java:366)\n\tat io.netty.channel.AbstractChannelHandlerCont...
[debug] &amp#27;[35m[W3C]&amp#27;[39m Matched W3C error code 'no such element' to NoSuchElementError
[debug] &amp#27;[35m[BaseDriver]&amp#27;[39m Waited for 11338 ms so far
[debug] &amp#27;[35m[WD Proxy]&amp#27;[39m Matched '/element' to command name 'findElement'
[debug] &amp#27;[35m[WD Proxy]&amp#27;[39m Proxying [POST /element] to [POST http://127.0.0.1:8210/wd/hub/session/4b37bf81-b76f-4a82-9a15-f969f9a10c46/element] with body: {"strategy":"xpath","selector":"//android.widget.TextView[@text='Maybe later']","context":"","multiple":false}
&amp#27;[35m[WD Proxy]&amp#27;[39m Got response with status 404: {"sessionId":"4b37bf81-b76f-4a82-9a15-f969f9a10c46","value":{"error":"no such element","message":"An element could not be located on the page using the given search parameters","stacktrace":"io.appium.uiautomator2.common.exceptions.ElementNotFoundException: An element could not be located on the page using the given search parameters\n\tat io.appium.uiautomator2.handler.FindElement.findElement(FindElement.java:90)\n\tat io.appium.uiautomator2.handler.FindElement.safeHandle(FindElement.java:67)\n\tat io.appium.uiautomator2.handler.request.SafeRequestHandler.handle(SafeRequestHandler.java:59)\n\tat io.appium.uiautomator2.server.AppiumServlet.handleRequest(AppiumServlet.java:266)\n\tat io.appium.uiautomator2.server.AppiumServlet.handleHttpRequest(AppiumServlet.java:260)\n\tat io.appium.uiautomator2.http.ServerHandler.channelRead(ServerHandler.java:68)\n\tat io.netty.channel.AbstractChannelHandlerContext.invokeChannelRead(AbstractChannelHandlerContext.java:366)\n\tat io.netty.channel.AbstractChannelHandlerCont...
[debug] &amp#27;[35m[W3C]&amp#27;[39m Matched W3C error code 'no such element' to NoSuchElementError
[debug] &amp#27;[35m[BaseDriver]&amp#27;[39m Waited for 11914 ms so far
[debug] &amp#27;[35m[WD Proxy]&amp#27;[39m Matched '/element' to command name 'findElement'
[debug] &amp#27;[35m[WD Proxy]&amp#27;[39m Proxying [POST /element] to [POST http://127.0.0.1:8210/wd/hub/session/4b37bf81-b76f-4a82-9a15-f969f9a10c46/element] with body: {"strategy":"xpath","selector":"//android.widget.TextView[@text='Maybe later']","context":"","multiple":false}
&amp#27;[35m[WD Proxy]&amp#27;[39m Got response with status 404: {"sessionId":"4b37bf81-b76f-4a82-9a15-f969f9a10c46","value":{"error":"no such element","message":"An element could not be located on the page using the given search parameters","stacktrace":"io.appium.uiautomator2.common.exceptions.ElementNotFoundException: An element could not be located on the page using the given search parameters\n\tat io.appium.uiautomator2.handler.FindElement.findElement(FindElement.java:90)\n\tat io.appium.uiautomator2.handler.FindElement.safeHandle(FindElement.java:67)\n\tat io.appium.uiautomator2.handler.request.SafeRequestHandler.handle(SafeRequestHandler.java:59)\n\tat io.appium.uiautomator2.server.AppiumServlet.handleRequest(AppiumServlet.java:266)\n\tat io.appium.uiautomator2.server.AppiumServlet.handleHttpRequest(AppiumServlet.java:260)\n\tat io.appium.uiautomator2.http.ServerHandler.channelRead(ServerHandler.java:68)\n\tat io.netty.channel.AbstractChannelHandlerContext.invokeChannelRead(AbstractChannelHandlerContext.java:366)\n\tat io.netty.channel.AbstractChannelHandlerCont...
[debug] &amp#27;[35m[W3C]&amp#27;[39m Matched W3C error code 'no such element' to NoSuchElementError
[debug] &amp#27;[35m[BaseDriver]&amp#27;[39m Waited for 12497 ms so far
[debug] &amp#27;[35m[WD Proxy]&amp#27;[39m Matched '/element' to command name 'findElement'
[debug] &amp#27;[35m[WD Proxy]&amp#27;[39m Proxying [POST /element] to [POST http://127.0.0.1:8210/wd/hub/session/4b37bf81-b76f-4a82-9a15-f969f9a10c46/element] with body: {"strategy":"xpath","selector":"//android.widget.TextView[@text='Maybe later']","context":"","multiple":false}
&amp#27;[35m[WD Proxy]&amp#27;[39m Got response with status 404: {"sessionId":"4b37bf81-b76f-4a82-9a15-f969f9a10c46","value":{"error":"no such element","message":"An element could not be located on the page using the given search parameters","stacktrace":"io.appium.uiautomator2.common.exceptions.ElementNotFoundException: An element could not be located on the page using the given search parameters\n\tat io.appium.uiautomator2.handler.FindElement.findElement(FindElement.java:90)\n\tat io.appium.uiautomator2.handler.FindElement.safeHandle(FindElement.java:67)\n\tat io.appium.uiautomator2.handler.request.SafeRequestHandler.handle(SafeRequestHandler.java:59)\n\tat io.appium.uiautomator2.server.AppiumServlet.handleRequest(AppiumServlet.java:266)\n\tat io.appium.uiautomator2.server.AppiumServlet.handleHttpRequest(AppiumServlet.java:260)\n\tat io.appium.uiautomator2.http.ServerHandler.channelRead(ServerHandler.java:68)\n\tat io.netty.channel.AbstractChannelHandlerContext.invokeChannelRead(AbstractChannelHandlerContext.java:366)\n\tat io.netty.channel.AbstractChannelHandlerCont...
[debug] &amp#27;[35m[W3C]&amp#27;[39m Matched W3C error code 'no such element' to NoSuchElementError
[debug] &amp#27;[35m[BaseDriver]&amp#27;[39m Waited for 13063 ms so far
[debug] &amp#27;[35m[WD Proxy]&amp#27;[39m Matched '/element' to command name 'findElement'
[debug] &amp#27;[35m[WD Proxy]&amp#27;[39m Proxying [POST /element] to [POST http://127.0.0.1:8210/wd/hub/session/4b37bf81-b76f-4a82-9a15-f969f9a10c46/element] with body: {"strategy":"xpath","selector":"//android.widget.TextView[@text='Maybe later']","context":"","multiple":false}
&amp#27;[35m[WD Proxy]&amp#27;[39m Got response with status 404: {"sessionId":"4b37bf81-b76f-4a82-9a15-f969f9a10c46","value":{"error":"no such element","message":"An element could not be located on the page using the given search parameters","stacktrace":"io.appium.uiautomator2.common.exceptions.ElementNotFoundException: An element could not be located on the page using the given search parameters\n\tat io.appium.uiautomator2.handler.FindElement.findElement(FindElement.java:90)\n\tat io.appium.uiautomator2.handler.FindElement.safeHandle(FindElement.java:67)\n\tat io.appium.uiautomator2.handler.request.SafeRequestHandler.handle(SafeRequestHandler.java:59)\n\tat io.appium.uiautomator2.server.AppiumServlet.handleRequest(AppiumServlet.java:266)\n\tat io.appium.uiautomator2.server.AppiumServlet.handleHttpRequest(AppiumServlet.java:260)\n\tat io.appium.uiautomator2.http.ServerHandler.channelRead(ServerHandler.java:68)\n\tat io.netty.channel.AbstractChannelHandlerContext.invokeChannelRead(AbstractChannelHandlerContext.java:366)\n\tat io.netty.channel.AbstractChannelHandlerCont...
[debug] &amp#27;[35m[W3C]&amp#27;[39m Matched W3C error code 'no such element' to NoSuchElementError
[debug] &amp#27;[35m[BaseDriver]&amp#27;[39m Waited for 13622 ms so far
[debug] &amp#27;[35m[WD Proxy]&amp#27;[39m Matched '/element' to command name 'findElement'
[debug] &amp#27;[35m[WD Proxy]&amp#27;[39m Proxying [POST /element] to [POST http://127.0.0.1:8210/wd/hub/session/4b37bf81-b76f-4a82-9a15-f969f9a10c46/element] with body: {"strategy":"xpath","selector":"//android.widget.TextView[@text='Maybe later']","context":"","multiple":false}
&amp#27;[35m[WD Proxy]&amp#27;[39m Got response with status 404: {"sessionId":"4b37bf81-b76f-4a82-9a15-f969f9a10c46","value":{"error":"no such element","message":"An element could not be located on the page using the given search parameters","stacktrace":"io.appium.uiautomator2.common.exceptions.ElementNotFoundException: An element could not be located on the page using the given search parameters\n\tat io.appium.uiautomator2.handler.FindElement.findElement(FindElement.java:90)\n\tat io.appium.uiautomator2.handler.FindElement.safeHandle(FindElement.java:67)\n\tat io.appium.uiautomator2.handler.request.SafeRequestHandler.handle(SafeRequestHandler.java:59)\n\tat io.appium.uiautomator2.server.AppiumServlet.handleRequest(AppiumServlet.java:266)\n\tat io.appium.uiautomator2.server.AppiumServlet.handleHttpRequest(AppiumServlet.java:260)\n\tat io.appium.uiautomator2.http.ServerHandler.channelRead(ServerHandler.java:68)\n\tat io.netty.channel.AbstractChannelHandlerContext.invokeChannelRead(AbstractChannelHandlerContext.java:366)\n\tat io.netty.channel.AbstractChannelHandlerCont...
[debug] &amp#27;[35m[W3C]&amp#27;[39m Matched W3C error code 'no such element' to NoSuchElementError
[debug] &amp#27;[35m[BaseDriver]&amp#27;[39m Waited for 14189 ms so far
[debug] &amp#27;[35m[WD Proxy]&amp#27;[39m Matched '/element' to command name 'findElement'
[debug] &amp#27;[35m[WD Proxy]&amp#27;[39m Proxying [POST /element] to [POST http://127.0.0.1:8210/wd/hub/session/4b37bf81-b76f-4a82-9a15-f969f9a10c46/element] with body: {"strategy":"xpath","selector":"//android.widget.TextView[@text='Maybe later']","context":"","multiple":false}
&amp#27;[35m[WD Proxy]&amp#27;[39m Got response with status 404: {"sessionId":"4b37bf81-b76f-4a82-9a15-f969f9a10c46","value":{"error":"no such element","message":"An element could not be located on the page using the given search parameters","stacktrace":"io.appium.uiautomator2.common.exceptions.ElementNotFoundException: An element could not be located on the page using the given search parameters\n\tat io.appium.uiautomator2.handler.FindElement.findElement(FindElement.java:90)\n\tat io.appium.uiautomator2.handler.FindElement.safeHandle(FindElement.java:67)\n\tat io.appium.uiautomator2.handler.request.SafeRequestHandler.handle(SafeRequestHandler.java:59)\n\tat io.appium.uiautomator2.server.AppiumServlet.handleRequest(AppiumServlet.java:266)\n\tat io.appium.uiautomator2.server.AppiumServlet.handleHttpRequest(AppiumServlet.java:260)\n\tat io.appium.uiautomator2.http.ServerHandler.channelRead(ServerHandler.java:68)\n\tat io.netty.channel.AbstractChannelHandlerContext.invokeChannelRead(AbstractChannelHandlerContext.java:366)\n\tat io.netty.channel.AbstractChannelHandlerCont...
[debug] &amp#27;[35m[W3C]&amp#27;[39m Matched W3C error code 'no such element' to NoSuchElementError
[debug] &amp#27;[35m[BaseDriver]&amp#27;[39m Waited for 14748 ms so far
[debug] &amp#27;[35m[WD Proxy]&amp#27;[39m Matched '/element' to command name 'findElement'
[debug] &amp#27;[35m[WD Proxy]&amp#27;[39m Proxying [POST /element] to [POST http://127.0.0.1:8210/wd/hub/session/4b37bf81-b76f-4a82-9a15-f969f9a10c46/element] with body: {"strategy":"xpath","selector":"//android.widget.TextView[@text='Maybe later']","context":"","multiple":false}
&amp#27;[35m[WD Proxy]&amp#27;[39m Got response with status 404: {"sessionId":"4b37bf81-b76f-4a82-9a15-f969f9a10c46","value":{"error":"no such element","message":"An element could not be located on the page using the given search parameters","stacktrace":"io.appium.uiautomator2.common.exceptions.ElementNotFoundException: An element could not be located on the page using the given search parameters\n\tat io.appium.uiautomator2.handler.FindElement.findElement(FindElement.java:90)\n\tat io.appium.uiautomator2.handler.FindElement.safeHandle(FindElement.java:67)\n\tat io.appium.uiautomator2.handler.request.SafeRequestHandler.handle(SafeRequestHandler.java:59)\n\tat io.appium.uiautomator2.server.AppiumServlet.handleRequest(AppiumServlet.java:266)\n\tat io.appium.uiautomator2.server.AppiumServlet.handleHttpRequest(AppiumServlet.java:260)\n\tat io.appium.uiautomator2.http.ServerHandler.channelRead(ServerHandler.java:68)\n\tat io.netty.channel.AbstractChannelHandlerContext.invokeChannelRead(AbstractChannelHandlerContext.java:366)\n\tat io.netty.channel.AbstractChannelHandlerCont...
[debug] &amp#27;[35m[W3C]&amp#27;[39m Matched W3C error code 'no such element' to NoSuchElementError
[debug] &amp#27;[35m[W3C (fdad7854)]&amp#27;[39m Encountered internal error running command: NoSuchElementError: An element could not be located on the page using the given search parameters.
[debug] &amp#27;[35m[W3C (fdad7854)]&amp#27;[39m     at AndroidUiautomator2Driver.findElOrEls (/usr/local/lib/node_modules/appium/node_modules/appium-android-driver/lib/commands/find.js:75:11)
[debug] &amp#27;[35m[W3C (fdad7854)]&amp#27;[39m     at processTicksAndRejections (internal/process/task_queues.js:97:5)
&amp#27;[35m[HTTP]&amp#27;[39m &amp#27;[37m<-- POST /wd/hub/session/fdad7854-1b3a-4d24-beb9-0d50b55a3554/element &amp#27;[39m&amp#27;[33m404&amp#27;[39m &amp#27;[90m15060 ms - 460&amp#27;[39m
&amp#27;[35m[HTTP]&amp#27;[39m &amp#27;[90m&amp#27;[39m
]]></system-out>
    <system-err><![CDATA[Jun 07, 2022 10:26:27 PM io.appium.java_client.remote.AppiumCommandExecutor$1 lambda$0
INFO: Detected dialect: W3C
]]></system-err>
  </testcase>
  <testcase name="LogoutTestCase" classname="SoFaDog.AndroidAutomation.LogoutTest" time="75.581">
    <failure message="An element could not be located on the page using the given search parameters.&#10;For documentation on this error, please visit: https://www.seleniumhq.org/exceptions/no_such_element.html&#10;Build info: version: &apos;3.141.59&apos;, revision: &apos;e82be7d358&apos;, time: &apos;2018-11-14T08:17:03&apos;&#10;System info: host: &apos;Kamals-MacBook-Pro.local&apos;, ip: &apos;2401:4900:4707:863b:7d87:a931:d239:a3d2%en0&apos;, os.name: &apos;Mac OS X&apos;, os.arch: &apos;x86_64&apos;, os.version: &apos;10.16&apos;, java.version: &apos;1.8.0_292&apos;&#10;Driver info: io.appium.java_client.android.AndroidDriver&#10;Capabilities {app: /Users/kamaljhinjer/Documen..., appPackage: dog.fa.so.app, automationName: uiautomator2, chromedriverExecutable: /Users/kamaljhinjer/Documen..., databaseEnabled: false, desired: {app: /Users/kamaljhinjer/Documen..., automationName: uiautomator2, chromedriverExecutable: /Users/kamaljhinjer/Documen..., deviceName: Emulator_Pixel2XL, newCommandTimeout: 180, platformName: android}, deviceApiLevel: 31, deviceManufacturer: Google, deviceModel: sdk_gphone64_x86_64, deviceName: emulator-5554, deviceScreenDensity: 560, deviceScreenSize: 1440x2880, deviceUDID: emulator-5554, javascriptEnabled: true, locationContextEnabled: false, networkConnectionEnabled: true, newCommandTimeout: 180, pixelRatio: 3.5, platform: LINUX, platformName: Android, platformVersion: 12, statBarHeight: 98, takesScreenshot: true, viewportRect: {height: 2614, left: 0, top: 98, width: 1440}, warnings: {}, webStorageEnabled: false}&#10;Session ID: 45b62214-294b-41c0-a0cc-db2656f2ad87&#10;*** Element info: {Using=xpath, value=//android.widget.EditText[@text=&apos;john.doe@email.com&apos;]}" type="org.openqa.selenium.NoSuchElementException"><![CDATA[org.openqa.selenium.NoSuchElementException: 
An element could not be located on the page using the given search parameters.
For documentation on this error, please visit: https://www.seleniumhq.org/exceptions/no_such_element.html
Build info: version: '3.141.59', revision: 'e82be7d358', time: '2018-11-14T08:17:03'
System info: host: 'Kamals-MacBook-Pro.local', ip: '2401:4900:4707:863b:7d87:a931:d239:a3d2%en0', os.name: 'Mac OS X', os.arch: 'x86_64', os.version: '10.16', java.version: '1.8.0_292'
Driver info: io.appium.java_client.android.AndroidDriver
Capabilities {app: /Users/kamaljhinjer/Documen..., appPackage: dog.fa.so.app, automationName: uiautomator2, chromedriverExecutable: /Users/kamaljhinjer/Documen..., databaseEnabled: false, desired: {app: /Users/kamaljhinjer/Documen..., automationName: uiautomator2, chromedriverExecutable: /Users/kamaljhinjer/Documen..., deviceName: Emulator_Pixel2XL, newCommandTimeout: 180, platformName: android}, deviceApiLevel: 31, deviceManufacturer: Google, deviceModel: sdk_gphone64_x86_64, deviceName: emulator-5554, deviceScreenDensity: 560, deviceScreenSize: 1440x2880, deviceUDID: emulator-5554, javascriptEnabled: true, locationContextEnabled: false, networkConnectionEnabled: true, newCommandTimeout: 180, pixelRatio: 3.5, platform: LINUX, platformName: Android, platformVersion: 12, statBarHeight: 98, takesScreenshot: true, viewportRect: {height: 2614, left: 0, top: 98, width: 1440}, warnings: {}, webStorageEnabled: false}
Session ID: 45b62214-294b-41c0-a0cc-db2656f2ad87
*** Element info: {Using=xpath, value=//android.widget.EditText[@text='john.doe@email.com']}
	at SoFaDog.AndroidAutomation.LogoutTest.LogoutTestCase(LogoutTest.java:14)
]]></failure>
    <system-out><![CDATA[Executing After Method and Confirming the Test was executed
Execute After Class
Execute Before Class & passing capabilities to driver every time the Test's Start in New Class
&amp#27;[35m[HTTP]&amp#27;[39m &amp#27;[37m-->&amp#27;[39m &amp#27;[37mPOST&amp#27;[39m &amp#27;[37m/wd/hub/session&amp#27;[39m
&amp#27;[35m[HTTP]&amp#27;[39m &amp#27;[90m{"desiredCapabilities":{"app":"/Users/kamaljhinjer/Documents/Mac_Coding/AndroidAutomation/src/sofadog-debug-services-4.5.3-2.apk","chromedriverExecutable":"/Users/kamaljhinjer/Documents/Mac_Coding/AndroidAutomation/src/chromedriver/chromedriver","newCommandTimeout":180,"automationName":"uiautomator2","platformName":"Android","deviceName":"Emulator_Pixel2XL"},"capabilities":{"firstMatch":[{"appium:app":"/Users/kamaljhinjer/Documents/Mac_Coding/AndroidAutomation/src/sofadog-debug-services-4.5.3-2.apk","appium:automationName":"uiautomator2","appium:chromedriverExecutable":"/Users/kamaljhinjer/Documents/Mac_Coding/AndroidAutomation/src/chromedriver/chromedriver","appium:deviceName":"Emulator_Pixel2XL","appium:newCommandTimeout":180,"platformName":"android"}]}}&amp#27;[39m
[debug] &amp#27;[35m[W3C]&amp#27;[39m Calling AppiumDriver.createSession() with args: [{"app":"/Users/kamaljhinjer/Documents/Mac_Coding/AndroidAutomation/src/sofadog-debug-services-4.5.3-2.apk","chromedriverExecutable":"/Users/kamaljhinjer/Documents/Mac_Coding/AndroidAutomation/src/chromedriver/chromedriver","newCommandTimeout":180,"automationName":"uiautomator2","platformName":"Android","deviceName":"Emulator_Pixel2XL"},null,{"firstMatch":[{"appium:app":"/Users/kamaljhinjer/Documents/Mac_Coding/AndroidAutomation/src/sofadog-debug-services-4.5.3-2.apk","appium:automationName":"uiautomator2","appium:chromedriverExecutable":"/Users/kamaljhinjer/Documents/Mac_Coding/AndroidAutomation/src/chromedriver/chromedriver","appium:deviceName":"Emulator_Pixel2XL","appium:newCommandTimeout":180,"platformName":"android"}]}]
[debug] &amp#27;[35m[BaseDriver]&amp#27;[39m Event 'newSessionRequested' logged at 1654621066386 (22:27:46 GMT+0530 (India Standard Time))
&amp#27;[35m[Appium]&amp#27;[39m Appium v1.22.3 creating new AndroidUiautomator2Driver (v1.70.1) session
[debug] &amp#27;[35m[BaseDriver]&amp#27;[39m W3C capabilities and MJSONWP desired capabilities were provided
[debug] &amp#27;[35m[BaseDriver]&amp#27;[39m Creating session with W3C capabilities: {
[debug] &amp#27;[35m[BaseDriver]&amp#27;[39m   "alwaysMatch": {
[debug] &amp#27;[35m[BaseDriver]&amp#27;[39m     "platformName": "android",
[debug] &amp#27;[35m[BaseDriver]&amp#27;[39m     "appium:app": "/Users/kamaljhinjer/Documents/Mac_Coding/AndroidAutomation/src/sofadog-debug-services-4.5.3-2.apk",
[debug] &amp#27;[35m[BaseDriver]&amp#27;[39m     "appium:automationName": "uiautomator2",
[debug] &amp#27;[35m[BaseDriver]&amp#27;[39m     "appium:chromedriverExecutable": "/Users/kamaljhinjer/Documents/Mac_Coding/AndroidAutomation/src/chromedriver/chromedriver",
[debug] &amp#27;[35m[BaseDriver]&amp#27;[39m     "appium:deviceName": "Emulator_Pixel2XL",
[debug] &amp#27;[35m[BaseDriver]&amp#27;[39m     "appium:newCommandTimeout": 180
[debug] &amp#27;[35m[BaseDriver]&amp#27;[39m   },
[debug] &amp#27;[35m[BaseDriver]&amp#27;[39m   "firstMatch": [
[debug] &amp#27;[35m[BaseDriver]&amp#27;[39m     {}
[debug] &amp#27;[35m[BaseDriver]&amp#27;[39m   ]
[debug] &amp#27;[35m[BaseDriver]&amp#27;[39m }
&amp#27;[35m[BaseDriver]&amp#27;[39m Session created with session id: 45b62214-294b-41c0-a0cc-db2656f2ad87
&amp#27;[35m[BaseDriver]&amp#27;[39m Using local app '/Users/kamaljhinjer/Documents/Mac_Coding/AndroidAutomation/src/sofadog-debug-services-4.5.3-2.apk'
[debug] &amp#27;[35m[UiAutomator2]&amp#27;[39m Checking whether app is actually present
&amp#27;[35m[ADB]&amp#27;[39m Using 'adb' from '/Users/kamaljhinjer/Library/Android/sdk/platform-tools/adb'
[debug] &amp#27;[35m[ADB]&amp#27;[39m Running '/Users/kamaljhinjer/Library/Android/sdk/platform-tools/adb -P 5037 start-server'
&amp#27;[35m[AndroidDriver]&amp#27;[39m Retrieving device list
[debug] &amp#27;[35m[ADB]&amp#27;[39m Trying to find a connected android device
[debug] &amp#27;[35m[ADB]&amp#27;[39m Getting connected devices
[debug] &amp#27;[35m[ADB]&amp#27;[39m Connected devices: [{"udid":"emulator-5554","state":"device"}]
&amp#27;[35m[AndroidDriver]&amp#27;[39m Using device: emulator-5554
&amp#27;[35m[ADB]&amp#27;[39m Using 'adb' from '/Users/kamaljhinjer/Library/Android/sdk/platform-tools/adb'
[debug] &amp#27;[35m[ADB]&amp#27;[39m Running '/Users/kamaljhinjer/Library/Android/sdk/platform-tools/adb -P 5037 start-server'
[debug] &amp#27;[35m[ADB]&amp#27;[39m Setting device id to emulator-5554
[debug] &amp#27;[35m[ADB]&amp#27;[39m Running '/Users/kamaljhinjer/Library/Android/sdk/platform-tools/adb -P 5037 -s emulator-5554 shell getprop ro.build.version.sdk'
[debug] &amp#27;[35m[ADB]&amp#27;[39m Current device property 'ro.build.version.sdk': 31
&amp#27;[35m[ADB]&amp#27;[39m Getting device platform version
[debug] &amp#27;[35m[ADB]&amp#27;[39m Running '/Users/kamaljhinjer/Library/Android/sdk/platform-tools/adb -P 5037 -s emulator-5554 shell getprop ro.build.version.release'
[debug] &amp#27;[35m[ADB]&amp#27;[39m Current device property 'ro.build.version.release': 12
[debug] &amp#27;[35m[ADB]&amp#27;[39m Device API level: 31
&amp#27;[35m[UiAutomator2]&amp#27;[39m Relaxing hidden api policy
[debug] &amp#27;[35m[ADB]&amp#27;[39m Running '/Users/kamaljhinjer/Library/Android/sdk/platform-tools/adb -P 5037 -s emulator-5554 shell 'settings put global hidden_api_policy_pre_p_apps 1;settings put global hidden_api_policy_p_apps 1;settings put global hidden_api_policy 1''
[debug] &amp#27;[35m[AndroidDriver]&amp#27;[39m Parsing package and activity from app manifest
&amp#27;[35m[ADB]&amp#27;[39m Package name: 'dog.fa.so.app'
&amp#27;[35m[ADB]&amp#27;[39m Main activity name: 'dog.fa.so.app.MainActivity'
[debug] &amp#27;[35m[AndroidDriver]&amp#27;[39m Parsed package and activity are: dog.fa.so.app/dog.fa.so.app.MainActivity
[debug] &amp#27;[35m[ADB]&amp#27;[39m Running '/Users/kamaljhinjer/Library/Android/sdk/platform-tools/adb -P 5037 -s emulator-5554 wait-for-device'
[debug] &amp#27;[35m[ADB]&amp#27;[39m Running '/Users/kamaljhinjer/Library/Android/sdk/platform-tools/adb -P 5037 -s emulator-5554 shell echo ping'
[debug] &amp#27;[35m[AndroidDriver]&amp#27;[39m Pushing settings apk to device...
[debug] &amp#27;[35m[ADB]&amp#27;[39m Getting install status for io.appium.settings
[debug] &amp#27;[35m[ADB]&amp#27;[39m Running '/Users/kamaljhinjer/Library/Android/sdk/platform-tools/adb -P 5037 -s emulator-5554 shell dumpsys package io.appium.settings'
[debug] &amp#27;[35m[ADB]&amp#27;[39m 'io.appium.settings' is installed
[debug] &amp#27;[35m[ADB]&amp#27;[39m Getting package info for 'io.appium.settings'
[debug] &amp#27;[35m[ADB]&amp#27;[39m Running '/Users/kamaljhinjer/Library/Android/sdk/platform-tools/adb -P 5037 -s emulator-5554 shell dumpsys package io.appium.settings'
[debug] &amp#27;[35m[ADB]&amp#27;[39m The version name of the installed 'io.appium.settings' is greater or equal to the application version name ('3.4.0' >= '3.4.0')
[debug] &amp#27;[35m[ADB]&amp#27;[39m There is no need to install/upgrade '/usr/local/lib/node_modules/appium/node_modules/io.appium.settings/apks/settings_apk-debug.apk'
[debug] &amp#27;[35m[ADB]&amp#27;[39m Getting IDs of all 'io.appium.settings' processes
[debug] &amp#27;[35m[ADB]&amp#27;[39m Running '/Users/kamaljhinjer/Library/Android/sdk/platform-tools/adb -P 5037 -s emulator-5554 shell 'pgrep --help; echo $?''
[debug] &amp#27;[35m[ADB]&amp#27;[39m Running '/Users/kamaljhinjer/Library/Android/sdk/platform-tools/adb -P 5037 -s emulator-5554 shell pgrep -f \(\[\[:blank:\]\]\|\^\)io\.appium\.settings\(\[\[:blank:\]\]\|\$\)'
[debug] &amp#27;[35m[AndroidDriver]&amp#27;[39m io.appium.settings is already running. There is no need to reset its permissions.
[debug] &amp#27;[35m[Logcat]&amp#27;[39m Starting logs capture with command: /Users/kamaljhinjer/Library/Android/sdk/platform-tools/adb -P 5037 -s emulator-5554 logcat -v threadtime
[debug] &amp#27;[35m[UiAutomator2]&amp#27;[39m Forwarding UiAutomator2 Server port 6790 to local port 8208
[debug] &amp#27;[35m[ADB]&amp#27;[39m Forwarding system: 8208 to device: 6790
[debug] &amp#27;[35m[ADB]&amp#27;[39m Running '/Users/kamaljhinjer/Library/Android/sdk/platform-tools/adb -P 5037 -s emulator-5554 forward tcp:8208 tcp:6790'
&amp#27;[35m[UiAutomator2]&amp#27;[39m Server package at '/usr/local/lib/node_modules/appium/node_modules/appium-uiautomator2-server/apks/appium-uiautomator2-server-debug-androidTest.apk' is not writeable. Will copy it into the temporary location at '/var/folders/4f/ggkjk46s0lj0y4w1yj8mpmm00000gn/T/202257-2037-1wdq8yg.93lcg' as a workaround. Consider making this file writeable manually in order to improve the performance of session startup.
&amp#27;[35m[UiAutomator2]&amp#27;[39m Server package at '/usr/local/lib/node_modules/appium/node_modules/appium-uiautomator2-server/apks/appium-uiautomator2-server-v4.27.0.apk' is not writeable. Will copy it into the temporary location at '/var/folders/4f/ggkjk46s0lj0y4w1yj8mpmm00000gn/T/202257-2037-1wdq8yg.93lcg' as a workaround. Consider making this file writeable manually in order to improve the performance of session startup.
[debug] &amp#27;[35m[ADB]&amp#27;[39m Getting install status for io.appium.uiautomator2.server
[debug] &amp#27;[35m[ADB]&amp#27;[39m Running '/Users/kamaljhinjer/Library/Android/sdk/platform-tools/adb -P 5037 -s emulator-5554 shell dumpsys package io.appium.uiautomator2.server'
[debug] &amp#27;[35m[ADB]&amp#27;[39m 'io.appium.uiautomator2.server' is installed
[debug] &amp#27;[35m[ADB]&amp#27;[39m Getting package info for 'io.appium.uiautomator2.server'
[debug] &amp#27;[35m[ADB]&amp#27;[39m Running '/Users/kamaljhinjer/Library/Android/sdk/platform-tools/adb -P 5037 -s emulator-5554 shell dumpsys package io.appium.uiautomator2.server'
[debug] &amp#27;[35m[ADB]&amp#27;[39m The version name of the installed 'io.appium.uiautomator2.server' is greater or equal to the application version name ('4.27.0' >= '4.27.0')
[debug] &amp#27;[35m[UiAutomator2]&amp#27;[39m io.appium.uiautomator2.server installation state: sameVersionInstalled
[debug] &amp#27;[35m[ADB]&amp#27;[39m Checking app cert for /var/folders/4f/ggkjk46s0lj0y4w1yj8mpmm00000gn/T/202257-2037-1wdq8yg.93lcg/appium-uiautomator2-server-v4.27.0.apk
[debug] &amp#27;[35m[ADB]&amp#27;[39m Using the previously cached signature entry for 'appium-uiautomator2-server-v4.27.0.apk'
[debug] &amp#27;[35m[ADB]&amp#27;[39m sha256 hash did match for 'appium-uiautomator2-server-v4.27.0.apk'
[debug] &amp#27;[35m[ADB]&amp#27;[39m Getting install status for io.appium.uiautomator2.server.test
[debug] &amp#27;[35m[ADB]&amp#27;[39m Running '/Users/kamaljhinjer/Library/Android/sdk/platform-tools/adb -P 5037 -s emulator-5554 shell dumpsys package io.appium.uiautomator2.server.test'
[debug] &amp#27;[35m[ADB]&amp#27;[39m 'io.appium.uiautomator2.server.test' is installed
[debug] &amp#27;[35m[ADB]&amp#27;[39m Checking app cert for /var/folders/4f/ggkjk46s0lj0y4w1yj8mpmm00000gn/T/202257-2037-1wdq8yg.93lcg/appium-uiautomator2-server-debug-androidTest.apk
[debug] &amp#27;[35m[ADB]&amp#27;[39m Using the previously cached signature entry for 'appium-uiautomator2-server-debug-androidTest.apk'
[debug] &amp#27;[35m[ADB]&amp#27;[39m sha256 hash did match for 'appium-uiautomator2-server-debug-androidTest.apk'
&amp#27;[35m[UiAutomator2]&amp#27;[39m Server packages are not going to be (re)installed
[debug] &amp#27;[35m[UiAutomator2]&amp#27;[39m Waiting up to 30000ms for services to be available
[debug] &amp#27;[35m[ADB]&amp#27;[39m Running '/Users/kamaljhinjer/Library/Android/sdk/platform-tools/adb -P 5037 -s emulator-5554 shell pm list instrumentation'
[debug] &amp#27;[35m[UiAutomator2]&amp#27;[39m Instrumentation target 'io.appium.uiautomator2.server.test/androidx.test.runner.AndroidJUnitRunner' is available
&amp#27;[35m[ADB]&amp#27;[39m Adding packages ["io.appium.settings","io.appium.uiautomator2.server","io.appium.uiautomator2.server.test"] to Doze whitelist
[debug] &amp#27;[35m[ADB]&amp#27;[39m Got the following command chunks to execute: [["dumpsys","deviceidle","whitelist","+io.appium.settings",";","dumpsys","deviceidle","whitelist","+io.appium.uiautomator2.server",";","dumpsys","deviceidle","whitelist","+io.appium.uiautomator2.server.test",";"]]
[debug] &amp#27;[35m[ADB]&amp#27;[39m Running '/Users/kamaljhinjer/Library/Android/sdk/platform-tools/adb -P 5037 -s emulator-5554 shell dumpsys deviceidle whitelist +io.appium.settings ; dumpsys deviceidle whitelist +io.appium.uiautomator2.server ; dumpsys deviceidle whitelist +io.appium.uiautomator2.server.test ;'
[debug] &amp#27;[35m[ADB]&amp#27;[39m Checking app cert for /Users/kamaljhinjer/Documents/Mac_Coding/AndroidAutomation/src/sofadog-debug-services-4.5.3-2.apk
[debug] &amp#27;[35m[ADB]&amp#27;[39m Using the previously cached signature entry for 'sofadog-debug-services-4.5.3-2.apk'
[debug] &amp#27;[35m[ADB]&amp#27;[39m Getting install status for dog.fa.so.app
[debug] &amp#27;[35m[ADB]&amp#27;[39m Running '/Users/kamaljhinjer/Library/Android/sdk/platform-tools/adb -P 5037 -s emulator-5554 shell dumpsys package dog.fa.so.app'
[debug] &amp#27;[35m[ADB]&amp#27;[39m 'dog.fa.so.app' is installed
[debug] &amp#27;[35m[ADB]&amp#27;[39m Getting package info for 'dog.fa.so.app'
[debug] &amp#27;[35m[ADB]&amp#27;[39m Running '/Users/kamaljhinjer/Library/Android/sdk/platform-tools/adb -P 5037 -s emulator-5554 shell dumpsys package dog.fa.so.app'
[debug] &amp#27;[35m[ADB]&amp#27;[39m The version name of the installed 'dog.fa.so.app' is greater or equal to the application version name ('4.5.1' >= '4.5.1')
[debug] &amp#27;[35m[ADB]&amp#27;[39m There is no need to install/upgrade '/Users/kamaljhinjer/Documents/Mac_Coding/AndroidAutomation/src/sofadog-debug-services-4.5.3-2.apk'
&amp#27;[35m[AndroidDriver]&amp#27;[39m Performing fast reset on 'dog.fa.so.app'
[debug] &amp#27;[35m[ADB]&amp#27;[39m Getting install status for dog.fa.so.app
[debug] &amp#27;[35m[ADB]&amp#27;[39m Running '/Users/kamaljhinjer/Library/Android/sdk/platform-tools/adb -P 5037 -s emulator-5554 shell dumpsys package dog.fa.so.app'
[debug] &amp#27;[35m[ADB]&amp#27;[39m 'dog.fa.so.app' is installed
[debug] &amp#27;[35m[ADB]&amp#27;[39m Running '/Users/kamaljhinjer/Library/Android/sdk/platform-tools/adb -P 5037 -s emulator-5554 shell am force-stop dog.fa.so.app'
[debug] &amp#27;[35m[ADB]&amp#27;[39m Running '/Users/kamaljhinjer/Library/Android/sdk/platform-tools/adb -P 5037 -s emulator-5554 shell pm clear dog.fa.so.app'
[debug] &amp#27;[35m[AndroidDriver]&amp#27;[39m Performed fast reset on the installed 'dog.fa.so.app' application (stop and clear)
[debug] &amp#27;[35m[UiAutomator2]&amp#27;[39m Performing shallow cleanup of automation leftovers
[debug] &amp#27;[35m[UiAutomator2]&amp#27;[39m The following obsolete sessions are still running: ["4b37bf81-b76f-4a82-9a15-f969f9a10c46"]
[debug] &amp#27;[35m[UiAutomator2]&amp#27;[39m Cleaning up 1 obsolete session
[debug] &amp#27;[35m[Instrumentation]&amp#27;[39m .
[debug] &amp#27;[35m[Instrumentation]&amp#27;[39m Time: 88.421
[debug] &amp#27;[35m[Instrumentation]&amp#27;[39m 
[debug] &amp#27;[35m[Instrumentation]&amp#27;[39m OK (1 test)
[debug] &amp#27;[35m[Instrumentation]&amp#27;[39m The process has exited with code 0
[debug] &amp#27;[35m[ADB]&amp#27;[39m Running '/Users/kamaljhinjer/Library/Android/sdk/platform-tools/adb -P 5037 -s emulator-5554 shell am force-stop io.appium.uiautomator2.server.test'
&amp#27;[35m[UiAutomator2]&amp#27;[39m Starting UIAutomator2 server 4.27.0
&amp#27;[35m[UiAutomator2]&amp#27;[39m Using UIAutomator2 server from '/usr/local/lib/node_modules/appium/node_modules/appium-uiautomator2-server/apks/appium-uiautomator2-server-v4.27.0.apk' and test from '/usr/local/lib/node_modules/appium/node_modules/appium-uiautomator2-server/apks/appium-uiautomator2-server-debug-androidTest.apk'
&amp#27;[35m[UiAutomator2]&amp#27;[39m Waiting up to 30000ms for UiAutomator2 to be online...
[debug] &amp#27;[35m[ADB]&amp#27;[39m Creating ADB subprocess with args: ["-P",5037,"-s","emulator-5554","shell","am","instrument","-w","-e","disableAnalytics",true,"io.appium.uiautomator2.server.test/androidx.test.runner.AndroidJUnitRunner"]
[debug] &amp#27;[35m[WD Proxy]&amp#27;[39m Matched '/status' to command name 'getStatus'
[debug] &amp#27;[35m[WD Proxy]&amp#27;[39m Proxying [GET /status] to [GET http://127.0.0.1:8208/wd/hub/status] with no body
&amp#27;[35m[WD Proxy]&amp#27;[39m socket hang up
[debug] &amp#27;[35m[WD Proxy]&amp#27;[39m Matched '/status' to command name 'getStatus'
[debug] &amp#27;[35m[WD Proxy]&amp#27;[39m Proxying [GET /status] to [GET http://127.0.0.1:8208/wd/hub/status] with no body
&amp#27;[35m[WD Proxy]&amp#27;[39m socket hang up
[debug] &amp#27;[35m[Instrumentation]&amp#27;[39m io.appium.uiautomator2.server.test.AppiumUiAutomator2Server:
[debug] &amp#27;[35m[WD Proxy]&amp#27;[39m Matched '/status' to command name 'getStatus'
[debug] &amp#27;[35m[WD Proxy]&amp#27;[39m Proxying [GET /status] to [GET http://127.0.0.1:8208/wd/hub/status] with no body
&amp#27;[35m[WD Proxy]&amp#27;[39m socket hang up
[debug] &amp#27;[35m[WD Proxy]&amp#27;[39m Matched '/status' to command name 'getStatus'
[debug] &amp#27;[35m[WD Proxy]&amp#27;[39m Proxying [GET /status] to [GET http://127.0.0.1:8208/wd/hub/status] with no body
[debug] &amp#27;[35m[WD Proxy]&amp#27;[39m Got response with status 200: {"sessionId":"None","value":{"message":"UiAutomator2 Server is ready to accept commands","ready":true}}
[debug] &amp#27;[35m[UiAutomator2]&amp#27;[39m The initialization of the instrumentation process took 3185ms
[debug] &amp#27;[35m[WD Proxy]&amp#27;[39m Matched '/session' to command name 'createSession'
[debug] &amp#27;[35m[WD Proxy]&amp#27;[39m Proxying [POST /session] to [POST http://127.0.0.1:8208/wd/hub/session] with body: {"capabilities":{"firstMatch":[{"platform":"LINUX","webStorageEnabled":false,"takesScreenshot":true,"javascriptEnabled":true,"databaseEnabled":false,"networkConnectionEnabled":true,"locationContextEnabled":false,"warnings":{},"desired":{"platformName":"android","app":"/Users/kamaljhinjer/Documents/Mac_Coding/AndroidAutomation/src/sofadog-debug-services-4.5.3-2.apk","automationName":"uiautomator2","chromedriverExecutable":"/Users/kamaljhinjer/Documents/Mac_Coding/AndroidAutomation/src/chromedriver/chromedriver","deviceName":"Emulator_Pixel2XL","newCommandTimeout":180},"platformName":"android","app":"/Users/kamaljhinjer/Documents/Mac_Coding/AndroidAutomation/src/sofadog-debug-services-4.5.3-2.apk","automationName":"uiautomator2","chromedriverExecutable":"/Users/kamaljhinjer/Documents/Mac_Coding/AndroidAutomation/src/chromedriver/chromedriver","deviceName":"emulator-5554","newCommandTimeout":180,"deviceUDID":"emulator-5554","appPackage":"dog.fa.so.app"}],"alwaysMatch":{}}}
[debug] &amp#27;[35m[WD Proxy]&amp#27;[39m Got response with status 200: {"sessionId":"754298d1-6b37-445f-a769-1422661b0545","value":{"capabilities":{"firstMatch":[{"platform":"LINUX","webStorageEnabled":false,"takesScreenshot":true,"javascriptEnabled":true,"databaseEnabled":false,"networkConnectionEnabled":true,"locationContextEnabled":false,"warnings":{},"desired":{"platformName":"android","app":"/Users/kamaljhinjer/Documents/Mac_Coding/AndroidAutomation/src/sofadog-debug-services-4.5.3-2.apk","automationName":"uiautomator2","chromedriverExecutable":"/Users/kamaljhinjer/Documents/Mac_Coding/AndroidAutomation/src/chromedriver/chromedriver","deviceName":"Emulator_Pixel2XL","newCommandTimeout":180},"platformName":"android","app":"/Users/kamaljhinjer/Documents/Mac_Coding/AndroidAutomation/src/sofadog-debug-services-4.5.3-2.apk","automationName":"uiautomator2","chromedriverExecutable":"/Users/kamaljhinjer/Documents/Mac_Coding/AndroidAutomation/src/chromedriver/chromedriver","deviceName":"emulator-5554","newCommandTimeout":180,"deviceUDID":"emulator-5554","appPackage":"dog.fa.so.ap...
&amp#27;[35m[WD Proxy]&amp#27;[39m Determined the downstream protocol as 'W3C'
[debug] &amp#27;[35m[WD Proxy]&amp#27;[39m Proxying [GET /appium/device/info] to [GET http://127.0.0.1:8208/wd/hub/session/754298d1-6b37-445f-a769-1422661b0545/appium/device/info] with no body
[debug] &amp#27;[35m[WD Proxy]&amp#27;[39m Got response with status 200: {"sessionId":"754298d1-6b37-445f-a769-1422661b0545","value":{"androidId":"489d6660c2445b4e","apiVersion":"31","bluetooth":{"state":"OFF"},"brand":"google","carrierName":"T-Mobile","displayDensity":560,"locale":"en_US","manufacturer":"Google","model":"sdk_gphone64_x86_64","networks":[{"capabilities":{"SSID":null,"linkDownBandwidthKbps":4300,"linkUpstreamBandwidthKbps":1800,"networkCapabilities":"NET_CAPABILITY_MMS,NET_CAPABILITY_SUPL,NET_CAPABILITY_DUN,NET_CAPABILITY_FOTA,NET_CAPABILITY_IMS,NET_CAPABILITY_CBS,NET_CAPABILITY_INTERNET,NET_CAPABILITY_NOT_RESTRICTED,NET_CAPABILITY_TRUSTED,NET_CAPABILITY_NOT_VPN,NET_CAPABILITY_VALIDATED,NET_CAPABILITY_NOT_ROAMING,NET_CAPABILITY_NOT_CONGESTED,NET_CAPABILITY_NOT_SUSPENDED","signalStrength":-2147483648,"transportTypes":"TRANSPORT_CELLULAR"},"detailedState":"CONNECTED","extraInfo":"epc.tmobile.com","isAvailable":true,"isConnected":true,"isFailover":false,"isRoaming":false,"state":"CONNECTED","subtype":10,"subtypeName":"HSPA","type":0,"typeName":"MOBILE"},{"capabilit...
[debug] &amp#27;[35m[ADB]&amp#27;[39m Running '/Users/kamaljhinjer/Library/Android/sdk/platform-tools/adb -P 5037 -s emulator-5554 shell dumpsys window'
&amp#27;[35m[AndroidDriver]&amp#27;[39m Screen already unlocked, doing nothing
&amp#27;[35m[UiAutomator2]&amp#27;[39m Starting 'dog.fa.so.app/dog.fa.so.app.MainActivity and waiting for 'dog.fa.so.app/dog.fa.so.app.MainActivity'
[debug] &amp#27;[35m[ADB]&amp#27;[39m Running '/Users/kamaljhinjer/Library/Android/sdk/platform-tools/adb -P 5037 -s emulator-5554 shell am start -W -n dog.fa.so.app/dog.fa.so.app.MainActivity -S -a android.intent.action.MAIN -c android.intent.category.LAUNCHER -f 0x10200000'
[debug] &amp#27;[35m[ADB]&amp#27;[39m Waiting up to 20000ms for activity matching pkg: 'dog.fa.so.app' and activity: 'dog.fa.so.app.MainActivity' to be focused
[debug] &amp#27;[35m[ADB]&amp#27;[39m Possible activities, to be checked: 'dog.fa.so.app.MainActivity', 'dog.fa.so.app.dog.fa.so.app.MainActivity'
[debug] &amp#27;[35m[ADB]&amp#27;[39m Getting focused package and activity
[debug] &amp#27;[35m[ADB]&amp#27;[39m Running '/Users/kamaljhinjer/Library/Android/sdk/platform-tools/adb -P 5037 -s emulator-5554 shell dumpsys window displays'
[debug] &amp#27;[35m[ADB]&amp#27;[39m Found package: 'dog.fa.so.app' and fully qualified activity name : 'dog.fa.so.app.MainActivity'
[debug] &amp#27;[35m[WD Proxy]&amp#27;[39m Proxying [GET /appium/device/pixel_ratio] to [GET http://127.0.0.1:8208/wd/hub/session/754298d1-6b37-445f-a769-1422661b0545/appium/device/pixel_ratio] with no body
[debug] &amp#27;[35m[WD Proxy]&amp#27;[39m Got response with status 200: {"sessionId":"754298d1-6b37-445f-a769-1422661b0545","value":3.5}
[debug] &amp#27;[35m[WD Proxy]&amp#27;[39m Matched '/appium/device/system_bars' to command name 'getSystemBars'
[debug] &amp#27;[35m[WD Proxy]&amp#27;[39m Proxying [GET /appium/device/system_bars] to [GET http://127.0.0.1:8208/wd/hub/session/754298d1-6b37-445f-a769-1422661b0545/appium/device/system_bars] with no body
[debug] &amp#27;[35m[WD Proxy]&amp#27;[39m Got response with status 200: {"sessionId":"754298d1-6b37-445f-a769-1422661b0545","value":{"statusBar":98}}
[debug] &amp#27;[35m[WD Proxy]&amp#27;[39m Matched '/window/current/size' to command name 'getWindowSize'
[debug] &amp#27;[35m[WD Proxy]&amp#27;[39m Proxying [GET /window/current/size] to [GET http://127.0.0.1:8208/wd/hub/session/754298d1-6b37-445f-a769-1422661b0545/window/current/size] with no body
[debug] &amp#27;[35m[WD Proxy]&amp#27;[39m Got response with status 200: {"sessionId":"754298d1-6b37-445f-a769-1422661b0545","value":{"height":2712,"width":1440}}
&amp#27;[35m[Appium]&amp#27;[39m New AndroidUiautomator2Driver session created successfully, session 45b62214-294b-41c0-a0cc-db2656f2ad87 added to master session list
[debug] &amp#27;[35m[BaseDriver]&amp#27;[39m Event 'newSessionStarted' logged at 1654621077241 (22:27:57 GMT+0530 (India Standard Time))
[debug] &amp#27;[35m[W3C (45b62214)]&amp#27;[39m Cached the protocol value 'W3C' for the new session 45b62214-294b-41c0-a0cc-db2656f2ad87
[debug] &amp#27;[35m[W3C (45b62214)]&amp#27;[39m Responding to client with driver.createSession() result: {"capabilities":{"platform":"LINUX","webStorageEnabled":false,"takesScreenshot":true,"javascriptEnabled":true,"databaseEnabled":false,"networkConnectionEnabled":true,"locationContextEnabled":false,"warnings":{},"desired":{"platformName":"android","app":"/Users/kamaljhinjer/Documents/Mac_Coding/AndroidAutomation/src/sofadog-debug-services-4.5.3-2.apk","automationName":"uiautomator2","chromedriverExecutable":"/Users/kamaljhinjer/Documents/Mac_Coding/AndroidAutomation/src/chromedriver/chromedriver","deviceName":"Emulator_Pixel2XL","newCommandTimeout":180},"platformName":"android","app":"/Users/kamaljhinjer/Documents/Mac_Coding/AndroidAutomation/src/sofadog-debug-services-4.5.3-2.apk","automationName":"uiautomator2","chromedriverExecutable":"/Users/kamaljhinjer/Documents/Mac_Coding/AndroidAutomation/src/chromedriver/chromedriver","deviceName":"emulator-5554","newCommandTimeout":180,"deviceUDID":"emulator-5554","appPackage":"dog.fa.so.app","deviceApiLevel":31,"platformVersion":"12","deviceScreenSize":"1440x2880...
&amp#27;[35m[HTTP]&amp#27;[39m &amp#27;[37m<-- POST /wd/hub/session &amp#27;[39m&amp#27;[32m200&amp#27;[39m &amp#27;[90m10860 ms - 1275&amp#27;[39m
&amp#27;[35m[HTTP]&amp#27;[39m &amp#27;[90m&amp#27;[39m
Executing Before Method, Starting Test
&amp#27;[35m[HTTP]&amp#27;[39m &amp#27;[37m-->&amp#27;[39m &amp#27;[37mPOST&amp#27;[39m &amp#27;[37m/wd/hub/session/45b62214-294b-41c0-a0cc-db2656f2ad87/timeouts&amp#27;[39m
&amp#27;[35m[HTTP]&amp#27;[39m &amp#27;[90m{"implicit":15000}&amp#27;[39m
[debug] &amp#27;[35m[W3C (45b62214)]&amp#27;[39m Calling AppiumDriver.timeouts() with args: [null,null,null,null,15000,"45b62214-294b-41c0-a0cc-db2656f2ad87"]
[debug] &amp#27;[35m[BaseDriver]&amp#27;[39m W3C timeout argument: {"implicit":15000}}
[debug] &amp#27;[35m[BaseDriver]&amp#27;[39m Set implicit wait to 15000ms
[debug] &amp#27;[35m[W3C (45b62214)]&amp#27;[39m Responding to client with driver.timeouts() result: null
&amp#27;[35m[HTTP]&amp#27;[39m &amp#27;[37m<-- POST /wd/hub/session/45b62214-294b-41c0-a0cc-db2656f2ad87/timeouts &amp#27;[39m&amp#27;[32m200&amp#27;[39m &amp#27;[90m3 ms - 14&amp#27;[39m
&amp#27;[35m[HTTP]&amp#27;[39m &amp#27;[90m&amp#27;[39m
&amp#27;[35m[HTTP]&amp#27;[39m &amp#27;[37m-->&amp#27;[39m &amp#27;[37mPOST&amp#27;[39m &amp#27;[37m/wd/hub/session/45b62214-294b-41c0-a0cc-db2656f2ad87/timeouts&amp#27;[39m
&amp#27;[35m[HTTP]&amp#27;[39m &amp#27;[90m{"implicit":15000}&amp#27;[39m
[debug] &amp#27;[35m[W3C (45b62214)]&amp#27;[39m Calling AppiumDriver.timeouts() with args: [null,null,null,null,15000,"45b62214-294b-41c0-a0cc-db2656f2ad87"]
[debug] &amp#27;[35m[BaseDriver]&amp#27;[39m W3C timeout argument: {"implicit":15000}}
[debug] &amp#27;[35m[BaseDriver]&amp#27;[39m Set implicit wait to 15000ms
[debug] &amp#27;[35m[W3C (45b62214)]&amp#27;[39m Responding to client with driver.timeouts() result: null
&amp#27;[35m[HTTP]&amp#27;[39m &amp#27;[37m<-- POST /wd/hub/session/45b62214-294b-41c0-a0cc-db2656f2ad87/timeouts &amp#27;[39m&amp#27;[32m200&amp#27;[39m &amp#27;[90m1 ms - 14&amp#27;[39m
&amp#27;[35m[HTTP]&amp#27;[39m &amp#27;[90m&amp#27;[39m
Wait for application to load
swipeScreen() Method : dir: 'LEFT'
&amp#27;[35m[HTTP]&amp#27;[39m &amp#27;[37m-->&amp#27;[39m &amp#27;[37mGET&amp#27;[39m &amp#27;[37m/wd/hub/session/45b62214-294b-41c0-a0cc-db2656f2ad87/window/rect&amp#27;[39m
&amp#27;[35m[HTTP]&amp#27;[39m &amp#27;[90m{}&amp#27;[39m
[debug] &amp#27;[35m[W3C (45b62214)]&amp#27;[39m Calling AppiumDriver.getWindowRect() with args: ["45b62214-294b-41c0-a0cc-db2656f2ad87"]
[debug] &amp#27;[35m[WD Proxy]&amp#27;[39m Matched '/window/current/size' to command name 'getWindowSize'
[debug] &amp#27;[35m[WD Proxy]&amp#27;[39m Proxying [GET /window/current/size] to [GET http://127.0.0.1:8208/wd/hub/session/754298d1-6b37-445f-a769-1422661b0545/window/current/size] with no body
[debug] &amp#27;[35m[WD Proxy]&amp#27;[39m Got response with status 200: {"sessionId":"754298d1-6b37-445f-a769-1422661b0545","value":{"height":2712,"width":1440}}
[debug] &amp#27;[35m[W3C (45b62214)]&amp#27;[39m Responding to client with driver.getWindowRect() result: {"width":1440,"height":2712,"x":0,"y":0}
&amp#27;[35m[HTTP]&amp#27;[39m &amp#27;[37m<-- GET /wd/hub/session/45b62214-294b-41c0-a0cc-db2656f2ad87/window/rect &amp#27;[39m&amp#27;[32m200&amp#27;[39m &amp#27;[90m11 ms - 50&amp#27;[39m
&amp#27;[35m[HTTP]&amp#27;[39m &amp#27;[90m&amp#27;[39m
The Screen Width is : 1440
&amp#27;[35m[HTTP]&amp#27;[39m &amp#27;[37m-->&amp#27;[39m &amp#27;[37mPOST&amp#27;[39m &amp#27;[37m/wd/hub/session/45b62214-294b-41c0-a0cc-db2656f2ad87/touch/perform&amp#27;[39m
&amp#27;[35m[HTTP]&amp#27;[39m &amp#27;[90m{"actions":[{"action":"press","options":{"x":1400,"y":1356}},{"action":"wait","options":{"ms":200}},{"action":"moveTo","options":{"x":10,"y":1356}},{"action":"release","options":{}}]}&amp#27;[39m
[debug] &amp#27;[35m[W3C (45b62214)]&amp#27;[39m Calling AppiumDriver.performTouch() with args: [[{"action":"press","options":{"x":1400,"y":1356}},{"action":"wait","options":{"ms":200}},{"action":"moveTo","options":{"x":10,"y":1356}},{"action":"release","options":{}}],"45b62214-294b-41c0-a0cc-db2656f2ad87"]
[debug] &amp#27;[35m[WD Proxy]&amp#27;[39m Matched '/touch/perform' to command name 'performTouch'
[debug] &amp#27;[35m[WD Proxy]&amp#27;[39m Proxying [POST /touch/perform] to [POST http://127.0.0.1:8208/wd/hub/session/754298d1-6b37-445f-a769-1422661b0545/touch/perform] with body: {"startX":1400,"startY":1356,"endX":10,"endY":1356,"steps":6}
[debug] &amp#27;[35m[WD Proxy]&amp#27;[39m Got response with status 200: {"sessionId":"754298d1-6b37-445f-a769-1422661b0545","value":null}
[debug] &amp#27;[35m[W3C (45b62214)]&amp#27;[39m Responding to client with driver.performTouch() result: null
&amp#27;[35m[HTTP]&amp#27;[39m &amp#27;[37m<-- POST /wd/hub/session/45b62214-294b-41c0-a0cc-db2656f2ad87/touch/perform &amp#27;[39m&amp#27;[32m200&amp#27;[39m &amp#27;[90m1437 ms - 14&amp#27;[39m
&amp#27;[35m[HTTP]&amp#27;[39m &amp#27;[90m&amp#27;[39m
1st Widget Swipe Executed
swipeScreen() Method : dir: 'LEFT'
&amp#27;[35m[HTTP]&amp#27;[39m &amp#27;[37m-->&amp#27;[39m &amp#27;[37mGET&amp#27;[39m &amp#27;[37m/wd/hub/session/45b62214-294b-41c0-a0cc-db2656f2ad87/window/rect&amp#27;[39m
&amp#27;[35m[HTTP]&amp#27;[39m &amp#27;[90m{}&amp#27;[39m
[debug] &amp#27;[35m[W3C (45b62214)]&amp#27;[39m Calling AppiumDriver.getWindowRect() with args: ["45b62214-294b-41c0-a0cc-db2656f2ad87"]
[debug] &amp#27;[35m[WD Proxy]&amp#27;[39m Matched '/window/current/size' to command name 'getWindowSize'
[debug] &amp#27;[35m[WD Proxy]&amp#27;[39m Proxying [GET /window/current/size] to [GET http://127.0.0.1:8208/wd/hub/session/754298d1-6b37-445f-a769-1422661b0545/window/current/size] with no body
[debug] &amp#27;[35m[WD Proxy]&amp#27;[39m Got response with status 200: {"sessionId":"754298d1-6b37-445f-a769-1422661b0545","value":{"height":2712,"width":1440}}
[debug] &amp#27;[35m[W3C (45b62214)]&amp#27;[39m Responding to client with driver.getWindowRect() result: {"width":1440,"height":2712,"x":0,"y":0}
&amp#27;[35m[HTTP]&amp#27;[39m &amp#27;[37m<-- GET /wd/hub/session/45b62214-294b-41c0-a0cc-db2656f2ad87/window/rect &amp#27;[39m&amp#27;[32m200&amp#27;[39m &amp#27;[90m24 ms - 50&amp#27;[39m
&amp#27;[35m[HTTP]&amp#27;[39m &amp#27;[90m&amp#27;[39m
The Screen Width is : 1440
&amp#27;[35m[HTTP]&amp#27;[39m &amp#27;[37m-->&amp#27;[39m &amp#27;[37mPOST&amp#27;[39m &amp#27;[37m/wd/hub/session/45b62214-294b-41c0-a0cc-db2656f2ad87/touch/perform&amp#27;[39m
&amp#27;[35m[HTTP]&amp#27;[39m &amp#27;[90m{"actions":[{"action":"press","options":{"x":1400,"y":1356}},{"action":"wait","options":{"ms":200}},{"action":"moveTo","options":{"x":10,"y":1356}},{"action":"release","options":{}}]}&amp#27;[39m
[debug] &amp#27;[35m[W3C (45b62214)]&amp#27;[39m Calling AppiumDriver.performTouch() with args: [[{"action":"press","options":{"x":1400,"y":1356}},{"action":"wait","options":{"ms":200}},{"action":"moveTo","options":{"x":10,"y":1356}},{"action":"release","options":{}}],"45b62214-294b-41c0-a0cc-db2656f2ad87"]
[debug] &amp#27;[35m[WD Proxy]&amp#27;[39m Matched '/touch/perform' to command name 'performTouch'
[debug] &amp#27;[35m[WD Proxy]&amp#27;[39m Proxying [POST /touch/perform] to [POST http://127.0.0.1:8208/wd/hub/session/754298d1-6b37-445f-a769-1422661b0545/touch/perform] with body: {"startX":1400,"startY":1356,"endX":10,"endY":1356,"steps":6}
[debug] &amp#27;[35m[WD Proxy]&amp#27;[39m Got response with status 200: {"sessionId":"754298d1-6b37-445f-a769-1422661b0545","value":null}
[debug] &amp#27;[35m[W3C (45b62214)]&amp#27;[39m Responding to client with driver.performTouch() result: null
&amp#27;[35m[HTTP]&amp#27;[39m &amp#27;[37m<-- POST /wd/hub/session/45b62214-294b-41c0-a0cc-db2656f2ad87/touch/perform &amp#27;[39m&amp#27;[32m200&amp#27;[39m &amp#27;[90m1429 ms - 14&amp#27;[39m
&amp#27;[35m[HTTP]&amp#27;[39m &amp#27;[90m&amp#27;[39m
2nd Widget Swipe Executed
swipeScreen() Method : dir: 'LEFT'
&amp#27;[35m[HTTP]&amp#27;[39m &amp#27;[37m-->&amp#27;[39m &amp#27;[37mGET&amp#27;[39m &amp#27;[37m/wd/hub/session/45b62214-294b-41c0-a0cc-db2656f2ad87/window/rect&amp#27;[39m
&amp#27;[35m[HTTP]&amp#27;[39m &amp#27;[90m{}&amp#27;[39m
[debug] &amp#27;[35m[W3C (45b62214)]&amp#27;[39m Calling AppiumDriver.getWindowRect() with args: ["45b62214-294b-41c0-a0cc-db2656f2ad87"]
[debug] &amp#27;[35m[WD Proxy]&amp#27;[39m Matched '/window/current/size' to command name 'getWindowSize'
[debug] &amp#27;[35m[WD Proxy]&amp#27;[39m Proxying [GET /window/current/size] to [GET http://127.0.0.1:8208/wd/hub/session/754298d1-6b37-445f-a769-1422661b0545/window/current/size] with no body
[debug] &amp#27;[35m[WD Proxy]&amp#27;[39m Got response with status 200: {"sessionId":"754298d1-6b37-445f-a769-1422661b0545","value":{"height":2712,"width":1440}}
[debug] &amp#27;[35m[W3C (45b62214)]&amp#27;[39m Responding to client with driver.getWindowRect() result: {"width":1440,"height":2712,"x":0,"y":0}
&amp#27;[35m[HTTP]&amp#27;[39m &amp#27;[37m<-- GET /wd/hub/session/45b62214-294b-41c0-a0cc-db2656f2ad87/window/rect &amp#27;[39m&amp#27;[32m200&amp#27;[39m &amp#27;[90m27 ms - 50&amp#27;[39m
&amp#27;[35m[HTTP]&amp#27;[39m &amp#27;[90m&amp#27;[39m
The Screen Width is : 1440
&amp#27;[35m[HTTP]&amp#27;[39m &amp#27;[37m-->&amp#27;[39m &amp#27;[37mPOST&amp#27;[39m &amp#27;[37m/wd/hub/session/45b62214-294b-41c0-a0cc-db2656f2ad87/touch/perform&amp#27;[39m
&amp#27;[35m[HTTP]&amp#27;[39m &amp#27;[90m{"actions":[{"action":"press","options":{"x":1400,"y":1356}},{"action":"wait","options":{"ms":200}},{"action":"moveTo","options":{"x":10,"y":1356}},{"action":"release","options":{}}]}&amp#27;[39m
[debug] &amp#27;[35m[W3C (45b62214)]&amp#27;[39m Calling AppiumDriver.performTouch() with args: [[{"action":"press","options":{"x":1400,"y":1356}},{"action":"wait","options":{"ms":200}},{"action":"moveTo","options":{"x":10,"y":1356}},{"action":"release","options":{}}],"45b62214-294b-41c0-a0cc-db2656f2ad87"]
[debug] &amp#27;[35m[WD Proxy]&amp#27;[39m Matched '/touch/perform' to command name 'performTouch'
[debug] &amp#27;[35m[WD Proxy]&amp#27;[39m Proxying [POST /touch/perform] to [POST http://127.0.0.1:8208/wd/hub/session/754298d1-6b37-445f-a769-1422661b0545/touch/perform] with body: {"startX":1400,"startY":1356,"endX":10,"endY":1356,"steps":6}
[debug] &amp#27;[35m[WD Proxy]&amp#27;[39m Got response with status 200: {"sessionId":"754298d1-6b37-445f-a769-1422661b0545","value":null}
[debug] &amp#27;[35m[W3C (45b62214)]&amp#27;[39m Responding to client with driver.performTouch() result: null
&amp#27;[35m[HTTP]&amp#27;[39m &amp#27;[37m<-- POST /wd/hub/session/45b62214-294b-41c0-a0cc-db2656f2ad87/touch/perform &amp#27;[39m&amp#27;[32m200&amp#27;[39m &amp#27;[90m1392 ms - 14&amp#27;[39m
&amp#27;[35m[HTTP]&amp#27;[39m &amp#27;[90m&amp#27;[39m
3rd Widget Swipe Executed
swipeScreen() Method : dir: 'LEFT'
&amp#27;[35m[HTTP]&amp#27;[39m &amp#27;[37m-->&amp#27;[39m &amp#27;[37mGET&amp#27;[39m &amp#27;[37m/wd/hub/session/45b62214-294b-41c0-a0cc-db2656f2ad87/window/rect&amp#27;[39m
&amp#27;[35m[HTTP]&amp#27;[39m &amp#27;[90m{}&amp#27;[39m
[debug] &amp#27;[35m[W3C (45b62214)]&amp#27;[39m Calling AppiumDriver.getWindowRect() with args: ["45b62214-294b-41c0-a0cc-db2656f2ad87"]
[debug] &amp#27;[35m[WD Proxy]&amp#27;[39m Matched '/window/current/size' to command name 'getWindowSize'
[debug] &amp#27;[35m[WD Proxy]&amp#27;[39m Proxying [GET /window/current/size] to [GET http://127.0.0.1:8208/wd/hub/session/754298d1-6b37-445f-a769-1422661b0545/window/current/size] with no body
[debug] &amp#27;[35m[WD Proxy]&amp#27;[39m Got response with status 200: {"sessionId":"754298d1-6b37-445f-a769-1422661b0545","value":{"height":2712,"width":1440}}
[debug] &amp#27;[35m[W3C (45b62214)]&amp#27;[39m Responding to client with driver.getWindowRect() result: {"width":1440,"height":2712,"x":0,"y":0}
&amp#27;[35m[HTTP]&amp#27;[39m &amp#27;[37m<-- GET /wd/hub/session/45b62214-294b-41c0-a0cc-db2656f2ad87/window/rect &amp#27;[39m&amp#27;[32m200&amp#27;[39m &amp#27;[90m36 ms - 50&amp#27;[39m
&amp#27;[35m[HTTP]&amp#27;[39m &amp#27;[90m&amp#27;[39m
The Screen Width is : 1440
&amp#27;[35m[HTTP]&amp#27;[39m &amp#27;[37m-->&amp#27;[39m &amp#27;[37mPOST&amp#27;[39m &amp#27;[37m/wd/hub/session/45b62214-294b-41c0-a0cc-db2656f2ad87/touch/perform&amp#27;[39m
&amp#27;[35m[HTTP]&amp#27;[39m &amp#27;[90m{"actions":[{"action":"press","options":{"x":1400,"y":1356}},{"action":"wait","options":{"ms":200}},{"action":"moveTo","options":{"x":10,"y":1356}},{"action":"release","options":{}}]}&amp#27;[39m
[debug] &amp#27;[35m[W3C (45b62214)]&amp#27;[39m Calling AppiumDriver.performTouch() with args: [[{"action":"press","options":{"x":1400,"y":1356}},{"action":"wait","options":{"ms":200}},{"action":"moveTo","options":{"x":10,"y":1356}},{"action":"release","options":{}}],"45b62214-294b-41c0-a0cc-db2656f2ad87"]
[debug] &amp#27;[35m[WD Proxy]&amp#27;[39m Matched '/touch/perform' to command name 'performTouch'
[debug] &amp#27;[35m[WD Proxy]&amp#27;[39m Proxying [POST /touch/perform] to [POST http://127.0.0.1:8208/wd/hub/session/754298d1-6b37-445f-a769-1422661b0545/touch/perform] with body: {"startX":1400,"startY":1356,"endX":10,"endY":1356,"steps":6}
[debug] &amp#27;[35m[WD Proxy]&amp#27;[39m Got response with status 200: {"sessionId":"754298d1-6b37-445f-a769-1422661b0545","value":null}
[debug] &amp#27;[35m[W3C (45b62214)]&amp#27;[39m Responding to client with driver.performTouch() result: null
&amp#27;[35m[HTTP]&amp#27;[39m &amp#27;[37m<-- POST /wd/hub/session/45b62214-294b-41c0-a0cc-db2656f2ad87/touch/perform &amp#27;[39m&amp#27;[32m200&amp#27;[39m &amp#27;[90m1351 ms - 14&amp#27;[39m
&amp#27;[35m[HTTP]&amp#27;[39m &amp#27;[90m&amp#27;[39m
Last Swipe Executed
&amp#27;[35m[HTTP]&amp#27;[39m &amp#27;[37m-->&amp#27;[39m &amp#27;[37mGET&amp#27;[39m &amp#27;[37m/wd/hub/session/45b62214-294b-41c0-a0cc-db2656f2ad87/context&amp#27;[39m
&amp#27;[35m[HTTP]&amp#27;[39m &amp#27;[90m{}&amp#27;[39m
[debug] &amp#27;[35m[W3C (45b62214)]&amp#27;[39m Calling AppiumDriver.getCurrentContext() with args: ["45b62214-294b-41c0-a0cc-db2656f2ad87"]
[debug] &amp#27;[35m[W3C (45b62214)]&amp#27;[39m Responding to client with driver.getCurrentContext() result: "NATIVE_APP"
&amp#27;[35m[HTTP]&amp#27;[39m &amp#27;[37m<-- GET /wd/hub/session/45b62214-294b-41c0-a0cc-db2656f2ad87/context &amp#27;[39m&amp#27;[32m200&amp#27;[39m &amp#27;[90m1 ms - 22&amp#27;[39m
&amp#27;[35m[HTTP]&amp#27;[39m &amp#27;[90m&amp#27;[39m
&amp#27;[35m[HTTP]&amp#27;[39m &amp#27;[37m-->&amp#27;[39m &amp#27;[37mPOST&amp#27;[39m &amp#27;[37m/wd/hub/session/45b62214-294b-41c0-a0cc-db2656f2ad87/element&amp#27;[39m
&amp#27;[35m[HTTP]&amp#27;[39m &amp#27;[90m{"using":"xpath","value":"//android.widget.TextView[@text='Maybe later']"}&amp#27;[39m
[debug] &amp#27;[35m[W3C (45b62214)]&amp#27;[39m Calling AppiumDriver.findElement() with args: ["xpath","//android.widget.TextView[@text='Maybe later']","45b62214-294b-41c0-a0cc-db2656f2ad87"]
[debug] &amp#27;[35m[BaseDriver]&amp#27;[39m Valid locator strategies for this request: xpath, id, class name, accessibility id, css selector, -android uiautomator
[debug] &amp#27;[35m[BaseDriver]&amp#27;[39m Waiting up to 15000 ms for condition
[debug] &amp#27;[35m[WD Proxy]&amp#27;[39m Matched '/element' to command name 'findElement'
[debug] &amp#27;[35m[WD Proxy]&amp#27;[39m Proxying [POST /element] to [POST http://127.0.0.1:8208/wd/hub/session/754298d1-6b37-445f-a769-1422661b0545/element] with body: {"strategy":"xpath","selector":"//android.widget.TextView[@text='Maybe later']","context":"","multiple":false}
[debug] &amp#27;[35m[WD Proxy]&amp#27;[39m Got response with status 200: {"sessionId":"754298d1-6b37-445f-a769-1422661b0545","value":{"ELEMENT":"00000000-0000-0233-ffff-ffff0000015d","element-6066-11e4-a52e-4f735466cecf":"00000000-0000-0233-ffff-ffff0000015d"}}
[debug] &amp#27;[35m[W3C (45b62214)]&amp#27;[39m Responding to client with driver.findElement() result: {"element-6066-11e4-a52e-4f735466cecf":"00000000-0000-0233-ffff-ffff0000015d","ELEMENT":"00000000-0000-0233-ffff-ffff0000015d"}
&amp#27;[35m[HTTP]&amp#27;[39m &amp#27;[37m<-- POST /wd/hub/session/45b62214-294b-41c0-a0cc-db2656f2ad87/element &amp#27;[39m&amp#27;[32m200&amp#27;[39m &amp#27;[90m2423 ms - 137&amp#27;[39m
&amp#27;[35m[HTTP]&amp#27;[39m &amp#27;[90m&amp#27;[39m
&amp#27;[35m[HTTP]&amp#27;[39m &amp#27;[37m-->&amp#27;[39m &amp#27;[37mGET&amp#27;[39m &amp#27;[37m/wd/hub/session/45b62214-294b-41c0-a0cc-db2656f2ad87/element/00000000-0000-0233-ffff-ffff0000015d/text&amp#27;[39m
&amp#27;[35m[HTTP]&amp#27;[39m &amp#27;[90m{}&amp#27;[39m
&amp#27;[35m[W3C (45b62214)]&amp#27;[39m Driver proxy active, passing request on via HTTP proxy
[debug] &amp#27;[35m[WD Proxy]&amp#27;[39m Matched '/wd/hub/session/45b62214-294b-41c0-a0cc-db2656f2ad87/element/00000000-0000-0233-ffff-ffff0000015d/text' to command name 'getText'
[debug] &amp#27;[35m[WD Proxy]&amp#27;[39m Proxying [GET /wd/hub/session/45b62214-294b-41c0-a0cc-db2656f2ad87/element/00000000-0000-0233-ffff-ffff0000015d/text] to [GET http://127.0.0.1:8208/wd/hub/session/754298d1-6b37-445f-a769-1422661b0545/element/00000000-0000-0233-ffff-ffff0000015d/text] with no body
[debug] &amp#27;[35m[WD Proxy]&amp#27;[39m Got response with status 200: {"sessionId":"754298d1-6b37-445f-a769-1422661b0545","value":"Maybe later"}
&amp#27;[35m[WD Proxy]&amp#27;[39m Replacing sessionId 754298d1-6b37-445f-a769-1422661b0545 with 45b62214-294b-41c0-a0cc-db2656f2ad87
&amp#27;[35m[HTTP]&amp#27;[39m &amp#27;[37m<-- GET /wd/hub/session/45b62214-294b-41c0-a0cc-db2656f2ad87/element/00000000-0000-0233-ffff-ffff0000015d/text &amp#27;[39m&amp#27;[32m200&amp#27;[39m &amp#27;[90m189 ms - 74&amp#27;[39m
&amp#27;[35m[HTTP]&amp#27;[39m &amp#27;[90m&amp#27;[39m
&amp#27;[35m[HTTP]&amp#27;[39m &amp#27;[37m-->&amp#27;[39m &amp#27;[37mGET&amp#27;[39m &amp#27;[37m/wd/hub/session/45b62214-294b-41c0-a0cc-db2656f2ad87/context&amp#27;[39m
&amp#27;[35m[HTTP]&amp#27;[39m &amp#27;[90m{}&amp#27;[39m
[debug] &amp#27;[35m[W3C (45b62214)]&amp#27;[39m Calling AppiumDriver.getCurrentContext() with args: ["45b62214-294b-41c0-a0cc-db2656f2ad87"]
[debug] &amp#27;[35m[W3C (45b62214)]&amp#27;[39m Responding to client with driver.getCurrentContext() result: "NATIVE_APP"
&amp#27;[35m[HTTP]&amp#27;[39m &amp#27;[37m<-- GET /wd/hub/session/45b62214-294b-41c0-a0cc-db2656f2ad87/context &amp#27;[39m&amp#27;[32m200&amp#27;[39m &amp#27;[90m1 ms - 22&amp#27;[39m
&amp#27;[35m[HTTP]&amp#27;[39m &amp#27;[90m&amp#27;[39m
&amp#27;[35m[HTTP]&amp#27;[39m &amp#27;[37m-->&amp#27;[39m &amp#27;[37mPOST&amp#27;[39m &amp#27;[37m/wd/hub/session/45b62214-294b-41c0-a0cc-db2656f2ad87/element&amp#27;[39m
&amp#27;[35m[HTTP]&amp#27;[39m &amp#27;[90m{"using":"xpath","value":"//android.widget.TextView[@text='Sign in with Email']"}&amp#27;[39m
[debug] &amp#27;[35m[W3C (45b62214)]&amp#27;[39m Calling AppiumDriver.findElement() with args: ["xpath","//android.widget.TextView[@text='Sign in with Email']","45b62214-294b-41c0-a0cc-db2656f2ad87"]
[debug] &amp#27;[35m[BaseDriver]&amp#27;[39m Valid locator strategies for this request: xpath, id, class name, accessibility id, css selector, -android uiautomator
[debug] &amp#27;[35m[BaseDriver]&amp#27;[39m Waiting up to 15000 ms for condition
[debug] &amp#27;[35m[WD Proxy]&amp#27;[39m Matched '/element' to command name 'findElement'
[debug] &amp#27;[35m[WD Proxy]&amp#27;[39m Proxying [POST /element] to [POST http://127.0.0.1:8208/wd/hub/session/754298d1-6b37-445f-a769-1422661b0545/element] with body: {"strategy":"xpath","selector":"//android.widget.TextView[@text='Sign in with Email']","context":"","multiple":false}
[debug] &amp#27;[35m[WD Proxy]&amp#27;[39m Got response with status 200: {"sessionId":"754298d1-6b37-445f-a769-1422661b0545","value":{"ELEMENT":"00000000-0000-0233-ffff-ffff00000159","element-6066-11e4-a52e-4f735466cecf":"00000000-0000-0233-ffff-ffff00000159"}}
[debug] &amp#27;[35m[W3C (45b62214)]&amp#27;[39m Responding to client with driver.findElement() result: {"element-6066-11e4-a52e-4f735466cecf":"00000000-0000-0233-ffff-ffff00000159","ELEMENT":"00000000-0000-0233-ffff-ffff00000159"}
&amp#27;[35m[HTTP]&amp#27;[39m &amp#27;[37m<-- POST /wd/hub/session/45b62214-294b-41c0-a0cc-db2656f2ad87/element &amp#27;[39m&amp#27;[32m200&amp#27;[39m &amp#27;[90m1386 ms - 137&amp#27;[39m
&amp#27;[35m[HTTP]&amp#27;[39m &amp#27;[90m&amp#27;[39m
&amp#27;[35m[HTTP]&amp#27;[39m &amp#27;[37m-->&amp#27;[39m &amp#27;[37mPOST&amp#27;[39m &amp#27;[37m/wd/hub/session/45b62214-294b-41c0-a0cc-db2656f2ad87/element/00000000-0000-0233-ffff-ffff00000159/click&amp#27;[39m
&amp#27;[35m[HTTP]&amp#27;[39m &amp#27;[90m{"id":"00000000-0000-0233-ffff-ffff00000159"}&amp#27;[39m
[debug] &amp#27;[35m[W3C (45b62214)]&amp#27;[39m Calling AppiumDriver.click() with args: ["00000000-0000-0233-ffff-ffff00000159","45b62214-294b-41c0-a0cc-db2656f2ad87"]
[debug] &amp#27;[35m[WD Proxy]&amp#27;[39m Matched '/element/00000000-0000-0233-ffff-ffff00000159/click' to command name 'click'
[debug] &amp#27;[35m[WD Proxy]&amp#27;[39m Proxying [POST /element/00000000-0000-0233-ffff-ffff00000159/click] to [POST http://127.0.0.1:8208/wd/hub/session/754298d1-6b37-445f-a769-1422661b0545/element/00000000-0000-0233-ffff-ffff00000159/click] with body: {"element":"00000000-0000-0233-ffff-ffff00000159"}
[debug] &amp#27;[35m[WD Proxy]&amp#27;[39m Got response with status 200: {"sessionId":"754298d1-6b37-445f-a769-1422661b0545","value":null}
[debug] &amp#27;[35m[W3C (45b62214)]&amp#27;[39m Responding to client with driver.click() result: null
&amp#27;[35m[HTTP]&amp#27;[39m &amp#27;[37m<-- POST /wd/hub/session/45b62214-294b-41c0-a0cc-db2656f2ad87/element/00000000-0000-0233-ffff-ffff00000159/click &amp#27;[39m&amp#27;[32m200&amp#27;[39m &amp#27;[90m339 ms - 14&amp#27;[39m
&amp#27;[35m[HTTP]&amp#27;[39m &amp#27;[90m&amp#27;[39m
&amp#27;[35m[HTTP]&amp#27;[39m &amp#27;[37m-->&amp#27;[39m &amp#27;[37mPOST&amp#27;[39m &amp#27;[37m/wd/hub/session/45b62214-294b-41c0-a0cc-db2656f2ad87/element&amp#27;[39m
&amp#27;[35m[HTTP]&amp#27;[39m &amp#27;[90m{"using":"xpath","value":"//android.widget.EditText[@text='john.doe@email.com']"}&amp#27;[39m
[debug] &amp#27;[35m[W3C (45b62214)]&amp#27;[39m Calling AppiumDriver.findElement() with args: ["xpath","//android.widget.EditText[@text='john.doe@email.com']","45b62214-294b-41c0-a0cc-db2656f2ad87"]
[debug] &amp#27;[35m[BaseDriver]&amp#27;[39m Valid locator strategies for this request: xpath, id, class name, accessibility id, css selector, -android uiautomator
[debug] &amp#27;[35m[BaseDriver]&amp#27;[39m Waiting up to 15000 ms for condition
[debug] &amp#27;[35m[WD Proxy]&amp#27;[39m Matched '/element' to command name 'findElement'
[debug] &amp#27;[35m[WD Proxy]&amp#27;[39m Proxying [POST /element] to [POST http://127.0.0.1:8208/wd/hub/session/754298d1-6b37-445f-a769-1422661b0545/element] with body: {"strategy":"xpath","selector":"//android.widget.EditText[@text='john.doe@email.com']","context":"","multiple":false}
&amp#27;[35m[BaseDriver]&amp#27;[39m Shutting down because we waited 180 seconds for a command
&amp#27;[35m[Appium]&amp#27;[39m Closing session, cause was 'New Command Timeout of 180 seconds expired. Try customizing the timeout using the 'newCommandTimeout' desired capability'
&amp#27;[35m[Appium]&amp#27;[39m Removing session 'dbeb26db-cd3e-4699-a7a4-f9d109b655a2' from our master session list
[debug] &amp#27;[35m[UiAutomator2]&amp#27;[39m Deleting UiAutomator2 session
[debug] &amp#27;[35m[UiAutomator2]&amp#27;[39m Deleting UiAutomator2 server session
&amp#27;[35m[UiAutomator2]&amp#27;[39m Did not get confirmation UiAutomator2 deleteSession worked; Error was: UnknownError: An unknown server-side error occurred while processing the command. Original error: 'DELETE /' cannot be proxied to UiAutomator2 server because the instrumentation process is not running (probably crashed). Check the server log and/or the logcat output for more details
[debug] &amp#27;[35m[ADB]&amp#27;[39m Running '/Users/kamaljhinjer/Library/Android/sdk/platform-tools/adb -P 5037 -s emulator-5554 shell am force-stop dog.fa.so.app'
&amp#27;[35m[WD Proxy]&amp#27;[39m Got response with status 404: {"sessionId":"754298d1-6b37-445f-a769-1422661b0545","value":{"error":"no such element","message":"An element could not be located on the page using the given search parameters","stacktrace":"io.appium.uiautomator2.common.exceptions.ElementNotFoundException: An element could not be located on the page using the given search parameters\n\tat io.appium.uiautomator2.handler.FindElement.findElement(FindElement.java:90)\n\tat io.appium.uiautomator2.handler.FindElement.safeHandle(FindElement.java:67)\n\tat io.appium.uiautomator2.handler.request.SafeRequestHandler.handle(SafeRequestHandler.java:59)\n\tat io.appium.uiautomator2.server.AppiumServlet.handleRequest(AppiumServlet.java:266)\n\tat io.appium.uiautomator2.server.AppiumServlet.handleHttpRequest(AppiumServlet.java:260)\n\tat io.appium.uiautomator2.http.ServerHandler.channelRead(ServerHandler.java:68)\n\tat io.netty.channel.AbstractChannelHandlerContext.invokeChannelRead(AbstractChannelHandlerContext.java:366)\n\tat io.netty.channel.AbstractChannelHandlerCont...
[debug] &amp#27;[35m[W3C]&amp#27;[39m Matched W3C error code 'no such element' to NoSuchElementError
[debug] &amp#27;[35m[BaseDriver]&amp#27;[39m Waited for 1322 ms so far
[debug] &amp#27;[35m[Logcat]&amp#27;[39m Stopping logcat capture
[debug] &amp#27;[35m[ADB]&amp#27;[39m Removing forwarded port socket connection: 8209 
[debug] &amp#27;[35m[ADB]&amp#27;[39m Running '/Users/kamaljhinjer/Library/Android/sdk/platform-tools/adb -P 5037 -s emulator-5554 forward --remove tcp:8209'
&amp#27;[35m[UiAutomator2]&amp#27;[39m Restoring hidden api policy to the device default configuration
[debug] &amp#27;[35m[ADB]&amp#27;[39m Running '/Users/kamaljhinjer/Library/Android/sdk/platform-tools/adb -P 5037 -s emulator-5554 shell 'settings delete global hidden_api_policy_pre_p_apps;settings delete global hidden_api_policy_p_apps;settings delete global hidden_api_policy''
[debug] &amp#27;[35m[WD Proxy]&amp#27;[39m Matched '/element' to command name 'findElement'
[debug] &amp#27;[35m[WD Proxy]&amp#27;[39m Proxying [POST /element] to [POST http://127.0.0.1:8208/wd/hub/session/754298d1-6b37-445f-a769-1422661b0545/element] with body: {"strategy":"xpath","selector":"//android.widget.EditText[@text='john.doe@email.com']","context":"","multiple":false}
&amp#27;[35m[WD Proxy]&amp#27;[39m Got response with status 404: {"sessionId":"754298d1-6b37-445f-a769-1422661b0545","value":{"error":"no such element","message":"An element could not be located on the page using the given search parameters","stacktrace":"io.appium.uiautomator2.common.exceptions.ElementNotFoundException: An element could not be located on the page using the given search parameters\n\tat io.appium.uiautomator2.handler.FindElement.findElement(FindElement.java:90)\n\tat io.appium.uiautomator2.handler.FindElement.safeHandle(FindElement.java:67)\n\tat io.appium.uiautomator2.handler.request.SafeRequestHandler.handle(SafeRequestHandler.java:59)\n\tat io.appium.uiautomator2.server.AppiumServlet.handleRequest(AppiumServlet.java:266)\n\tat io.appium.uiautomator2.server.AppiumServlet.handleHttpRequest(AppiumServlet.java:260)\n\tat io.appium.uiautomator2.http.ServerHandler.channelRead(ServerHandler.java:68)\n\tat io.netty.channel.AbstractChannelHandlerContext.invokeChannelRead(AbstractChannelHandlerContext.java:366)\n\tat io.netty.channel.AbstractChannelHandlerCont...
[debug] &amp#27;[35m[W3C]&amp#27;[39m Matched W3C error code 'no such element' to NoSuchElementError
[debug] &amp#27;[35m[BaseDriver]&amp#27;[39m Waited for 2312 ms so far
[debug] &amp#27;[35m[WD Proxy]&amp#27;[39m Matched '/element' to command name 'findElement'
[debug] &amp#27;[35m[WD Proxy]&amp#27;[39m Proxying [POST /element] to [POST http://127.0.0.1:8208/wd/hub/session/754298d1-6b37-445f-a769-1422661b0545/element] with body: {"strategy":"xpath","selector":"//android.widget.EditText[@text='john.doe@email.com']","context":"","multiple":false}
&amp#27;[35m[WD Proxy]&amp#27;[39m Got response with status 404: {"sessionId":"754298d1-6b37-445f-a769-1422661b0545","value":{"error":"no such element","message":"An element could not be located on the page using the given search parameters","stacktrace":"io.appium.uiautomator2.common.exceptions.ElementNotFoundException: An element could not be located on the page using the given search parameters\n\tat io.appium.uiautomator2.handler.FindElement.findElement(FindElement.java:90)\n\tat io.appium.uiautomator2.handler.FindElement.safeHandle(FindElement.java:67)\n\tat io.appium.uiautomator2.handler.request.SafeRequestHandler.handle(SafeRequestHandler.java:59)\n\tat io.appium.uiautomator2.server.AppiumServlet.handleRequest(AppiumServlet.java:266)\n\tat io.appium.uiautomator2.server.AppiumServlet.handleHttpRequest(AppiumServlet.java:260)\n\tat io.appium.uiautomator2.http.ServerHandler.channelRead(ServerHandler.java:68)\n\tat io.netty.channel.AbstractChannelHandlerContext.invokeChannelRead(AbstractChannelHandlerContext.java:366)\n\tat io.netty.channel.AbstractChannelHandlerCont...
[debug] &amp#27;[35m[W3C]&amp#27;[39m Matched W3C error code 'no such element' to NoSuchElementError
[debug] &amp#27;[35m[BaseDriver]&amp#27;[39m Waited for 2895 ms so far
[debug] &amp#27;[35m[WD Proxy]&amp#27;[39m Matched '/element' to command name 'findElement'
[debug] &amp#27;[35m[WD Proxy]&amp#27;[39m Proxying [POST /element] to [POST http://127.0.0.1:8208/wd/hub/session/754298d1-6b37-445f-a769-1422661b0545/element] with body: {"strategy":"xpath","selector":"//android.widget.EditText[@text='john.doe@email.com']","context":"","multiple":false}
&amp#27;[35m[WD Proxy]&amp#27;[39m Got response with status 404: {"sessionId":"754298d1-6b37-445f-a769-1422661b0545","value":{"error":"no such element","message":"An element could not be located on the page using the given search parameters","stacktrace":"io.appium.uiautomator2.common.exceptions.ElementNotFoundException: An element could not be located on the page using the given search parameters\n\tat io.appium.uiautomator2.handler.FindElement.findElement(FindElement.java:90)\n\tat io.appium.uiautomator2.handler.FindElement.safeHandle(FindElement.java:67)\n\tat io.appium.uiautomator2.handler.request.SafeRequestHandler.handle(SafeRequestHandler.java:59)\n\tat io.appium.uiautomator2.server.AppiumServlet.handleRequest(AppiumServlet.java:266)\n\tat io.appium.uiautomator2.server.AppiumServlet.handleHttpRequest(AppiumServlet.java:260)\n\tat io.appium.uiautomator2.http.ServerHandler.channelRead(ServerHandler.java:68)\n\tat io.netty.channel.AbstractChannelHandlerContext.invokeChannelRead(AbstractChannelHandlerContext.java:366)\n\tat io.netty.channel.AbstractChannelHandlerCont...
[debug] &amp#27;[35m[W3C]&amp#27;[39m Matched W3C error code 'no such element' to NoSuchElementError
[debug] &amp#27;[35m[BaseDriver]&amp#27;[39m Waited for 3471 ms so far
[debug] &amp#27;[35m[WD Proxy]&amp#27;[39m Matched '/element' to command name 'findElement'
[debug] &amp#27;[35m[WD Proxy]&amp#27;[39m Proxying [POST /element] to [POST http://127.0.0.1:8208/wd/hub/session/754298d1-6b37-445f-a769-1422661b0545/element] with body: {"strategy":"xpath","selector":"//android.widget.EditText[@text='john.doe@email.com']","context":"","multiple":false}
&amp#27;[35m[WD Proxy]&amp#27;[39m Got response with status 404: {"sessionId":"754298d1-6b37-445f-a769-1422661b0545","value":{"error":"no such element","message":"An element could not be located on the page using the given search parameters","stacktrace":"io.appium.uiautomator2.common.exceptions.ElementNotFoundException: An element could not be located on the page using the given search parameters\n\tat io.appium.uiautomator2.handler.FindElement.findElement(FindElement.java:90)\n\tat io.appium.uiautomator2.handler.FindElement.safeHandle(FindElement.java:67)\n\tat io.appium.uiautomator2.handler.request.SafeRequestHandler.handle(SafeRequestHandler.java:59)\n\tat io.appium.uiautomator2.server.AppiumServlet.handleRequest(AppiumServlet.java:266)\n\tat io.appium.uiautomator2.server.AppiumServlet.handleHttpRequest(AppiumServlet.java:260)\n\tat io.appium.uiautomator2.http.ServerHandler.channelRead(ServerHandler.java:68)\n\tat io.netty.channel.AbstractChannelHandlerContext.invokeChannelRead(AbstractChannelHandlerContext.java:366)\n\tat io.netty.channel.AbstractChannelHandlerCont...
[debug] &amp#27;[35m[W3C]&amp#27;[39m Matched W3C error code 'no such element' to NoSuchElementError
[debug] &amp#27;[35m[BaseDriver]&amp#27;[39m Waited for 4047 ms so far
[debug] &amp#27;[35m[WD Proxy]&amp#27;[39m Matched '/element' to command name 'findElement'
[debug] &amp#27;[35m[WD Proxy]&amp#27;[39m Proxying [POST /element] to [POST http://127.0.0.1:8208/wd/hub/session/754298d1-6b37-445f-a769-1422661b0545/element] with body: {"strategy":"xpath","selector":"//android.widget.EditText[@text='john.doe@email.com']","context":"","multiple":false}
&amp#27;[35m[WD Proxy]&amp#27;[39m Got response with status 404: {"sessionId":"754298d1-6b37-445f-a769-1422661b0545","value":{"error":"no such element","message":"An element could not be located on the page using the given search parameters","stacktrace":"io.appium.uiautomator2.common.exceptions.ElementNotFoundException: An element could not be located on the page using the given search parameters\n\tat io.appium.uiautomator2.handler.FindElement.findElement(FindElement.java:90)\n\tat io.appium.uiautomator2.handler.FindElement.safeHandle(FindElement.java:67)\n\tat io.appium.uiautomator2.handler.request.SafeRequestHandler.handle(SafeRequestHandler.java:59)\n\tat io.appium.uiautomator2.server.AppiumServlet.handleRequest(AppiumServlet.java:266)\n\tat io.appium.uiautomator2.server.AppiumServlet.handleHttpRequest(AppiumServlet.java:260)\n\tat io.appium.uiautomator2.http.ServerHandler.channelRead(ServerHandler.java:68)\n\tat io.netty.channel.AbstractChannelHandlerContext.invokeChannelRead(AbstractChannelHandlerContext.java:366)\n\tat io.netty.channel.AbstractChannelHandlerCont...
[debug] &amp#27;[35m[W3C]&amp#27;[39m Matched W3C error code 'no such element' to NoSuchElementError
[debug] &amp#27;[35m[BaseDriver]&amp#27;[39m Waited for 4624 ms so far
[debug] &amp#27;[35m[WD Proxy]&amp#27;[39m Matched '/element' to command name 'findElement'
[debug] &amp#27;[35m[WD Proxy]&amp#27;[39m Proxying [POST /element] to [POST http://127.0.0.1:8208/wd/hub/session/754298d1-6b37-445f-a769-1422661b0545/element] with body: {"strategy":"xpath","selector":"//android.widget.EditText[@text='john.doe@email.com']","context":"","multiple":false}
&amp#27;[35m[WD Proxy]&amp#27;[39m Got response with status 404: {"sessionId":"754298d1-6b37-445f-a769-1422661b0545","value":{"error":"no such element","message":"An element could not be located on the page using the given search parameters","stacktrace":"io.appium.uiautomator2.common.exceptions.ElementNotFoundException: An element could not be located on the page using the given search parameters\n\tat io.appium.uiautomator2.handler.FindElement.findElement(FindElement.java:90)\n\tat io.appium.uiautomator2.handler.FindElement.safeHandle(FindElement.java:67)\n\tat io.appium.uiautomator2.handler.request.SafeRequestHandler.handle(SafeRequestHandler.java:59)\n\tat io.appium.uiautomator2.server.AppiumServlet.handleRequest(AppiumServlet.java:266)\n\tat io.appium.uiautomator2.server.AppiumServlet.handleHttpRequest(AppiumServlet.java:260)\n\tat io.appium.uiautomator2.http.ServerHandler.channelRead(ServerHandler.java:68)\n\tat io.netty.channel.AbstractChannelHandlerContext.invokeChannelRead(AbstractChannelHandlerContext.java:366)\n\tat io.netty.channel.AbstractChannelHandlerCont...
[debug] &amp#27;[35m[W3C]&amp#27;[39m Matched W3C error code 'no such element' to NoSuchElementError
[debug] &amp#27;[35m[BaseDriver]&amp#27;[39m Waited for 5188 ms so far
[debug] &amp#27;[35m[WD Proxy]&amp#27;[39m Matched '/element' to command name 'findElement'
[debug] &amp#27;[35m[WD Proxy]&amp#27;[39m Proxying [POST /element] to [POST http://127.0.0.1:8208/wd/hub/session/754298d1-6b37-445f-a769-1422661b0545/element] with body: {"strategy":"xpath","selector":"//android.widget.EditText[@text='john.doe@email.com']","context":"","multiple":false}
&amp#27;[35m[WD Proxy]&amp#27;[39m Got response with status 404: {"sessionId":"754298d1-6b37-445f-a769-1422661b0545","value":{"error":"no such element","message":"An element could not be located on the page using the given search parameters","stacktrace":"io.appium.uiautomator2.common.exceptions.ElementNotFoundException: An element could not be located on the page using the given search parameters\n\tat io.appium.uiautomator2.handler.FindElement.findElement(FindElement.java:90)\n\tat io.appium.uiautomator2.handler.FindElement.safeHandle(FindElement.java:67)\n\tat io.appium.uiautomator2.handler.request.SafeRequestHandler.handle(SafeRequestHandler.java:59)\n\tat io.appium.uiautomator2.server.AppiumServlet.handleRequest(AppiumServlet.java:266)\n\tat io.appium.uiautomator2.server.AppiumServlet.handleHttpRequest(AppiumServlet.java:260)\n\tat io.appium.uiautomator2.http.ServerHandler.channelRead(ServerHandler.java:68)\n\tat io.netty.channel.AbstractChannelHandlerContext.invokeChannelRead(AbstractChannelHandlerContext.java:366)\n\tat io.netty.channel.AbstractChannelHandlerCont...
[debug] &amp#27;[35m[W3C]&amp#27;[39m Matched W3C error code 'no such element' to NoSuchElementError
[debug] &amp#27;[35m[BaseDriver]&amp#27;[39m Waited for 5777 ms so far
[debug] &amp#27;[35m[WD Proxy]&amp#27;[39m Matched '/element' to command name 'findElement'
[debug] &amp#27;[35m[WD Proxy]&amp#27;[39m Proxying [POST /element] to [POST http://127.0.0.1:8208/wd/hub/session/754298d1-6b37-445f-a769-1422661b0545/element] with body: {"strategy":"xpath","selector":"//android.widget.EditText[@text='john.doe@email.com']","context":"","multiple":false}
&amp#27;[35m[WD Proxy]&amp#27;[39m Got response with status 404: {"sessionId":"754298d1-6b37-445f-a769-1422661b0545","value":{"error":"no such element","message":"An element could not be located on the page using the given search parameters","stacktrace":"io.appium.uiautomator2.common.exceptions.ElementNotFoundException: An element could not be located on the page using the given search parameters\n\tat io.appium.uiautomator2.handler.FindElement.findElement(FindElement.java:90)\n\tat io.appium.uiautomator2.handler.FindElement.safeHandle(FindElement.java:67)\n\tat io.appium.uiautomator2.handler.request.SafeRequestHandler.handle(SafeRequestHandler.java:59)\n\tat io.appium.uiautomator2.server.AppiumServlet.handleRequest(AppiumServlet.java:266)\n\tat io.appium.uiautomator2.server.AppiumServlet.handleHttpRequest(AppiumServlet.java:260)\n\tat io.appium.uiautomator2.http.ServerHandler.channelRead(ServerHandler.java:68)\n\tat io.netty.channel.AbstractChannelHandlerContext.invokeChannelRead(AbstractChannelHandlerContext.java:366)\n\tat io.netty.channel.AbstractChannelHandlerCont...
[debug] &amp#27;[35m[W3C]&amp#27;[39m Matched W3C error code 'no such element' to NoSuchElementError
[debug] &amp#27;[35m[BaseDriver]&amp#27;[39m Waited for 6338 ms so far
[debug] &amp#27;[35m[WD Proxy]&amp#27;[39m Matched '/element' to command name 'findElement'
[debug] &amp#27;[35m[WD Proxy]&amp#27;[39m Proxying [POST /element] to [POST http://127.0.0.1:8208/wd/hub/session/754298d1-6b37-445f-a769-1422661b0545/element] with body: {"strategy":"xpath","selector":"//android.widget.EditText[@text='john.doe@email.com']","context":"","multiple":false}
&amp#27;[35m[WD Proxy]&amp#27;[39m Got response with status 404: {"sessionId":"754298d1-6b37-445f-a769-1422661b0545","value":{"error":"no such element","message":"An element could not be located on the page using the given search parameters","stacktrace":"io.appium.uiautomator2.common.exceptions.ElementNotFoundException: An element could not be located on the page using the given search parameters\n\tat io.appium.uiautomator2.handler.FindElement.findElement(FindElement.java:90)\n\tat io.appium.uiautomator2.handler.FindElement.safeHandle(FindElement.java:67)\n\tat io.appium.uiautomator2.handler.request.SafeRequestHandler.handle(SafeRequestHandler.java:59)\n\tat io.appium.uiautomator2.server.AppiumServlet.handleRequest(AppiumServlet.java:266)\n\tat io.appium.uiautomator2.server.AppiumServlet.handleHttpRequest(AppiumServlet.java:260)\n\tat io.appium.uiautomator2.http.ServerHandler.channelRead(ServerHandler.java:68)\n\tat io.netty.channel.AbstractChannelHandlerContext.invokeChannelRead(AbstractChannelHandlerContext.java:366)\n\tat io.netty.channel.AbstractChannelHandlerCont...
[debug] &amp#27;[35m[W3C]&amp#27;[39m Matched W3C error code 'no such element' to NoSuchElementError
[debug] &amp#27;[35m[BaseDriver]&amp#27;[39m Waited for 6919 ms so far
[debug] &amp#27;[35m[WD Proxy]&amp#27;[39m Matched '/element' to command name 'findElement'
[debug] &amp#27;[35m[WD Proxy]&amp#27;[39m Proxying [POST /element] to [POST http://127.0.0.1:8208/wd/hub/session/754298d1-6b37-445f-a769-1422661b0545/element] with body: {"strategy":"xpath","selector":"//android.widget.EditText[@text='john.doe@email.com']","context":"","multiple":false}
&amp#27;[35m[WD Proxy]&amp#27;[39m Got response with status 404: {"sessionId":"754298d1-6b37-445f-a769-1422661b0545","value":{"error":"no such element","message":"An element could not be located on the page using the given search parameters","stacktrace":"io.appium.uiautomator2.common.exceptions.ElementNotFoundException: An element could not be located on the page using the given search parameters\n\tat io.appium.uiautomator2.handler.FindElement.findElement(FindElement.java:90)\n\tat io.appium.uiautomator2.handler.FindElement.safeHandle(FindElement.java:67)\n\tat io.appium.uiautomator2.handler.request.SafeRequestHandler.handle(SafeRequestHandler.java:59)\n\tat io.appium.uiautomator2.server.AppiumServlet.handleRequest(AppiumServlet.java:266)\n\tat io.appium.uiautomator2.server.AppiumServlet.handleHttpRequest(AppiumServlet.java:260)\n\tat io.appium.uiautomator2.http.ServerHandler.channelRead(ServerHandler.java:68)\n\tat io.netty.channel.AbstractChannelHandlerContext.invokeChannelRead(AbstractChannelHandlerContext.java:366)\n\tat io.netty.channel.AbstractChannelHandlerCont...
[debug] &amp#27;[35m[W3C]&amp#27;[39m Matched W3C error code 'no such element' to NoSuchElementError
[debug] &amp#27;[35m[BaseDriver]&amp#27;[39m Waited for 7488 ms so far
[debug] &amp#27;[35m[WD Proxy]&amp#27;[39m Matched '/element' to command name 'findElement'
[debug] &amp#27;[35m[WD Proxy]&amp#27;[39m Proxying [POST /element] to [POST http://127.0.0.1:8208/wd/hub/session/754298d1-6b37-445f-a769-1422661b0545/element] with body: {"strategy":"xpath","selector":"//android.widget.EditText[@text='john.doe@email.com']","context":"","multiple":false}
&amp#27;[35m[WD Proxy]&amp#27;[39m Got response with status 404: {"sessionId":"754298d1-6b37-445f-a769-1422661b0545","value":{"error":"no such element","message":"An element could not be located on the page using the given search parameters","stacktrace":"io.appium.uiautomator2.common.exceptions.ElementNotFoundException: An element could not be located on the page using the given search parameters\n\tat io.appium.uiautomator2.handler.FindElement.findElement(FindElement.java:90)\n\tat io.appium.uiautomator2.handler.FindElement.safeHandle(FindElement.java:67)\n\tat io.appium.uiautomator2.handler.request.SafeRequestHandler.handle(SafeRequestHandler.java:59)\n\tat io.appium.uiautomator2.server.AppiumServlet.handleRequest(AppiumServlet.java:266)\n\tat io.appium.uiautomator2.server.AppiumServlet.handleHttpRequest(AppiumServlet.java:260)\n\tat io.appium.uiautomator2.http.ServerHandler.channelRead(ServerHandler.java:68)\n\tat io.netty.channel.AbstractChannelHandlerContext.invokeChannelRead(AbstractChannelHandlerContext.java:366)\n\tat io.netty.channel.AbstractChannelHandlerCont...
[debug] &amp#27;[35m[W3C]&amp#27;[39m Matched W3C error code 'no such element' to NoSuchElementError
[debug] &amp#27;[35m[BaseDriver]&amp#27;[39m Waited for 8060 ms so far
[debug] &amp#27;[35m[WD Proxy]&amp#27;[39m Matched '/element' to command name 'findElement'
[debug] &amp#27;[35m[WD Proxy]&amp#27;[39m Proxying [POST /element] to [POST http://127.0.0.1:8208/wd/hub/session/754298d1-6b37-445f-a769-1422661b0545/element] with body: {"strategy":"xpath","selector":"//android.widget.EditText[@text='john.doe@email.com']","context":"","multiple":false}
&amp#27;[35m[WD Proxy]&amp#27;[39m Got response with status 404: {"sessionId":"754298d1-6b37-445f-a769-1422661b0545","value":{"error":"no such element","message":"An element could not be located on the page using the given search parameters","stacktrace":"io.appium.uiautomator2.common.exceptions.ElementNotFoundException: An element could not be located on the page using the given search parameters\n\tat io.appium.uiautomator2.handler.FindElement.findElement(FindElement.java:90)\n\tat io.appium.uiautomator2.handler.FindElement.safeHandle(FindElement.java:67)\n\tat io.appium.uiautomator2.handler.request.SafeRequestHandler.handle(SafeRequestHandler.java:59)\n\tat io.appium.uiautomator2.server.AppiumServlet.handleRequest(AppiumServlet.java:266)\n\tat io.appium.uiautomator2.server.AppiumServlet.handleHttpRequest(AppiumServlet.java:260)\n\tat io.appium.uiautomator2.http.ServerHandler.channelRead(ServerHandler.java:68)\n\tat io.netty.channel.AbstractChannelHandlerContext.invokeChannelRead(AbstractChannelHandlerContext.java:366)\n\tat io.netty.channel.AbstractChannelHandlerCont...
[debug] &amp#27;[35m[W3C]&amp#27;[39m Matched W3C error code 'no such element' to NoSuchElementError
[debug] &amp#27;[35m[BaseDriver]&amp#27;[39m Waited for 8630 ms so far
[debug] &amp#27;[35m[WD Proxy]&amp#27;[39m Matched '/element' to command name 'findElement'
[debug] &amp#27;[35m[WD Proxy]&amp#27;[39m Proxying [POST /element] to [POST http://127.0.0.1:8208/wd/hub/session/754298d1-6b37-445f-a769-1422661b0545/element] with body: {"strategy":"xpath","selector":"//android.widget.EditText[@text='john.doe@email.com']","context":"","multiple":false}
&amp#27;[35m[WD Proxy]&amp#27;[39m Got response with status 404: {"sessionId":"754298d1-6b37-445f-a769-1422661b0545","value":{"error":"no such element","message":"An element could not be located on the page using the given search parameters","stacktrace":"io.appium.uiautomator2.common.exceptions.ElementNotFoundException: An element could not be located on the page using the given search parameters\n\tat io.appium.uiautomator2.handler.FindElement.findElement(FindElement.java:90)\n\tat io.appium.uiautomator2.handler.FindElement.safeHandle(FindElement.java:67)\n\tat io.appium.uiautomator2.handler.request.SafeRequestHandler.handle(SafeRequestHandler.java:59)\n\tat io.appium.uiautomator2.server.AppiumServlet.handleRequest(AppiumServlet.java:266)\n\tat io.appium.uiautomator2.server.AppiumServlet.handleHttpRequest(AppiumServlet.java:260)\n\tat io.appium.uiautomator2.http.ServerHandler.channelRead(ServerHandler.java:68)\n\tat io.netty.channel.AbstractChannelHandlerContext.invokeChannelRead(AbstractChannelHandlerContext.java:366)\n\tat io.netty.channel.AbstractChannelHandlerCont...
[debug] &amp#27;[35m[W3C]&amp#27;[39m Matched W3C error code 'no such element' to NoSuchElementError
[debug] &amp#27;[35m[BaseDriver]&amp#27;[39m Waited for 9193 ms so far
[debug] &amp#27;[35m[WD Proxy]&amp#27;[39m Matched '/element' to command name 'findElement'
[debug] &amp#27;[35m[WD Proxy]&amp#27;[39m Proxying [POST /element] to [POST http://127.0.0.1:8208/wd/hub/session/754298d1-6b37-445f-a769-1422661b0545/element] with body: {"strategy":"xpath","selector":"//android.widget.EditText[@text='john.doe@email.com']","context":"","multiple":false}
&amp#27;[35m[WD Proxy]&amp#27;[39m Got response with status 404: {"sessionId":"754298d1-6b37-445f-a769-1422661b0545","value":{"error":"no such element","message":"An element could not be located on the page using the given search parameters","stacktrace":"io.appium.uiautomator2.common.exceptions.ElementNotFoundException: An element could not be located on the page using the given search parameters\n\tat io.appium.uiautomator2.handler.FindElement.findElement(FindElement.java:90)\n\tat io.appium.uiautomator2.handler.FindElement.safeHandle(FindElement.java:67)\n\tat io.appium.uiautomator2.handler.request.SafeRequestHandler.handle(SafeRequestHandler.java:59)\n\tat io.appium.uiautomator2.server.AppiumServlet.handleRequest(AppiumServlet.java:266)\n\tat io.appium.uiautomator2.server.AppiumServlet.handleHttpRequest(AppiumServlet.java:260)\n\tat io.appium.uiautomator2.http.ServerHandler.channelRead(ServerHandler.java:68)\n\tat io.netty.channel.AbstractChannelHandlerContext.invokeChannelRead(AbstractChannelHandlerContext.java:366)\n\tat io.netty.channel.AbstractChannelHandlerCont...
[debug] &amp#27;[35m[W3C]&amp#27;[39m Matched W3C error code 'no such element' to NoSuchElementError
[debug] &amp#27;[35m[BaseDriver]&amp#27;[39m Waited for 9767 ms so far
[debug] &amp#27;[35m[WD Proxy]&amp#27;[39m Matched '/element' to command name 'findElement'
[debug] &amp#27;[35m[WD Proxy]&amp#27;[39m Proxying [POST /element] to [POST http://127.0.0.1:8208/wd/hub/session/754298d1-6b37-445f-a769-1422661b0545/element] with body: {"strategy":"xpath","selector":"//android.widget.EditText[@text='john.doe@email.com']","context":"","multiple":false}
&amp#27;[35m[WD Proxy]&amp#27;[39m Got response with status 404: {"sessionId":"754298d1-6b37-445f-a769-1422661b0545","value":{"error":"no such element","message":"An element could not be located on the page using the given search parameters","stacktrace":"io.appium.uiautomator2.common.exceptions.ElementNotFoundException: An element could not be located on the page using the given search parameters\n\tat io.appium.uiautomator2.handler.FindElement.findElement(FindElement.java:90)\n\tat io.appium.uiautomator2.handler.FindElement.safeHandle(FindElement.java:67)\n\tat io.appium.uiautomator2.handler.request.SafeRequestHandler.handle(SafeRequestHandler.java:59)\n\tat io.appium.uiautomator2.server.AppiumServlet.handleRequest(AppiumServlet.java:266)\n\tat io.appium.uiautomator2.server.AppiumServlet.handleHttpRequest(AppiumServlet.java:260)\n\tat io.appium.uiautomator2.http.ServerHandler.channelRead(ServerHandler.java:68)\n\tat io.netty.channel.AbstractChannelHandlerContext.invokeChannelRead(AbstractChannelHandlerContext.java:366)\n\tat io.netty.channel.AbstractChannelHandlerCont...
[debug] &amp#27;[35m[W3C]&amp#27;[39m Matched W3C error code 'no such element' to NoSuchElementError
[debug] &amp#27;[35m[BaseDriver]&amp#27;[39m Waited for 10353 ms so far
[debug] &amp#27;[35m[WD Proxy]&amp#27;[39m Matched '/element' to command name 'findElement'
[debug] &amp#27;[35m[WD Proxy]&amp#27;[39m Proxying [POST /element] to [POST http://127.0.0.1:8208/wd/hub/session/754298d1-6b37-445f-a769-1422661b0545/element] with body: {"strategy":"xpath","selector":"//android.widget.EditText[@text='john.doe@email.com']","context":"","multiple":false}
&amp#27;[35m[WD Proxy]&amp#27;[39m Got response with status 404: {"sessionId":"754298d1-6b37-445f-a769-1422661b0545","value":{"error":"no such element","message":"An element could not be located on the page using the given search parameters","stacktrace":"io.appium.uiautomator2.common.exceptions.ElementNotFoundException: An element could not be located on the page using the given search parameters\n\tat io.appium.uiautomator2.handler.FindElement.findElement(FindElement.java:90)\n\tat io.appium.uiautomator2.handler.FindElement.safeHandle(FindElement.java:67)\n\tat io.appium.uiautomator2.handler.request.SafeRequestHandler.handle(SafeRequestHandler.java:59)\n\tat io.appium.uiautomator2.server.AppiumServlet.handleRequest(AppiumServlet.java:266)\n\tat io.appium.uiautomator2.server.AppiumServlet.handleHttpRequest(AppiumServlet.java:260)\n\tat io.appium.uiautomator2.http.ServerHandler.channelRead(ServerHandler.java:68)\n\tat io.netty.channel.AbstractChannelHandlerContext.invokeChannelRead(AbstractChannelHandlerContext.java:366)\n\tat io.netty.channel.AbstractChannelHandlerCont...
[debug] &amp#27;[35m[W3C]&amp#27;[39m Matched W3C error code 'no such element' to NoSuchElementError
[debug] &amp#27;[35m[BaseDriver]&amp#27;[39m Waited for 10925 ms so far
[debug] &amp#27;[35m[WD Proxy]&amp#27;[39m Matched '/element' to command name 'findElement'
[debug] &amp#27;[35m[WD Proxy]&amp#27;[39m Proxying [POST /element] to [POST http://127.0.0.1:8208/wd/hub/session/754298d1-6b37-445f-a769-1422661b0545/element] with body: {"strategy":"xpath","selector":"//android.widget.EditText[@text='john.doe@email.com']","context":"","multiple":false}
&amp#27;[35m[WD Proxy]&amp#27;[39m Got response with status 404: {"sessionId":"754298d1-6b37-445f-a769-1422661b0545","value":{"error":"no such element","message":"An element could not be located on the page using the given search parameters","stacktrace":"io.appium.uiautomator2.common.exceptions.ElementNotFoundException: An element could not be located on the page using the given search parameters\n\tat io.appium.uiautomator2.handler.FindElement.findElement(FindElement.java:90)\n\tat io.appium.uiautomator2.handler.FindElement.safeHandle(FindElement.java:67)\n\tat io.appium.uiautomator2.handler.request.SafeRequestHandler.handle(SafeRequestHandler.java:59)\n\tat io.appium.uiautomator2.server.AppiumServlet.handleRequest(AppiumServlet.java:266)\n\tat io.appium.uiautomator2.server.AppiumServlet.handleHttpRequest(AppiumServlet.java:260)\n\tat io.appium.uiautomator2.http.ServerHandler.channelRead(ServerHandler.java:68)\n\tat io.netty.channel.AbstractChannelHandlerContext.invokeChannelRead(AbstractChannelHandlerContext.java:366)\n\tat io.netty.channel.AbstractChannelHandlerCont...
[debug] &amp#27;[35m[W3C]&amp#27;[39m Matched W3C error code 'no such element' to NoSuchElementError
[debug] &amp#27;[35m[BaseDriver]&amp#27;[39m Waited for 11492 ms so far
[debug] &amp#27;[35m[WD Proxy]&amp#27;[39m Matched '/element' to command name 'findElement'
[debug] &amp#27;[35m[WD Proxy]&amp#27;[39m Proxying [POST /element] to [POST http://127.0.0.1:8208/wd/hub/session/754298d1-6b37-445f-a769-1422661b0545/element] with body: {"strategy":"xpath","selector":"//android.widget.EditText[@text='john.doe@email.com']","context":"","multiple":false}
&amp#27;[35m[WD Proxy]&amp#27;[39m Got response with status 404: {"sessionId":"754298d1-6b37-445f-a769-1422661b0545","value":{"error":"no such element","message":"An element could not be located on the page using the given search parameters","stacktrace":"io.appium.uiautomator2.common.exceptions.ElementNotFoundException: An element could not be located on the page using the given search parameters\n\tat io.appium.uiautomator2.handler.FindElement.findElement(FindElement.java:90)\n\tat io.appium.uiautomator2.handler.FindElement.safeHandle(FindElement.java:67)\n\tat io.appium.uiautomator2.handler.request.SafeRequestHandler.handle(SafeRequestHandler.java:59)\n\tat io.appium.uiautomator2.server.AppiumServlet.handleRequest(AppiumServlet.java:266)\n\tat io.appium.uiautomator2.server.AppiumServlet.handleHttpRequest(AppiumServlet.java:260)\n\tat io.appium.uiautomator2.http.ServerHandler.channelRead(ServerHandler.java:68)\n\tat io.netty.channel.AbstractChannelHandlerContext.invokeChannelRead(AbstractChannelHandlerContext.java:366)\n\tat io.netty.channel.AbstractChannelHandlerCont...
[debug] &amp#27;[35m[W3C]&amp#27;[39m Matched W3C error code 'no such element' to NoSuchElementError
[debug] &amp#27;[35m[BaseDriver]&amp#27;[39m Waited for 12056 ms so far
[debug] &amp#27;[35m[WD Proxy]&amp#27;[39m Matched '/element' to command name 'findElement'
[debug] &amp#27;[35m[WD Proxy]&amp#27;[39m Proxying [POST /element] to [POST http://127.0.0.1:8208/wd/hub/session/754298d1-6b37-445f-a769-1422661b0545/element] with body: {"strategy":"xpath","selector":"//android.widget.EditText[@text='john.doe@email.com']","context":"","multiple":false}
&amp#27;[35m[WD Proxy]&amp#27;[39m Got response with status 404: {"sessionId":"754298d1-6b37-445f-a769-1422661b0545","value":{"error":"no such element","message":"An element could not be located on the page using the given search parameters","stacktrace":"io.appium.uiautomator2.common.exceptions.ElementNotFoundException: An element could not be located on the page using the given search parameters\n\tat io.appium.uiautomator2.handler.FindElement.findElement(FindElement.java:90)\n\tat io.appium.uiautomator2.handler.FindElement.safeHandle(FindElement.java:67)\n\tat io.appium.uiautomator2.handler.request.SafeRequestHandler.handle(SafeRequestHandler.java:59)\n\tat io.appium.uiautomator2.server.AppiumServlet.handleRequest(AppiumServlet.java:266)\n\tat io.appium.uiautomator2.server.AppiumServlet.handleHttpRequest(AppiumServlet.java:260)\n\tat io.appium.uiautomator2.http.ServerHandler.channelRead(ServerHandler.java:68)\n\tat io.netty.channel.AbstractChannelHandlerContext.invokeChannelRead(AbstractChannelHandlerContext.java:366)\n\tat io.netty.channel.AbstractChannelHandlerCont...
[debug] &amp#27;[35m[W3C]&amp#27;[39m Matched W3C error code 'no such element' to NoSuchElementError
[debug] &amp#27;[35m[BaseDriver]&amp#27;[39m Waited for 12615 ms so far
[debug] &amp#27;[35m[WD Proxy]&amp#27;[39m Matched '/element' to command name 'findElement'
[debug] &amp#27;[35m[WD Proxy]&amp#27;[39m Proxying [POST /element] to [POST http://127.0.0.1:8208/wd/hub/session/754298d1-6b37-445f-a769-1422661b0545/element] with body: {"strategy":"xpath","selector":"//android.widget.EditText[@text='john.doe@email.com']","context":"","multiple":false}
&amp#27;[35m[WD Proxy]&amp#27;[39m Got response with status 404: {"sessionId":"754298d1-6b37-445f-a769-1422661b0545","value":{"error":"no such element","message":"An element could not be located on the page using the given search parameters","stacktrace":"io.appium.uiautomator2.common.exceptions.ElementNotFoundException: An element could not be located on the page using the given search parameters\n\tat io.appium.uiautomator2.handler.FindElement.findElement(FindElement.java:90)\n\tat io.appium.uiautomator2.handler.FindElement.safeHandle(FindElement.java:67)\n\tat io.appium.uiautomator2.handler.request.SafeRequestHandler.handle(SafeRequestHandler.java:59)\n\tat io.appium.uiautomator2.server.AppiumServlet.handleRequest(AppiumServlet.java:266)\n\tat io.appium.uiautomator2.server.AppiumServlet.handleHttpRequest(AppiumServlet.java:260)\n\tat io.appium.uiautomator2.http.ServerHandler.channelRead(ServerHandler.java:68)\n\tat io.netty.channel.AbstractChannelHandlerContext.invokeChannelRead(AbstractChannelHandlerContext.java:366)\n\tat io.netty.channel.AbstractChannelHandlerCont...
[debug] &amp#27;[35m[W3C]&amp#27;[39m Matched W3C error code 'no such element' to NoSuchElementError
[debug] &amp#27;[35m[BaseDriver]&amp#27;[39m Waited for 13176 ms so far
[debug] &amp#27;[35m[WD Proxy]&amp#27;[39m Matched '/element' to command name 'findElement'
[debug] &amp#27;[35m[WD Proxy]&amp#27;[39m Proxying [POST /element] to [POST http://127.0.0.1:8208/wd/hub/session/754298d1-6b37-445f-a769-1422661b0545/element] with body: {"strategy":"xpath","selector":"//android.widget.EditText[@text='john.doe@email.com']","context":"","multiple":false}
&amp#27;[35m[WD Proxy]&amp#27;[39m Got response with status 404: {"sessionId":"754298d1-6b37-445f-a769-1422661b0545","value":{"error":"no such element","message":"An element could not be located on the page using the given search parameters","stacktrace":"io.appium.uiautomator2.common.exceptions.ElementNotFoundException: An element could not be located on the page using the given search parameters\n\tat io.appium.uiautomator2.handler.FindElement.findElement(FindElement.java:90)\n\tat io.appium.uiautomator2.handler.FindElement.safeHandle(FindElement.java:67)\n\tat io.appium.uiautomator2.handler.request.SafeRequestHandler.handle(SafeRequestHandler.java:59)\n\tat io.appium.uiautomator2.server.AppiumServlet.handleRequest(AppiumServlet.java:266)\n\tat io.appium.uiautomator2.server.AppiumServlet.handleHttpRequest(AppiumServlet.java:260)\n\tat io.appium.uiautomator2.http.ServerHandler.channelRead(ServerHandler.java:68)\n\tat io.netty.channel.AbstractChannelHandlerContext.invokeChannelRead(AbstractChannelHandlerContext.java:366)\n\tat io.netty.channel.AbstractChannelHandlerCont...
[debug] &amp#27;[35m[W3C]&amp#27;[39m Matched W3C error code 'no such element' to NoSuchElementError
[debug] &amp#27;[35m[BaseDriver]&amp#27;[39m Waited for 13740 ms so far
[debug] &amp#27;[35m[WD Proxy]&amp#27;[39m Matched '/element' to command name 'findElement'
[debug] &amp#27;[35m[WD Proxy]&amp#27;[39m Proxying [POST /element] to [POST http://127.0.0.1:8208/wd/hub/session/754298d1-6b37-445f-a769-1422661b0545/element] with body: {"strategy":"xpath","selector":"//android.widget.EditText[@text='john.doe@email.com']","context":"","multiple":false}
&amp#27;[35m[WD Proxy]&amp#27;[39m Got response with status 404: {"sessionId":"754298d1-6b37-445f-a769-1422661b0545","value":{"error":"no such element","message":"An element could not be located on the page using the given search parameters","stacktrace":"io.appium.uiautomator2.common.exceptions.ElementNotFoundException: An element could not be located on the page using the given search parameters\n\tat io.appium.uiautomator2.handler.FindElement.findElement(FindElement.java:90)\n\tat io.appium.uiautomator2.handler.FindElement.safeHandle(FindElement.java:67)\n\tat io.appium.uiautomator2.handler.request.SafeRequestHandler.handle(SafeRequestHandler.java:59)\n\tat io.appium.uiautomator2.server.AppiumServlet.handleRequest(AppiumServlet.java:266)\n\tat io.appium.uiautomator2.server.AppiumServlet.handleHttpRequest(AppiumServlet.java:260)\n\tat io.appium.uiautomator2.http.ServerHandler.channelRead(ServerHandler.java:68)\n\tat io.netty.channel.AbstractChannelHandlerContext.invokeChannelRead(AbstractChannelHandlerContext.java:366)\n\tat io.netty.channel.AbstractChannelHandlerCont...
[debug] &amp#27;[35m[W3C]&amp#27;[39m Matched W3C error code 'no such element' to NoSuchElementError
[debug] &amp#27;[35m[BaseDriver]&amp#27;[39m Waited for 14312 ms so far
[debug] &amp#27;[35m[WD Proxy]&amp#27;[39m Matched '/element' to command name 'findElement'
[debug] &amp#27;[35m[WD Proxy]&amp#27;[39m Proxying [POST /element] to [POST http://127.0.0.1:8208/wd/hub/session/754298d1-6b37-445f-a769-1422661b0545/element] with body: {"strategy":"xpath","selector":"//android.widget.EditText[@text='john.doe@email.com']","context":"","multiple":false}
&amp#27;[35m[WD Proxy]&amp#27;[39m Got response with status 404: {"sessionId":"754298d1-6b37-445f-a769-1422661b0545","value":{"error":"no such element","message":"An element could not be located on the page using the given search parameters","stacktrace":"io.appium.uiautomator2.common.exceptions.ElementNotFoundException: An element could not be located on the page using the given search parameters\n\tat io.appium.uiautomator2.handler.FindElement.findElement(FindElement.java:90)\n\tat io.appium.uiautomator2.handler.FindElement.safeHandle(FindElement.java:67)\n\tat io.appium.uiautomator2.handler.request.SafeRequestHandler.handle(SafeRequestHandler.java:59)\n\tat io.appium.uiautomator2.server.AppiumServlet.handleRequest(AppiumServlet.java:266)\n\tat io.appium.uiautomator2.server.AppiumServlet.handleHttpRequest(AppiumServlet.java:260)\n\tat io.appium.uiautomator2.http.ServerHandler.channelRead(ServerHandler.java:68)\n\tat io.netty.channel.AbstractChannelHandlerContext.invokeChannelRead(AbstractChannelHandlerContext.java:366)\n\tat io.netty.channel.AbstractChannelHandlerCont...
[debug] &amp#27;[35m[W3C]&amp#27;[39m Matched W3C error code 'no such element' to NoSuchElementError
[debug] &amp#27;[35m[BaseDriver]&amp#27;[39m Waited for 14874 ms so far
[debug] &amp#27;[35m[WD Proxy]&amp#27;[39m Matched '/element' to command name 'findElement'
[debug] &amp#27;[35m[WD Proxy]&amp#27;[39m Proxying [POST /element] to [POST http://127.0.0.1:8208/wd/hub/session/754298d1-6b37-445f-a769-1422661b0545/element] with body: {"strategy":"xpath","selector":"//android.widget.EditText[@text='john.doe@email.com']","context":"","multiple":false}
&amp#27;[35m[WD Proxy]&amp#27;[39m Got response with status 404: {"sessionId":"754298d1-6b37-445f-a769-1422661b0545","value":{"error":"no such element","message":"An element could not be located on the page using the given search parameters","stacktrace":"io.appium.uiautomator2.common.exceptions.ElementNotFoundException: An element could not be located on the page using the given search parameters\n\tat io.appium.uiautomator2.handler.FindElement.findElement(FindElement.java:90)\n\tat io.appium.uiautomator2.handler.FindElement.safeHandle(FindElement.java:67)\n\tat io.appium.uiautomator2.handler.request.SafeRequestHandler.handle(SafeRequestHandler.java:59)\n\tat io.appium.uiautomator2.server.AppiumServlet.handleRequest(AppiumServlet.java:266)\n\tat io.appium.uiautomator2.server.AppiumServlet.handleHttpRequest(AppiumServlet.java:260)\n\tat io.appium.uiautomator2.http.ServerHandler.channelRead(ServerHandler.java:68)\n\tat io.netty.channel.AbstractChannelHandlerContext.invokeChannelRead(AbstractChannelHandlerContext.java:366)\n\tat io.netty.channel.AbstractChannelHandlerCont...
[debug] &amp#27;[35m[W3C]&amp#27;[39m Matched W3C error code 'no such element' to NoSuchElementError
[debug] &amp#27;[35m[W3C (45b62214)]&amp#27;[39m Encountered internal error running command: NoSuchElementError: An element could not be located on the page using the given search parameters.
[debug] &amp#27;[35m[W3C (45b62214)]&amp#27;[39m     at AndroidUiautomator2Driver.findElOrEls (/usr/local/lib/node_modules/appium/node_modules/appium-android-driver/lib/commands/find.js:75:11)
[debug] &amp#27;[35m[W3C (45b62214)]&amp#27;[39m     at runMicrotasks (<anonymous>)
[debug] &amp#27;[35m[W3C (45b62214)]&amp#27;[39m     at processTicksAndRejections (internal/process/task_queues.js:97:5)
&amp#27;[35m[HTTP]&amp#27;[39m &amp#27;[37m<-- POST /wd/hub/session/45b62214-294b-41c0-a0cc-db2656f2ad87/element &amp#27;[39m&amp#27;[33m404&amp#27;[39m &amp#27;[90m15552 ms - 496&amp#27;[39m
&amp#27;[35m[HTTP]&amp#27;[39m &amp#27;[90m&amp#27;[39m
]]></system-out>
    <system-err><![CDATA[Jun 07, 2022 10:27:57 PM io.appium.java_client.remote.AppiumCommandExecutor$1 lambda$0
INFO: Detected dialect: W3C
]]></system-err>
  </testcase>
  <testcase name="EndToEndTestCase" classname="SoFaDog.AndroidAutomation.EndToEndTest" time="281.598">
    <system-out><![CDATA[Executing After Method and Confirming the Test was executed
Execute After Class
Execute Before Class & passing capabilities to driver every time the Test's Start in New Class
&amp#27;[35m[HTTP]&amp#27;[39m &amp#27;[37m-->&amp#27;[39m &amp#27;[37mPOST&amp#27;[39m &amp#27;[37m/wd/hub/session&amp#27;[39m
&amp#27;[35m[HTTP]&amp#27;[39m &amp#27;[90m{"desiredCapabilities":{"app":"/Users/kamaljhinjer/Documents/Mac_Coding/AndroidAutomation/src/sofadog-debug-services-4.5.3-2.apk","chromedriverExecutable":"/Users/kamaljhinjer/Documents/Mac_Coding/AndroidAutomation/src/chromedriver/chromedriver","newCommandTimeout":180,"automationName":"uiautomator2","platformName":"Android","deviceName":"Emulator_Pixel2XL"},"capabilities":{"firstMatch":[{"appium:app":"/Users/kamaljhinjer/Documents/Mac_Coding/AndroidAutomation/src/sofadog-debug-services-4.5.3-2.apk","appium:automationName":"uiautomator2","appium:chromedriverExecutable":"/Users/kamaljhinjer/Documents/Mac_Coding/AndroidAutomation/src/chromedriver/chromedriver","appium:deviceName":"Emulator_Pixel2XL","appium:newCommandTimeout":180,"platformName":"android"}]}}&amp#27;[39m
[debug] &amp#27;[35m[W3C]&amp#27;[39m Calling AppiumDriver.createSession() with args: [{"app":"/Users/kamaljhinjer/Documents/Mac_Coding/AndroidAutomation/src/sofadog-debug-services-4.5.3-2.apk","chromedriverExecutable":"/Users/kamaljhinjer/Documents/Mac_Coding/AndroidAutomation/src/chromedriver/chromedriver","newCommandTimeout":180,"automationName":"uiautomator2","platformName":"Android","deviceName":"Emulator_Pixel2XL"},null,{"firstMatch":[{"appium:app":"/Users/kamaljhinjer/Documents/Mac_Coding/AndroidAutomation/src/sofadog-debug-services-4.5.3-2.apk","appium:automationName":"uiautomator2","appium:chromedriverExecutable":"/Users/kamaljhinjer/Documents/Mac_Coding/AndroidAutomation/src/chromedriver/chromedriver","appium:deviceName":"Emulator_Pixel2XL","appium:newCommandTimeout":180,"platformName":"android"}]}]
[debug] &amp#27;[35m[BaseDriver]&amp#27;[39m Event 'newSessionRequested' logged at 1654621162852 (22:29:22 GMT+0530 (India Standard Time))
&amp#27;[35m[Appium]&amp#27;[39m Appium v1.22.3 creating new AndroidUiautomator2Driver (v1.70.1) session
[debug] &amp#27;[35m[BaseDriver]&amp#27;[39m W3C capabilities and MJSONWP desired capabilities were provided
[debug] &amp#27;[35m[BaseDriver]&amp#27;[39m Creating session with W3C capabilities: {
[debug] &amp#27;[35m[BaseDriver]&amp#27;[39m   "alwaysMatch": {
[debug] &amp#27;[35m[BaseDriver]&amp#27;[39m     "platformName": "android",
[debug] &amp#27;[35m[BaseDriver]&amp#27;[39m     "appium:app": "/Users/kamaljhinjer/Documents/Mac_Coding/AndroidAutomation/src/sofadog-debug-services-4.5.3-2.apk",
[debug] &amp#27;[35m[BaseDriver]&amp#27;[39m     "appium:automationName": "uiautomator2",
[debug] &amp#27;[35m[BaseDriver]&amp#27;[39m     "appium:chromedriverExecutable": "/Users/kamaljhinjer/Documents/Mac_Coding/AndroidAutomation/src/chromedriver/chromedriver",
[debug] &amp#27;[35m[BaseDriver]&amp#27;[39m     "appium:deviceName": "Emulator_Pixel2XL",
[debug] &amp#27;[35m[BaseDriver]&amp#27;[39m     "appium:newCommandTimeout": 180
[debug] &amp#27;[35m[BaseDriver]&amp#27;[39m   },
[debug] &amp#27;[35m[BaseDriver]&amp#27;[39m   "firstMatch": [
[debug] &amp#27;[35m[BaseDriver]&amp#27;[39m     {}
[debug] &amp#27;[35m[BaseDriver]&amp#27;[39m   ]
[debug] &amp#27;[35m[BaseDriver]&amp#27;[39m }
&amp#27;[35m[BaseDriver]&amp#27;[39m Session created with session id: a8395378-8b4c-4d54-802f-1303ab7567cb
&amp#27;[35m[BaseDriver]&amp#27;[39m Using local app '/Users/kamaljhinjer/Documents/Mac_Coding/AndroidAutomation/src/sofadog-debug-services-4.5.3-2.apk'
[debug] &amp#27;[35m[UiAutomator2]&amp#27;[39m Checking whether app is actually present
&amp#27;[35m[ADB]&amp#27;[39m Using 'adb' from '/Users/kamaljhinjer/Library/Android/sdk/platform-tools/adb'
[debug] &amp#27;[35m[ADB]&amp#27;[39m Running '/Users/kamaljhinjer/Library/Android/sdk/platform-tools/adb -P 5037 start-server'
&amp#27;[35m[AndroidDriver]&amp#27;[39m Retrieving device list
[debug] &amp#27;[35m[ADB]&amp#27;[39m Trying to find a connected android device
[debug] &amp#27;[35m[ADB]&amp#27;[39m Getting connected devices
[debug] &amp#27;[35m[ADB]&amp#27;[39m Connected devices: [{"udid":"emulator-5554","state":"device"}]
&amp#27;[35m[AndroidDriver]&amp#27;[39m Using device: emulator-5554
&amp#27;[35m[ADB]&amp#27;[39m Using 'adb' from '/Users/kamaljhinjer/Library/Android/sdk/platform-tools/adb'
[debug] &amp#27;[35m[ADB]&amp#27;[39m Running '/Users/kamaljhinjer/Library/Android/sdk/platform-tools/adb -P 5037 start-server'
[debug] &amp#27;[35m[ADB]&amp#27;[39m Setting device id to emulator-5554
[debug] &amp#27;[35m[ADB]&amp#27;[39m Running '/Users/kamaljhinjer/Library/Android/sdk/platform-tools/adb -P 5037 -s emulator-5554 shell getprop ro.build.version.sdk'
[debug] &amp#27;[35m[ADB]&amp#27;[39m Current device property 'ro.build.version.sdk': 31
&amp#27;[35m[ADB]&amp#27;[39m Getting device platform version
[debug] &amp#27;[35m[ADB]&amp#27;[39m Running '/Users/kamaljhinjer/Library/Android/sdk/platform-tools/adb -P 5037 -s emulator-5554 shell getprop ro.build.version.release'
[debug] &amp#27;[35m[ADB]&amp#27;[39m Current device property 'ro.build.version.release': 12
[debug] &amp#27;[35m[ADB]&amp#27;[39m Device API level: 31
&amp#27;[35m[UiAutomator2]&amp#27;[39m Relaxing hidden api policy
[debug] &amp#27;[35m[ADB]&amp#27;[39m Running '/Users/kamaljhinjer/Library/Android/sdk/platform-tools/adb -P 5037 -s emulator-5554 shell 'settings put global hidden_api_policy_pre_p_apps 1;settings put global hidden_api_policy_p_apps 1;settings put global hidden_api_policy 1''
[debug] &amp#27;[35m[AndroidDriver]&amp#27;[39m Parsing package and activity from app manifest
&amp#27;[35m[ADB]&amp#27;[39m Package name: 'dog.fa.so.app'
&amp#27;[35m[ADB]&amp#27;[39m Main activity name: 'dog.fa.so.app.MainActivity'
[debug] &amp#27;[35m[AndroidDriver]&amp#27;[39m Parsed package and activity are: dog.fa.so.app/dog.fa.so.app.MainActivity
[debug] &amp#27;[35m[ADB]&amp#27;[39m Running '/Users/kamaljhinjer/Library/Android/sdk/platform-tools/adb -P 5037 -s emulator-5554 wait-for-device'
[debug] &amp#27;[35m[ADB]&amp#27;[39m Running '/Users/kamaljhinjer/Library/Android/sdk/platform-tools/adb -P 5037 -s emulator-5554 shell echo ping'
[debug] &amp#27;[35m[AndroidDriver]&amp#27;[39m Pushing settings apk to device...
[debug] &amp#27;[35m[ADB]&amp#27;[39m Getting install status for io.appium.settings
[debug] &amp#27;[35m[ADB]&amp#27;[39m Running '/Users/kamaljhinjer/Library/Android/sdk/platform-tools/adb -P 5037 -s emulator-5554 shell dumpsys package io.appium.settings'
[debug] &amp#27;[35m[ADB]&amp#27;[39m 'io.appium.settings' is installed
[debug] &amp#27;[35m[ADB]&amp#27;[39m Getting package info for 'io.appium.settings'
[debug] &amp#27;[35m[ADB]&amp#27;[39m Running '/Users/kamaljhinjer/Library/Android/sdk/platform-tools/adb -P 5037 -s emulator-5554 shell dumpsys package io.appium.settings'
[debug] &amp#27;[35m[ADB]&amp#27;[39m The version name of the installed 'io.appium.settings' is greater or equal to the application version name ('3.4.0' >= '3.4.0')
[debug] &amp#27;[35m[ADB]&amp#27;[39m There is no need to install/upgrade '/usr/local/lib/node_modules/appium/node_modules/io.appium.settings/apks/settings_apk-debug.apk'
[debug] &amp#27;[35m[ADB]&amp#27;[39m Getting IDs of all 'io.appium.settings' processes
[debug] &amp#27;[35m[ADB]&amp#27;[39m Running '/Users/kamaljhinjer/Library/Android/sdk/platform-tools/adb -P 5037 -s emulator-5554 shell 'pgrep --help; echo $?''
[debug] &amp#27;[35m[ADB]&amp#27;[39m Running '/Users/kamaljhinjer/Library/Android/sdk/platform-tools/adb -P 5037 -s emulator-5554 shell pgrep -f \(\[\[:blank:\]\]\|\^\)io\.appium\.settings\(\[\[:blank:\]\]\|\$\)'
[debug] &amp#27;[35m[AndroidDriver]&amp#27;[39m io.appium.settings is already running. There is no need to reset its permissions.
[debug] &amp#27;[35m[Logcat]&amp#27;[39m Starting logs capture with command: /Users/kamaljhinjer/Library/Android/sdk/platform-tools/adb -P 5037 -s emulator-5554 logcat -v threadtime
[debug] &amp#27;[35m[UiAutomator2]&amp#27;[39m Forwarding UiAutomator2 Server port 6790 to local port 8209
[debug] &amp#27;[35m[ADB]&amp#27;[39m Forwarding system: 8209 to device: 6790
[debug] &amp#27;[35m[ADB]&amp#27;[39m Running '/Users/kamaljhinjer/Library/Android/sdk/platform-tools/adb -P 5037 -s emulator-5554 forward tcp:8209 tcp:6790'
&amp#27;[35m[UiAutomator2]&amp#27;[39m Server package at '/usr/local/lib/node_modules/appium/node_modules/appium-uiautomator2-server/apks/appium-uiautomator2-server-v4.27.0.apk' is not writeable. Will copy it into the temporary location at '/var/folders/4f/ggkjk46s0lj0y4w1yj8mpmm00000gn/T/202257-2037-1knkwqu.p0m' as a workaround. Consider making this file writeable manually in order to improve the performance of session startup.
&amp#27;[35m[UiAutomator2]&amp#27;[39m Server package at '/usr/local/lib/node_modules/appium/node_modules/appium-uiautomator2-server/apks/appium-uiautomator2-server-debug-androidTest.apk' is not writeable. Will copy it into the temporary location at '/var/folders/4f/ggkjk46s0lj0y4w1yj8mpmm00000gn/T/202257-2037-1knkwqu.p0m' as a workaround. Consider making this file writeable manually in order to improve the performance of session startup.
[debug] &amp#27;[35m[ADB]&amp#27;[39m Getting install status for io.appium.uiautomator2.server
[debug] &amp#27;[35m[ADB]&amp#27;[39m Running '/Users/kamaljhinjer/Library/Android/sdk/platform-tools/adb -P 5037 -s emulator-5554 shell dumpsys package io.appium.uiautomator2.server'
[debug] &amp#27;[35m[ADB]&amp#27;[39m 'io.appium.uiautomator2.server' is installed
[debug] &amp#27;[35m[ADB]&amp#27;[39m Getting package info for 'io.appium.uiautomator2.server'
[debug] &amp#27;[35m[ADB]&amp#27;[39m Running '/Users/kamaljhinjer/Library/Android/sdk/platform-tools/adb -P 5037 -s emulator-5554 shell dumpsys package io.appium.uiautomator2.server'
[debug] &amp#27;[35m[ADB]&amp#27;[39m The version name of the installed 'io.appium.uiautomator2.server' is greater or equal to the application version name ('4.27.0' >= '4.27.0')
[debug] &amp#27;[35m[UiAutomator2]&amp#27;[39m io.appium.uiautomator2.server installation state: sameVersionInstalled
[debug] &amp#27;[35m[ADB]&amp#27;[39m Checking app cert for /var/folders/4f/ggkjk46s0lj0y4w1yj8mpmm00000gn/T/202257-2037-1knkwqu.p0m/appium-uiautomator2-server-v4.27.0.apk
[debug] &amp#27;[35m[ADB]&amp#27;[39m Using the previously cached signature entry for 'appium-uiautomator2-server-v4.27.0.apk'
[debug] &amp#27;[35m[ADB]&amp#27;[39m sha256 hash did match for 'appium-uiautomator2-server-v4.27.0.apk'
[debug] &amp#27;[35m[ADB]&amp#27;[39m Getting install status for io.appium.uiautomator2.server.test
[debug] &amp#27;[35m[ADB]&amp#27;[39m Running '/Users/kamaljhinjer/Library/Android/sdk/platform-tools/adb -P 5037 -s emulator-5554 shell dumpsys package io.appium.uiautomator2.server.test'
[debug] &amp#27;[35m[ADB]&amp#27;[39m 'io.appium.uiautomator2.server.test' is installed
[debug] &amp#27;[35m[ADB]&amp#27;[39m Checking app cert for /var/folders/4f/ggkjk46s0lj0y4w1yj8mpmm00000gn/T/202257-2037-1knkwqu.p0m/appium-uiautomator2-server-debug-androidTest.apk
[debug] &amp#27;[35m[ADB]&amp#27;[39m Using the previously cached signature entry for 'appium-uiautomator2-server-debug-androidTest.apk'
[debug] &amp#27;[35m[ADB]&amp#27;[39m sha256 hash did match for 'appium-uiautomator2-server-debug-androidTest.apk'
&amp#27;[35m[UiAutomator2]&amp#27;[39m Server packages are not going to be (re)installed
[debug] &amp#27;[35m[UiAutomator2]&amp#27;[39m Waiting up to 30000ms for services to be available
[debug] &amp#27;[35m[ADB]&amp#27;[39m Running '/Users/kamaljhinjer/Library/Android/sdk/platform-tools/adb -P 5037 -s emulator-5554 shell pm list instrumentation'
[debug] &amp#27;[35m[UiAutomator2]&amp#27;[39m Instrumentation target 'io.appium.uiautomator2.server.test/androidx.test.runner.AndroidJUnitRunner' is available
&amp#27;[35m[ADB]&amp#27;[39m Adding packages ["io.appium.settings","io.appium.uiautomator2.server","io.appium.uiautomator2.server.test"] to Doze whitelist
[debug] &amp#27;[35m[ADB]&amp#27;[39m Got the following command chunks to execute: [["dumpsys","deviceidle","whitelist","+io.appium.settings",";","dumpsys","deviceidle","whitelist","+io.appium.uiautomator2.server",";","dumpsys","deviceidle","whitelist","+io.appium.uiautomator2.server.test",";"]]
[debug] &amp#27;[35m[ADB]&amp#27;[39m Running '/Users/kamaljhinjer/Library/Android/sdk/platform-tools/adb -P 5037 -s emulator-5554 shell dumpsys deviceidle whitelist +io.appium.settings ; dumpsys deviceidle whitelist +io.appium.uiautomator2.server ; dumpsys deviceidle whitelist +io.appium.uiautomator2.server.test ;'
[debug] &amp#27;[35m[ADB]&amp#27;[39m Checking app cert for /Users/kamaljhinjer/Documents/Mac_Coding/AndroidAutomation/src/sofadog-debug-services-4.5.3-2.apk
[debug] &amp#27;[35m[ADB]&amp#27;[39m Using the previously cached signature entry for 'sofadog-debug-services-4.5.3-2.apk'
[debug] &amp#27;[35m[ADB]&amp#27;[39m Getting install status for dog.fa.so.app
[debug] &amp#27;[35m[ADB]&amp#27;[39m Running '/Users/kamaljhinjer/Library/Android/sdk/platform-tools/adb -P 5037 -s emulator-5554 shell dumpsys package dog.fa.so.app'
[debug] &amp#27;[35m[ADB]&amp#27;[39m 'dog.fa.so.app' is installed
[debug] &amp#27;[35m[ADB]&amp#27;[39m Getting package info for 'dog.fa.so.app'
[debug] &amp#27;[35m[ADB]&amp#27;[39m Running '/Users/kamaljhinjer/Library/Android/sdk/platform-tools/adb -P 5037 -s emulator-5554 shell dumpsys package dog.fa.so.app'
[debug] &amp#27;[35m[ADB]&amp#27;[39m The version name of the installed 'dog.fa.so.app' is greater or equal to the application version name ('4.5.1' >= '4.5.1')
[debug] &amp#27;[35m[ADB]&amp#27;[39m There is no need to install/upgrade '/Users/kamaljhinjer/Documents/Mac_Coding/AndroidAutomation/src/sofadog-debug-services-4.5.3-2.apk'
&amp#27;[35m[AndroidDriver]&amp#27;[39m Performing fast reset on 'dog.fa.so.app'
[debug] &amp#27;[35m[ADB]&amp#27;[39m Getting install status for dog.fa.so.app
[debug] &amp#27;[35m[ADB]&amp#27;[39m Running '/Users/kamaljhinjer/Library/Android/sdk/platform-tools/adb -P 5037 -s emulator-5554 shell dumpsys package dog.fa.so.app'
[debug] &amp#27;[35m[ADB]&amp#27;[39m 'dog.fa.so.app' is installed
[debug] &amp#27;[35m[ADB]&amp#27;[39m Running '/Users/kamaljhinjer/Library/Android/sdk/platform-tools/adb -P 5037 -s emulator-5554 shell am force-stop dog.fa.so.app'
[debug] &amp#27;[35m[ADB]&amp#27;[39m Running '/Users/kamaljhinjer/Library/Android/sdk/platform-tools/adb -P 5037 -s emulator-5554 shell pm clear dog.fa.so.app'
[debug] &amp#27;[35m[AndroidDriver]&amp#27;[39m Performed fast reset on the installed 'dog.fa.so.app' application (stop and clear)
[debug] &amp#27;[35m[UiAutomator2]&amp#27;[39m Performing shallow cleanup of automation leftovers
[debug] &amp#27;[35m[UiAutomator2]&amp#27;[39m The following obsolete sessions are still running: ["754298d1-6b37-445f-a769-1422661b0545"]
[debug] &amp#27;[35m[UiAutomator2]&amp#27;[39m Cleaning up 1 obsolete session
[debug] &amp#27;[35m[Instrumentation]&amp#27;[39m .
[debug] &amp#27;[35m[Instrumentation]&amp#27;[39m Time: 94.396
[debug] &amp#27;[35m[Instrumentation]&amp#27;[39m 
[debug] &amp#27;[35m[Instrumentation]&amp#27;[39m OK (1 test)
[debug] &amp#27;[35m[Instrumentation]&amp#27;[39m The process has exited with code 0
[debug] &amp#27;[35m[ADB]&amp#27;[39m Running '/Users/kamaljhinjer/Library/Android/sdk/platform-tools/adb -P 5037 -s emulator-5554 shell am force-stop io.appium.uiautomator2.server.test'
&amp#27;[35m[UiAutomator2]&amp#27;[39m Starting UIAutomator2 server 4.27.0
&amp#27;[35m[UiAutomator2]&amp#27;[39m Using UIAutomator2 server from '/usr/local/lib/node_modules/appium/node_modules/appium-uiautomator2-server/apks/appium-uiautomator2-server-v4.27.0.apk' and test from '/usr/local/lib/node_modules/appium/node_modules/appium-uiautomator2-server/apks/appium-uiautomator2-server-debug-androidTest.apk'
&amp#27;[35m[UiAutomator2]&amp#27;[39m Waiting up to 30000ms for UiAutomator2 to be online...
[debug] &amp#27;[35m[ADB]&amp#27;[39m Creating ADB subprocess with args: ["-P",5037,"-s","emulator-5554","shell","am","instrument","-w","-e","disableAnalytics",true,"io.appium.uiautomator2.server.test/androidx.test.runner.AndroidJUnitRunner"]
[debug] &amp#27;[35m[WD Proxy]&amp#27;[39m Matched '/status' to command name 'getStatus'
[debug] &amp#27;[35m[WD Proxy]&amp#27;[39m Proxying [GET /status] to [GET http://127.0.0.1:8209/wd/hub/status] with no body
&amp#27;[35m[WD Proxy]&amp#27;[39m socket hang up
[debug] &amp#27;[35m[WD Proxy]&amp#27;[39m Matched '/status' to command name 'getStatus'
[debug] &amp#27;[35m[WD Proxy]&amp#27;[39m Proxying [GET /status] to [GET http://127.0.0.1:8209/wd/hub/status] with no body
&amp#27;[35m[WD Proxy]&amp#27;[39m socket hang up
[debug] &amp#27;[35m[Instrumentation]&amp#27;[39m io.appium.uiautomator2.server.test.AppiumUiAutomator2Server:
[debug] &amp#27;[35m[WD Proxy]&amp#27;[39m Matched '/status' to command name 'getStatus'
[debug] &amp#27;[35m[WD Proxy]&amp#27;[39m Proxying [GET /status] to [GET http://127.0.0.1:8209/wd/hub/status] with no body
&amp#27;[35m[WD Proxy]&amp#27;[39m socket hang up
[debug] &amp#27;[35m[WD Proxy]&amp#27;[39m Matched '/status' to command name 'getStatus'
[debug] &amp#27;[35m[WD Proxy]&amp#27;[39m Proxying [GET /status] to [GET http://127.0.0.1:8209/wd/hub/status] with no body
&amp#27;[35m[WD Proxy]&amp#27;[39m socket hang up
[debug] &amp#27;[35m[WD Proxy]&amp#27;[39m Matched '/status' to command name 'getStatus'
[debug] &amp#27;[35m[WD Proxy]&amp#27;[39m Proxying [GET /status] to [GET http://127.0.0.1:8209/wd/hub/status] with no body
[debug] &amp#27;[35m[WD Proxy]&amp#27;[39m Got response with status 200: {"sessionId":"None","value":{"message":"UiAutomator2 Server is ready to accept commands","ready":true}}
[debug] &amp#27;[35m[UiAutomator2]&amp#27;[39m The initialization of the instrumentation process took 4179ms
[debug] &amp#27;[35m[WD Proxy]&amp#27;[39m Matched '/session' to command name 'createSession'
[debug] &amp#27;[35m[WD Proxy]&amp#27;[39m Proxying [POST /session] to [POST http://127.0.0.1:8209/wd/hub/session] with body: {"capabilities":{"firstMatch":[{"platform":"LINUX","webStorageEnabled":false,"takesScreenshot":true,"javascriptEnabled":true,"databaseEnabled":false,"networkConnectionEnabled":true,"locationContextEnabled":false,"warnings":{},"desired":{"platformName":"android","app":"/Users/kamaljhinjer/Documents/Mac_Coding/AndroidAutomation/src/sofadog-debug-services-4.5.3-2.apk","automationName":"uiautomator2","chromedriverExecutable":"/Users/kamaljhinjer/Documents/Mac_Coding/AndroidAutomation/src/chromedriver/chromedriver","deviceName":"Emulator_Pixel2XL","newCommandTimeout":180},"platformName":"android","app":"/Users/kamaljhinjer/Documents/Mac_Coding/AndroidAutomation/src/sofadog-debug-services-4.5.3-2.apk","automationName":"uiautomator2","chromedriverExecutable":"/Users/kamaljhinjer/Documents/Mac_Coding/AndroidAutomation/src/chromedriver/chromedriver","deviceName":"emulator-5554","newCommandTimeout":180,"deviceUDID":"emulator-5554","appPackage":"dog.fa.so.app"}],"alwaysMatch":{}}}
[debug] &amp#27;[35m[WD Proxy]&amp#27;[39m Got response with status 200: {"sessionId":"ad2218b3-e157-4105-8c58-28af58ecd405","value":{"capabilities":{"firstMatch":[{"platform":"LINUX","webStorageEnabled":false,"takesScreenshot":true,"javascriptEnabled":true,"databaseEnabled":false,"networkConnectionEnabled":true,"locationContextEnabled":false,"warnings":{},"desired":{"platformName":"android","app":"/Users/kamaljhinjer/Documents/Mac_Coding/AndroidAutomation/src/sofadog-debug-services-4.5.3-2.apk","automationName":"uiautomator2","chromedriverExecutable":"/Users/kamaljhinjer/Documents/Mac_Coding/AndroidAutomation/src/chromedriver/chromedriver","deviceName":"Emulator_Pixel2XL","newCommandTimeout":180},"platformName":"android","app":"/Users/kamaljhinjer/Documents/Mac_Coding/AndroidAutomation/src/sofadog-debug-services-4.5.3-2.apk","automationName":"uiautomator2","chromedriverExecutable":"/Users/kamaljhinjer/Documents/Mac_Coding/AndroidAutomation/src/chromedriver/chromedriver","deviceName":"emulator-5554","newCommandTimeout":180,"deviceUDID":"emulator-5554","appPackage":"dog.fa.so.ap...
&amp#27;[35m[WD Proxy]&amp#27;[39m Determined the downstream protocol as 'W3C'
[debug] &amp#27;[35m[WD Proxy]&amp#27;[39m Proxying [GET /appium/device/info] to [GET http://127.0.0.1:8209/wd/hub/session/ad2218b3-e157-4105-8c58-28af58ecd405/appium/device/info] with no body
[debug] &amp#27;[35m[WD Proxy]&amp#27;[39m Got response with status 200: {"sessionId":"ad2218b3-e157-4105-8c58-28af58ecd405","value":{"androidId":"489d6660c2445b4e","apiVersion":"31","bluetooth":{"state":"OFF"},"brand":"google","carrierName":"T-Mobile","displayDensity":560,"locale":"en_US","manufacturer":"Google","model":"sdk_gphone64_x86_64","networks":[{"capabilities":{"SSID":null,"linkDownBandwidthKbps":4300,"linkUpstreamBandwidthKbps":1800,"networkCapabilities":"NET_CAPABILITY_MMS,NET_CAPABILITY_SUPL,NET_CAPABILITY_DUN,NET_CAPABILITY_FOTA,NET_CAPABILITY_IMS,NET_CAPABILITY_CBS,NET_CAPABILITY_INTERNET,NET_CAPABILITY_NOT_RESTRICTED,NET_CAPABILITY_TRUSTED,NET_CAPABILITY_NOT_VPN,NET_CAPABILITY_VALIDATED,NET_CAPABILITY_NOT_ROAMING,NET_CAPABILITY_NOT_CONGESTED,NET_CAPABILITY_NOT_SUSPENDED","signalStrength":-2147483648,"transportTypes":"TRANSPORT_CELLULAR"},"detailedState":"CONNECTED","extraInfo":"epc.tmobile.com","isAvailable":true,"isConnected":true,"isFailover":false,"isRoaming":false,"state":"CONNECTED","subtype":10,"subtypeName":"HSPA","type":0,"typeName":"MOBILE"},{"capabilit...
[debug] &amp#27;[35m[ADB]&amp#27;[39m Running '/Users/kamaljhinjer/Library/Android/sdk/platform-tools/adb -P 5037 -s emulator-5554 shell dumpsys window'
&amp#27;[35m[AndroidDriver]&amp#27;[39m Screen already unlocked, doing nothing
&amp#27;[35m[UiAutomator2]&amp#27;[39m Starting 'dog.fa.so.app/dog.fa.so.app.MainActivity and waiting for 'dog.fa.so.app/dog.fa.so.app.MainActivity'
[debug] &amp#27;[35m[ADB]&amp#27;[39m Running '/Users/kamaljhinjer/Library/Android/sdk/platform-tools/adb -P 5037 -s emulator-5554 shell am start -W -n dog.fa.so.app/dog.fa.so.app.MainActivity -S -a android.intent.action.MAIN -c android.intent.category.LAUNCHER -f 0x10200000'
[debug] &amp#27;[35m[ADB]&amp#27;[39m Waiting up to 20000ms for activity matching pkg: 'dog.fa.so.app' and activity: 'dog.fa.so.app.MainActivity' to be focused
[debug] &amp#27;[35m[ADB]&amp#27;[39m Possible activities, to be checked: 'dog.fa.so.app.MainActivity', 'dog.fa.so.app.dog.fa.so.app.MainActivity'
[debug] &amp#27;[35m[ADB]&amp#27;[39m Getting focused package and activity
[debug] &amp#27;[35m[ADB]&amp#27;[39m Running '/Users/kamaljhinjer/Library/Android/sdk/platform-tools/adb -P 5037 -s emulator-5554 shell dumpsys window displays'
[debug] &amp#27;[35m[ADB]&amp#27;[39m Found package: 'dog.fa.so.app' and fully qualified activity name : 'dog.fa.so.app.MainActivity'
[debug] &amp#27;[35m[WD Proxy]&amp#27;[39m Proxying [GET /appium/device/pixel_ratio] to [GET http://127.0.0.1:8209/wd/hub/session/ad2218b3-e157-4105-8c58-28af58ecd405/appium/device/pixel_ratio] with no body
[debug] &amp#27;[35m[WD Proxy]&amp#27;[39m Got response with status 200: {"sessionId":"ad2218b3-e157-4105-8c58-28af58ecd405","value":3.5}
[debug] &amp#27;[35m[WD Proxy]&amp#27;[39m Matched '/appium/device/system_bars' to command name 'getSystemBars'
[debug] &amp#27;[35m[WD Proxy]&amp#27;[39m Proxying [GET /appium/device/system_bars] to [GET http://127.0.0.1:8209/wd/hub/session/ad2218b3-e157-4105-8c58-28af58ecd405/appium/device/system_bars] with no body
[debug] &amp#27;[35m[WD Proxy]&amp#27;[39m Got response with status 200: {"sessionId":"ad2218b3-e157-4105-8c58-28af58ecd405","value":{"statusBar":98}}
[debug] &amp#27;[35m[WD Proxy]&amp#27;[39m Matched '/window/current/size' to command name 'getWindowSize'
[debug] &amp#27;[35m[WD Proxy]&amp#27;[39m Proxying [GET /window/current/size] to [GET http://127.0.0.1:8209/wd/hub/session/ad2218b3-e157-4105-8c58-28af58ecd405/window/current/size] with no body
[debug] &amp#27;[35m[WD Proxy]&amp#27;[39m Got response with status 200: {"sessionId":"ad2218b3-e157-4105-8c58-28af58ecd405","value":{"height":2712,"width":1440}}
&amp#27;[35m[Appium]&amp#27;[39m New AndroidUiautomator2Driver session created successfully, session a8395378-8b4c-4d54-802f-1303ab7567cb added to master session list
[debug] &amp#27;[35m[BaseDriver]&amp#27;[39m Event 'newSessionStarted' logged at 1654621174143 (22:29:34 GMT+0530 (India Standard Time))
[debug] &amp#27;[35m[W3C (a8395378)]&amp#27;[39m Cached the protocol value 'W3C' for the new session a8395378-8b4c-4d54-802f-1303ab7567cb
[debug] &amp#27;[35m[W3C (a8395378)]&amp#27;[39m Responding to client with driver.createSession() result: {"capabilities":{"platform":"LINUX","webStorageEnabled":false,"takesScreenshot":true,"javascriptEnabled":true,"databaseEnabled":false,"networkConnectionEnabled":true,"locationContextEnabled":false,"warnings":{},"desired":{"platformName":"android","app":"/Users/kamaljhinjer/Documents/Mac_Coding/AndroidAutomation/src/sofadog-debug-services-4.5.3-2.apk","automationName":"uiautomator2","chromedriverExecutable":"/Users/kamaljhinjer/Documents/Mac_Coding/AndroidAutomation/src/chromedriver/chromedriver","deviceName":"Emulator_Pixel2XL","newCommandTimeout":180},"platformName":"android","app":"/Users/kamaljhinjer/Documents/Mac_Coding/AndroidAutomation/src/sofadog-debug-services-4.5.3-2.apk","automationName":"uiautomator2","chromedriverExecutable":"/Users/kamaljhinjer/Documents/Mac_Coding/AndroidAutomation/src/chromedriver/chromedriver","deviceName":"emulator-5554","newCommandTimeout":180,"deviceUDID":"emulator-5554","appPackage":"dog.fa.so.app","deviceApiLevel":31,"platformVersion":"12","deviceScreenSize":"1440x2880...
&amp#27;[35m[HTTP]&amp#27;[39m &amp#27;[37m<-- POST /wd/hub/session &amp#27;[39m&amp#27;[32m200&amp#27;[39m &amp#27;[90m11299 ms - 1275&amp#27;[39m
&amp#27;[35m[HTTP]&amp#27;[39m &amp#27;[90m&amp#27;[39m
Executing Before Method, Starting Test
&amp#27;[35m[HTTP]&amp#27;[39m &amp#27;[37m-->&amp#27;[39m &amp#27;[37mPOST&amp#27;[39m &amp#27;[37m/wd/hub/session/a8395378-8b4c-4d54-802f-1303ab7567cb/timeouts&amp#27;[39m
&amp#27;[35m[HTTP]&amp#27;[39m &amp#27;[90m{"implicit":10000}&amp#27;[39m
[debug] &amp#27;[35m[W3C (a8395378)]&amp#27;[39m Calling AppiumDriver.timeouts() with args: [null,null,null,null,10000,"a8395378-8b4c-4d54-802f-1303ab7567cb"]
[debug] &amp#27;[35m[BaseDriver]&amp#27;[39m W3C timeout argument: {"implicit":10000}}
[debug] &amp#27;[35m[BaseDriver]&amp#27;[39m Set implicit wait to 10000ms
[debug] &amp#27;[35m[W3C (a8395378)]&amp#27;[39m Responding to client with driver.timeouts() result: null
&amp#27;[35m[HTTP]&amp#27;[39m &amp#27;[37m<-- POST /wd/hub/session/a8395378-8b4c-4d54-802f-1303ab7567cb/timeouts &amp#27;[39m&amp#27;[32m200&amp#27;[39m &amp#27;[90m3 ms - 14&amp#27;[39m
&amp#27;[35m[HTTP]&amp#27;[39m &amp#27;[90m&amp#27;[39m
&amp#27;[35m[HTTP]&amp#27;[39m &amp#27;[37m-->&amp#27;[39m &amp#27;[37mPOST&amp#27;[39m &amp#27;[37m/wd/hub/session/a8395378-8b4c-4d54-802f-1303ab7567cb/timeouts&amp#27;[39m
&amp#27;[35m[HTTP]&amp#27;[39m &amp#27;[90m{"implicit":15000}&amp#27;[39m
[debug] &amp#27;[35m[W3C (a8395378)]&amp#27;[39m Calling AppiumDriver.timeouts() with args: [null,null,null,null,15000,"a8395378-8b4c-4d54-802f-1303ab7567cb"]
[debug] &amp#27;[35m[BaseDriver]&amp#27;[39m W3C timeout argument: {"implicit":15000}}
[debug] &amp#27;[35m[BaseDriver]&amp#27;[39m Set implicit wait to 15000ms
[debug] &amp#27;[35m[W3C (a8395378)]&amp#27;[39m Responding to client with driver.timeouts() result: null
&amp#27;[35m[HTTP]&amp#27;[39m &amp#27;[37m<-- POST /wd/hub/session/a8395378-8b4c-4d54-802f-1303ab7567cb/timeouts &amp#27;[39m&amp#27;[32m200&amp#27;[39m &amp#27;[90m1 ms - 14&amp#27;[39m
&amp#27;[35m[HTTP]&amp#27;[39m &amp#27;[90m&amp#27;[39m
&amp#27;[35m[HTTP]&amp#27;[39m &amp#27;[37m-->&amp#27;[39m &amp#27;[37mPOST&amp#27;[39m &amp#27;[37m/wd/hub/session/a8395378-8b4c-4d54-802f-1303ab7567cb/timeouts&amp#27;[39m
&amp#27;[35m[HTTP]&amp#27;[39m &amp#27;[90m{"implicit":15000}&amp#27;[39m
[debug] &amp#27;[35m[W3C (a8395378)]&amp#27;[39m Calling AppiumDriver.timeouts() with args: [null,null,null,null,15000,"a8395378-8b4c-4d54-802f-1303ab7567cb"]
[debug] &amp#27;[35m[BaseDriver]&amp#27;[39m W3C timeout argument: {"implicit":15000}}
[debug] &amp#27;[35m[BaseDriver]&amp#27;[39m Set implicit wait to 15000ms
[debug] &amp#27;[35m[W3C (a8395378)]&amp#27;[39m Responding to client with driver.timeouts() result: null
&amp#27;[35m[HTTP]&amp#27;[39m &amp#27;[37m<-- POST /wd/hub/session/a8395378-8b4c-4d54-802f-1303ab7567cb/timeouts &amp#27;[39m&amp#27;[32m200&amp#27;[39m &amp#27;[90m1 ms - 14&amp#27;[39m
&amp#27;[35m[HTTP]&amp#27;[39m &amp#27;[90m&amp#27;[39m
Wait for application to load
swipeScreen() Method : dir: 'LEFT'
&amp#27;[35m[HTTP]&amp#27;[39m &amp#27;[37m-->&amp#27;[39m &amp#27;[37mGET&amp#27;[39m &amp#27;[37m/wd/hub/session/a8395378-8b4c-4d54-802f-1303ab7567cb/window/rect&amp#27;[39m
&amp#27;[35m[HTTP]&amp#27;[39m &amp#27;[90m{}&amp#27;[39m
[debug] &amp#27;[35m[W3C (a8395378)]&amp#27;[39m Calling AppiumDriver.getWindowRect() with args: ["a8395378-8b4c-4d54-802f-1303ab7567cb"]
[debug] &amp#27;[35m[WD Proxy]&amp#27;[39m Matched '/window/current/size' to command name 'getWindowSize'
[debug] &amp#27;[35m[WD Proxy]&amp#27;[39m Proxying [GET /window/current/size] to [GET http://127.0.0.1:8209/wd/hub/session/ad2218b3-e157-4105-8c58-28af58ecd405/window/current/size] with no body
[debug] &amp#27;[35m[WD Proxy]&amp#27;[39m Got response with status 200: {"sessionId":"ad2218b3-e157-4105-8c58-28af58ecd405","value":{"height":2712,"width":1440}}
[debug] &amp#27;[35m[W3C (a8395378)]&amp#27;[39m Responding to client with driver.getWindowRect() result: {"width":1440,"height":2712,"x":0,"y":0}
&amp#27;[35m[HTTP]&amp#27;[39m &amp#27;[37m<-- GET /wd/hub/session/a8395378-8b4c-4d54-802f-1303ab7567cb/window/rect &amp#27;[39m&amp#27;[32m200&amp#27;[39m &amp#27;[90m30 ms - 50&amp#27;[39m
&amp#27;[35m[HTTP]&amp#27;[39m &amp#27;[90m&amp#27;[39m
The Screen Width is : 1440
&amp#27;[35m[HTTP]&amp#27;[39m &amp#27;[37m-->&amp#27;[39m &amp#27;[37mPOST&amp#27;[39m &amp#27;[37m/wd/hub/session/a8395378-8b4c-4d54-802f-1303ab7567cb/touch/perform&amp#27;[39m
&amp#27;[35m[HTTP]&amp#27;[39m &amp#27;[90m{"actions":[{"action":"press","options":{"x":1400,"y":1356}},{"action":"wait","options":{"ms":200}},{"action":"moveTo","options":{"x":10,"y":1356}},{"action":"release","options":{}}]}&amp#27;[39m
[debug] &amp#27;[35m[W3C (a8395378)]&amp#27;[39m Calling AppiumDriver.performTouch() with args: [[{"action":"press","options":{"x":1400,"y":1356}},{"action":"wait","options":{"ms":200}},{"action":"moveTo","options":{"x":10,"y":1356}},{"action":"release","options":{}}],"a8395378-8b4c-4d54-802f-1303ab7567cb"]
[debug] &amp#27;[35m[WD Proxy]&amp#27;[39m Matched '/touch/perform' to command name 'performTouch'
[debug] &amp#27;[35m[WD Proxy]&amp#27;[39m Proxying [POST /touch/perform] to [POST http://127.0.0.1:8209/wd/hub/session/ad2218b3-e157-4105-8c58-28af58ecd405/touch/perform] with body: {"startX":1400,"startY":1356,"endX":10,"endY":1356,"steps":6}
[debug] &amp#27;[35m[WD Proxy]&amp#27;[39m Got response with status 200: {"sessionId":"ad2218b3-e157-4105-8c58-28af58ecd405","value":null}
[debug] &amp#27;[35m[W3C (a8395378)]&amp#27;[39m Responding to client with driver.performTouch() result: null
&amp#27;[35m[HTTP]&amp#27;[39m &amp#27;[37m<-- POST /wd/hub/session/a8395378-8b4c-4d54-802f-1303ab7567cb/touch/perform &amp#27;[39m&amp#27;[32m200&amp#27;[39m &amp#27;[90m1369 ms - 14&amp#27;[39m
&amp#27;[35m[HTTP]&amp#27;[39m &amp#27;[90m&amp#27;[39m
1st Widget Swipe Executed
swipeScreen() Method : dir: 'LEFT'
&amp#27;[35m[HTTP]&amp#27;[39m &amp#27;[37m-->&amp#27;[39m &amp#27;[37mGET&amp#27;[39m &amp#27;[37m/wd/hub/session/a8395378-8b4c-4d54-802f-1303ab7567cb/window/rect&amp#27;[39m
&amp#27;[35m[HTTP]&amp#27;[39m &amp#27;[90m{}&amp#27;[39m
[debug] &amp#27;[35m[W3C (a8395378)]&amp#27;[39m Calling AppiumDriver.getWindowRect() with args: ["a8395378-8b4c-4d54-802f-1303ab7567cb"]
[debug] &amp#27;[35m[WD Proxy]&amp#27;[39m Matched '/window/current/size' to command name 'getWindowSize'
[debug] &amp#27;[35m[WD Proxy]&amp#27;[39m Proxying [GET /window/current/size] to [GET http://127.0.0.1:8209/wd/hub/session/ad2218b3-e157-4105-8c58-28af58ecd405/window/current/size] with no body
[debug] &amp#27;[35m[WD Proxy]&amp#27;[39m Got response with status 200: {"sessionId":"ad2218b3-e157-4105-8c58-28af58ecd405","value":{"height":2712,"width":1440}}
[debug] &amp#27;[35m[W3C (a8395378)]&amp#27;[39m Responding to client with driver.getWindowRect() result: {"width":1440,"height":2712,"x":0,"y":0}
&amp#27;[35m[HTTP]&amp#27;[39m &amp#27;[37m<-- GET /wd/hub/session/a8395378-8b4c-4d54-802f-1303ab7567cb/window/rect &amp#27;[39m&amp#27;[32m200&amp#27;[39m &amp#27;[90m33 ms - 50&amp#27;[39m
&amp#27;[35m[HTTP]&amp#27;[39m &amp#27;[90m&amp#27;[39m
The Screen Width is : 1440
&amp#27;[35m[HTTP]&amp#27;[39m &amp#27;[37m-->&amp#27;[39m &amp#27;[37mPOST&amp#27;[39m &amp#27;[37m/wd/hub/session/a8395378-8b4c-4d54-802f-1303ab7567cb/touch/perform&amp#27;[39m
&amp#27;[35m[HTTP]&amp#27;[39m &amp#27;[90m{"actions":[{"action":"press","options":{"x":1400,"y":1356}},{"action":"wait","options":{"ms":200}},{"action":"moveTo","options":{"x":10,"y":1356}},{"action":"release","options":{}}]}&amp#27;[39m
[debug] &amp#27;[35m[W3C (a8395378)]&amp#27;[39m Calling AppiumDriver.performTouch() with args: [[{"action":"press","options":{"x":1400,"y":1356}},{"action":"wait","options":{"ms":200}},{"action":"moveTo","options":{"x":10,"y":1356}},{"action":"release","options":{}}],"a8395378-8b4c-4d54-802f-1303ab7567cb"]
[debug] &amp#27;[35m[WD Proxy]&amp#27;[39m Matched '/touch/perform' to command name 'performTouch'
[debug] &amp#27;[35m[WD Proxy]&amp#27;[39m Proxying [POST /touch/perform] to [POST http://127.0.0.1:8209/wd/hub/session/ad2218b3-e157-4105-8c58-28af58ecd405/touch/perform] with body: {"startX":1400,"startY":1356,"endX":10,"endY":1356,"steps":6}
[debug] &amp#27;[35m[WD Proxy]&amp#27;[39m Got response with status 200: {"sessionId":"ad2218b3-e157-4105-8c58-28af58ecd405","value":null}
[debug] &amp#27;[35m[W3C (a8395378)]&amp#27;[39m Responding to client with driver.performTouch() result: null
&amp#27;[35m[HTTP]&amp#27;[39m &amp#27;[37m<-- POST /wd/hub/session/a8395378-8b4c-4d54-802f-1303ab7567cb/touch/perform &amp#27;[39m&amp#27;[32m200&amp#27;[39m &amp#27;[90m1322 ms - 14&amp#27;[39m
&amp#27;[35m[HTTP]&amp#27;[39m &amp#27;[90m&amp#27;[39m
2nd Widget Swipe Executed
swipeScreen() Method : dir: 'LEFT'
&amp#27;[35m[HTTP]&amp#27;[39m &amp#27;[37m-->&amp#27;[39m &amp#27;[37mGET&amp#27;[39m &amp#27;[37m/wd/hub/session/a8395378-8b4c-4d54-802f-1303ab7567cb/window/rect&amp#27;[39m
&amp#27;[35m[HTTP]&amp#27;[39m &amp#27;[90m{}&amp#27;[39m
[debug] &amp#27;[35m[W3C (a8395378)]&amp#27;[39m Calling AppiumDriver.getWindowRect() with args: ["a8395378-8b4c-4d54-802f-1303ab7567cb"]
[debug] &amp#27;[35m[WD Proxy]&amp#27;[39m Matched '/window/current/size' to command name 'getWindowSize'
[debug] &amp#27;[35m[WD Proxy]&amp#27;[39m Proxying [GET /window/current/size] to [GET http://127.0.0.1:8209/wd/hub/session/ad2218b3-e157-4105-8c58-28af58ecd405/window/current/size] with no body
[debug] &amp#27;[35m[WD Proxy]&amp#27;[39m Got response with status 200: {"sessionId":"ad2218b3-e157-4105-8c58-28af58ecd405","value":{"height":2712,"width":1440}}
[debug] &amp#27;[35m[W3C (a8395378)]&amp#27;[39m Responding to client with driver.getWindowRect() result: {"width":1440,"height":2712,"x":0,"y":0}
&amp#27;[35m[HTTP]&amp#27;[39m &amp#27;[37m<-- GET /wd/hub/session/a8395378-8b4c-4d54-802f-1303ab7567cb/window/rect &amp#27;[39m&amp#27;[32m200&amp#27;[39m &amp#27;[90m13 ms - 50&amp#27;[39m
&amp#27;[35m[HTTP]&amp#27;[39m &amp#27;[90m&amp#27;[39m
The Screen Width is : 1440
&amp#27;[35m[HTTP]&amp#27;[39m &amp#27;[37m-->&amp#27;[39m &amp#27;[37mPOST&amp#27;[39m &amp#27;[37m/wd/hub/session/a8395378-8b4c-4d54-802f-1303ab7567cb/touch/perform&amp#27;[39m
&amp#27;[35m[HTTP]&amp#27;[39m &amp#27;[90m{"actions":[{"action":"press","options":{"x":1400,"y":1356}},{"action":"wait","options":{"ms":200}},{"action":"moveTo","options":{"x":10,"y":1356}},{"action":"release","options":{}}]}&amp#27;[39m
[debug] &amp#27;[35m[W3C (a8395378)]&amp#27;[39m Calling AppiumDriver.performTouch() with args: [[{"action":"press","options":{"x":1400,"y":1356}},{"action":"wait","options":{"ms":200}},{"action":"moveTo","options":{"x":10,"y":1356}},{"action":"release","options":{}}],"a8395378-8b4c-4d54-802f-1303ab7567cb"]
[debug] &amp#27;[35m[WD Proxy]&amp#27;[39m Matched '/touch/perform' to command name 'performTouch'
[debug] &amp#27;[35m[WD Proxy]&amp#27;[39m Proxying [POST /touch/perform] to [POST http://127.0.0.1:8209/wd/hub/session/ad2218b3-e157-4105-8c58-28af58ecd405/touch/perform] with body: {"startX":1400,"startY":1356,"endX":10,"endY":1356,"steps":6}
[debug] &amp#27;[35m[WD Proxy]&amp#27;[39m Got response with status 200: {"sessionId":"ad2218b3-e157-4105-8c58-28af58ecd405","value":null}
[debug] &amp#27;[35m[W3C (a8395378)]&amp#27;[39m Responding to client with driver.performTouch() result: null
&amp#27;[35m[HTTP]&amp#27;[39m &amp#27;[37m<-- POST /wd/hub/session/a8395378-8b4c-4d54-802f-1303ab7567cb/touch/perform &amp#27;[39m&amp#27;[32m200&amp#27;[39m &amp#27;[90m1363 ms - 14&amp#27;[39m
&amp#27;[35m[HTTP]&amp#27;[39m &amp#27;[90m&amp#27;[39m
3rd Widget Swipe Executed
swipeScreen() Method : dir: 'LEFT'
&amp#27;[35m[HTTP]&amp#27;[39m &amp#27;[37m-->&amp#27;[39m &amp#27;[37mGET&amp#27;[39m &amp#27;[37m/wd/hub/session/a8395378-8b4c-4d54-802f-1303ab7567cb/window/rect&amp#27;[39m
&amp#27;[35m[HTTP]&amp#27;[39m &amp#27;[90m{}&amp#27;[39m
[debug] &amp#27;[35m[W3C (a8395378)]&amp#27;[39m Calling AppiumDriver.getWindowRect() with args: ["a8395378-8b4c-4d54-802f-1303ab7567cb"]
[debug] &amp#27;[35m[WD Proxy]&amp#27;[39m Matched '/window/current/size' to command name 'getWindowSize'
[debug] &amp#27;[35m[WD Proxy]&amp#27;[39m Proxying [GET /window/current/size] to [GET http://127.0.0.1:8209/wd/hub/session/ad2218b3-e157-4105-8c58-28af58ecd405/window/current/size] with no body
[debug] &amp#27;[35m[WD Proxy]&amp#27;[39m Got response with status 200: {"sessionId":"ad2218b3-e157-4105-8c58-28af58ecd405","value":{"height":2712,"width":1440}}
[debug] &amp#27;[35m[W3C (a8395378)]&amp#27;[39m Responding to client with driver.getWindowRect() result: {"width":1440,"height":2712,"x":0,"y":0}
The Screen Width is : 1440
&amp#27;[35m[HTTP]&amp#27;[39m &amp#27;[37m<-- GET /wd/hub/session/a8395378-8b4c-4d54-802f-1303ab7567cb/window/rect &amp#27;[39m&amp#27;[32m200&amp#27;[39m &amp#27;[90m21 ms - 50&amp#27;[39m
&amp#27;[35m[HTTP]&amp#27;[39m &amp#27;[90m&amp#27;[39m
&amp#27;[35m[HTTP]&amp#27;[39m &amp#27;[37m-->&amp#27;[39m &amp#27;[37mPOST&amp#27;[39m &amp#27;[37m/wd/hub/session/a8395378-8b4c-4d54-802f-1303ab7567cb/touch/perform&amp#27;[39m
&amp#27;[35m[HTTP]&amp#27;[39m &amp#27;[90m{"actions":[{"action":"press","options":{"x":1400,"y":1356}},{"action":"wait","options":{"ms":200}},{"action":"moveTo","options":{"x":10,"y":1356}},{"action":"release","options":{}}]}&amp#27;[39m
[debug] &amp#27;[35m[W3C (a8395378)]&amp#27;[39m Calling AppiumDriver.performTouch() with args: [[{"action":"press","options":{"x":1400,"y":1356}},{"action":"wait","options":{"ms":200}},{"action":"moveTo","options":{"x":10,"y":1356}},{"action":"release","options":{}}],"a8395378-8b4c-4d54-802f-1303ab7567cb"]
[debug] &amp#27;[35m[WD Proxy]&amp#27;[39m Matched '/touch/perform' to command name 'performTouch'
[debug] &amp#27;[35m[WD Proxy]&amp#27;[39m Proxying [POST /touch/perform] to [POST http://127.0.0.1:8209/wd/hub/session/ad2218b3-e157-4105-8c58-28af58ecd405/touch/perform] with body: {"startX":1400,"startY":1356,"endX":10,"endY":1356,"steps":6}
[debug] &amp#27;[35m[WD Proxy]&amp#27;[39m Got response with status 200: {"sessionId":"ad2218b3-e157-4105-8c58-28af58ecd405","value":null}
[debug] &amp#27;[35m[W3C (a8395378)]&amp#27;[39m Responding to client with driver.performTouch() result: null
&amp#27;[35m[HTTP]&amp#27;[39m &amp#27;[37m<-- POST /wd/hub/session/a8395378-8b4c-4d54-802f-1303ab7567cb/touch/perform &amp#27;[39m&amp#27;[32m200&amp#27;[39m &amp#27;[90m1424 ms - 14&amp#27;[39m
&amp#27;[35m[HTTP]&amp#27;[39m &amp#27;[90m&amp#27;[39m
Last Swipe Executed
&amp#27;[35m[HTTP]&amp#27;[39m &amp#27;[37m-->&amp#27;[39m &amp#27;[37mGET&amp#27;[39m &amp#27;[37m/wd/hub/session/a8395378-8b4c-4d54-802f-1303ab7567cb/context&amp#27;[39m
&amp#27;[35m[HTTP]&amp#27;[39m &amp#27;[90m{}&amp#27;[39m
[debug] &amp#27;[35m[W3C (a8395378)]&amp#27;[39m Calling AppiumDriver.getCurrentContext() with args: ["a8395378-8b4c-4d54-802f-1303ab7567cb"]
[debug] &amp#27;[35m[W3C (a8395378)]&amp#27;[39m Responding to client with driver.getCurrentContext() result: "NATIVE_APP"
&amp#27;[35m[HTTP]&amp#27;[39m &amp#27;[37m<-- GET /wd/hub/session/a8395378-8b4c-4d54-802f-1303ab7567cb/context &amp#27;[39m&amp#27;[32m200&amp#27;[39m &amp#27;[90m2 ms - 22&amp#27;[39m
&amp#27;[35m[HTTP]&amp#27;[39m &amp#27;[90m&amp#27;[39m
&amp#27;[35m[HTTP]&amp#27;[39m &amp#27;[37m-->&amp#27;[39m &amp#27;[37mPOST&amp#27;[39m &amp#27;[37m/wd/hub/session/a8395378-8b4c-4d54-802f-1303ab7567cb/element&amp#27;[39m
&amp#27;[35m[HTTP]&amp#27;[39m &amp#27;[90m{"using":"xpath","value":"//android.widget.TextView[@text='Maybe later']"}&amp#27;[39m
[debug] &amp#27;[35m[W3C (a8395378)]&amp#27;[39m Calling AppiumDriver.findElement() with args: ["xpath","//android.widget.TextView[@text='Maybe later']","a8395378-8b4c-4d54-802f-1303ab7567cb"]
[debug] &amp#27;[35m[BaseDriver]&amp#27;[39m Valid locator strategies for this request: xpath, id, class name, accessibility id, css selector, -android uiautomator
[debug] &amp#27;[35m[BaseDriver]&amp#27;[39m Waiting up to 15000 ms for condition
[debug] &amp#27;[35m[WD Proxy]&amp#27;[39m Matched '/element' to command name 'findElement'
[debug] &amp#27;[35m[WD Proxy]&amp#27;[39m Proxying [POST /element] to [POST http://127.0.0.1:8209/wd/hub/session/ad2218b3-e157-4105-8c58-28af58ecd405/element] with body: {"strategy":"xpath","selector":"//android.widget.TextView[@text='Maybe later']","context":"","multiple":false}
[debug] &amp#27;[35m[WD Proxy]&amp#27;[39m Got response with status 200: {"sessionId":"ad2218b3-e157-4105-8c58-28af58ecd405","value":{"ELEMENT":"00000000-0000-023c-ffff-ffff0000015d","element-6066-11e4-a52e-4f735466cecf":"00000000-0000-023c-ffff-ffff0000015d"}}
[debug] &amp#27;[35m[W3C (a8395378)]&amp#27;[39m Responding to client with driver.findElement() result: {"element-6066-11e4-a52e-4f735466cecf":"00000000-0000-023c-ffff-ffff0000015d","ELEMENT":"00000000-0000-023c-ffff-ffff0000015d"}
&amp#27;[35m[HTTP]&amp#27;[39m &amp#27;[37m<-- POST /wd/hub/session/a8395378-8b4c-4d54-802f-1303ab7567cb/element &amp#27;[39m&amp#27;[32m200&amp#27;[39m &amp#27;[90m2256 ms - 137&amp#27;[39m
&amp#27;[35m[HTTP]&amp#27;[39m &amp#27;[90m&amp#27;[39m
&amp#27;[35m[HTTP]&amp#27;[39m &amp#27;[37m-->&amp#27;[39m &amp#27;[37mGET&amp#27;[39m &amp#27;[37m/wd/hub/session/a8395378-8b4c-4d54-802f-1303ab7567cb/element/00000000-0000-023c-ffff-ffff0000015d/text&amp#27;[39m
&amp#27;[35m[HTTP]&amp#27;[39m &amp#27;[90m{}&amp#27;[39m
&amp#27;[35m[W3C (a8395378)]&amp#27;[39m Driver proxy active, passing request on via HTTP proxy
[debug] &amp#27;[35m[WD Proxy]&amp#27;[39m Matched '/wd/hub/session/a8395378-8b4c-4d54-802f-1303ab7567cb/element/00000000-0000-023c-ffff-ffff0000015d/text' to command name 'getText'
[debug] &amp#27;[35m[WD Proxy]&amp#27;[39m Proxying [GET /wd/hub/session/a8395378-8b4c-4d54-802f-1303ab7567cb/element/00000000-0000-023c-ffff-ffff0000015d/text] to [GET http://127.0.0.1:8209/wd/hub/session/ad2218b3-e157-4105-8c58-28af58ecd405/element/00000000-0000-023c-ffff-ffff0000015d/text] with no body
[debug] &amp#27;[35m[WD Proxy]&amp#27;[39m Got response with status 200: {"sessionId":"ad2218b3-e157-4105-8c58-28af58ecd405","value":"Maybe later"}
&amp#27;[35m[WD Proxy]&amp#27;[39m Replacing sessionId ad2218b3-e157-4105-8c58-28af58ecd405 with a8395378-8b4c-4d54-802f-1303ab7567cb
&amp#27;[35m[HTTP]&amp#27;[39m &amp#27;[37m<-- GET /wd/hub/session/a8395378-8b4c-4d54-802f-1303ab7567cb/element/00000000-0000-023c-ffff-ffff0000015d/text &amp#27;[39m&amp#27;[32m200&amp#27;[39m &amp#27;[90m182 ms - 74&amp#27;[39m
&amp#27;[35m[HTTP]&amp#27;[39m &amp#27;[90m&amp#27;[39m
&amp#27;[35m[HTTP]&amp#27;[39m &amp#27;[37m-->&amp#27;[39m &amp#27;[37mGET&amp#27;[39m &amp#27;[37m/wd/hub/session/a8395378-8b4c-4d54-802f-1303ab7567cb/context&amp#27;[39m
&amp#27;[35m[HTTP]&amp#27;[39m &amp#27;[90m{}&amp#27;[39m
[debug] &amp#27;[35m[W3C (a8395378)]&amp#27;[39m Calling AppiumDriver.getCurrentContext() with args: ["a8395378-8b4c-4d54-802f-1303ab7567cb"]
[debug] &amp#27;[35m[W3C (a8395378)]&amp#27;[39m Responding to client with driver.getCurrentContext() result: "NATIVE_APP"
&amp#27;[35m[HTTP]&amp#27;[39m &amp#27;[37m<-- GET /wd/hub/session/a8395378-8b4c-4d54-802f-1303ab7567cb/context &amp#27;[39m&amp#27;[32m200&amp#27;[39m &amp#27;[90m1 ms - 22&amp#27;[39m
&amp#27;[35m[HTTP]&amp#27;[39m &amp#27;[90m&amp#27;[39m
&amp#27;[35m[HTTP]&amp#27;[39m &amp#27;[37m-->&amp#27;[39m &amp#27;[37mPOST&amp#27;[39m &amp#27;[37m/wd/hub/session/a8395378-8b4c-4d54-802f-1303ab7567cb/element&amp#27;[39m
&amp#27;[35m[HTTP]&amp#27;[39m &amp#27;[90m{"using":"xpath","value":"//android.widget.TextView[@text='Sign in with Email']"}&amp#27;[39m
[debug] &amp#27;[35m[W3C (a8395378)]&amp#27;[39m Calling AppiumDriver.findElement() with args: ["xpath","//android.widget.TextView[@text='Sign in with Email']","a8395378-8b4c-4d54-802f-1303ab7567cb"]
[debug] &amp#27;[35m[BaseDriver]&amp#27;[39m Valid locator strategies for this request: xpath, id, class name, accessibility id, css selector, -android uiautomator
[debug] &amp#27;[35m[BaseDriver]&amp#27;[39m Waiting up to 15000 ms for condition
[debug] &amp#27;[35m[WD Proxy]&amp#27;[39m Matched '/element' to command name 'findElement'
[debug] &amp#27;[35m[WD Proxy]&amp#27;[39m Proxying [POST /element] to [POST http://127.0.0.1:8209/wd/hub/session/ad2218b3-e157-4105-8c58-28af58ecd405/element] with body: {"strategy":"xpath","selector":"//android.widget.TextView[@text='Sign in with Email']","context":"","multiple":false}
[debug] &amp#27;[35m[WD Proxy]&amp#27;[39m Got response with status 200: {"sessionId":"ad2218b3-e157-4105-8c58-28af58ecd405","value":{"ELEMENT":"00000000-0000-023c-ffff-ffff00000159","element-6066-11e4-a52e-4f735466cecf":"00000000-0000-023c-ffff-ffff00000159"}}
[debug] &amp#27;[35m[W3C (a8395378)]&amp#27;[39m Responding to client with driver.findElement() result: {"element-6066-11e4-a52e-4f735466cecf":"00000000-0000-023c-ffff-ffff00000159","ELEMENT":"00000000-0000-023c-ffff-ffff00000159"}
&amp#27;[35m[HTTP]&amp#27;[39m &amp#27;[37m<-- POST /wd/hub/session/a8395378-8b4c-4d54-802f-1303ab7567cb/element &amp#27;[39m&amp#27;[32m200&amp#27;[39m &amp#27;[90m1621 ms - 137&amp#27;[39m
&amp#27;[35m[HTTP]&amp#27;[39m &amp#27;[90m&amp#27;[39m
&amp#27;[35m[HTTP]&amp#27;[39m &amp#27;[37m-->&amp#27;[39m &amp#27;[37mPOST&amp#27;[39m &amp#27;[37m/wd/hub/session/a8395378-8b4c-4d54-802f-1303ab7567cb/element/00000000-0000-023c-ffff-ffff00000159/click&amp#27;[39m
&amp#27;[35m[HTTP]&amp#27;[39m &amp#27;[90m{"id":"00000000-0000-023c-ffff-ffff00000159"}&amp#27;[39m
[debug] &amp#27;[35m[W3C (a8395378)]&amp#27;[39m Calling AppiumDriver.click() with args: ["00000000-0000-023c-ffff-ffff00000159","a8395378-8b4c-4d54-802f-1303ab7567cb"]
[debug] &amp#27;[35m[WD Proxy]&amp#27;[39m Matched '/element/00000000-0000-023c-ffff-ffff00000159/click' to command name 'click'
[debug] &amp#27;[35m[WD Proxy]&amp#27;[39m Proxying [POST /element/00000000-0000-023c-ffff-ffff00000159/click] to [POST http://127.0.0.1:8209/wd/hub/session/ad2218b3-e157-4105-8c58-28af58ecd405/element/00000000-0000-023c-ffff-ffff00000159/click] with body: {"element":"00000000-0000-023c-ffff-ffff00000159"}
[debug] &amp#27;[35m[WD Proxy]&amp#27;[39m Got response with status 200: {"sessionId":"ad2218b3-e157-4105-8c58-28af58ecd405","value":null}
[debug] &amp#27;[35m[W3C (a8395378)]&amp#27;[39m Responding to client with driver.click() result: null
&amp#27;[35m[HTTP]&amp#27;[39m &amp#27;[37m<-- POST /wd/hub/session/a8395378-8b4c-4d54-802f-1303ab7567cb/element/00000000-0000-023c-ffff-ffff00000159/click &amp#27;[39m&amp#27;[32m200&amp#27;[39m &amp#27;[90m330 ms - 14&amp#27;[39m
&amp#27;[35m[HTTP]&amp#27;[39m &amp#27;[90m&amp#27;[39m
&amp#27;[35m[HTTP]&amp#27;[39m &amp#27;[37m-->&amp#27;[39m &amp#27;[37mPOST&amp#27;[39m &amp#27;[37m/wd/hub/session/a8395378-8b4c-4d54-802f-1303ab7567cb/element&amp#27;[39m
&amp#27;[35m[HTTP]&amp#27;[39m &amp#27;[90m{"using":"xpath","value":"//android.widget.EditText[@text='john.doe@email.com']"}&amp#27;[39m
[debug] &amp#27;[35m[W3C (a8395378)]&amp#27;[39m Calling AppiumDriver.findElement() with args: ["xpath","//android.widget.EditText[@text='john.doe@email.com']","a8395378-8b4c-4d54-802f-1303ab7567cb"]
[debug] &amp#27;[35m[BaseDriver]&amp#27;[39m Valid locator strategies for this request: xpath, id, class name, accessibility id, css selector, -android uiautomator
[debug] &amp#27;[35m[BaseDriver]&amp#27;[39m Waiting up to 15000 ms for condition
[debug] &amp#27;[35m[WD Proxy]&amp#27;[39m Matched '/element' to command name 'findElement'
[debug] &amp#27;[35m[WD Proxy]&amp#27;[39m Proxying [POST /element] to [POST http://127.0.0.1:8209/wd/hub/session/ad2218b3-e157-4105-8c58-28af58ecd405/element] with body: {"strategy":"xpath","selector":"//android.widget.EditText[@text='john.doe@email.com']","context":"","multiple":false}
&amp#27;[35m[WD Proxy]&amp#27;[39m Got response with status 404: {"sessionId":"ad2218b3-e157-4105-8c58-28af58ecd405","value":{"error":"no such element","message":"An element could not be located on the page using the given search parameters","stacktrace":"io.appium.uiautomator2.common.exceptions.ElementNotFoundException: An element could not be located on the page using the given search parameters\n\tat io.appium.uiautomator2.handler.FindElement.findElement(FindElement.java:90)\n\tat io.appium.uiautomator2.handler.FindElement.safeHandle(FindElement.java:67)\n\tat io.appium.uiautomator2.handler.request.SafeRequestHandler.handle(SafeRequestHandler.java:59)\n\tat io.appium.uiautomator2.server.AppiumServlet.handleRequest(AppiumServlet.java:266)\n\tat io.appium.uiautomator2.server.AppiumServlet.handleHttpRequest(AppiumServlet.java:260)\n\tat io.appium.uiautomator2.http.ServerHandler.channelRead(ServerHandler.java:68)\n\tat io.netty.channel.AbstractChannelHandlerContext.invokeChannelRead(AbstractChannelHandlerContext.java:366)\n\tat io.netty.channel.AbstractChannelHandlerCont...
[debug] &amp#27;[35m[W3C]&amp#27;[39m Matched W3C error code 'no such element' to NoSuchElementError
[debug] &amp#27;[35m[BaseDriver]&amp#27;[39m Waited for 1207 ms so far
[debug] &amp#27;[35m[WD Proxy]&amp#27;[39m Matched '/element' to command name 'findElement'
[debug] &amp#27;[35m[WD Proxy]&amp#27;[39m Proxying [POST /element] to [POST http://127.0.0.1:8209/wd/hub/session/ad2218b3-e157-4105-8c58-28af58ecd405/element] with body: {"strategy":"xpath","selector":"//android.widget.EditText[@text='john.doe@email.com']","context":"","multiple":false}
[debug] &amp#27;[35m[WD Proxy]&amp#27;[39m Got response with status 200: {"sessionId":"ad2218b3-e157-4105-8c58-28af58ecd405","value":{"ELEMENT":"00000000-0000-023c-ffff-ffff00000167","element-6066-11e4-a52e-4f735466cecf":"00000000-0000-023c-ffff-ffff00000167"}}
[debug] &amp#27;[35m[W3C (a8395378)]&amp#27;[39m Responding to client with driver.findElement() result: {"element-6066-11e4-a52e-4f735466cecf":"00000000-0000-023c-ffff-ffff00000167","ELEMENT":"00000000-0000-023c-ffff-ffff00000167"}
&amp#27;[35m[HTTP]&amp#27;[39m &amp#27;[37m<-- POST /wd/hub/session/a8395378-8b4c-4d54-802f-1303ab7567cb/element &amp#27;[39m&amp#27;[32m200&amp#27;[39m &amp#27;[90m1818 ms - 137&amp#27;[39m
&amp#27;[35m[HTTP]&amp#27;[39m &amp#27;[90m&amp#27;[39m
&amp#27;[35m[HTTP]&amp#27;[39m &amp#27;[37m-->&amp#27;[39m &amp#27;[37mPOST&amp#27;[39m &amp#27;[37m/wd/hub/session/a8395378-8b4c-4d54-802f-1303ab7567cb/element/00000000-0000-023c-ffff-ffff00000167/value&amp#27;[39m
&amp#27;[35m[HTTP]&amp#27;[39m &amp#27;[90m{"id":"00000000-0000-023c-ffff-ffff00000167","text":"autouser40@yopmail.com","value":["a","u","t","o","u","s","e","r","4","0","@","y","o","p","m","a","i","l",".","c","o","m"]}&amp#27;[39m
[debug] &amp#27;[35m[W3C (a8395378)]&amp#27;[39m Calling AppiumDriver.setValue() with args: [["a","u","t","o","u","s","e","r","4","0","@","y","o","p","m","a","i","l",".","c","o","m"],"00000000-0000-023c-ffff-ffff00000167","a8395378-8b4c-4d54-802f-1303ab7567cb"]
[debug] &amp#27;[35m[WD Proxy]&amp#27;[39m Matched '/element/00000000-0000-023c-ffff-ffff00000167/value' to command name 'setValue'
[debug] &amp#27;[35m[Protocol Converter]&amp#27;[39m Added 'value' property ["a","u","t","o","u","s","e","r","4","0","@","y","o","p","m","a","i","l",".","c","o","m"] to 'setValue' request body
[debug] &amp#27;[35m[WD Proxy]&amp#27;[39m Proxying [POST /element/00000000-0000-023c-ffff-ffff00000167/value] to [POST http://127.0.0.1:8209/wd/hub/session/ad2218b3-e157-4105-8c58-28af58ecd405/element/00000000-0000-023c-ffff-ffff00000167/value] with body: {"elementId":"00000000-0000-023c-ffff-ffff00000167","text":"autouser40@yopmail.com","replace":false,"value":["a","u","t","o","u","s","e","r","4","0","@","y","o","p","m","a","i","l",".","c","o","m"]}
[debug] &amp#27;[35m[WD Proxy]&amp#27;[39m Got response with status 200: {"sessionId":"ad2218b3-e157-4105-8c58-28af58ecd405","value":null}
[debug] &amp#27;[35m[W3C (a8395378)]&amp#27;[39m Responding to client with driver.setValue() result: null
&amp#27;[35m[HTTP]&amp#27;[39m &amp#27;[37m<-- POST /wd/hub/session/a8395378-8b4c-4d54-802f-1303ab7567cb/element/00000000-0000-023c-ffff-ffff00000167/value &amp#27;[39m&amp#27;[32m200&amp#27;[39m &amp#27;[90m102 ms - 14&amp#27;[39m
&amp#27;[35m[HTTP]&amp#27;[39m &amp#27;[90m&amp#27;[39m
&amp#27;[35m[HTTP]&amp#27;[39m &amp#27;[37m-->&amp#27;[39m &amp#27;[37mPOST&amp#27;[39m &amp#27;[37m/wd/hub/session/a8395378-8b4c-4d54-802f-1303ab7567cb/element&amp#27;[39m
&amp#27;[35m[HTTP]&amp#27;[39m &amp#27;[90m{"using":"xpath","value":"(//android.widget.EditText)[2]"}&amp#27;[39m
[debug] &amp#27;[35m[W3C (a8395378)]&amp#27;[39m Calling AppiumDriver.findElement() with args: ["xpath","(//android.widget.EditText)[2]","a8395378-8b4c-4d54-802f-1303ab7567cb"]
[debug] &amp#27;[35m[BaseDriver]&amp#27;[39m Valid locator strategies for this request: xpath, id, class name, accessibility id, css selector, -android uiautomator
[debug] &amp#27;[35m[BaseDriver]&amp#27;[39m Waiting up to 15000 ms for condition
[debug] &amp#27;[35m[WD Proxy]&amp#27;[39m Matched '/element' to command name 'findElement'
[debug] &amp#27;[35m[WD Proxy]&amp#27;[39m Proxying [POST /element] to [POST http://127.0.0.1:8209/wd/hub/session/ad2218b3-e157-4105-8c58-28af58ecd405/element] with body: {"strategy":"xpath","selector":"(//android.widget.EditText)[2]","context":"","multiple":false}
[debug] &amp#27;[35m[WD Proxy]&amp#27;[39m Got response with status 200: {"sessionId":"ad2218b3-e157-4105-8c58-28af58ecd405","value":{"ELEMENT":"00000000-0000-023c-ffff-ffff0000016a","element-6066-11e4-a52e-4f735466cecf":"00000000-0000-023c-ffff-ffff0000016a"}}
[debug] &amp#27;[35m[W3C (a8395378)]&amp#27;[39m Responding to client with driver.findElement() result: {"element-6066-11e4-a52e-4f735466cecf":"00000000-0000-023c-ffff-ffff0000016a","ELEMENT":"00000000-0000-023c-ffff-ffff0000016a"}
&amp#27;[35m[HTTP]&amp#27;[39m &amp#27;[37m<-- POST /wd/hub/session/a8395378-8b4c-4d54-802f-1303ab7567cb/element &amp#27;[39m&amp#27;[32m200&amp#27;[39m &amp#27;[90m577 ms - 137&amp#27;[39m
&amp#27;[35m[HTTP]&amp#27;[39m &amp#27;[90m&amp#27;[39m
&amp#27;[35m[HTTP]&amp#27;[39m &amp#27;[37m-->&amp#27;[39m &amp#27;[37mPOST&amp#27;[39m &amp#27;[37m/wd/hub/session/a8395378-8b4c-4d54-802f-1303ab7567cb/element/00000000-0000-023c-ffff-ffff0000016a/value&amp#27;[39m
&amp#27;[35m[HTTP]&amp#27;[39m &amp#27;[90m{"id":"00000000-0000-023c-ffff-ffff0000016a","text":"autouser40","value":["a","u","t","o","u","s","e","r","4","0"]}&amp#27;[39m
[debug] &amp#27;[35m[W3C (a8395378)]&amp#27;[39m Calling AppiumDriver.setValue() with args: [["a","u","t","o","u","s","e","r","4","0"],"00000000-0000-023c-ffff-ffff0000016a","a8395378-8b4c-4d54-802f-1303ab7567cb"]
[debug] &amp#27;[35m[WD Proxy]&amp#27;[39m Matched '/element/00000000-0000-023c-ffff-ffff0000016a/value' to command name 'setValue'
[debug] &amp#27;[35m[Protocol Converter]&amp#27;[39m Added 'value' property ["a","u","t","o","u","s","e","r","4","0"] to 'setValue' request body
[debug] &amp#27;[35m[WD Proxy]&amp#27;[39m Proxying [POST /element/00000000-0000-023c-ffff-ffff0000016a/value] to [POST http://127.0.0.1:8209/wd/hub/session/ad2218b3-e157-4105-8c58-28af58ecd405/element/00000000-0000-023c-ffff-ffff0000016a/value] with body: {"elementId":"00000000-0000-023c-ffff-ffff0000016a","text":"autouser40","replace":false,"value":["a","u","t","o","u","s","e","r","4","0"]}
[debug] &amp#27;[35m[WD Proxy]&amp#27;[39m Got response with status 200: {"sessionId":"ad2218b3-e157-4105-8c58-28af58ecd405","value":null}
[debug] &amp#27;[35m[W3C (a8395378)]&amp#27;[39m Responding to client with driver.setValue() result: null
&amp#27;[35m[HTTP]&amp#27;[39m &amp#27;[37m<-- POST /wd/hub/session/a8395378-8b4c-4d54-802f-1303ab7567cb/element/00000000-0000-023c-ffff-ffff0000016a/value &amp#27;[39m&amp#27;[32m200&amp#27;[39m &amp#27;[90m38 ms - 14&amp#27;[39m
&amp#27;[35m[HTTP]&amp#27;[39m &amp#27;[90m&amp#27;[39m
&amp#27;[35m[HTTP]&amp#27;[39m &amp#27;[37m-->&amp#27;[39m &amp#27;[37mGET&amp#27;[39m &amp#27;[37m/wd/hub/session/a8395378-8b4c-4d54-802f-1303ab7567cb/context&amp#27;[39m
&amp#27;[35m[HTTP]&amp#27;[39m &amp#27;[90m{}&amp#27;[39m
[debug] &amp#27;[35m[W3C (a8395378)]&amp#27;[39m Calling AppiumDriver.getCurrentContext() with args: ["a8395378-8b4c-4d54-802f-1303ab7567cb"]
[debug] &amp#27;[35m[W3C (a8395378)]&amp#27;[39m Responding to client with driver.getCurrentContext() result: "NATIVE_APP"
&amp#27;[35m[HTTP]&amp#27;[39m &amp#27;[37m<-- GET /wd/hub/session/a8395378-8b4c-4d54-802f-1303ab7567cb/context &amp#27;[39m&amp#27;[32m200&amp#27;[39m &amp#27;[90m1 ms - 22&amp#27;[39m
&amp#27;[35m[HTTP]&amp#27;[39m &amp#27;[90m&amp#27;[39m
&amp#27;[35m[HTTP]&amp#27;[39m &amp#27;[37m-->&amp#27;[39m &amp#27;[37mPOST&amp#27;[39m &amp#27;[37m/wd/hub/session/a8395378-8b4c-4d54-802f-1303ab7567cb/element&amp#27;[39m
&amp#27;[35m[HTTP]&amp#27;[39m &amp#27;[90m{"using":"xpath","value":"(//android.widget.TextView)[5]"}&amp#27;[39m
[debug] &amp#27;[35m[W3C (a8395378)]&amp#27;[39m Calling AppiumDriver.findElement() with args: ["xpath","(//android.widget.TextView)[5]","a8395378-8b4c-4d54-802f-1303ab7567cb"]
[debug] &amp#27;[35m[BaseDriver]&amp#27;[39m Valid locator strategies for this request: xpath, id, class name, accessibility id, css selector, -android uiautomator
[debug] &amp#27;[35m[BaseDriver]&amp#27;[39m Waiting up to 15000 ms for condition
[debug] &amp#27;[35m[WD Proxy]&amp#27;[39m Matched '/element' to command name 'findElement'
[debug] &amp#27;[35m[WD Proxy]&amp#27;[39m Proxying [POST /element] to [POST http://127.0.0.1:8209/wd/hub/session/ad2218b3-e157-4105-8c58-28af58ecd405/element] with body: {"strategy":"xpath","selector":"(//android.widget.TextView)[5]","context":"","multiple":false}
[debug] &amp#27;[35m[WD Proxy]&amp#27;[39m Got response with status 200: {"sessionId":"ad2218b3-e157-4105-8c58-28af58ecd405","value":{"ELEMENT":"00000000-0000-023c-ffff-ffff00000175","element-6066-11e4-a52e-4f735466cecf":"00000000-0000-023c-ffff-ffff00000175"}}
[debug] &amp#27;[35m[W3C (a8395378)]&amp#27;[39m Responding to client with driver.findElement() result: {"element-6066-11e4-a52e-4f735466cecf":"00000000-0000-023c-ffff-ffff00000175","ELEMENT":"00000000-0000-023c-ffff-ffff00000175"}
&amp#27;[35m[HTTP]&amp#27;[39m &amp#27;[37m<-- POST /wd/hub/session/a8395378-8b4c-4d54-802f-1303ab7567cb/element &amp#27;[39m&amp#27;[32m200&amp#27;[39m &amp#27;[90m563 ms - 137&amp#27;[39m
&amp#27;[35m[HTTP]&amp#27;[39m &amp#27;[90m&amp#27;[39m
&amp#27;[35m[HTTP]&amp#27;[39m &amp#27;[37m-->&amp#27;[39m &amp#27;[37mPOST&amp#27;[39m &amp#27;[37m/wd/hub/session/a8395378-8b4c-4d54-802f-1303ab7567cb/element/00000000-0000-023c-ffff-ffff00000175/click&amp#27;[39m
&amp#27;[35m[HTTP]&amp#27;[39m &amp#27;[90m{"id":"00000000-0000-023c-ffff-ffff00000175"}&amp#27;[39m
[debug] &amp#27;[35m[W3C (a8395378)]&amp#27;[39m Calling AppiumDriver.click() with args: ["00000000-0000-023c-ffff-ffff00000175","a8395378-8b4c-4d54-802f-1303ab7567cb"]
[debug] &amp#27;[35m[WD Proxy]&amp#27;[39m Matched '/element/00000000-0000-023c-ffff-ffff00000175/click' to command name 'click'
[debug] &amp#27;[35m[WD Proxy]&amp#27;[39m Proxying [POST /element/00000000-0000-023c-ffff-ffff00000175/click] to [POST http://127.0.0.1:8209/wd/hub/session/ad2218b3-e157-4105-8c58-28af58ecd405/element/00000000-0000-023c-ffff-ffff00000175/click] with body: {"element":"00000000-0000-023c-ffff-ffff00000175"}
[debug] &amp#27;[35m[WD Proxy]&amp#27;[39m Got response with status 200: {"sessionId":"ad2218b3-e157-4105-8c58-28af58ecd405","value":null}
[debug] &amp#27;[35m[W3C (a8395378)]&amp#27;[39m Responding to client with driver.click() result: null
&amp#27;[35m[HTTP]&amp#27;[39m &amp#27;[37m<-- POST /wd/hub/session/a8395378-8b4c-4d54-802f-1303ab7567cb/element/00000000-0000-023c-ffff-ffff00000175/click &amp#27;[39m&amp#27;[32m200&amp#27;[39m &amp#27;[90m109 ms - 14&amp#27;[39m
&amp#27;[35m[HTTP]&amp#27;[39m &amp#27;[90m&amp#27;[39m
&amp#27;[35m[HTTP]&amp#27;[39m &amp#27;[37m-->&amp#27;[39m &amp#27;[37mPOST&amp#27;[39m &amp#27;[37m/wd/hub/session/a8395378-8b4c-4d54-802f-1303ab7567cb/timeouts&amp#27;[39m
&amp#27;[35m[HTTP]&amp#27;[39m &amp#27;[90m{"implicit":15000}&amp#27;[39m
[debug] &amp#27;[35m[W3C (a8395378)]&amp#27;[39m Calling AppiumDriver.timeouts() with args: [null,null,null,null,15000,"a8395378-8b4c-4d54-802f-1303ab7567cb"]
[debug] &amp#27;[35m[BaseDriver]&amp#27;[39m W3C timeout argument: {"implicit":15000}}
[debug] &amp#27;[35m[BaseDriver]&amp#27;[39m Set implicit wait to 15000ms
[debug] &amp#27;[35m[W3C (a8395378)]&amp#27;[39m Responding to client with driver.timeouts() result: null
&amp#27;[35m[HTTP]&amp#27;[39m &amp#27;[37m<-- POST /wd/hub/session/a8395378-8b4c-4d54-802f-1303ab7567cb/timeouts &amp#27;[39m&amp#27;[32m200&amp#27;[39m &amp#27;[90m1 ms - 14&amp#27;[39m
&amp#27;[35m[HTTP]&amp#27;[39m &amp#27;[90m&amp#27;[39m
&amp#27;[35m[HTTP]&amp#27;[39m &amp#27;[37m-->&amp#27;[39m &amp#27;[37mPOST&amp#27;[39m &amp#27;[37m/wd/hub/session/a8395378-8b4c-4d54-802f-1303ab7567cb/element&amp#27;[39m
&amp#27;[35m[HTTP]&amp#27;[39m &amp#27;[90m{"using":"xpath","value":"//android.widget.TextView"}&amp#27;[39m
[debug] &amp#27;[35m[W3C (a8395378)]&amp#27;[39m Calling AppiumDriver.findElement() with args: ["xpath","//android.widget.TextView","a8395378-8b4c-4d54-802f-1303ab7567cb"]
[debug] &amp#27;[35m[BaseDriver]&amp#27;[39m Valid locator strategies for this request: xpath, id, class name, accessibility id, css selector, -android uiautomator
[debug] &amp#27;[35m[BaseDriver]&amp#27;[39m Waiting up to 15000 ms for condition
[debug] &amp#27;[35m[WD Proxy]&amp#27;[39m Matched '/element' to command name 'findElement'
[debug] &amp#27;[35m[WD Proxy]&amp#27;[39m Proxying [POST /element] to [POST http://127.0.0.1:8209/wd/hub/session/ad2218b3-e157-4105-8c58-28af58ecd405/element] with body: {"strategy":"xpath","selector":"//android.widget.TextView","context":"","multiple":false}
[debug] &amp#27;[35m[WD Proxy]&amp#27;[39m Got response with status 200: {"sessionId":"ad2218b3-e157-4105-8c58-28af58ecd405","value":{"ELEMENT":"00000000-0000-023c-ffff-ffff0000020e","element-6066-11e4-a52e-4f735466cecf":"00000000-0000-023c-ffff-ffff0000020e"}}
[debug] &amp#27;[35m[W3C (a8395378)]&amp#27;[39m Responding to client with driver.findElement() result: {"element-6066-11e4-a52e-4f735466cecf":"00000000-0000-023c-ffff-ffff0000020e","ELEMENT":"00000000-0000-023c-ffff-ffff0000020e"}
&amp#27;[35m[HTTP]&amp#27;[39m &amp#27;[37m<-- POST /wd/hub/session/a8395378-8b4c-4d54-802f-1303ab7567cb/element &amp#27;[39m&amp#27;[32m200&amp#27;[39m &amp#27;[90m309 ms - 137&amp#27;[39m
&amp#27;[35m[HTTP]&amp#27;[39m &amp#27;[90m&amp#27;[39m
&amp#27;[35m[HTTP]&amp#27;[39m &amp#27;[37m-->&amp#27;[39m &amp#27;[37mGET&amp#27;[39m &amp#27;[37m/wd/hub/session/a8395378-8b4c-4d54-802f-1303ab7567cb/element/00000000-0000-023c-ffff-ffff0000020e/text&amp#27;[39m
&amp#27;[35m[HTTP]&amp#27;[39m &amp#27;[90m{}&amp#27;[39m
&amp#27;[35m[W3C (a8395378)]&amp#27;[39m Driver proxy active, passing request on via HTTP proxy
[debug] &amp#27;[35m[WD Proxy]&amp#27;[39m Matched '/wd/hub/session/a8395378-8b4c-4d54-802f-1303ab7567cb/element/00000000-0000-023c-ffff-ffff0000020e/text' to command name 'getText'
[debug] &amp#27;[35m[WD Proxy]&amp#27;[39m Proxying [GET /wd/hub/session/a8395378-8b4c-4d54-802f-1303ab7567cb/element/00000000-0000-023c-ffff-ffff0000020e/text] to [GET http://127.0.0.1:8209/wd/hub/session/ad2218b3-e157-4105-8c58-28af58ecd405/element/00000000-0000-023c-ffff-ffff0000020e/text] with no body
[debug] &amp#27;[35m[WD Proxy]&amp#27;[39m Got response with status 200: {"sessionId":"ad2218b3-e157-4105-8c58-28af58ecd405","value":"AutoUser40"}
&amp#27;[35m[WD Proxy]&amp#27;[39m Replacing sessionId ad2218b3-e157-4105-8c58-28af58ecd405 with a8395378-8b4c-4d54-802f-1303ab7567cb
&amp#27;[35m[HTTP]&amp#27;[39m &amp#27;[37m<-- GET /wd/hub/session/a8395378-8b4c-4d54-802f-1303ab7567cb/element/00000000-0000-023c-ffff-ffff0000020e/text &amp#27;[39m&amp#27;[32m200&amp#27;[39m &amp#27;[90m495 ms - 73&amp#27;[39m
&amp#27;[35m[HTTP]&amp#27;[39m &amp#27;[90m&amp#27;[39m
AutoUser40
AutoUser40
&amp#27;[35m[HTTP]&amp#27;[39m &amp#27;[37m-->&amp#27;[39m &amp#27;[37mPOST&amp#27;[39m &amp#27;[37m/wd/hub/session/a8395378-8b4c-4d54-802f-1303ab7567cb/timeouts&amp#27;[39m
&amp#27;[35m[HTTP]&amp#27;[39m &amp#27;[90m{"implicit":180000}&amp#27;[39m
[debug] &amp#27;[35m[W3C (a8395378)]&amp#27;[39m Calling AppiumDriver.timeouts() with args: [null,null,null,null,180000,"a8395378-8b4c-4d54-802f-1303ab7567cb"]
[debug] &amp#27;[35m[BaseDriver]&amp#27;[39m W3C timeout argument: {"implicit":180000}}
[debug] &amp#27;[35m[BaseDriver]&amp#27;[39m Set implicit wait to 180000ms
[debug] &amp#27;[35m[W3C (a8395378)]&amp#27;[39m Responding to client with driver.timeouts() result: null
&amp#27;[35m[HTTP]&amp#27;[39m &amp#27;[37m<-- POST /wd/hub/session/a8395378-8b4c-4d54-802f-1303ab7567cb/timeouts &amp#27;[39m&amp#27;[32m200&amp#27;[39m &amp#27;[90m1 ms - 14&amp#27;[39m
&amp#27;[35m[HTTP]&amp#27;[39m &amp#27;[90m&amp#27;[39m
&amp#27;[35m[HTTP]&amp#27;[39m &amp#27;[37m-->&amp#27;[39m &amp#27;[37mPOST&amp#27;[39m &amp#27;[37m/wd/hub/session/a8395378-8b4c-4d54-802f-1303ab7567cb/element&amp#27;[39m
&amp#27;[35m[HTTP]&amp#27;[39m &amp#27;[90m{"using":"xpath","value":"//*[@content-desc=', tab, 2 out of 5']"}&amp#27;[39m
[debug] &amp#27;[35m[W3C (a8395378)]&amp#27;[39m Calling AppiumDriver.findElement() with args: ["xpath","//*[@content-desc=', tab, 2 out of 5']","a8395378-8b4c-4d54-802f-1303ab7567cb"]
[debug] &amp#27;[35m[BaseDriver]&amp#27;[39m Valid locator strategies for this request: xpath, id, class name, accessibility id, css selector, -android uiautomator
[debug] &amp#27;[35m[BaseDriver]&amp#27;[39m Waiting up to 180000 ms for condition
[debug] &amp#27;[35m[WD Proxy]&amp#27;[39m Matched '/element' to command name 'findElement'
[debug] &amp#27;[35m[WD Proxy]&amp#27;[39m Proxying [POST /element] to [POST http://127.0.0.1:8209/wd/hub/session/ad2218b3-e157-4105-8c58-28af58ecd405/element] with body: {"strategy":"xpath","selector":"//*[@content-desc=', tab, 2 out of 5']","context":"","multiple":false}
[debug] &amp#27;[35m[WD Proxy]&amp#27;[39m Got response with status 200: {"sessionId":"ad2218b3-e157-4105-8c58-28af58ecd405","value":{"ELEMENT":"00000000-0000-023c-ffff-ffff000001b4","element-6066-11e4-a52e-4f735466cecf":"00000000-0000-023c-ffff-ffff000001b4"}}
[debug] &amp#27;[35m[W3C (a8395378)]&amp#27;[39m Responding to client with driver.findElement() result: {"element-6066-11e4-a52e-4f735466cecf":"00000000-0000-023c-ffff-ffff000001b4","ELEMENT":"00000000-0000-023c-ffff-ffff000001b4"}
&amp#27;[35m[HTTP]&amp#27;[39m &amp#27;[37m<-- POST /wd/hub/session/a8395378-8b4c-4d54-802f-1303ab7567cb/element &amp#27;[39m&amp#27;[32m200&amp#27;[39m &amp#27;[90m1478 ms - 137&amp#27;[39m
&amp#27;[35m[HTTP]&amp#27;[39m &amp#27;[90m&amp#27;[39m
&amp#27;[35m[HTTP]&amp#27;[39m &amp#27;[37m-->&amp#27;[39m &amp#27;[37mPOST&amp#27;[39m &amp#27;[37m/wd/hub/session/a8395378-8b4c-4d54-802f-1303ab7567cb/element/00000000-0000-023c-ffff-ffff000001b4/click&amp#27;[39m
&amp#27;[35m[HTTP]&amp#27;[39m &amp#27;[90m{"id":"00000000-0000-023c-ffff-ffff000001b4"}&amp#27;[39m
[debug] &amp#27;[35m[W3C (a8395378)]&amp#27;[39m Calling AppiumDriver.click() with args: ["00000000-0000-023c-ffff-ffff000001b4","a8395378-8b4c-4d54-802f-1303ab7567cb"]
[debug] &amp#27;[35m[WD Proxy]&amp#27;[39m Matched '/element/00000000-0000-023c-ffff-ffff000001b4/click' to command name 'click'
[debug] &amp#27;[35m[WD Proxy]&amp#27;[39m Proxying [POST /element/00000000-0000-023c-ffff-ffff000001b4/click] to [POST http://127.0.0.1:8209/wd/hub/session/ad2218b3-e157-4105-8c58-28af58ecd405/element/00000000-0000-023c-ffff-ffff000001b4/click] with body: {"element":"00000000-0000-023c-ffff-ffff000001b4"}
[debug] &amp#27;[35m[WD Proxy]&amp#27;[39m Got response with status 200: {"sessionId":"ad2218b3-e157-4105-8c58-28af58ecd405","value":null}
[debug] &amp#27;[35m[W3C (a8395378)]&amp#27;[39m Responding to client with driver.click() result: null
&amp#27;[35m[HTTP]&amp#27;[39m &amp#27;[37m<-- POST /wd/hub/session/a8395378-8b4c-4d54-802f-1303ab7567cb/element/00000000-0000-023c-ffff-ffff000001b4/click &amp#27;[39m&amp#27;[32m200&amp#27;[39m &amp#27;[90m2194 ms - 14&amp#27;[39m
&amp#27;[35m[HTTP]&amp#27;[39m &amp#27;[90m&amp#27;[39m
&amp#27;[35m[HTTP]&amp#27;[39m &amp#27;[37m-->&amp#27;[39m &amp#27;[37mPOST&amp#27;[39m &amp#27;[37m/wd/hub/session/a8395378-8b4c-4d54-802f-1303ab7567cb/element&amp#27;[39m
&amp#27;[35m[HTTP]&amp#27;[39m &amp#27;[90m{"using":"xpath","value":"//*[@text='tag1']"}&amp#27;[39m
[debug] &amp#27;[35m[W3C (a8395378)]&amp#27;[39m Calling AppiumDriver.findElement() with args: ["xpath","//*[@text='tag1']","a8395378-8b4c-4d54-802f-1303ab7567cb"]
[debug] &amp#27;[35m[BaseDriver]&amp#27;[39m Valid locator strategies for this request: xpath, id, class name, accessibility id, css selector, -android uiautomator
[debug] &amp#27;[35m[BaseDriver]&amp#27;[39m Waiting up to 180000 ms for condition
[debug] &amp#27;[35m[WD Proxy]&amp#27;[39m Matched '/element' to command name 'findElement'
[debug] &amp#27;[35m[WD Proxy]&amp#27;[39m Proxying [POST /element] to [POST http://127.0.0.1:8209/wd/hub/session/ad2218b3-e157-4105-8c58-28af58ecd405/element] with body: {"strategy":"xpath","selector":"//*[@text='tag1']","context":"","multiple":false}
[debug] &amp#27;[35m[WD Proxy]&amp#27;[39m Got response with status 200: {"sessionId":"ad2218b3-e157-4105-8c58-28af58ecd405","value":{"ELEMENT":"00000000-0000-023c-ffff-ffff00000406","element-6066-11e4-a52e-4f735466cecf":"00000000-0000-023c-ffff-ffff00000406"}}
[debug] &amp#27;[35m[W3C (a8395378)]&amp#27;[39m Responding to client with driver.findElement() result: {"element-6066-11e4-a52e-4f735466cecf":"00000000-0000-023c-ffff-ffff00000406","ELEMENT":"00000000-0000-023c-ffff-ffff00000406"}
&amp#27;[35m[HTTP]&amp#27;[39m &amp#27;[37m<-- POST /wd/hub/session/a8395378-8b4c-4d54-802f-1303ab7567cb/element &amp#27;[39m&amp#27;[32m200&amp#27;[39m &amp#27;[90m388 ms - 137&amp#27;[39m
&amp#27;[35m[HTTP]&amp#27;[39m &amp#27;[90m&amp#27;[39m
&amp#27;[35m[HTTP]&amp#27;[39m &amp#27;[37m-->&amp#27;[39m &amp#27;[37mPOST&amp#27;[39m &amp#27;[37m/wd/hub/session/a8395378-8b4c-4d54-802f-1303ab7567cb/element/00000000-0000-023c-ffff-ffff00000406/click&amp#27;[39m
&amp#27;[35m[HTTP]&amp#27;[39m &amp#27;[90m{"id":"00000000-0000-023c-ffff-ffff00000406"}&amp#27;[39m
[debug] &amp#27;[35m[W3C (a8395378)]&amp#27;[39m Calling AppiumDriver.click() with args: ["00000000-0000-023c-ffff-ffff00000406","a8395378-8b4c-4d54-802f-1303ab7567cb"]
[debug] &amp#27;[35m[WD Proxy]&amp#27;[39m Matched '/element/00000000-0000-023c-ffff-ffff00000406/click' to command name 'click'
[debug] &amp#27;[35m[WD Proxy]&amp#27;[39m Proxying [POST /element/00000000-0000-023c-ffff-ffff00000406/click] to [POST http://127.0.0.1:8209/wd/hub/session/ad2218b3-e157-4105-8c58-28af58ecd405/element/00000000-0000-023c-ffff-ffff00000406/click] with body: {"element":"00000000-0000-023c-ffff-ffff00000406"}
[debug] &amp#27;[35m[WD Proxy]&amp#27;[39m Got response with status 200: {"sessionId":"ad2218b3-e157-4105-8c58-28af58ecd405","value":null}
[debug] &amp#27;[35m[W3C (a8395378)]&amp#27;[39m Responding to client with driver.click() result: null
&amp#27;[35m[HTTP]&amp#27;[39m &amp#27;[37m<-- POST /wd/hub/session/a8395378-8b4c-4d54-802f-1303ab7567cb/element/00000000-0000-023c-ffff-ffff00000406/click &amp#27;[39m&amp#27;[32m200&amp#27;[39m &amp#27;[90m72 ms - 14&amp#27;[39m
&amp#27;[35m[HTTP]&amp#27;[39m &amp#27;[90m&amp#27;[39m
&amp#27;[35m[HTTP]&amp#27;[39m &amp#27;[37m-->&amp#27;[39m &amp#27;[37mPOST&amp#27;[39m &amp#27;[37m/wd/hub/session/a8395378-8b4c-4d54-802f-1303ab7567cb/element&amp#27;[39m
&amp#27;[35m[HTTP]&amp#27;[39m &amp#27;[90m{"using":"xpath","value":"//android.widget.TextView[@text='Channels']"}&amp#27;[39m
[debug] &amp#27;[35m[W3C (a8395378)]&amp#27;[39m Calling AppiumDriver.findElement() with args: ["xpath","//android.widget.TextView[@text='Channels']","a8395378-8b4c-4d54-802f-1303ab7567cb"]
[debug] &amp#27;[35m[BaseDriver]&amp#27;[39m Valid locator strategies for this request: xpath, id, class name, accessibility id, css selector, -android uiautomator
[debug] &amp#27;[35m[BaseDriver]&amp#27;[39m Waiting up to 180000 ms for condition
[debug] &amp#27;[35m[WD Proxy]&amp#27;[39m Matched '/element' to command name 'findElement'
[debug] &amp#27;[35m[WD Proxy]&amp#27;[39m Proxying [POST /element] to [POST http://127.0.0.1:8209/wd/hub/session/ad2218b3-e157-4105-8c58-28af58ecd405/element] with body: {"strategy":"xpath","selector":"//android.widget.TextView[@text='Channels']","context":"","multiple":false}
[debug] &amp#27;[35m[WD Proxy]&amp#27;[39m Got response with status 200: {"sessionId":"ad2218b3-e157-4105-8c58-28af58ecd405","value":{"ELEMENT":"00000000-0000-023c-ffff-ffff00000572","element-6066-11e4-a52e-4f735466cecf":"00000000-0000-023c-ffff-ffff00000572"}}
[debug] &amp#27;[35m[W3C (a8395378)]&amp#27;[39m Responding to client with driver.findElement() result: {"element-6066-11e4-a52e-4f735466cecf":"00000000-0000-023c-ffff-ffff00000572","ELEMENT":"00000000-0000-023c-ffff-ffff00000572"}
&amp#27;[35m[HTTP]&amp#27;[39m &amp#27;[37m<-- POST /wd/hub/session/a8395378-8b4c-4d54-802f-1303ab7567cb/element &amp#27;[39m&amp#27;[32m200&amp#27;[39m &amp#27;[90m792 ms - 137&amp#27;[39m
&amp#27;[35m[HTTP]&amp#27;[39m &amp#27;[90m&amp#27;[39m
&amp#27;[35m[HTTP]&amp#27;[39m &amp#27;[37m-->&amp#27;[39m &amp#27;[37mPOST&amp#27;[39m &amp#27;[37m/wd/hub/session/a8395378-8b4c-4d54-802f-1303ab7567cb/element/00000000-0000-023c-ffff-ffff00000572/click&amp#27;[39m
&amp#27;[35m[HTTP]&amp#27;[39m &amp#27;[90m{"id":"00000000-0000-023c-ffff-ffff00000572"}&amp#27;[39m
[debug] &amp#27;[35m[W3C (a8395378)]&amp#27;[39m Calling AppiumDriver.click() with args: ["00000000-0000-023c-ffff-ffff00000572","a8395378-8b4c-4d54-802f-1303ab7567cb"]
[debug] &amp#27;[35m[WD Proxy]&amp#27;[39m Matched '/element/00000000-0000-023c-ffff-ffff00000572/click' to command name 'click'
[debug] &amp#27;[35m[WD Proxy]&amp#27;[39m Proxying [POST /element/00000000-0000-023c-ffff-ffff00000572/click] to [POST http://127.0.0.1:8209/wd/hub/session/ad2218b3-e157-4105-8c58-28af58ecd405/element/00000000-0000-023c-ffff-ffff00000572/click] with body: {"element":"00000000-0000-023c-ffff-ffff00000572"}
[debug] &amp#27;[35m[WD Proxy]&amp#27;[39m Got response with status 200: {"sessionId":"ad2218b3-e157-4105-8c58-28af58ecd405","value":null}
[debug] &amp#27;[35m[W3C (a8395378)]&amp#27;[39m Responding to client with driver.click() result: null
&amp#27;[35m[HTTP]&amp#27;[39m &amp#27;[37m<-- POST /wd/hub/session/a8395378-8b4c-4d54-802f-1303ab7567cb/element/00000000-0000-023c-ffff-ffff00000572/click &amp#27;[39m&amp#27;[32m200&amp#27;[39m &amp#27;[90m70 ms - 14&amp#27;[39m
&amp#27;[35m[HTTP]&amp#27;[39m &amp#27;[90m&amp#27;[39m
&amp#27;[35m[HTTP]&amp#27;[39m &amp#27;[37m-->&amp#27;[39m &amp#27;[37mPOST&amp#27;[39m &amp#27;[37m/wd/hub/session/a8395378-8b4c-4d54-802f-1303ab7567cb/element&amp#27;[39m
&amp#27;[35m[HTTP]&amp#27;[39m &amp#27;[90m{"using":"xpath","value":"//android.widget.EditText[@text='Search...']"}&amp#27;[39m
[debug] &amp#27;[35m[W3C (a8395378)]&amp#27;[39m Calling AppiumDriver.findElement() with args: ["xpath","//android.widget.EditText[@text='Search...']","a8395378-8b4c-4d54-802f-1303ab7567cb"]
[debug] &amp#27;[35m[BaseDriver]&amp#27;[39m Valid locator strategies for this request: xpath, id, class name, accessibility id, css selector, -android uiautomator
[debug] &amp#27;[35m[BaseDriver]&amp#27;[39m Waiting up to 180000 ms for condition
[debug] &amp#27;[35m[WD Proxy]&amp#27;[39m Matched '/element' to command name 'findElement'
[debug] &amp#27;[35m[WD Proxy]&amp#27;[39m Proxying [POST /element] to [POST http://127.0.0.1:8209/wd/hub/session/ad2218b3-e157-4105-8c58-28af58ecd405/element] with body: {"strategy":"xpath","selector":"//android.widget.EditText[@text='Search...']","context":"","multiple":false}
[debug] &amp#27;[35m[WD Proxy]&amp#27;[39m Got response with status 200: {"sessionId":"ad2218b3-e157-4105-8c58-28af58ecd405","value":{"ELEMENT":"00000000-0000-023c-ffff-ffff0000057f","element-6066-11e4-a52e-4f735466cecf":"00000000-0000-023c-ffff-ffff0000057f"}}
[debug] &amp#27;[35m[W3C (a8395378)]&amp#27;[39m Responding to client with driver.findElement() result: {"element-6066-11e4-a52e-4f735466cecf":"00000000-0000-023c-ffff-ffff0000057f","ELEMENT":"00000000-0000-023c-ffff-ffff0000057f"}
&amp#27;[35m[HTTP]&amp#27;[39m &amp#27;[37m<-- POST /wd/hub/session/a8395378-8b4c-4d54-802f-1303ab7567cb/element &amp#27;[39m&amp#27;[32m200&amp#27;[39m &amp#27;[90m160 ms - 137&amp#27;[39m
&amp#27;[35m[HTTP]&amp#27;[39m &amp#27;[90m&amp#27;[39m
&amp#27;[35m[HTTP]&amp#27;[39m &amp#27;[37m-->&amp#27;[39m &amp#27;[37mPOST&amp#27;[39m &amp#27;[37m/wd/hub/session/a8395378-8b4c-4d54-802f-1303ab7567cb/element/00000000-0000-023c-ffff-ffff0000057f/value&amp#27;[39m
&amp#27;[35m[HTTP]&amp#27;[39m &amp#27;[90m{"id":"00000000-0000-023c-ffff-ffff0000057f","text":"kqacd2","value":["k","q","a","c","d","2"]}&amp#27;[39m
[debug] &amp#27;[35m[W3C (a8395378)]&amp#27;[39m Calling AppiumDriver.setValue() with args: [["k","q","a","c","d","2"],"00000000-0000-023c-ffff-ffff0000057f","a8395378-8b4c-4d54-802f-1303ab7567cb"]
[debug] &amp#27;[35m[WD Proxy]&amp#27;[39m Matched '/element/00000000-0000-023c-ffff-ffff0000057f/value' to command name 'setValue'
[debug] &amp#27;[35m[Protocol Converter]&amp#27;[39m Added 'value' property ["k","q","a","c","d","2"] to 'setValue' request body
[debug] &amp#27;[35m[WD Proxy]&amp#27;[39m Proxying [POST /element/00000000-0000-023c-ffff-ffff0000057f/value] to [POST http://127.0.0.1:8209/wd/hub/session/ad2218b3-e157-4105-8c58-28af58ecd405/element/00000000-0000-023c-ffff-ffff0000057f/value] with body: {"elementId":"00000000-0000-023c-ffff-ffff0000057f","text":"kqacd2","replace":false,"value":["k","q","a","c","d","2"]}
[debug] &amp#27;[35m[WD Proxy]&amp#27;[39m Got response with status 200: {"sessionId":"ad2218b3-e157-4105-8c58-28af58ecd405","value":null}
[debug] &amp#27;[35m[W3C (a8395378)]&amp#27;[39m Responding to client with driver.setValue() result: null
&amp#27;[35m[HTTP]&amp#27;[39m &amp#27;[37m<-- POST /wd/hub/session/a8395378-8b4c-4d54-802f-1303ab7567cb/element/00000000-0000-023c-ffff-ffff0000057f/value &amp#27;[39m&amp#27;[32m200&amp#27;[39m &amp#27;[90m557 ms - 14&amp#27;[39m
&amp#27;[35m[HTTP]&amp#27;[39m &amp#27;[90m&amp#27;[39m
&amp#27;[35m[HTTP]&amp#27;[39m &amp#27;[37m-->&amp#27;[39m &amp#27;[37mPOST&amp#27;[39m &amp#27;[37m/wd/hub/session/a8395378-8b4c-4d54-802f-1303ab7567cb/element&amp#27;[39m
&amp#27;[35m[HTTP]&amp#27;[39m &amp#27;[90m{"using":"xpath","value":"//android.widget.TextView[@text='kqacd2 Test Channel']"}&amp#27;[39m
[debug] &amp#27;[35m[W3C (a8395378)]&amp#27;[39m Calling AppiumDriver.findElement() with args: ["xpath","//android.widget.TextView[@text='kqacd2 Test Channel']","a8395378-8b4c-4d54-802f-1303ab7567cb"]
[debug] &amp#27;[35m[BaseDriver]&amp#27;[39m Valid locator strategies for this request: xpath, id, class name, accessibility id, css selector, -android uiautomator
[debug] &amp#27;[35m[BaseDriver]&amp#27;[39m Waiting up to 180000 ms for condition
[debug] &amp#27;[35m[WD Proxy]&amp#27;[39m Matched '/element' to command name 'findElement'
[debug] &amp#27;[35m[WD Proxy]&amp#27;[39m Proxying [POST /element] to [POST http://127.0.0.1:8209/wd/hub/session/ad2218b3-e157-4105-8c58-28af58ecd405/element] with body: {"strategy":"xpath","selector":"//android.widget.TextView[@text='kqacd2 Test Channel']","context":"","multiple":false}
&amp#27;[35m[WD Proxy]&amp#27;[39m Got response with status 404: {"sessionId":"ad2218b3-e157-4105-8c58-28af58ecd405","value":{"error":"no such element","message":"An element could not be located on the page using the given search parameters","stacktrace":"io.appium.uiautomator2.common.exceptions.ElementNotFoundException: An element could not be located on the page using the given search parameters\n\tat io.appium.uiautomator2.handler.FindElement.findElement(FindElement.java:90)\n\tat io.appium.uiautomator2.handler.FindElement.safeHandle(FindElement.java:67)\n\tat io.appium.uiautomator2.handler.request.SafeRequestHandler.handle(SafeRequestHandler.java:59)\n\tat io.appium.uiautomator2.server.AppiumServlet.handleRequest(AppiumServlet.java:266)\n\tat io.appium.uiautomator2.server.AppiumServlet.handleHttpRequest(AppiumServlet.java:260)\n\tat io.appium.uiautomator2.http.ServerHandler.channelRead(ServerHandler.java:68)\n\tat io.netty.channel.AbstractChannelHandlerContext.invokeChannelRead(AbstractChannelHandlerContext.java:366)\n\tat io.netty.channel.AbstractChannelHandlerCont...
[debug] &amp#27;[35m[W3C]&amp#27;[39m Matched W3C error code 'no such element' to NoSuchElementError
[debug] &amp#27;[35m[BaseDriver]&amp#27;[39m Waited for 350 ms so far
[debug] &amp#27;[35m[WD Proxy]&amp#27;[39m Matched '/element' to command name 'findElement'
[debug] &amp#27;[35m[WD Proxy]&amp#27;[39m Proxying [POST /element] to [POST http://127.0.0.1:8209/wd/hub/session/ad2218b3-e157-4105-8c58-28af58ecd405/element] with body: {"strategy":"xpath","selector":"//android.widget.TextView[@text='kqacd2 Test Channel']","context":"","multiple":false}
[debug] &amp#27;[35m[WD Proxy]&amp#27;[39m Got response with status 200: {"sessionId":"ad2218b3-e157-4105-8c58-28af58ecd405","value":{"ELEMENT":"00000000-0000-023c-ffff-ffff000005cf","element-6066-11e4-a52e-4f735466cecf":"00000000-0000-023c-ffff-ffff000005cf"}}
[debug] &amp#27;[35m[W3C (a8395378)]&amp#27;[39m Responding to client with driver.findElement() result: {"element-6066-11e4-a52e-4f735466cecf":"00000000-0000-023c-ffff-ffff000005cf","ELEMENT":"00000000-0000-023c-ffff-ffff000005cf"}
&amp#27;[35m[HTTP]&amp#27;[39m &amp#27;[37m<-- POST /wd/hub/session/a8395378-8b4c-4d54-802f-1303ab7567cb/element &amp#27;[39m&amp#27;[32m200&amp#27;[39m &amp#27;[90m1205 ms - 137&amp#27;[39m
&amp#27;[35m[HTTP]&amp#27;[39m &amp#27;[90m&amp#27;[39m
&amp#27;[35m[HTTP]&amp#27;[39m &amp#27;[37m-->&amp#27;[39m &amp#27;[37mPOST&amp#27;[39m &amp#27;[37m/wd/hub/session/a8395378-8b4c-4d54-802f-1303ab7567cb/element/00000000-0000-023c-ffff-ffff000005cf/click&amp#27;[39m
&amp#27;[35m[HTTP]&amp#27;[39m &amp#27;[90m{"id":"00000000-0000-023c-ffff-ffff000005cf"}&amp#27;[39m
[debug] &amp#27;[35m[W3C (a8395378)]&amp#27;[39m Calling AppiumDriver.click() with args: ["00000000-0000-023c-ffff-ffff000005cf","a8395378-8b4c-4d54-802f-1303ab7567cb"]
[debug] &amp#27;[35m[WD Proxy]&amp#27;[39m Matched '/element/00000000-0000-023c-ffff-ffff000005cf/click' to command name 'click'
[debug] &amp#27;[35m[WD Proxy]&amp#27;[39m Proxying [POST /element/00000000-0000-023c-ffff-ffff000005cf/click] to [POST http://127.0.0.1:8209/wd/hub/session/ad2218b3-e157-4105-8c58-28af58ecd405/element/00000000-0000-023c-ffff-ffff000005cf/click] with body: {"element":"00000000-0000-023c-ffff-ffff000005cf"}
[debug] &amp#27;[35m[WD Proxy]&amp#27;[39m Got response with status 200: {"sessionId":"ad2218b3-e157-4105-8c58-28af58ecd405","value":null}
[debug] &amp#27;[35m[W3C (a8395378)]&amp#27;[39m Responding to client with driver.click() result: null
&amp#27;[35m[HTTP]&amp#27;[39m &amp#27;[37m<-- POST /wd/hub/session/a8395378-8b4c-4d54-802f-1303ab7567cb/element/00000000-0000-023c-ffff-ffff000005cf/click &amp#27;[39m&amp#27;[32m200&amp#27;[39m &amp#27;[90m107 ms - 14&amp#27;[39m
&amp#27;[35m[HTTP]&amp#27;[39m &amp#27;[90m&amp#27;[39m
&amp#27;[35m[HTTP]&amp#27;[39m &amp#27;[37m-->&amp#27;[39m &amp#27;[37mPOST&amp#27;[39m &amp#27;[37m/wd/hub/session/a8395378-8b4c-4d54-802f-1303ab7567cb/element&amp#27;[39m
&amp#27;[35m[HTTP]&amp#27;[39m &amp#27;[90m{"using":"xpath","value":"//android.widget.TextView[@text='VR Glasses']"}&amp#27;[39m
[debug] &amp#27;[35m[W3C (a8395378)]&amp#27;[39m Calling AppiumDriver.findElement() with args: ["xpath","//android.widget.TextView[@text='VR Glasses']","a8395378-8b4c-4d54-802f-1303ab7567cb"]
[debug] &amp#27;[35m[BaseDriver]&amp#27;[39m Valid locator strategies for this request: xpath, id, class name, accessibility id, css selector, -android uiautomator
[debug] &amp#27;[35m[BaseDriver]&amp#27;[39m Waiting up to 180000 ms for condition
[debug] &amp#27;[35m[WD Proxy]&amp#27;[39m Matched '/element' to command name 'findElement'
[debug] &amp#27;[35m[WD Proxy]&amp#27;[39m Proxying [POST /element] to [POST http://127.0.0.1:8209/wd/hub/session/ad2218b3-e157-4105-8c58-28af58ecd405/element] with body: {"strategy":"xpath","selector":"//android.widget.TextView[@text='VR Glasses']","context":"","multiple":false}
[debug] &amp#27;[35m[WD Proxy]&amp#27;[39m Got response with status 200: {"sessionId":"ad2218b3-e157-4105-8c58-28af58ecd405","value":{"ELEMENT":"00000000-0000-023c-ffff-ffff000006b2","element-6066-11e4-a52e-4f735466cecf":"00000000-0000-023c-ffff-ffff000006b2"}}
[debug] &amp#27;[35m[W3C (a8395378)]&amp#27;[39m Responding to client with driver.findElement() result: {"element-6066-11e4-a52e-4f735466cecf":"00000000-0000-023c-ffff-ffff000006b2","ELEMENT":"00000000-0000-023c-ffff-ffff000006b2"}
&amp#27;[35m[HTTP]&amp#27;[39m &amp#27;[37m<-- POST /wd/hub/session/a8395378-8b4c-4d54-802f-1303ab7567cb/element &amp#27;[39m&amp#27;[32m200&amp#27;[39m &amp#27;[90m1487 ms - 137&amp#27;[39m
&amp#27;[35m[HTTP]&amp#27;[39m &amp#27;[90m&amp#27;[39m
&amp#27;[35m[HTTP]&amp#27;[39m &amp#27;[37m-->&amp#27;[39m &amp#27;[37mPOST&amp#27;[39m &amp#27;[37m/wd/hub/session/a8395378-8b4c-4d54-802f-1303ab7567cb/element/00000000-0000-023c-ffff-ffff000006b2/click&amp#27;[39m
&amp#27;[35m[HTTP]&amp#27;[39m &amp#27;[90m{"id":"00000000-0000-023c-ffff-ffff000006b2"}&amp#27;[39m
[debug] &amp#27;[35m[W3C (a8395378)]&amp#27;[39m Calling AppiumDriver.click() with args: ["00000000-0000-023c-ffff-ffff000006b2","a8395378-8b4c-4d54-802f-1303ab7567cb"]
[debug] &amp#27;[35m[WD Proxy]&amp#27;[39m Matched '/element/00000000-0000-023c-ffff-ffff000006b2/click' to command name 'click'
[debug] &amp#27;[35m[WD Proxy]&amp#27;[39m Proxying [POST /element/00000000-0000-023c-ffff-ffff000006b2/click] to [POST http://127.0.0.1:8209/wd/hub/session/ad2218b3-e157-4105-8c58-28af58ecd405/element/00000000-0000-023c-ffff-ffff000006b2/click] with body: {"element":"00000000-0000-023c-ffff-ffff000006b2"}
[debug] &amp#27;[35m[WD Proxy]&amp#27;[39m Got response with status 200: {"sessionId":"ad2218b3-e157-4105-8c58-28af58ecd405","value":null}
[debug] &amp#27;[35m[W3C (a8395378)]&amp#27;[39m Responding to client with driver.click() result: null
&amp#27;[35m[HTTP]&amp#27;[39m &amp#27;[37m<-- POST /wd/hub/session/a8395378-8b4c-4d54-802f-1303ab7567cb/element/00000000-0000-023c-ffff-ffff000006b2/click &amp#27;[39m&amp#27;[32m200&amp#27;[39m &amp#27;[90m104 ms - 14&amp#27;[39m
&amp#27;[35m[HTTP]&amp#27;[39m &amp#27;[90m&amp#27;[39m
&amp#27;[35m[HTTP]&amp#27;[39m &amp#27;[37m-->&amp#27;[39m &amp#27;[37mPOST&amp#27;[39m &amp#27;[37m/wd/hub/session/a8395378-8b4c-4d54-802f-1303ab7567cb/element&amp#27;[39m
&amp#27;[35m[HTTP]&amp#27;[39m &amp#27;[90m{"using":"xpath","value":"//android.widget.TextView[@text='Play']"}&amp#27;[39m
[debug] &amp#27;[35m[W3C (a8395378)]&amp#27;[39m Calling AppiumDriver.findElement() with args: ["xpath","//android.widget.TextView[@text='Play']","a8395378-8b4c-4d54-802f-1303ab7567cb"]
[debug] &amp#27;[35m[BaseDriver]&amp#27;[39m Valid locator strategies for this request: xpath, id, class name, accessibility id, css selector, -android uiautomator
[debug] &amp#27;[35m[BaseDriver]&amp#27;[39m Waiting up to 180000 ms for condition
[debug] &amp#27;[35m[WD Proxy]&amp#27;[39m Matched '/element' to command name 'findElement'
[debug] &amp#27;[35m[WD Proxy]&amp#27;[39m Proxying [POST /element] to [POST http://127.0.0.1:8209/wd/hub/session/ad2218b3-e157-4105-8c58-28af58ecd405/element] with body: {"strategy":"xpath","selector":"//android.widget.TextView[@text='Play']","context":"","multiple":false}
[debug] &amp#27;[35m[WD Proxy]&amp#27;[39m Got response with status 200: {"sessionId":"ad2218b3-e157-4105-8c58-28af58ecd405","value":{"ELEMENT":"00000000-0000-023c-ffff-ffff000006cf","element-6066-11e4-a52e-4f735466cecf":"00000000-0000-023c-ffff-ffff000006cf"}}
[debug] &amp#27;[35m[W3C (a8395378)]&amp#27;[39m Responding to client with driver.findElement() result: {"element-6066-11e4-a52e-4f735466cecf":"00000000-0000-023c-ffff-ffff000006cf","ELEMENT":"00000000-0000-023c-ffff-ffff000006cf"}
&amp#27;[35m[HTTP]&amp#27;[39m &amp#27;[37m<-- POST /wd/hub/session/a8395378-8b4c-4d54-802f-1303ab7567cb/element &amp#27;[39m&amp#27;[32m200&amp#27;[39m &amp#27;[90m106 ms - 137&amp#27;[39m
&amp#27;[35m[HTTP]&amp#27;[39m &amp#27;[90m&amp#27;[39m
&amp#27;[35m[HTTP]&amp#27;[39m &amp#27;[37m-->&amp#27;[39m &amp#27;[37mPOST&amp#27;[39m &amp#27;[37m/wd/hub/session/a8395378-8b4c-4d54-802f-1303ab7567cb/element/00000000-0000-023c-ffff-ffff000006cf/click&amp#27;[39m
&amp#27;[35m[HTTP]&amp#27;[39m &amp#27;[90m{"id":"00000000-0000-023c-ffff-ffff000006cf"}&amp#27;[39m
[debug] &amp#27;[35m[W3C (a8395378)]&amp#27;[39m Calling AppiumDriver.click() with args: ["00000000-0000-023c-ffff-ffff000006cf","a8395378-8b4c-4d54-802f-1303ab7567cb"]
[debug] &amp#27;[35m[WD Proxy]&amp#27;[39m Matched '/element/00000000-0000-023c-ffff-ffff000006cf/click' to command name 'click'
[debug] &amp#27;[35m[WD Proxy]&amp#27;[39m Proxying [POST /element/00000000-0000-023c-ffff-ffff000006cf/click] to [POST http://127.0.0.1:8209/wd/hub/session/ad2218b3-e157-4105-8c58-28af58ecd405/element/00000000-0000-023c-ffff-ffff000006cf/click] with body: {"element":"00000000-0000-023c-ffff-ffff000006cf"}
[debug] &amp#27;[35m[WD Proxy]&amp#27;[39m Got response with status 200: {"sessionId":"ad2218b3-e157-4105-8c58-28af58ecd405","value":null}
[debug] &amp#27;[35m[W3C (a8395378)]&amp#27;[39m Responding to client with driver.click() result: null
&amp#27;[35m[HTTP]&amp#27;[39m &amp#27;[37m<-- POST /wd/hub/session/a8395378-8b4c-4d54-802f-1303ab7567cb/element/00000000-0000-023c-ffff-ffff000006cf/click &amp#27;[39m&amp#27;[32m200&amp#27;[39m &amp#27;[90m81 ms - 14&amp#27;[39m
&amp#27;[35m[HTTP]&amp#27;[39m &amp#27;[90m&amp#27;[39m
&amp#27;[35m[HTTP]&amp#27;[39m &amp#27;[37m-->&amp#27;[39m &amp#27;[37mPOST&amp#27;[39m &amp#27;[37m/wd/hub/session/a8395378-8b4c-4d54-802f-1303ab7567cb/touch/perform&amp#27;[39m
&amp#27;[35m[HTTP]&amp#27;[39m &amp#27;[90m{"actions":[{"action":"tap","options":{"x":1280,"y":2000}}]}&amp#27;[39m
[debug] &amp#27;[35m[W3C (a8395378)]&amp#27;[39m Calling AppiumDriver.performTouch() with args: [[{"action":"tap","options":{"x":1280,"y":2000}}],"a8395378-8b4c-4d54-802f-1303ab7567cb"]
[debug] &amp#27;[35m[WD Proxy]&amp#27;[39m Proxying [POST /appium/tap] to [POST http://127.0.0.1:8209/wd/hub/session/ad2218b3-e157-4105-8c58-28af58ecd405/appium/tap] with body: {"x":1280,"y":2000,"undefined":null}
[debug] &amp#27;[35m[WD Proxy]&amp#27;[39m Got response with status 200: {"sessionId":"ad2218b3-e157-4105-8c58-28af58ecd405","value":null}
[debug] &amp#27;[35m[W3C (a8395378)]&amp#27;[39m Responding to client with driver.performTouch() result: null
&amp#27;[35m[HTTP]&amp#27;[39m &amp#27;[37m<-- POST /wd/hub/session/a8395378-8b4c-4d54-802f-1303ab7567cb/touch/perform &amp#27;[39m&amp#27;[32m200&amp#27;[39m &amp#27;[90m412 ms - 14&amp#27;[39m
&amp#27;[35m[HTTP]&amp#27;[39m &amp#27;[90m&amp#27;[39m
&amp#27;[35m[HTTP]&amp#27;[39m &amp#27;[37m-->&amp#27;[39m &amp#27;[37mPOST&amp#27;[39m &amp#27;[37m/wd/hub/session/a8395378-8b4c-4d54-802f-1303ab7567cb/appium/device/press_keycode&amp#27;[39m
&amp#27;[35m[HTTP]&amp#27;[39m &amp#27;[90m{"keycode":4}&amp#27;[39m
[debug] &amp#27;[35m[W3C (a8395378)]&amp#27;[39m Calling AppiumDriver.pressKeyCode() with args: [4,null,null,null,null,"a8395378-8b4c-4d54-802f-1303ab7567cb"]
[debug] &amp#27;[35m[WD Proxy]&amp#27;[39m Matched '/appium/device/press_keycode' to command name 'pressKeyCode'
[debug] &amp#27;[35m[WD Proxy]&amp#27;[39m Proxying [POST /appium/device/press_keycode] to [POST http://127.0.0.1:8209/wd/hub/session/ad2218b3-e157-4105-8c58-28af58ecd405/appium/device/press_keycode] with body: {"keycode":4,"metastate":null,"flags":null}
[debug] &amp#27;[35m[WD Proxy]&amp#27;[39m Got response with status 200: {"sessionId":"ad2218b3-e157-4105-8c58-28af58ecd405","value":null}
[debug] &amp#27;[35m[W3C (a8395378)]&amp#27;[39m Responding to client with driver.pressKeyCode() result: null
&amp#27;[35m[HTTP]&amp#27;[39m &amp#27;[37m<-- POST /wd/hub/session/a8395378-8b4c-4d54-802f-1303ab7567cb/appium/device/press_keycode &amp#27;[39m&amp#27;[32m200&amp#27;[39m &amp#27;[90m3705 ms - 14&amp#27;[39m
&amp#27;[35m[HTTP]&amp#27;[39m &amp#27;[90m&amp#27;[39m
&amp#27;[35m[HTTP]&amp#27;[39m &amp#27;[37m-->&amp#27;[39m &amp#27;[37mPOST&amp#27;[39m &amp#27;[37m/wd/hub/session/a8395378-8b4c-4d54-802f-1303ab7567cb/touch/perform&amp#27;[39m
&amp#27;[35m[HTTP]&amp#27;[39m &amp#27;[90m{"actions":[{"action":"tap","options":{"x":98,"y":196}}]}&amp#27;[39m
[debug] &amp#27;[35m[W3C (a8395378)]&amp#27;[39m Calling AppiumDriver.performTouch() with args: [[{"action":"tap","options":{"x":98,"y":196}}],"a8395378-8b4c-4d54-802f-1303ab7567cb"]
[debug] &amp#27;[35m[WD Proxy]&amp#27;[39m Proxying [POST /appium/tap] to [POST http://127.0.0.1:8209/wd/hub/session/ad2218b3-e157-4105-8c58-28af58ecd405/appium/tap] with body: {"x":98,"y":196,"undefined":null}
[debug] &amp#27;[35m[WD Proxy]&amp#27;[39m Got response with status 200: {"sessionId":"ad2218b3-e157-4105-8c58-28af58ecd405","value":null}
[debug] &amp#27;[35m[W3C (a8395378)]&amp#27;[39m Responding to client with driver.performTouch() result: null
&amp#27;[35m[HTTP]&amp#27;[39m &amp#27;[37m<-- POST /wd/hub/session/a8395378-8b4c-4d54-802f-1303ab7567cb/touch/perform &amp#27;[39m&amp#27;[32m200&amp#27;[39m &amp#27;[90m181 ms - 14&amp#27;[39m
&amp#27;[35m[HTTP]&amp#27;[39m &amp#27;[90m&amp#27;[39m
&amp#27;[35m[HTTP]&amp#27;[39m &amp#27;[37m-->&amp#27;[39m &amp#27;[37mPOST&amp#27;[39m &amp#27;[37m/wd/hub/session/a8395378-8b4c-4d54-802f-1303ab7567cb/touch/perform&amp#27;[39m
&amp#27;[35m[HTTP]&amp#27;[39m &amp#27;[90m{"actions":[{"action":"tap","options":{"x":1307,"y":231}}]}&amp#27;[39m
[debug] &amp#27;[35m[W3C (a8395378)]&amp#27;[39m Calling AppiumDriver.performTouch() with args: [[{"action":"tap","options":{"x":1307,"y":231}}],"a8395378-8b4c-4d54-802f-1303ab7567cb"]
[debug] &amp#27;[35m[WD Proxy]&amp#27;[39m Proxying [POST /appium/tap] to [POST http://127.0.0.1:8209/wd/hub/session/ad2218b3-e157-4105-8c58-28af58ecd405/appium/tap] with body: {"x":1307,"y":231,"undefined":null}
[debug] &amp#27;[35m[WD Proxy]&amp#27;[39m Got response with status 200: {"sessionId":"ad2218b3-e157-4105-8c58-28af58ecd405","value":null}
[debug] &amp#27;[35m[W3C (a8395378)]&amp#27;[39m Responding to client with driver.performTouch() result: null
&amp#27;[35m[HTTP]&amp#27;[39m &amp#27;[37m<-- POST /wd/hub/session/a8395378-8b4c-4d54-802f-1303ab7567cb/touch/perform &amp#27;[39m&amp#27;[32m200&amp#27;[39m &amp#27;[90m168 ms - 14&amp#27;[39m
&amp#27;[35m[HTTP]&amp#27;[39m &amp#27;[90m&amp#27;[39m
&amp#27;[35m[HTTP]&amp#27;[39m &amp#27;[37m-->&amp#27;[39m &amp#27;[37mPOST&amp#27;[39m &amp#27;[37m/wd/hub/session/a8395378-8b4c-4d54-802f-1303ab7567cb/element&amp#27;[39m
&amp#27;[35m[HTTP]&amp#27;[39m &amp#27;[90m{"using":"xpath","value":"//android.widget.EditText[@text='kqacd2']"}&amp#27;[39m
[debug] &amp#27;[35m[W3C (a8395378)]&amp#27;[39m Calling AppiumDriver.findElement() with args: ["xpath","//android.widget.EditText[@text='kqacd2']","a8395378-8b4c-4d54-802f-1303ab7567cb"]
[debug] &amp#27;[35m[BaseDriver]&amp#27;[39m Valid locator strategies for this request: xpath, id, class name, accessibility id, css selector, -android uiautomator
[debug] &amp#27;[35m[BaseDriver]&amp#27;[39m Waiting up to 180000 ms for condition
[debug] &amp#27;[35m[WD Proxy]&amp#27;[39m Matched '/element' to command name 'findElement'
[debug] &amp#27;[35m[WD Proxy]&amp#27;[39m Proxying [POST /element] to [POST http://127.0.0.1:8209/wd/hub/session/ad2218b3-e157-4105-8c58-28af58ecd405/element] with body: {"strategy":"xpath","selector":"//android.widget.EditText[@text='kqacd2']","context":"","multiple":false}
[debug] &amp#27;[35m[WD Proxy]&amp#27;[39m Got response with status 200: {"sessionId":"ad2218b3-e157-4105-8c58-28af58ecd405","value":{"ELEMENT":"00000000-0000-023c-ffff-ffff0000057f","element-6066-11e4-a52e-4f735466cecf":"00000000-0000-023c-ffff-ffff0000057f"}}
[debug] &amp#27;[35m[W3C (a8395378)]&amp#27;[39m Responding to client with driver.findElement() result: {"element-6066-11e4-a52e-4f735466cecf":"00000000-0000-023c-ffff-ffff0000057f","ELEMENT":"00000000-0000-023c-ffff-ffff0000057f"}
&amp#27;[35m[HTTP]&amp#27;[39m &amp#27;[37m<-- POST /wd/hub/session/a8395378-8b4c-4d54-802f-1303ab7567cb/element &amp#27;[39m&amp#27;[32m200&amp#27;[39m &amp#27;[90m130 ms - 137&amp#27;[39m
&amp#27;[35m[HTTP]&amp#27;[39m &amp#27;[90m&amp#27;[39m
&amp#27;[35m[HTTP]&amp#27;[39m &amp#27;[37m-->&amp#27;[39m &amp#27;[37mPOST&amp#27;[39m &amp#27;[37m/wd/hub/session/a8395378-8b4c-4d54-802f-1303ab7567cb/element/00000000-0000-023c-ffff-ffff0000057f/value&amp#27;[39m
&amp#27;[35m[HTTP]&amp#27;[39m &amp#27;[90m{"id":"00000000-0000-023c-ffff-ffff0000057f","text":"MakFreeChannel","value":["M","a","k","F","r","e","e","C","h","a","n","n","e","l"]}&amp#27;[39m
[debug] &amp#27;[35m[W3C (a8395378)]&amp#27;[39m Calling AppiumDriver.setValue() with args: [["M","a","k","F","r","e","e","C","h","a","n","n","e","l"],"00000000-0000-023c-ffff-ffff0000057f","a8395378-8b4c-4d54-802f-1303ab7567cb"]
[debug] &amp#27;[35m[WD Proxy]&amp#27;[39m Matched '/element/00000000-0000-023c-ffff-ffff0000057f/value' to command name 'setValue'
[debug] &amp#27;[35m[Protocol Converter]&amp#27;[39m Added 'value' property ["M","a","k","F","r","e","e","C","h","a","n","n","e","l"] to 'setValue' request body
[debug] &amp#27;[35m[WD Proxy]&amp#27;[39m Proxying [POST /element/00000000-0000-023c-ffff-ffff0000057f/value] to [POST http://127.0.0.1:8209/wd/hub/session/ad2218b3-e157-4105-8c58-28af58ecd405/element/00000000-0000-023c-ffff-ffff0000057f/value] with body: {"elementId":"00000000-0000-023c-ffff-ffff0000057f","text":"MakFreeChannel","replace":false,"value":["M","a","k","F","r","e","e","C","h","a","n","n","e","l"]}
[debug] &amp#27;[35m[WD Proxy]&amp#27;[39m Got response with status 200: {"sessionId":"ad2218b3-e157-4105-8c58-28af58ecd405","value":null}
[debug] &amp#27;[35m[W3C (a8395378)]&amp#27;[39m Responding to client with driver.setValue() result: null
&amp#27;[35m[HTTP]&amp#27;[39m &amp#27;[37m<-- POST /wd/hub/session/a8395378-8b4c-4d54-802f-1303ab7567cb/element/00000000-0000-023c-ffff-ffff0000057f/value &amp#27;[39m&amp#27;[32m200&amp#27;[39m &amp#27;[90m1075 ms - 14&amp#27;[39m
&amp#27;[35m[HTTP]&amp#27;[39m &amp#27;[90m&amp#27;[39m
&amp#27;[35m[HTTP]&amp#27;[39m &amp#27;[37m-->&amp#27;[39m &amp#27;[37mPOST&amp#27;[39m &amp#27;[37m/wd/hub/session/a8395378-8b4c-4d54-802f-1303ab7567cb/element&amp#27;[39m
&amp#27;[35m[HTTP]&amp#27;[39m &amp#27;[90m{"using":"xpath","value":"//android.widget.TextView[@text='MakFreeChannel']"}&amp#27;[39m
[debug] &amp#27;[35m[W3C (a8395378)]&amp#27;[39m Calling AppiumDriver.findElement() with args: ["xpath","//android.widget.TextView[@text='MakFreeChannel']","a8395378-8b4c-4d54-802f-1303ab7567cb"]
[debug] &amp#27;[35m[BaseDriver]&amp#27;[39m Valid locator strategies for this request: xpath, id, class name, accessibility id, css selector, -android uiautomator
[debug] &amp#27;[35m[BaseDriver]&amp#27;[39m Waiting up to 180000 ms for condition
[debug] &amp#27;[35m[WD Proxy]&amp#27;[39m Matched '/element' to command name 'findElement'
[debug] &amp#27;[35m[WD Proxy]&amp#27;[39m Proxying [POST /element] to [POST http://127.0.0.1:8209/wd/hub/session/ad2218b3-e157-4105-8c58-28af58ecd405/element] with body: {"strategy":"xpath","selector":"//android.widget.TextView[@text='MakFreeChannel']","context":"","multiple":false}
[debug] &amp#27;[35m[WD Proxy]&amp#27;[39m Got response with status 200: {"sessionId":"ad2218b3-e157-4105-8c58-28af58ecd405","value":{"ELEMENT":"00000000-0000-023c-ffff-ffff000007d3","element-6066-11e4-a52e-4f735466cecf":"00000000-0000-023c-ffff-ffff000007d3"}}
[debug] &amp#27;[35m[W3C (a8395378)]&amp#27;[39m Responding to client with driver.findElement() result: {"element-6066-11e4-a52e-4f735466cecf":"00000000-0000-023c-ffff-ffff000007d3","ELEMENT":"00000000-0000-023c-ffff-ffff000007d3"}
&amp#27;[35m[HTTP]&amp#27;[39m &amp#27;[37m<-- POST /wd/hub/session/a8395378-8b4c-4d54-802f-1303ab7567cb/element &amp#27;[39m&amp#27;[32m200&amp#27;[39m &amp#27;[90m149 ms - 137&amp#27;[39m
&amp#27;[35m[HTTP]&amp#27;[39m &amp#27;[90m&amp#27;[39m
&amp#27;[35m[HTTP]&amp#27;[39m &amp#27;[37m-->&amp#27;[39m &amp#27;[37mPOST&amp#27;[39m &amp#27;[37m/wd/hub/session/a8395378-8b4c-4d54-802f-1303ab7567cb/element/00000000-0000-023c-ffff-ffff000007d3/click&amp#27;[39m
&amp#27;[35m[HTTP]&amp#27;[39m &amp#27;[90m{"id":"00000000-0000-023c-ffff-ffff000007d3"}&amp#27;[39m
[debug] &amp#27;[35m[W3C (a8395378)]&amp#27;[39m Calling AppiumDriver.click() with args: ["00000000-0000-023c-ffff-ffff000007d3","a8395378-8b4c-4d54-802f-1303ab7567cb"]
[debug] &amp#27;[35m[WD Proxy]&amp#27;[39m Matched '/element/00000000-0000-023c-ffff-ffff000007d3/click' to command name 'click'
[debug] &amp#27;[35m[WD Proxy]&amp#27;[39m Proxying [POST /element/00000000-0000-023c-ffff-ffff000007d3/click] to [POST http://127.0.0.1:8209/wd/hub/session/ad2218b3-e157-4105-8c58-28af58ecd405/element/00000000-0000-023c-ffff-ffff000007d3/click] with body: {"element":"00000000-0000-023c-ffff-ffff000007d3"}
[debug] &amp#27;[35m[WD Proxy]&amp#27;[39m Got response with status 200: {"sessionId":"ad2218b3-e157-4105-8c58-28af58ecd405","value":null}
[debug] &amp#27;[35m[W3C (a8395378)]&amp#27;[39m Responding to client with driver.click() result: null
&amp#27;[35m[HTTP]&amp#27;[39m &amp#27;[37m<-- POST /wd/hub/session/a8395378-8b4c-4d54-802f-1303ab7567cb/element/00000000-0000-023c-ffff-ffff000007d3/click &amp#27;[39m&amp#27;[32m200&amp#27;[39m &amp#27;[90m94 ms - 14&amp#27;[39m
&amp#27;[35m[HTTP]&amp#27;[39m &amp#27;[90m&amp#27;[39m
&amp#27;[35m[HTTP]&amp#27;[39m &amp#27;[37m-->&amp#27;[39m &amp#27;[37mPOST&amp#27;[39m &amp#27;[37m/wd/hub/session/a8395378-8b4c-4d54-802f-1303ab7567cb/element&amp#27;[39m
&amp#27;[35m[HTTP]&amp#27;[39m &amp#27;[90m{"using":"xpath","value":"//android.widget.TextView[@text='test']"}&amp#27;[39m
[debug] &amp#27;[35m[W3C (a8395378)]&amp#27;[39m Calling AppiumDriver.findElement() with args: ["xpath","//android.widget.TextView[@text='test']","a8395378-8b4c-4d54-802f-1303ab7567cb"]
[debug] &amp#27;[35m[BaseDriver]&amp#27;[39m Valid locator strategies for this request: xpath, id, class name, accessibility id, css selector, -android uiautomator
[debug] &amp#27;[35m[BaseDriver]&amp#27;[39m Waiting up to 180000 ms for condition
[debug] &amp#27;[35m[WD Proxy]&amp#27;[39m Matched '/element' to command name 'findElement'
[debug] &amp#27;[35m[WD Proxy]&amp#27;[39m Proxying [POST /element] to [POST http://127.0.0.1:8209/wd/hub/session/ad2218b3-e157-4105-8c58-28af58ecd405/element] with body: {"strategy":"xpath","selector":"//android.widget.TextView[@text='test']","context":"","multiple":false}
[debug] &amp#27;[35m[WD Proxy]&amp#27;[39m Got response with status 200: {"sessionId":"ad2218b3-e157-4105-8c58-28af58ecd405","value":{"ELEMENT":"00000000-0000-023c-ffff-ffff000008ac","element-6066-11e4-a52e-4f735466cecf":"00000000-0000-023c-ffff-ffff000008ac"}}
[debug] &amp#27;[35m[W3C (a8395378)]&amp#27;[39m Responding to client with driver.findElement() result: {"element-6066-11e4-a52e-4f735466cecf":"00000000-0000-023c-ffff-ffff000008ac","ELEMENT":"00000000-0000-023c-ffff-ffff000008ac"}
&amp#27;[35m[HTTP]&amp#27;[39m &amp#27;[37m<-- POST /wd/hub/session/a8395378-8b4c-4d54-802f-1303ab7567cb/element &amp#27;[39m&amp#27;[32m200&amp#27;[39m &amp#27;[90m107 ms - 137&amp#27;[39m
&amp#27;[35m[HTTP]&amp#27;[39m &amp#27;[90m&amp#27;[39m
&amp#27;[35m[HTTP]&amp#27;[39m &amp#27;[37m-->&amp#27;[39m &amp#27;[37mPOST&amp#27;[39m &amp#27;[37m/wd/hub/session/a8395378-8b4c-4d54-802f-1303ab7567cb/element/00000000-0000-023c-ffff-ffff000008ac/click&amp#27;[39m
&amp#27;[35m[HTTP]&amp#27;[39m &amp#27;[90m{"id":"00000000-0000-023c-ffff-ffff000008ac"}&amp#27;[39m
[debug] &amp#27;[35m[W3C (a8395378)]&amp#27;[39m Calling AppiumDriver.click() with args: ["00000000-0000-023c-ffff-ffff000008ac","a8395378-8b4c-4d54-802f-1303ab7567cb"]
[debug] &amp#27;[35m[WD Proxy]&amp#27;[39m Matched '/element/00000000-0000-023c-ffff-ffff000008ac/click' to command name 'click'
[debug] &amp#27;[35m[WD Proxy]&amp#27;[39m Proxying [POST /element/00000000-0000-023c-ffff-ffff000008ac/click] to [POST http://127.0.0.1:8209/wd/hub/session/ad2218b3-e157-4105-8c58-28af58ecd405/element/00000000-0000-023c-ffff-ffff000008ac/click] with body: {"element":"00000000-0000-023c-ffff-ffff000008ac"}
[debug] &amp#27;[35m[WD Proxy]&amp#27;[39m Got response with status 200: {"sessionId":"ad2218b3-e157-4105-8c58-28af58ecd405","value":null}
[debug] &amp#27;[35m[W3C (a8395378)]&amp#27;[39m Responding to client with driver.click() result: null
&amp#27;[35m[HTTP]&amp#27;[39m &amp#27;[37m<-- POST /wd/hub/session/a8395378-8b4c-4d54-802f-1303ab7567cb/element/00000000-0000-023c-ffff-ffff000008ac/click &amp#27;[39m&amp#27;[32m200&amp#27;[39m &amp#27;[90m80 ms - 14&amp#27;[39m
&amp#27;[35m[HTTP]&amp#27;[39m &amp#27;[90m&amp#27;[39m
&amp#27;[35m[HTTP]&amp#27;[39m &amp#27;[37m-->&amp#27;[39m &amp#27;[37mPOST&amp#27;[39m &amp#27;[37m/wd/hub/session/a8395378-8b4c-4d54-802f-1303ab7567cb/element&amp#27;[39m
&amp#27;[35m[HTTP]&amp#27;[39m &amp#27;[90m{"using":"xpath","value":"//android.widget.TextView[@text='Play']"}&amp#27;[39m
[debug] &amp#27;[35m[W3C (a8395378)]&amp#27;[39m Calling AppiumDriver.findElement() with args: ["xpath","//android.widget.TextView[@text='Play']","a8395378-8b4c-4d54-802f-1303ab7567cb"]
[debug] &amp#27;[35m[BaseDriver]&amp#27;[39m Valid locator strategies for this request: xpath, id, class name, accessibility id, css selector, -android uiautomator
[debug] &amp#27;[35m[BaseDriver]&amp#27;[39m Waiting up to 180000 ms for condition
[debug] &amp#27;[35m[WD Proxy]&amp#27;[39m Matched '/element' to command name 'findElement'
[debug] &amp#27;[35m[WD Proxy]&amp#27;[39m Proxying [POST /element] to [POST http://127.0.0.1:8209/wd/hub/session/ad2218b3-e157-4105-8c58-28af58ecd405/element] with body: {"strategy":"xpath","selector":"//android.widget.TextView[@text='Play']","context":"","multiple":false}
&amp#27;[35m[WD Proxy]&amp#27;[39m Got response with status 404: {"sessionId":"ad2218b3-e157-4105-8c58-28af58ecd405","value":{"error":"no such element","message":"An element could not be located on the page using the given search parameters","stacktrace":"io.appium.uiautomator2.common.exceptions.ElementNotFoundException: An element could not be located on the page using the given search parameters\n\tat io.appium.uiautomator2.handler.FindElement.findElement(FindElement.java:90)\n\tat io.appium.uiautomator2.handler.FindElement.safeHandle(FindElement.java:67)\n\tat io.appium.uiautomator2.handler.request.SafeRequestHandler.handle(SafeRequestHandler.java:59)\n\tat io.appium.uiautomator2.server.AppiumServlet.handleRequest(AppiumServlet.java:266)\n\tat io.appium.uiautomator2.server.AppiumServlet.handleHttpRequest(AppiumServlet.java:260)\n\tat io.appium.uiautomator2.http.ServerHandler.channelRead(ServerHandler.java:68)\n\tat io.netty.channel.AbstractChannelHandlerContext.invokeChannelRead(AbstractChannelHandlerContext.java:366)\n\tat io.netty.channel.AbstractChannelHandlerCont...
[debug] &amp#27;[35m[W3C]&amp#27;[39m Matched W3C error code 'no such element' to NoSuchElementError
[debug] &amp#27;[35m[BaseDriver]&amp#27;[39m Waited for 1142 ms so far
[debug] &amp#27;[35m[WD Proxy]&amp#27;[39m Matched '/element' to command name 'findElement'
[debug] &amp#27;[35m[WD Proxy]&amp#27;[39m Proxying [POST /element] to [POST http://127.0.0.1:8209/wd/hub/session/ad2218b3-e157-4105-8c58-28af58ecd405/element] with body: {"strategy":"xpath","selector":"//android.widget.TextView[@text='Play']","context":"","multiple":false}
&amp#27;[35m[WD Proxy]&amp#27;[39m Got response with status 404: {"sessionId":"ad2218b3-e157-4105-8c58-28af58ecd405","value":{"error":"no such element","message":"An element could not be located on the page using the given search parameters","stacktrace":"io.appium.uiautomator2.common.exceptions.ElementNotFoundException: An element could not be located on the page using the given search parameters\n\tat io.appium.uiautomator2.handler.FindElement.findElement(FindElement.java:90)\n\tat io.appium.uiautomator2.handler.FindElement.safeHandle(FindElement.java:67)\n\tat io.appium.uiautomator2.handler.request.SafeRequestHandler.handle(SafeRequestHandler.java:59)\n\tat io.appium.uiautomator2.server.AppiumServlet.handleRequest(AppiumServlet.java:266)\n\tat io.appium.uiautomator2.server.AppiumServlet.handleHttpRequest(AppiumServlet.java:260)\n\tat io.appium.uiautomator2.http.ServerHandler.channelRead(ServerHandler.java:68)\n\tat io.netty.channel.AbstractChannelHandlerContext.invokeChannelRead(AbstractChannelHandlerContext.java:366)\n\tat io.netty.channel.AbstractChannelHandlerCont...
[debug] &amp#27;[35m[W3C]&amp#27;[39m Matched W3C error code 'no such element' to NoSuchElementError
[debug] &amp#27;[35m[BaseDriver]&amp#27;[39m Waited for 1755 ms so far
[debug] &amp#27;[35m[WD Proxy]&amp#27;[39m Matched '/element' to command name 'findElement'
[debug] &amp#27;[35m[WD Proxy]&amp#27;[39m Proxying [POST /element] to [POST http://127.0.0.1:8209/wd/hub/session/ad2218b3-e157-4105-8c58-28af58ecd405/element] with body: {"strategy":"xpath","selector":"//android.widget.TextView[@text='Play']","context":"","multiple":false}
[debug] &amp#27;[35m[WD Proxy]&amp#27;[39m Got response with status 200: {"sessionId":"ad2218b3-e157-4105-8c58-28af58ecd405","value":{"ELEMENT":"00000000-0000-023c-ffff-ffff000008d0","element-6066-11e4-a52e-4f735466cecf":"00000000-0000-023c-ffff-ffff000008d0"}}
[debug] &amp#27;[35m[W3C (a8395378)]&amp#27;[39m Responding to client with driver.findElement() result: {"element-6066-11e4-a52e-4f735466cecf":"00000000-0000-023c-ffff-ffff000008d0","ELEMENT":"00000000-0000-023c-ffff-ffff000008d0"}
&amp#27;[35m[HTTP]&amp#27;[39m &amp#27;[37m<-- POST /wd/hub/session/a8395378-8b4c-4d54-802f-1303ab7567cb/element &amp#27;[39m&amp#27;[32m200&amp#27;[39m &amp#27;[90m2770 ms - 137&amp#27;[39m
&amp#27;[35m[HTTP]&amp#27;[39m &amp#27;[90m&amp#27;[39m
&amp#27;[35m[HTTP]&amp#27;[39m &amp#27;[37m-->&amp#27;[39m &amp#27;[37mPOST&amp#27;[39m &amp#27;[37m/wd/hub/session/a8395378-8b4c-4d54-802f-1303ab7567cb/element/00000000-0000-023c-ffff-ffff000008d0/click&amp#27;[39m
&amp#27;[35m[HTTP]&amp#27;[39m &amp#27;[90m{"id":"00000000-0000-023c-ffff-ffff000008d0"}&amp#27;[39m
[debug] &amp#27;[35m[W3C (a8395378)]&amp#27;[39m Calling AppiumDriver.click() with args: ["00000000-0000-023c-ffff-ffff000008d0","a8395378-8b4c-4d54-802f-1303ab7567cb"]
[debug] &amp#27;[35m[WD Proxy]&amp#27;[39m Matched '/element/00000000-0000-023c-ffff-ffff000008d0/click' to command name 'click'
[debug] &amp#27;[35m[WD Proxy]&amp#27;[39m Proxying [POST /element/00000000-0000-023c-ffff-ffff000008d0/click] to [POST http://127.0.0.1:8209/wd/hub/session/ad2218b3-e157-4105-8c58-28af58ecd405/element/00000000-0000-023c-ffff-ffff000008d0/click] with body: {"element":"00000000-0000-023c-ffff-ffff000008d0"}
[debug] &amp#27;[35m[WD Proxy]&amp#27;[39m Got response with status 200: {"sessionId":"ad2218b3-e157-4105-8c58-28af58ecd405","value":null}
[debug] &amp#27;[35m[W3C (a8395378)]&amp#27;[39m Responding to client with driver.click() result: null
&amp#27;[35m[HTTP]&amp#27;[39m &amp#27;[37m<-- POST /wd/hub/session/a8395378-8b4c-4d54-802f-1303ab7567cb/element/00000000-0000-023c-ffff-ffff000008d0/click &amp#27;[39m&amp#27;[32m200&amp#27;[39m &amp#27;[90m81 ms - 14&amp#27;[39m
&amp#27;[35m[HTTP]&amp#27;[39m &amp#27;[90m&amp#27;[39m
&amp#27;[35m[HTTP]&amp#27;[39m &amp#27;[37m-->&amp#27;[39m &amp#27;[37mPOST&amp#27;[39m &amp#27;[37m/wd/hub/session/a8395378-8b4c-4d54-802f-1303ab7567cb/appium/device/press_keycode&amp#27;[39m
&amp#27;[35m[HTTP]&amp#27;[39m &amp#27;[90m{"keycode":4}&amp#27;[39m
[debug] &amp#27;[35m[W3C (a8395378)]&amp#27;[39m Calling AppiumDriver.pressKeyCode() with args: [4,null,null,null,null,"a8395378-8b4c-4d54-802f-1303ab7567cb"]
[debug] &amp#27;[35m[WD Proxy]&amp#27;[39m Matched '/appium/device/press_keycode' to command name 'pressKeyCode'
[debug] &amp#27;[35m[WD Proxy]&amp#27;[39m Proxying [POST /appium/device/press_keycode] to [POST http://127.0.0.1:8209/wd/hub/session/ad2218b3-e157-4105-8c58-28af58ecd405/appium/device/press_keycode] with body: {"keycode":4,"metastate":null,"flags":null}
[debug] &amp#27;[35m[WD Proxy]&amp#27;[39m Got response with status 200: {"sessionId":"ad2218b3-e157-4105-8c58-28af58ecd405","value":null}
[debug] &amp#27;[35m[W3C (a8395378)]&amp#27;[39m Responding to client with driver.pressKeyCode() result: null
&amp#27;[35m[HTTP]&amp#27;[39m &amp#27;[37m<-- POST /wd/hub/session/a8395378-8b4c-4d54-802f-1303ab7567cb/appium/device/press_keycode &amp#27;[39m&amp#27;[32m200&amp#27;[39m &amp#27;[90m10095 ms - 14&amp#27;[39m
&amp#27;[35m[HTTP]&amp#27;[39m &amp#27;[90m&amp#27;[39m
&amp#27;[35m[HTTP]&amp#27;[39m &amp#27;[37m-->&amp#27;[39m &amp#27;[37mPOST&amp#27;[39m &amp#27;[37m/wd/hub/session/a8395378-8b4c-4d54-802f-1303ab7567cb/appium/device/press_keycode&amp#27;[39m
&amp#27;[35m[HTTP]&amp#27;[39m &amp#27;[90m{"keycode":4}&amp#27;[39m
[debug] &amp#27;[35m[W3C (a8395378)]&amp#27;[39m Calling AppiumDriver.pressKeyCode() with args: [4,null,null,null,null,"a8395378-8b4c-4d54-802f-1303ab7567cb"]
[debug] &amp#27;[35m[WD Proxy]&amp#27;[39m Matched '/appium/device/press_keycode' to command name 'pressKeyCode'
[debug] &amp#27;[35m[WD Proxy]&amp#27;[39m Proxying [POST /appium/device/press_keycode] to [POST http://127.0.0.1:8209/wd/hub/session/ad2218b3-e157-4105-8c58-28af58ecd405/appium/device/press_keycode] with body: {"keycode":4,"metastate":null,"flags":null}
[debug] &amp#27;[35m[WD Proxy]&amp#27;[39m Got response with status 200: {"sessionId":"ad2218b3-e157-4105-8c58-28af58ecd405","value":null}
[debug] &amp#27;[35m[W3C (a8395378)]&amp#27;[39m Responding to client with driver.pressKeyCode() result: null
&amp#27;[35m[HTTP]&amp#27;[39m &amp#27;[37m<-- POST /wd/hub/session/a8395378-8b4c-4d54-802f-1303ab7567cb/appium/device/press_keycode &amp#27;[39m&amp#27;[32m200&amp#27;[39m &amp#27;[90m646 ms - 14&amp#27;[39m
&amp#27;[35m[HTTP]&amp#27;[39m &amp#27;[90m&amp#27;[39m
&amp#27;[35m[HTTP]&amp#27;[39m &amp#27;[37m-->&amp#27;[39m &amp#27;[37mPOST&amp#27;[39m &amp#27;[37m/wd/hub/session/a8395378-8b4c-4d54-802f-1303ab7567cb/appium/device/press_keycode&amp#27;[39m
&amp#27;[35m[HTTP]&amp#27;[39m &amp#27;[90m{"keycode":4}&amp#27;[39m
[debug] &amp#27;[35m[W3C (a8395378)]&amp#27;[39m Calling AppiumDriver.pressKeyCode() with args: [4,null,null,null,null,"a8395378-8b4c-4d54-802f-1303ab7567cb"]
[debug] &amp#27;[35m[WD Proxy]&amp#27;[39m Matched '/appium/device/press_keycode' to command name 'pressKeyCode'
[debug] &amp#27;[35m[WD Proxy]&amp#27;[39m Proxying [POST /appium/device/press_keycode] to [POST http://127.0.0.1:8209/wd/hub/session/ad2218b3-e157-4105-8c58-28af58ecd405/appium/device/press_keycode] with body: {"keycode":4,"metastate":null,"flags":null}
[debug] &amp#27;[35m[WD Proxy]&amp#27;[39m Got response with status 200: {"sessionId":"ad2218b3-e157-4105-8c58-28af58ecd405","value":null}
[debug] &amp#27;[35m[W3C (a8395378)]&amp#27;[39m Responding to client with driver.pressKeyCode() result: null
&amp#27;[35m[HTTP]&amp#27;[39m &amp#27;[37m<-- POST /wd/hub/session/a8395378-8b4c-4d54-802f-1303ab7567cb/appium/device/press_keycode &amp#27;[39m&amp#27;[32m200&amp#27;[39m &amp#27;[90m929 ms - 14&amp#27;[39m
&amp#27;[35m[HTTP]&amp#27;[39m &amp#27;[90m&amp#27;[39m
&amp#27;[35m[HTTP]&amp#27;[39m &amp#27;[37m-->&amp#27;[39m &amp#27;[37mPOST&amp#27;[39m &amp#27;[37m/wd/hub/session/a8395378-8b4c-4d54-802f-1303ab7567cb/appium/device/press_keycode&amp#27;[39m
&amp#27;[35m[HTTP]&amp#27;[39m &amp#27;[90m{"keycode":4}&amp#27;[39m
[debug] &amp#27;[35m[W3C (a8395378)]&amp#27;[39m Calling AppiumDriver.pressKeyCode() with args: [4,null,null,null,null,"a8395378-8b4c-4d54-802f-1303ab7567cb"]
[debug] &amp#27;[35m[WD Proxy]&amp#27;[39m Matched '/appium/device/press_keycode' to command name 'pressKeyCode'
[debug] &amp#27;[35m[WD Proxy]&amp#27;[39m Proxying [POST /appium/device/press_keycode] to [POST http://127.0.0.1:8209/wd/hub/session/ad2218b3-e157-4105-8c58-28af58ecd405/appium/device/press_keycode] with body: {"keycode":4,"metastate":null,"flags":null}
[debug] &amp#27;[35m[WD Proxy]&amp#27;[39m Got response with status 200: {"sessionId":"ad2218b3-e157-4105-8c58-28af58ecd405","value":null}
[debug] &amp#27;[35m[W3C (a8395378)]&amp#27;[39m Responding to client with driver.pressKeyCode() result: null
&amp#27;[35m[HTTP]&amp#27;[39m &amp#27;[37m<-- POST /wd/hub/session/a8395378-8b4c-4d54-802f-1303ab7567cb/appium/device/press_keycode &amp#27;[39m&amp#27;[32m200&amp#27;[39m &amp#27;[90m794 ms - 14&amp#27;[39m
&amp#27;[35m[HTTP]&amp#27;[39m &amp#27;[90m&amp#27;[39m
swipeScreen() Method : dir: 'UP'
&amp#27;[35m[HTTP]&amp#27;[39m &amp#27;[37m-->&amp#27;[39m &amp#27;[37mGET&amp#27;[39m &amp#27;[37m/wd/hub/session/a8395378-8b4c-4d54-802f-1303ab7567cb/window/rect&amp#27;[39m
&amp#27;[35m[HTTP]&amp#27;[39m &amp#27;[90m{}&amp#27;[39m
[debug] &amp#27;[35m[W3C (a8395378)]&amp#27;[39m Calling AppiumDriver.getWindowRect() with args: ["a8395378-8b4c-4d54-802f-1303ab7567cb"]
[debug] &amp#27;[35m[WD Proxy]&amp#27;[39m Matched '/window/current/size' to command name 'getWindowSize'
[debug] &amp#27;[35m[WD Proxy]&amp#27;[39m Proxying [GET /window/current/size] to [GET http://127.0.0.1:8209/wd/hub/session/ad2218b3-e157-4105-8c58-28af58ecd405/window/current/size] with no body
[debug] &amp#27;[35m[WD Proxy]&amp#27;[39m Got response with status 200: {"sessionId":"ad2218b3-e157-4105-8c58-28af58ecd405","value":{"height":2712,"width":1440}}
[debug] &amp#27;[35m[W3C (a8395378)]&amp#27;[39m Responding to client with driver.getWindowRect() result: {"width":1440,"height":2712,"x":0,"y":0}
&amp#27;[35m[HTTP]&amp#27;[39m &amp#27;[37m<-- GET /wd/hub/session/a8395378-8b4c-4d54-802f-1303ab7567cb/window/rect &amp#27;[39m&amp#27;[32m200&amp#27;[39m &amp#27;[90m16 ms - 50&amp#27;[39m
&amp#27;[35m[HTTP]&amp#27;[39m &amp#27;[90m&amp#27;[39m
The Screen Width is : 1440
&amp#27;[35m[HTTP]&amp#27;[39m &amp#27;[37m-->&amp#27;[39m &amp#27;[37mPOST&amp#27;[39m &amp#27;[37m/wd/hub/session/a8395378-8b4c-4d54-802f-1303ab7567cb/touch/perform&amp#27;[39m
&amp#27;[35m[HTTP]&amp#27;[39m &amp#27;[90m{"actions":[{"action":"press","options":{"x":1400,"y":1356}},{"action":"wait","options":{"ms":200}},{"action":"moveTo","options":{"x":720,"y":10}},{"action":"release","options":{}}]}&amp#27;[39m
[debug] &amp#27;[35m[W3C (a8395378)]&amp#27;[39m Calling AppiumDriver.performTouch() with args: [[{"action":"press","options":{"x":1400,"y":1356}},{"action":"wait","options":{"ms":200}},{"action":"moveTo","options":{"x":720,"y":10}},{"action":"release","options":{}}],"a8395378-8b4c-4d54-802f-1303ab7567cb"]
[debug] &amp#27;[35m[WD Proxy]&amp#27;[39m Matched '/touch/perform' to command name 'performTouch'
[debug] &amp#27;[35m[WD Proxy]&amp#27;[39m Proxying [POST /touch/perform] to [POST http://127.0.0.1:8209/wd/hub/session/ad2218b3-e157-4105-8c58-28af58ecd405/touch/perform] with body: {"startX":1400,"startY":1356,"endX":720,"endY":10,"steps":6}
[debug] &amp#27;[35m[WD Proxy]&amp#27;[39m Got response with status 200: {"sessionId":"ad2218b3-e157-4105-8c58-28af58ecd405","value":null}
[debug] &amp#27;[35m[W3C (a8395378)]&amp#27;[39m Responding to client with driver.performTouch() result: null
&amp#27;[35m[HTTP]&amp#27;[39m &amp#27;[37m<-- POST /wd/hub/session/a8395378-8b4c-4d54-802f-1303ab7567cb/touch/perform &amp#27;[39m&amp#27;[32m200&amp#27;[39m &amp#27;[90m1004 ms - 14&amp#27;[39m
&amp#27;[35m[HTTP]&amp#27;[39m &amp#27;[90m&amp#27;[39m
&amp#27;[35m[HTTP]&amp#27;[39m &amp#27;[37m-->&amp#27;[39m &amp#27;[37mPOST&amp#27;[39m &amp#27;[37m/wd/hub/session/a8395378-8b4c-4d54-802f-1303ab7567cb/touch/perform&amp#27;[39m
&amp#27;[35m[HTTP]&amp#27;[39m &amp#27;[90m{"actions":[{"action":"press","options":{"x":1400,"y":2203}},{"action":"wait","options":{"ms":200}},{"action":"moveTo","options":{"x":10,"y":2203}},{"action":"release","options":{}}]}&amp#27;[39m
[debug] &amp#27;[35m[W3C (a8395378)]&amp#27;[39m Calling AppiumDriver.performTouch() with args: [[{"action":"press","options":{"x":1400,"y":2203}},{"action":"wait","options":{"ms":200}},{"action":"moveTo","options":{"x":10,"y":2203}},{"action":"release","options":{}}],"a8395378-8b4c-4d54-802f-1303ab7567cb"]
[debug] &amp#27;[35m[WD Proxy]&amp#27;[39m Matched '/touch/perform' to command name 'performTouch'
[debug] &amp#27;[35m[WD Proxy]&amp#27;[39m Proxying [POST /touch/perform] to [POST http://127.0.0.1:8209/wd/hub/session/ad2218b3-e157-4105-8c58-28af58ecd405/touch/perform] with body: {"startX":1400,"startY":2203,"endX":10,"endY":2203,"steps":6}
[debug] &amp#27;[35m[WD Proxy]&amp#27;[39m Got response with status 200: {"sessionId":"ad2218b3-e157-4105-8c58-28af58ecd405","value":null}
[debug] &amp#27;[35m[W3C (a8395378)]&amp#27;[39m Responding to client with driver.performTouch() result: null
&amp#27;[35m[HTTP]&amp#27;[39m &amp#27;[37m<-- POST /wd/hub/session/a8395378-8b4c-4d54-802f-1303ab7567cb/touch/perform &amp#27;[39m&amp#27;[32m200&amp#27;[39m &amp#27;[90m1049 ms - 14&amp#27;[39m
&amp#27;[35m[HTTP]&amp#27;[39m &amp#27;[90m&amp#27;[39m
&amp#27;[35m[HTTP]&amp#27;[39m &amp#27;[37m-->&amp#27;[39m &amp#27;[37mPOST&amp#27;[39m &amp#27;[37m/wd/hub/session/a8395378-8b4c-4d54-802f-1303ab7567cb/element&amp#27;[39m
&amp#27;[35m[HTTP]&amp#27;[39m &amp#27;[90m{"using":"xpath","value":"//android.widget.TextView[@text='Party time']"}&amp#27;[39m
[debug] &amp#27;[35m[W3C (a8395378)]&amp#27;[39m Calling AppiumDriver.findElement() with args: ["xpath","//android.widget.TextView[@text='Party time']","a8395378-8b4c-4d54-802f-1303ab7567cb"]
[debug] &amp#27;[35m[BaseDriver]&amp#27;[39m Valid locator strategies for this request: xpath, id, class name, accessibility id, css selector, -android uiautomator
[debug] &amp#27;[35m[BaseDriver]&amp#27;[39m Waiting up to 180000 ms for condition
[debug] &amp#27;[35m[WD Proxy]&amp#27;[39m Matched '/element' to command name 'findElement'
[debug] &amp#27;[35m[WD Proxy]&amp#27;[39m Proxying [POST /element] to [POST http://127.0.0.1:8209/wd/hub/session/ad2218b3-e157-4105-8c58-28af58ecd405/element] with body: {"strategy":"xpath","selector":"//android.widget.TextView[@text='Party time']","context":"","multiple":false}
[debug] &amp#27;[35m[WD Proxy]&amp#27;[39m Got response with status 200: {"sessionId":"ad2218b3-e157-4105-8c58-28af58ecd405","value":{"ELEMENT":"00000000-0000-023c-ffff-ffff00000561","element-6066-11e4-a52e-4f735466cecf":"00000000-0000-023c-ffff-ffff00000561"}}
[debug] &amp#27;[35m[W3C (a8395378)]&amp#27;[39m Responding to client with driver.findElement() result: {"element-6066-11e4-a52e-4f735466cecf":"00000000-0000-023c-ffff-ffff00000561","ELEMENT":"00000000-0000-023c-ffff-ffff00000561"}
&amp#27;[35m[HTTP]&amp#27;[39m &amp#27;[37m<-- POST /wd/hub/session/a8395378-8b4c-4d54-802f-1303ab7567cb/element &amp#27;[39m&amp#27;[32m200&amp#27;[39m &amp#27;[90m284 ms - 137&amp#27;[39m
&amp#27;[35m[HTTP]&amp#27;[39m &amp#27;[90m&amp#27;[39m
&amp#27;[35m[HTTP]&amp#27;[39m &amp#27;[37m-->&amp#27;[39m &amp#27;[37mPOST&amp#27;[39m &amp#27;[37m/wd/hub/session/a8395378-8b4c-4d54-802f-1303ab7567cb/element/00000000-0000-023c-ffff-ffff00000561/click&amp#27;[39m
&amp#27;[35m[HTTP]&amp#27;[39m &amp#27;[90m{"id":"00000000-0000-023c-ffff-ffff00000561"}&amp#27;[39m
[debug] &amp#27;[35m[W3C (a8395378)]&amp#27;[39m Calling AppiumDriver.click() with args: ["00000000-0000-023c-ffff-ffff00000561","a8395378-8b4c-4d54-802f-1303ab7567cb"]
[debug] &amp#27;[35m[WD Proxy]&amp#27;[39m Matched '/element/00000000-0000-023c-ffff-ffff00000561/click' to command name 'click'
[debug] &amp#27;[35m[WD Proxy]&amp#27;[39m Proxying [POST /element/00000000-0000-023c-ffff-ffff00000561/click] to [POST http://127.0.0.1:8209/wd/hub/session/ad2218b3-e157-4105-8c58-28af58ecd405/element/00000000-0000-023c-ffff-ffff00000561/click] with body: {"element":"00000000-0000-023c-ffff-ffff00000561"}
[debug] &amp#27;[35m[WD Proxy]&amp#27;[39m Got response with status 200: {"sessionId":"ad2218b3-e157-4105-8c58-28af58ecd405","value":null}
[debug] &amp#27;[35m[W3C (a8395378)]&amp#27;[39m Responding to client with driver.click() result: null
&amp#27;[35m[HTTP]&amp#27;[39m &amp#27;[37m<-- POST /wd/hub/session/a8395378-8b4c-4d54-802f-1303ab7567cb/element/00000000-0000-023c-ffff-ffff00000561/click &amp#27;[39m&amp#27;[32m200&amp#27;[39m &amp#27;[90m89 ms - 14&amp#27;[39m
&amp#27;[35m[HTTP]&amp#27;[39m &amp#27;[90m&amp#27;[39m
&amp#27;[35m[HTTP]&amp#27;[39m &amp#27;[37m-->&amp#27;[39m &amp#27;[37mPOST&amp#27;[39m &amp#27;[37m/wd/hub/session/a8395378-8b4c-4d54-802f-1303ab7567cb/appium/device/press_keycode&amp#27;[39m
&amp#27;[35m[HTTP]&amp#27;[39m &amp#27;[90m{"keycode":4}&amp#27;[39m
[debug] &amp#27;[35m[W3C (a8395378)]&amp#27;[39m Calling AppiumDriver.pressKeyCode() with args: [4,null,null,null,null,"a8395378-8b4c-4d54-802f-1303ab7567cb"]
[debug] &amp#27;[35m[WD Proxy]&amp#27;[39m Matched '/appium/device/press_keycode' to command name 'pressKeyCode'
[debug] &amp#27;[35m[WD Proxy]&amp#27;[39m Proxying [POST /appium/device/press_keycode] to [POST http://127.0.0.1:8209/wd/hub/session/ad2218b3-e157-4105-8c58-28af58ecd405/appium/device/press_keycode] with body: {"keycode":4,"metastate":null,"flags":null}
[debug] &amp#27;[35m[WD Proxy]&amp#27;[39m Got response with status 200: {"sessionId":"ad2218b3-e157-4105-8c58-28af58ecd405","value":null}
[debug] &amp#27;[35m[W3C (a8395378)]&amp#27;[39m Responding to client with driver.pressKeyCode() result: null
&amp#27;[35m[HTTP]&amp#27;[39m &amp#27;[37m<-- POST /wd/hub/session/a8395378-8b4c-4d54-802f-1303ab7567cb/appium/device/press_keycode &amp#27;[39m&amp#27;[32m200&amp#27;[39m &amp#27;[90m4071 ms - 14&amp#27;[39m
&amp#27;[35m[HTTP]&amp#27;[39m &amp#27;[90m&amp#27;[39m
&amp#27;[35m[HTTP]&amp#27;[39m &amp#27;[37m-->&amp#27;[39m &amp#27;[37mPOST&amp#27;[39m &amp#27;[37m/wd/hub/session/a8395378-8b4c-4d54-802f-1303ab7567cb/element&amp#27;[39m
&amp#27;[35m[HTTP]&amp#27;[39m &amp#27;[90m{"using":"xpath","value":"//*[@content-desc=', tab, 5 out of 5']"}&amp#27;[39m
[debug] &amp#27;[35m[W3C (a8395378)]&amp#27;[39m Calling AppiumDriver.findElement() with args: ["xpath","//*[@content-desc=', tab, 5 out of 5']","a8395378-8b4c-4d54-802f-1303ab7567cb"]
[debug] &amp#27;[35m[BaseDriver]&amp#27;[39m Valid locator strategies for this request: xpath, id, class name, accessibility id, css selector, -android uiautomator
[debug] &amp#27;[35m[BaseDriver]&amp#27;[39m Waiting up to 180000 ms for condition
[debug] &amp#27;[35m[WD Proxy]&amp#27;[39m Matched '/element' to command name 'findElement'
[debug] &amp#27;[35m[WD Proxy]&amp#27;[39m Proxying [POST /element] to [POST http://127.0.0.1:8209/wd/hub/session/ad2218b3-e157-4105-8c58-28af58ecd405/element] with body: {"strategy":"xpath","selector":"//*[@content-desc=', tab, 5 out of 5']","context":"","multiple":false}
[debug] &amp#27;[35m[WD Proxy]&amp#27;[39m Got response with status 200: {"sessionId":"ad2218b3-e157-4105-8c58-28af58ecd405","value":{"ELEMENT":"00000000-0000-023c-ffff-ffff000001c0","element-6066-11e4-a52e-4f735466cecf":"00000000-0000-023c-ffff-ffff000001c0"}}
[debug] &amp#27;[35m[W3C (a8395378)]&amp#27;[39m Responding to client with driver.findElement() result: {"element-6066-11e4-a52e-4f735466cecf":"00000000-0000-023c-ffff-ffff000001c0","ELEMENT":"00000000-0000-023c-ffff-ffff000001c0"}
&amp#27;[35m[HTTP]&amp#27;[39m &amp#27;[37m<-- POST /wd/hub/session/a8395378-8b4c-4d54-802f-1303ab7567cb/element &amp#27;[39m&amp#27;[32m200&amp#27;[39m &amp#27;[90m273 ms - 137&amp#27;[39m
&amp#27;[35m[HTTP]&amp#27;[39m &amp#27;[90m&amp#27;[39m
&amp#27;[35m[HTTP]&amp#27;[39m &amp#27;[37m-->&amp#27;[39m &amp#27;[37mPOST&amp#27;[39m &amp#27;[37m/wd/hub/session/a8395378-8b4c-4d54-802f-1303ab7567cb/element/00000000-0000-023c-ffff-ffff000001c0/click&amp#27;[39m
&amp#27;[35m[HTTP]&amp#27;[39m &amp#27;[90m{"id":"00000000-0000-023c-ffff-ffff000001c0"}&amp#27;[39m
[debug] &amp#27;[35m[W3C (a8395378)]&amp#27;[39m Calling AppiumDriver.click() with args: ["00000000-0000-023c-ffff-ffff000001c0","a8395378-8b4c-4d54-802f-1303ab7567cb"]
[debug] &amp#27;[35m[WD Proxy]&amp#27;[39m Matched '/element/00000000-0000-023c-ffff-ffff000001c0/click' to command name 'click'
[debug] &amp#27;[35m[WD Proxy]&amp#27;[39m Proxying [POST /element/00000000-0000-023c-ffff-ffff000001c0/click] to [POST http://127.0.0.1:8209/wd/hub/session/ad2218b3-e157-4105-8c58-28af58ecd405/element/00000000-0000-023c-ffff-ffff000001c0/click] with body: {"element":"00000000-0000-023c-ffff-ffff000001c0"}
[debug] &amp#27;[35m[WD Proxy]&amp#27;[39m Got response with status 200: {"sessionId":"ad2218b3-e157-4105-8c58-28af58ecd405","value":null}
[debug] &amp#27;[35m[W3C (a8395378)]&amp#27;[39m Responding to client with driver.click() result: null
&amp#27;[35m[HTTP]&amp#27;[39m &amp#27;[37m<-- POST /wd/hub/session/a8395378-8b4c-4d54-802f-1303ab7567cb/element/00000000-0000-023c-ffff-ffff000001c0/click &amp#27;[39m&amp#27;[32m200&amp#27;[39m &amp#27;[90m82 ms - 14&amp#27;[39m
&amp#27;[35m[HTTP]&amp#27;[39m &amp#27;[90m&amp#27;[39m
&amp#27;[35m[HTTP]&amp#27;[39m &amp#27;[37m-->&amp#27;[39m &amp#27;[37mGET&amp#27;[39m &amp#27;[37m/wd/hub/session/a8395378-8b4c-4d54-802f-1303ab7567cb/context&amp#27;[39m
&amp#27;[35m[HTTP]&amp#27;[39m &amp#27;[90m{}&amp#27;[39m
[debug] &amp#27;[35m[W3C (a8395378)]&amp#27;[39m Calling AppiumDriver.getCurrentContext() with args: ["a8395378-8b4c-4d54-802f-1303ab7567cb"]
[debug] &amp#27;[35m[W3C (a8395378)]&amp#27;[39m Responding to client with driver.getCurrentContext() result: "NATIVE_APP"
&amp#27;[35m[HTTP]&amp#27;[39m &amp#27;[37m<-- GET /wd/hub/session/a8395378-8b4c-4d54-802f-1303ab7567cb/context &amp#27;[39m&amp#27;[32m200&amp#27;[39m &amp#27;[90m1 ms - 22&amp#27;[39m
&amp#27;[35m[HTTP]&amp#27;[39m &amp#27;[90m&amp#27;[39m
&amp#27;[35m[HTTP]&amp#27;[39m &amp#27;[37m-->&amp#27;[39m &amp#27;[37mPOST&amp#27;[39m &amp#27;[37m/wd/hub/session/a8395378-8b4c-4d54-802f-1303ab7567cb/element&amp#27;[39m
&amp#27;[35m[HTTP]&amp#27;[39m &amp#27;[90m{"using":"xpath","value":"//*[@content-desc=', tab, 5 out of 5']"}&amp#27;[39m
[debug] &amp#27;[35m[W3C (a8395378)]&amp#27;[39m Calling AppiumDriver.findElement() with args: ["xpath","//*[@content-desc=', tab, 5 out of 5']","a8395378-8b4c-4d54-802f-1303ab7567cb"]
[debug] &amp#27;[35m[BaseDriver]&amp#27;[39m Valid locator strategies for this request: xpath, id, class name, accessibility id, css selector, -android uiautomator
[debug] &amp#27;[35m[BaseDriver]&amp#27;[39m Waiting up to 180000 ms for condition
[debug] &amp#27;[35m[WD Proxy]&amp#27;[39m Matched '/element' to command name 'findElement'
[debug] &amp#27;[35m[WD Proxy]&amp#27;[39m Proxying [POST /element] to [POST http://127.0.0.1:8209/wd/hub/session/ad2218b3-e157-4105-8c58-28af58ecd405/element] with body: {"strategy":"xpath","selector":"//*[@content-desc=', tab, 5 out of 5']","context":"","multiple":false}
[debug] &amp#27;[35m[WD Proxy]&amp#27;[39m Got response with status 200: {"sessionId":"ad2218b3-e157-4105-8c58-28af58ecd405","value":{"ELEMENT":"00000000-0000-023c-ffff-ffff000001c0","element-6066-11e4-a52e-4f735466cecf":"00000000-0000-023c-ffff-ffff000001c0"}}
[debug] &amp#27;[35m[W3C (a8395378)]&amp#27;[39m Responding to client with driver.findElement() result: {"element-6066-11e4-a52e-4f735466cecf":"00000000-0000-023c-ffff-ffff000001c0","ELEMENT":"00000000-0000-023c-ffff-ffff000001c0"}
&amp#27;[35m[HTTP]&amp#27;[39m &amp#27;[37m<-- POST /wd/hub/session/a8395378-8b4c-4d54-802f-1303ab7567cb/element &amp#27;[39m&amp#27;[32m200&amp#27;[39m &amp#27;[90m1053 ms - 137&amp#27;[39m
&amp#27;[35m[HTTP]&amp#27;[39m &amp#27;[90m&amp#27;[39m
&amp#27;[35m[HTTP]&amp#27;[39m &amp#27;[37m-->&amp#27;[39m &amp#27;[37mPOST&amp#27;[39m &amp#27;[37m/wd/hub/session/a8395378-8b4c-4d54-802f-1303ab7567cb/element/00000000-0000-023c-ffff-ffff000001c0/click&amp#27;[39m
&amp#27;[35m[HTTP]&amp#27;[39m &amp#27;[90m{"id":"00000000-0000-023c-ffff-ffff000001c0"}&amp#27;[39m
[debug] &amp#27;[35m[W3C (a8395378)]&amp#27;[39m Calling AppiumDriver.click() with args: ["00000000-0000-023c-ffff-ffff000001c0","a8395378-8b4c-4d54-802f-1303ab7567cb"]
[debug] &amp#27;[35m[WD Proxy]&amp#27;[39m Matched '/element/00000000-0000-023c-ffff-ffff000001c0/click' to command name 'click'
[debug] &amp#27;[35m[WD Proxy]&amp#27;[39m Proxying [POST /element/00000000-0000-023c-ffff-ffff000001c0/click] to [POST http://127.0.0.1:8209/wd/hub/session/ad2218b3-e157-4105-8c58-28af58ecd405/element/00000000-0000-023c-ffff-ffff000001c0/click] with body: {"element":"00000000-0000-023c-ffff-ffff000001c0"}
[debug] &amp#27;[35m[WD Proxy]&amp#27;[39m Got response with status 200: {"sessionId":"ad2218b3-e157-4105-8c58-28af58ecd405","value":null}
[debug] &amp#27;[35m[W3C (a8395378)]&amp#27;[39m Responding to client with driver.click() result: null
&amp#27;[35m[HTTP]&amp#27;[39m &amp#27;[37m<-- POST /wd/hub/session/a8395378-8b4c-4d54-802f-1303ab7567cb/element/00000000-0000-023c-ffff-ffff000001c0/click &amp#27;[39m&amp#27;[32m200&amp#27;[39m &amp#27;[90m94 ms - 14&amp#27;[39m
&amp#27;[35m[HTTP]&amp#27;[39m &amp#27;[90m&amp#27;[39m
swipeScreen() Method : dir: 'UP'
&amp#27;[35m[HTTP]&amp#27;[39m &amp#27;[37m-->&amp#27;[39m &amp#27;[37mGET&amp#27;[39m &amp#27;[37m/wd/hub/session/a8395378-8b4c-4d54-802f-1303ab7567cb/window/rect&amp#27;[39m
&amp#27;[35m[HTTP]&amp#27;[39m &amp#27;[90m{}&amp#27;[39m
[debug] &amp#27;[35m[W3C (a8395378)]&amp#27;[39m Calling AppiumDriver.getWindowRect() with args: ["a8395378-8b4c-4d54-802f-1303ab7567cb"]
[debug] &amp#27;[35m[WD Proxy]&amp#27;[39m Matched '/window/current/size' to command name 'getWindowSize'
[debug] &amp#27;[35m[WD Proxy]&amp#27;[39m Proxying [GET /window/current/size] to [GET http://127.0.0.1:8209/wd/hub/session/ad2218b3-e157-4105-8c58-28af58ecd405/window/current/size] with no body
[debug] &amp#27;[35m[WD Proxy]&amp#27;[39m Got response with status 200: {"sessionId":"ad2218b3-e157-4105-8c58-28af58ecd405","value":{"height":2712,"width":1440}}
[debug] &amp#27;[35m[W3C (a8395378)]&amp#27;[39m Responding to client with driver.getWindowRect() result: {"width":1440,"height":2712,"x":0,"y":0}
&amp#27;[35m[HTTP]&amp#27;[39m &amp#27;[37m<-- GET /wd/hub/session/a8395378-8b4c-4d54-802f-1303ab7567cb/window/rect &amp#27;[39m&amp#27;[32m200&amp#27;[39m &amp#27;[90m23 ms - 50&amp#27;[39m
&amp#27;[35m[HTTP]&amp#27;[39m &amp#27;[90m&amp#27;[39m
The Screen Width is : 1440
&amp#27;[35m[HTTP]&amp#27;[39m &amp#27;[37m-->&amp#27;[39m &amp#27;[37mPOST&amp#27;[39m &amp#27;[37m/wd/hub/session/a8395378-8b4c-4d54-802f-1303ab7567cb/touch/perform&amp#27;[39m
&amp#27;[35m[HTTP]&amp#27;[39m &amp#27;[90m{"actions":[{"action":"press","options":{"x":1400,"y":1356}},{"action":"wait","options":{"ms":200}},{"action":"moveTo","options":{"x":720,"y":10}},{"action":"release","options":{}}]}&amp#27;[39m
[debug] &amp#27;[35m[W3C (a8395378)]&amp#27;[39m Calling AppiumDriver.performTouch() with args: [[{"action":"press","options":{"x":1400,"y":1356}},{"action":"wait","options":{"ms":200}},{"action":"moveTo","options":{"x":720,"y":10}},{"action":"release","options":{}}],"a8395378-8b4c-4d54-802f-1303ab7567cb"]
[debug] &amp#27;[35m[WD Proxy]&amp#27;[39m Matched '/touch/perform' to command name 'performTouch'
[debug] &amp#27;[35m[WD Proxy]&amp#27;[39m Proxying [POST /touch/perform] to [POST http://127.0.0.1:8209/wd/hub/session/ad2218b3-e157-4105-8c58-28af58ecd405/touch/perform] with body: {"startX":1400,"startY":1356,"endX":720,"endY":10,"steps":6}
[debug] &amp#27;[35m[WD Proxy]&amp#27;[39m Got response with status 200: {"sessionId":"ad2218b3-e157-4105-8c58-28af58ecd405","value":null}
[debug] &amp#27;[35m[W3C (a8395378)]&amp#27;[39m Responding to client with driver.performTouch() result: null
&amp#27;[35m[HTTP]&amp#27;[39m &amp#27;[37m<-- POST /wd/hub/session/a8395378-8b4c-4d54-802f-1303ab7567cb/touch/perform &amp#27;[39m&amp#27;[32m200&amp#27;[39m &amp#27;[90m982 ms - 14&amp#27;[39m
&amp#27;[35m[HTTP]&amp#27;[39m &amp#27;[90m&amp#27;[39m
swipeScreen() Method : dir: 'UP'
&amp#27;[35m[HTTP]&amp#27;[39m &amp#27;[37m-->&amp#27;[39m &amp#27;[37mGET&amp#27;[39m &amp#27;[37m/wd/hub/session/a8395378-8b4c-4d54-802f-1303ab7567cb/window/rect&amp#27;[39m
&amp#27;[35m[HTTP]&amp#27;[39m &amp#27;[90m{}&amp#27;[39m
[debug] &amp#27;[35m[W3C (a8395378)]&amp#27;[39m Calling AppiumDriver.getWindowRect() with args: ["a8395378-8b4c-4d54-802f-1303ab7567cb"]
[debug] &amp#27;[35m[WD Proxy]&amp#27;[39m Matched '/window/current/size' to command name 'getWindowSize'
[debug] &amp#27;[35m[WD Proxy]&amp#27;[39m Proxying [GET /window/current/size] to [GET http://127.0.0.1:8209/wd/hub/session/ad2218b3-e157-4105-8c58-28af58ecd405/window/current/size] with no body
[debug] &amp#27;[35m[WD Proxy]&amp#27;[39m Got response with status 200: {"sessionId":"ad2218b3-e157-4105-8c58-28af58ecd405","value":{"height":2712,"width":1440}}
[debug] &amp#27;[35m[W3C (a8395378)]&amp#27;[39m Responding to client with driver.getWindowRect() result: {"width":1440,"height":2712,"x":0,"y":0}
&amp#27;[35m[HTTP]&amp#27;[39m &amp#27;[37m<-- GET /wd/hub/session/a8395378-8b4c-4d54-802f-1303ab7567cb/window/rect &amp#27;[39m&amp#27;[32m200&amp#27;[39m &amp#27;[90m21 ms - 50&amp#27;[39m
&amp#27;[35m[HTTP]&amp#27;[39m &amp#27;[90m&amp#27;[39m
The Screen Width is : 1440
&amp#27;[35m[HTTP]&amp#27;[39m &amp#27;[37m-->&amp#27;[39m &amp#27;[37mPOST&amp#27;[39m &amp#27;[37m/wd/hub/session/a8395378-8b4c-4d54-802f-1303ab7567cb/touch/perform&amp#27;[39m
&amp#27;[35m[HTTP]&amp#27;[39m &amp#27;[90m{"actions":[{"action":"press","options":{"x":1400,"y":1356}},{"action":"wait","options":{"ms":200}},{"action":"moveTo","options":{"x":720,"y":10}},{"action":"release","options":{}}]}&amp#27;[39m
[debug] &amp#27;[35m[W3C (a8395378)]&amp#27;[39m Calling AppiumDriver.performTouch() with args: [[{"action":"press","options":{"x":1400,"y":1356}},{"action":"wait","options":{"ms":200}},{"action":"moveTo","options":{"x":720,"y":10}},{"action":"release","options":{}}],"a8395378-8b4c-4d54-802f-1303ab7567cb"]
[debug] &amp#27;[35m[WD Proxy]&amp#27;[39m Matched '/touch/perform' to command name 'performTouch'
[debug] &amp#27;[35m[WD Proxy]&amp#27;[39m Proxying [POST /touch/perform] to [POST http://127.0.0.1:8209/wd/hub/session/ad2218b3-e157-4105-8c58-28af58ecd405/touch/perform] with body: {"startX":1400,"startY":1356,"endX":720,"endY":10,"steps":6}
[debug] &amp#27;[35m[WD Proxy]&amp#27;[39m Got response with status 200: {"sessionId":"ad2218b3-e157-4105-8c58-28af58ecd405","value":null}
[debug] &amp#27;[35m[W3C (a8395378)]&amp#27;[39m Responding to client with driver.performTouch() result: null
&amp#27;[35m[HTTP]&amp#27;[39m &amp#27;[37m<-- POST /wd/hub/session/a8395378-8b4c-4d54-802f-1303ab7567cb/touch/perform &amp#27;[39m&amp#27;[32m200&amp#27;[39m &amp#27;[90m957 ms - 14&amp#27;[39m
&amp#27;[35m[HTTP]&amp#27;[39m &amp#27;[90m&amp#27;[39m
&amp#27;[35m[HTTP]&amp#27;[39m &amp#27;[37m-->&amp#27;[39m &amp#27;[37mGET&amp#27;[39m &amp#27;[37m/wd/hub/session/a8395378-8b4c-4d54-802f-1303ab7567cb/context&amp#27;[39m
&amp#27;[35m[HTTP]&amp#27;[39m &amp#27;[90m{}&amp#27;[39m
[debug] &amp#27;[35m[W3C (a8395378)]&amp#27;[39m Calling AppiumDriver.getCurrentContext() with args: ["a8395378-8b4c-4d54-802f-1303ab7567cb"]
[debug] &amp#27;[35m[W3C (a8395378)]&amp#27;[39m Responding to client with driver.getCurrentContext() result: "NATIVE_APP"
&amp#27;[35m[HTTP]&amp#27;[39m &amp#27;[37m<-- GET /wd/hub/session/a8395378-8b4c-4d54-802f-1303ab7567cb/context &amp#27;[39m&amp#27;[32m200&amp#27;[39m &amp#27;[90m1 ms - 22&amp#27;[39m
&amp#27;[35m[HTTP]&amp#27;[39m &amp#27;[90m&amp#27;[39m
&amp#27;[35m[HTTP]&amp#27;[39m &amp#27;[37m-->&amp#27;[39m &amp#27;[37mPOST&amp#27;[39m &amp#27;[37m/wd/hub/session/a8395378-8b4c-4d54-802f-1303ab7567cb/element&amp#27;[39m
&amp#27;[35m[HTTP]&amp#27;[39m &amp#27;[90m{"using":"xpath","value":"//android.widget.TextView[@text='Log out of your current session']"}&amp#27;[39m
[debug] &amp#27;[35m[W3C (a8395378)]&amp#27;[39m Calling AppiumDriver.findElement() with args: ["xpath","//android.widget.TextView[@text='Log out of your current session']","a8395378-8b4c-4d54-802f-1303ab7567cb"]
[debug] &amp#27;[35m[BaseDriver]&amp#27;[39m Valid locator strategies for this request: xpath, id, class name, accessibility id, css selector, -android uiautomator
[debug] &amp#27;[35m[BaseDriver]&amp#27;[39m Waiting up to 180000 ms for condition
[debug] &amp#27;[35m[WD Proxy]&amp#27;[39m Matched '/element' to command name 'findElement'
[debug] &amp#27;[35m[WD Proxy]&amp#27;[39m Proxying [POST /element] to [POST http://127.0.0.1:8209/wd/hub/session/ad2218b3-e157-4105-8c58-28af58ecd405/element] with body: {"strategy":"xpath","selector":"//android.widget.TextView[@text='Log out of your current session']","context":"","multiple":false}
[debug] &amp#27;[35m[WD Proxy]&amp#27;[39m Got response with status 200: {"sessionId":"ad2218b3-e157-4105-8c58-28af58ecd405","value":{"ELEMENT":"00000000-0000-023c-ffff-ffff00000511","element-6066-11e4-a52e-4f735466cecf":"00000000-0000-023c-ffff-ffff00000511"}}
[debug] &amp#27;[35m[W3C (a8395378)]&amp#27;[39m Responding to client with driver.findElement() result: {"element-6066-11e4-a52e-4f735466cecf":"00000000-0000-023c-ffff-ffff00000511","ELEMENT":"00000000-0000-023c-ffff-ffff00000511"}
&amp#27;[35m[HTTP]&amp#27;[39m &amp#27;[37m<-- POST /wd/hub/session/a8395378-8b4c-4d54-802f-1303ab7567cb/element &amp#27;[39m&amp#27;[32m200&amp#27;[39m &amp#27;[90m159 ms - 137&amp#27;[39m
&amp#27;[35m[HTTP]&amp#27;[39m &amp#27;[90m&amp#27;[39m
&amp#27;[35m[HTTP]&amp#27;[39m &amp#27;[37m-->&amp#27;[39m &amp#27;[37mPOST&amp#27;[39m &amp#27;[37m/wd/hub/session/a8395378-8b4c-4d54-802f-1303ab7567cb/element/00000000-0000-023c-ffff-ffff00000511/click&amp#27;[39m
&amp#27;[35m[HTTP]&amp#27;[39m &amp#27;[90m{"id":"00000000-0000-023c-ffff-ffff00000511"}&amp#27;[39m
[debug] &amp#27;[35m[W3C (a8395378)]&amp#27;[39m Calling AppiumDriver.click() with args: ["00000000-0000-023c-ffff-ffff00000511","a8395378-8b4c-4d54-802f-1303ab7567cb"]
[debug] &amp#27;[35m[WD Proxy]&amp#27;[39m Matched '/element/00000000-0000-023c-ffff-ffff00000511/click' to command name 'click'
[debug] &amp#27;[35m[WD Proxy]&amp#27;[39m Proxying [POST /element/00000000-0000-023c-ffff-ffff00000511/click] to [POST http://127.0.0.1:8209/wd/hub/session/ad2218b3-e157-4105-8c58-28af58ecd405/element/00000000-0000-023c-ffff-ffff00000511/click] with body: {"element":"00000000-0000-023c-ffff-ffff00000511"}
[debug] &amp#27;[35m[WD Proxy]&amp#27;[39m Got response with status 200: {"sessionId":"ad2218b3-e157-4105-8c58-28af58ecd405","value":null}
[debug] &amp#27;[35m[W3C (a8395378)]&amp#27;[39m Responding to client with driver.click() result: null
&amp#27;[35m[HTTP]&amp#27;[39m &amp#27;[37m<-- POST /wd/hub/session/a8395378-8b4c-4d54-802f-1303ab7567cb/element/00000000-0000-023c-ffff-ffff00000511/click &amp#27;[39m&amp#27;[32m200&amp#27;[39m &amp#27;[90m75 ms - 14&amp#27;[39m
&amp#27;[35m[HTTP]&amp#27;[39m &amp#27;[90m&amp#27;[39m
&amp#27;[35m[HTTP]&amp#27;[39m &amp#27;[37m-->&amp#27;[39m &amp#27;[37mPOST&amp#27;[39m &amp#27;[37m/wd/hub/session/a8395378-8b4c-4d54-802f-1303ab7567cb/element&amp#27;[39m
&amp#27;[35m[HTTP]&amp#27;[39m &amp#27;[90m{"using":"xpath","value":"//*[@resource-id='android:id/button2']"}&amp#27;[39m
[debug] &amp#27;[35m[W3C (a8395378)]&amp#27;[39m Calling AppiumDriver.findElement() with args: ["xpath","//*[@resource-id='android:id/button2']","a8395378-8b4c-4d54-802f-1303ab7567cb"]
[debug] &amp#27;[35m[BaseDriver]&amp#27;[39m Valid locator strategies for this request: xpath, id, class name, accessibility id, css selector, -android uiautomator
[debug] &amp#27;[35m[BaseDriver]&amp#27;[39m Waiting up to 180000 ms for condition
[debug] &amp#27;[35m[WD Proxy]&amp#27;[39m Matched '/element' to command name 'findElement'
[debug] &amp#27;[35m[WD Proxy]&amp#27;[39m Proxying [POST /element] to [POST http://127.0.0.1:8209/wd/hub/session/ad2218b3-e157-4105-8c58-28af58ecd405/element] with body: {"strategy":"xpath","selector":"//*[@resource-id='android:id/button2']","context":"","multiple":false}
[debug] &amp#27;[35m[WD Proxy]&amp#27;[39m Got response with status 200: {"sessionId":"ad2218b3-e157-4105-8c58-28af58ecd405","value":{"ELEMENT":"00000000-0000-023d-ffff-ffff00000ae8","element-6066-11e4-a52e-4f735466cecf":"00000000-0000-023d-ffff-ffff00000ae8"}}
[debug] &amp#27;[35m[W3C (a8395378)]&amp#27;[39m Responding to client with driver.findElement() result: {"element-6066-11e4-a52e-4f735466cecf":"00000000-0000-023d-ffff-ffff00000ae8","ELEMENT":"00000000-0000-023d-ffff-ffff00000ae8"}
&amp#27;[35m[HTTP]&amp#27;[39m &amp#27;[37m<-- POST /wd/hub/session/a8395378-8b4c-4d54-802f-1303ab7567cb/element &amp#27;[39m&amp#27;[32m200&amp#27;[39m &amp#27;[90m49 ms - 137&amp#27;[39m
&amp#27;[35m[HTTP]&amp#27;[39m &amp#27;[90m&amp#27;[39m
&amp#27;[35m[HTTP]&amp#27;[39m &amp#27;[37m-->&amp#27;[39m &amp#27;[37mPOST&amp#27;[39m &amp#27;[37m/wd/hub/session/a8395378-8b4c-4d54-802f-1303ab7567cb/element/00000000-0000-023d-ffff-ffff00000ae8/click&amp#27;[39m
&amp#27;[35m[HTTP]&amp#27;[39m &amp#27;[90m{"id":"00000000-0000-023d-ffff-ffff00000ae8"}&amp#27;[39m
[debug] &amp#27;[35m[W3C (a8395378)]&amp#27;[39m Calling AppiumDriver.click() with args: ["00000000-0000-023d-ffff-ffff00000ae8","a8395378-8b4c-4d54-802f-1303ab7567cb"]
[debug] &amp#27;[35m[WD Proxy]&amp#27;[39m Matched '/element/00000000-0000-023d-ffff-ffff00000ae8/click' to command name 'click'
[debug] &amp#27;[35m[WD Proxy]&amp#27;[39m Proxying [POST /element/00000000-0000-023d-ffff-ffff00000ae8/click] to [POST http://127.0.0.1:8209/wd/hub/session/ad2218b3-e157-4105-8c58-28af58ecd405/element/00000000-0000-023d-ffff-ffff00000ae8/click] with body: {"element":"00000000-0000-023d-ffff-ffff00000ae8"}
[debug] &amp#27;[35m[WD Proxy]&amp#27;[39m Got response with status 200: {"sessionId":"ad2218b3-e157-4105-8c58-28af58ecd405","value":null}
[debug] &amp#27;[35m[W3C (a8395378)]&amp#27;[39m Responding to client with driver.click() result: null
&amp#27;[35m[HTTP]&amp#27;[39m &amp#27;[37m<-- POST /wd/hub/session/a8395378-8b4c-4d54-802f-1303ab7567cb/element/00000000-0000-023d-ffff-ffff00000ae8/click &amp#27;[39m&amp#27;[32m200&amp#27;[39m &amp#27;[90m92 ms - 14&amp#27;[39m
&amp#27;[35m[HTTP]&amp#27;[39m &amp#27;[90m&amp#27;[39m
]]></system-out>
    <system-err><![CDATA[Jun 07, 2022 10:29:34 PM io.appium.java_client.remote.AppiumCommandExecutor$1 lambda$0
INFO: Detected dialect: W3C
]]></system-err>
  </testcase>
  <testcase name="registerUser" classname="SoFaDog.AndroidAutomation.RegisterTest" time="99.813">
    <system-out><![CDATA[Executing After Method and Confirming the Test was executed
Execute After Class
Execute Before Class & passing capabilities to driver every time the Test's Start in New Class
&amp#27;[35m[HTTP]&amp#27;[39m &amp#27;[37m-->&amp#27;[39m &amp#27;[37mPOST&amp#27;[39m &amp#27;[37m/wd/hub/session&amp#27;[39m
&amp#27;[35m[HTTP]&amp#27;[39m &amp#27;[90m{"desiredCapabilities":{"app":"/Users/kamaljhinjer/Documents/Mac_Coding/AndroidAutomation/src/sofadog-debug-services-4.5.3-2.apk","chromedriverExecutable":"/Users/kamaljhinjer/Documents/Mac_Coding/AndroidAutomation/src/chromedriver/chromedriver","newCommandTimeout":180,"automationName":"uiautomator2","platformName":"Android","deviceName":"Emulator_Pixel2XL"},"capabilities":{"firstMatch":[{"appium:app":"/Users/kamaljhinjer/Documents/Mac_Coding/AndroidAutomation/src/sofadog-debug-services-4.5.3-2.apk","appium:automationName":"uiautomator2","appium:chromedriverExecutable":"/Users/kamaljhinjer/Documents/Mac_Coding/AndroidAutomation/src/chromedriver/chromedriver","appium:deviceName":"Emulator_Pixel2XL","appium:newCommandTimeout":180,"platformName":"android"}]}}&amp#27;[39m
[debug] &amp#27;[35m[W3C]&amp#27;[39m Calling AppiumDriver.createSession() with args: [{"app":"/Users/kamaljhinjer/Documents/Mac_Coding/AndroidAutomation/src/sofadog-debug-services-4.5.3-2.apk","chromedriverExecutable":"/Users/kamaljhinjer/Documents/Mac_Coding/AndroidAutomation/src/chromedriver/chromedriver","newCommandTimeout":180,"automationName":"uiautomator2","platformName":"Android","deviceName":"Emulator_Pixel2XL"},null,{"firstMatch":[{"appium:app":"/Users/kamaljhinjer/Documents/Mac_Coding/AndroidAutomation/src/sofadog-debug-services-4.5.3-2.apk","appium:automationName":"uiautomator2","appium:chromedriverExecutable":"/Users/kamaljhinjer/Documents/Mac_Coding/AndroidAutomation/src/chromedriver/chromedriver","appium:deviceName":"Emulator_Pixel2XL","appium:newCommandTimeout":180,"platformName":"android"}]}]
[debug] &amp#27;[35m[BaseDriver]&amp#27;[39m Event 'newSessionRequested' logged at 1654621465778 (22:34:25 GMT+0530 (India Standard Time))
&amp#27;[35m[Appium]&amp#27;[39m Appium v1.22.3 creating new AndroidUiautomator2Driver (v1.70.1) session
[debug] &amp#27;[35m[BaseDriver]&amp#27;[39m W3C capabilities and MJSONWP desired capabilities were provided
[debug] &amp#27;[35m[BaseDriver]&amp#27;[39m Creating session with W3C capabilities: {
[debug] &amp#27;[35m[BaseDriver]&amp#27;[39m   "alwaysMatch": {
[debug] &amp#27;[35m[BaseDriver]&amp#27;[39m     "platformName": "android",
[debug] &amp#27;[35m[BaseDriver]&amp#27;[39m     "appium:app": "/Users/kamaljhinjer/Documents/Mac_Coding/AndroidAutomation/src/sofadog-debug-services-4.5.3-2.apk",
[debug] &amp#27;[35m[BaseDriver]&amp#27;[39m     "appium:automationName": "uiautomator2",
[debug] &amp#27;[35m[BaseDriver]&amp#27;[39m     "appium:chromedriverExecutable": "/Users/kamaljhinjer/Documents/Mac_Coding/AndroidAutomation/src/chromedriver/chromedriver",
[debug] &amp#27;[35m[BaseDriver]&amp#27;[39m     "appium:deviceName": "Emulator_Pixel2XL",
[debug] &amp#27;[35m[BaseDriver]&amp#27;[39m     "appium:newCommandTimeout": 180
[debug] &amp#27;[35m[BaseDriver]&amp#27;[39m   },
[debug] &amp#27;[35m[BaseDriver]&amp#27;[39m   "firstMatch": [
[debug] &amp#27;[35m[BaseDriver]&amp#27;[39m     {}
[debug] &amp#27;[35m[BaseDriver]&amp#27;[39m   ]
[debug] &amp#27;[35m[BaseDriver]&amp#27;[39m }
&amp#27;[35m[BaseDriver]&amp#27;[39m Session created with session id: 2565defb-9a36-4019-b006-81b23e7371cd
&amp#27;[35m[BaseDriver]&amp#27;[39m Using local app '/Users/kamaljhinjer/Documents/Mac_Coding/AndroidAutomation/src/sofadog-debug-services-4.5.3-2.apk'
[debug] &amp#27;[35m[UiAutomator2]&amp#27;[39m Checking whether app is actually present
&amp#27;[35m[ADB]&amp#27;[39m Using 'adb' from '/Users/kamaljhinjer/Library/Android/sdk/platform-tools/adb'
[debug] &amp#27;[35m[ADB]&amp#27;[39m Running '/Users/kamaljhinjer/Library/Android/sdk/platform-tools/adb -P 5037 start-server'
&amp#27;[35m[AndroidDriver]&amp#27;[39m Retrieving device list
[debug] &amp#27;[35m[ADB]&amp#27;[39m Trying to find a connected android device
[debug] &amp#27;[35m[ADB]&amp#27;[39m Getting connected devices
[debug] &amp#27;[35m[ADB]&amp#27;[39m Connected devices: [{"udid":"emulator-5554","state":"device"}]
&amp#27;[35m[AndroidDriver]&amp#27;[39m Using device: emulator-5554
&amp#27;[35m[ADB]&amp#27;[39m Using 'adb' from '/Users/kamaljhinjer/Library/Android/sdk/platform-tools/adb'
[debug] &amp#27;[35m[ADB]&amp#27;[39m Running '/Users/kamaljhinjer/Library/Android/sdk/platform-tools/adb -P 5037 start-server'
[debug] &amp#27;[35m[ADB]&amp#27;[39m Setting device id to emulator-5554
[debug] &amp#27;[35m[ADB]&amp#27;[39m Running '/Users/kamaljhinjer/Library/Android/sdk/platform-tools/adb -P 5037 -s emulator-5554 shell getprop ro.build.version.sdk'
[debug] &amp#27;[35m[ADB]&amp#27;[39m Current device property 'ro.build.version.sdk': 31
&amp#27;[35m[ADB]&amp#27;[39m Getting device platform version
[debug] &amp#27;[35m[ADB]&amp#27;[39m Running '/Users/kamaljhinjer/Library/Android/sdk/platform-tools/adb -P 5037 -s emulator-5554 shell getprop ro.build.version.release'
[debug] &amp#27;[35m[ADB]&amp#27;[39m Current device property 'ro.build.version.release': 12
[debug] &amp#27;[35m[ADB]&amp#27;[39m Device API level: 31
&amp#27;[35m[UiAutomator2]&amp#27;[39m Relaxing hidden api policy
[debug] &amp#27;[35m[ADB]&amp#27;[39m Running '/Users/kamaljhinjer/Library/Android/sdk/platform-tools/adb -P 5037 -s emulator-5554 shell 'settings put global hidden_api_policy_pre_p_apps 1;settings put global hidden_api_policy_p_apps 1;settings put global hidden_api_policy 1''
[debug] &amp#27;[35m[AndroidDriver]&amp#27;[39m Parsing package and activity from app manifest
&amp#27;[35m[ADB]&amp#27;[39m Package name: 'dog.fa.so.app'
&amp#27;[35m[ADB]&amp#27;[39m Main activity name: 'dog.fa.so.app.MainActivity'
[debug] &amp#27;[35m[AndroidDriver]&amp#27;[39m Parsed package and activity are: dog.fa.so.app/dog.fa.so.app.MainActivity
[debug] &amp#27;[35m[ADB]&amp#27;[39m Running '/Users/kamaljhinjer/Library/Android/sdk/platform-tools/adb -P 5037 -s emulator-5554 wait-for-device'
[debug] &amp#27;[35m[ADB]&amp#27;[39m Running '/Users/kamaljhinjer/Library/Android/sdk/platform-tools/adb -P 5037 -s emulator-5554 shell echo ping'
[debug] &amp#27;[35m[AndroidDriver]&amp#27;[39m Pushing settings apk to device...
[debug] &amp#27;[35m[ADB]&amp#27;[39m Getting install status for io.appium.settings
[debug] &amp#27;[35m[ADB]&amp#27;[39m Running '/Users/kamaljhinjer/Library/Android/sdk/platform-tools/adb -P 5037 -s emulator-5554 shell dumpsys package io.appium.settings'
[debug] &amp#27;[35m[ADB]&amp#27;[39m 'io.appium.settings' is installed
[debug] &amp#27;[35m[ADB]&amp#27;[39m Getting package info for 'io.appium.settings'
[debug] &amp#27;[35m[ADB]&amp#27;[39m Running '/Users/kamaljhinjer/Library/Android/sdk/platform-tools/adb -P 5037 -s emulator-5554 shell dumpsys package io.appium.settings'
[debug] &amp#27;[35m[ADB]&amp#27;[39m The version name of the installed 'io.appium.settings' is greater or equal to the application version name ('3.4.0' >= '3.4.0')
[debug] &amp#27;[35m[ADB]&amp#27;[39m There is no need to install/upgrade '/usr/local/lib/node_modules/appium/node_modules/io.appium.settings/apks/settings_apk-debug.apk'
[debug] &amp#27;[35m[ADB]&amp#27;[39m Getting IDs of all 'io.appium.settings' processes
[debug] &amp#27;[35m[ADB]&amp#27;[39m Running '/Users/kamaljhinjer/Library/Android/sdk/platform-tools/adb -P 5037 -s emulator-5554 shell 'pgrep --help; echo $?''
[debug] &amp#27;[35m[ADB]&amp#27;[39m Running '/Users/kamaljhinjer/Library/Android/sdk/platform-tools/adb -P 5037 -s emulator-5554 shell pgrep -f \(\[\[:blank:\]\]\|\^\)io\.appium\.settings\(\[\[:blank:\]\]\|\$\)'
[debug] &amp#27;[35m[AndroidDriver]&amp#27;[39m io.appium.settings is already running. There is no need to reset its permissions.
[debug] &amp#27;[35m[Logcat]&amp#27;[39m Starting logs capture with command: /Users/kamaljhinjer/Library/Android/sdk/platform-tools/adb -P 5037 -s emulator-5554 logcat -v threadtime
[debug] &amp#27;[35m[UiAutomator2]&amp#27;[39m Forwarding UiAutomator2 Server port 6790 to local port 8211
[debug] &amp#27;[35m[ADB]&amp#27;[39m Forwarding system: 8211 to device: 6790
[debug] &amp#27;[35m[ADB]&amp#27;[39m Running '/Users/kamaljhinjer/Library/Android/sdk/platform-tools/adb -P 5037 -s emulator-5554 forward tcp:8211 tcp:6790'
&amp#27;[35m[UiAutomator2]&amp#27;[39m Server package at '/usr/local/lib/node_modules/appium/node_modules/appium-uiautomator2-server/apks/appium-uiautomator2-server-v4.27.0.apk' is not writeable. Will copy it into the temporary location at '/var/folders/4f/ggkjk46s0lj0y4w1yj8mpmm00000gn/T/202257-2037-hw18tx.gi63' as a workaround. Consider making this file writeable manually in order to improve the performance of session startup.
&amp#27;[35m[UiAutomator2]&amp#27;[39m Server package at '/usr/local/lib/node_modules/appium/node_modules/appium-uiautomator2-server/apks/appium-uiautomator2-server-debug-androidTest.apk' is not writeable. Will copy it into the temporary location at '/var/folders/4f/ggkjk46s0lj0y4w1yj8mpmm00000gn/T/202257-2037-hw18tx.gi63' as a workaround. Consider making this file writeable manually in order to improve the performance of session startup.
[debug] &amp#27;[35m[ADB]&amp#27;[39m Getting install status for io.appium.uiautomator2.server
[debug] &amp#27;[35m[ADB]&amp#27;[39m Running '/Users/kamaljhinjer/Library/Android/sdk/platform-tools/adb -P 5037 -s emulator-5554 shell dumpsys package io.appium.uiautomator2.server'
[debug] &amp#27;[35m[ADB]&amp#27;[39m 'io.appium.uiautomator2.server' is installed
[debug] &amp#27;[35m[ADB]&amp#27;[39m Getting package info for 'io.appium.uiautomator2.server'
[debug] &amp#27;[35m[ADB]&amp#27;[39m Running '/Users/kamaljhinjer/Library/Android/sdk/platform-tools/adb -P 5037 -s emulator-5554 shell dumpsys package io.appium.uiautomator2.server'
[debug] &amp#27;[35m[ADB]&amp#27;[39m The version name of the installed 'io.appium.uiautomator2.server' is greater or equal to the application version name ('4.27.0' >= '4.27.0')
[debug] &amp#27;[35m[UiAutomator2]&amp#27;[39m io.appium.uiautomator2.server installation state: sameVersionInstalled
[debug] &amp#27;[35m[ADB]&amp#27;[39m Checking app cert for /var/folders/4f/ggkjk46s0lj0y4w1yj8mpmm00000gn/T/202257-2037-hw18tx.gi63/appium-uiautomator2-server-v4.27.0.apk
[debug] &amp#27;[35m[ADB]&amp#27;[39m Using the previously cached signature entry for 'appium-uiautomator2-server-v4.27.0.apk'
[debug] &amp#27;[35m[ADB]&amp#27;[39m sha256 hash did match for 'appium-uiautomator2-server-v4.27.0.apk'
[debug] &amp#27;[35m[ADB]&amp#27;[39m Getting install status for io.appium.uiautomator2.server.test
[debug] &amp#27;[35m[ADB]&amp#27;[39m Running '/Users/kamaljhinjer/Library/Android/sdk/platform-tools/adb -P 5037 -s emulator-5554 shell dumpsys package io.appium.uiautomator2.server.test'
[debug] &amp#27;[35m[ADB]&amp#27;[39m 'io.appium.uiautomator2.server.test' is installed
[debug] &amp#27;[35m[ADB]&amp#27;[39m Checking app cert for /var/folders/4f/ggkjk46s0lj0y4w1yj8mpmm00000gn/T/202257-2037-hw18tx.gi63/appium-uiautomator2-server-debug-androidTest.apk
[debug] &amp#27;[35m[ADB]&amp#27;[39m Using the previously cached signature entry for 'appium-uiautomator2-server-debug-androidTest.apk'
[debug] &amp#27;[35m[ADB]&amp#27;[39m sha256 hash did match for 'appium-uiautomator2-server-debug-androidTest.apk'
&amp#27;[35m[UiAutomator2]&amp#27;[39m Server packages are not going to be (re)installed
[debug] &amp#27;[35m[UiAutomator2]&amp#27;[39m Waiting up to 30000ms for services to be available
[debug] &amp#27;[35m[ADB]&amp#27;[39m Running '/Users/kamaljhinjer/Library/Android/sdk/platform-tools/adb -P 5037 -s emulator-5554 shell pm list instrumentation'
[debug] &amp#27;[35m[UiAutomator2]&amp#27;[39m Instrumentation target 'io.appium.uiautomator2.server.test/androidx.test.runner.AndroidJUnitRunner' is available
&amp#27;[35m[ADB]&amp#27;[39m Adding packages ["io.appium.settings","io.appium.uiautomator2.server","io.appium.uiautomator2.server.test"] to Doze whitelist
[debug] &amp#27;[35m[ADB]&amp#27;[39m Got the following command chunks to execute: [["dumpsys","deviceidle","whitelist","+io.appium.settings",";","dumpsys","deviceidle","whitelist","+io.appium.uiautomator2.server",";","dumpsys","deviceidle","whitelist","+io.appium.uiautomator2.server.test",";"]]
[debug] &amp#27;[35m[ADB]&amp#27;[39m Running '/Users/kamaljhinjer/Library/Android/sdk/platform-tools/adb -P 5037 -s emulator-5554 shell dumpsys deviceidle whitelist +io.appium.settings ; dumpsys deviceidle whitelist +io.appium.uiautomator2.server ; dumpsys deviceidle whitelist +io.appium.uiautomator2.server.test ;'
[debug] &amp#27;[35m[ADB]&amp#27;[39m Checking app cert for /Users/kamaljhinjer/Documents/Mac_Coding/AndroidAutomation/src/sofadog-debug-services-4.5.3-2.apk
[debug] &amp#27;[35m[ADB]&amp#27;[39m Using the previously cached signature entry for 'sofadog-debug-services-4.5.3-2.apk'
[debug] &amp#27;[35m[ADB]&amp#27;[39m Getting install status for dog.fa.so.app
[debug] &amp#27;[35m[ADB]&amp#27;[39m Running '/Users/kamaljhinjer/Library/Android/sdk/platform-tools/adb -P 5037 -s emulator-5554 shell dumpsys package dog.fa.so.app'
[debug] &amp#27;[35m[ADB]&amp#27;[39m 'dog.fa.so.app' is installed
[debug] &amp#27;[35m[ADB]&amp#27;[39m Getting package info for 'dog.fa.so.app'
[debug] &amp#27;[35m[ADB]&amp#27;[39m Running '/Users/kamaljhinjer/Library/Android/sdk/platform-tools/adb -P 5037 -s emulator-5554 shell dumpsys package dog.fa.so.app'
[debug] &amp#27;[35m[ADB]&amp#27;[39m The version name of the installed 'dog.fa.so.app' is greater or equal to the application version name ('4.5.1' >= '4.5.1')
[debug] &amp#27;[35m[ADB]&amp#27;[39m There is no need to install/upgrade '/Users/kamaljhinjer/Documents/Mac_Coding/AndroidAutomation/src/sofadog-debug-services-4.5.3-2.apk'
&amp#27;[35m[AndroidDriver]&amp#27;[39m Performing fast reset on 'dog.fa.so.app'
[debug] &amp#27;[35m[ADB]&amp#27;[39m Getting install status for dog.fa.so.app
[debug] &amp#27;[35m[ADB]&amp#27;[39m Running '/Users/kamaljhinjer/Library/Android/sdk/platform-tools/adb -P 5037 -s emulator-5554 shell dumpsys package dog.fa.so.app'
[debug] &amp#27;[35m[ADB]&amp#27;[39m 'dog.fa.so.app' is installed
[debug] &amp#27;[35m[ADB]&amp#27;[39m Running '/Users/kamaljhinjer/Library/Android/sdk/platform-tools/adb -P 5037 -s emulator-5554 shell am force-stop dog.fa.so.app'
[debug] &amp#27;[35m[ADB]&amp#27;[39m Running '/Users/kamaljhinjer/Library/Android/sdk/platform-tools/adb -P 5037 -s emulator-5554 shell pm clear dog.fa.so.app'
[debug] &amp#27;[35m[AndroidDriver]&amp#27;[39m Performed fast reset on the installed 'dog.fa.so.app' application (stop and clear)
[debug] &amp#27;[35m[UiAutomator2]&amp#27;[39m Performing shallow cleanup of automation leftovers
[debug] &amp#27;[35m[UiAutomator2]&amp#27;[39m The following obsolete sessions are still running: ["ad2218b3-e157-4105-8c58-28af58ecd405"]
[debug] &amp#27;[35m[UiAutomator2]&amp#27;[39m Cleaning up 1 obsolete session
[debug] &amp#27;[35m[Instrumentation]&amp#27;[39m .
[debug] &amp#27;[35m[Instrumentation]&amp#27;[39m Time: 304.168
[debug] &amp#27;[35m[Instrumentation]&amp#27;[39m 
[debug] &amp#27;[35m[Instrumentation]&amp#27;[39m OK (1 test)
[debug] &amp#27;[35m[Instrumentation]&amp#27;[39m The process has exited with code 0
[debug] &amp#27;[35m[ADB]&amp#27;[39m Running '/Users/kamaljhinjer/Library/Android/sdk/platform-tools/adb -P 5037 -s emulator-5554 shell am force-stop io.appium.uiautomator2.server.test'
&amp#27;[35m[UiAutomator2]&amp#27;[39m Starting UIAutomator2 server 4.27.0
&amp#27;[35m[UiAutomator2]&amp#27;[39m Using UIAutomator2 server from '/usr/local/lib/node_modules/appium/node_modules/appium-uiautomator2-server/apks/appium-uiautomator2-server-v4.27.0.apk' and test from '/usr/local/lib/node_modules/appium/node_modules/appium-uiautomator2-server/apks/appium-uiautomator2-server-debug-androidTest.apk'
&amp#27;[35m[UiAutomator2]&amp#27;[39m Waiting up to 30000ms for UiAutomator2 to be online...
[debug] &amp#27;[35m[ADB]&amp#27;[39m Creating ADB subprocess with args: ["-P",5037,"-s","emulator-5554","shell","am","instrument","-w","-e","disableAnalytics",true,"io.appium.uiautomator2.server.test/androidx.test.runner.AndroidJUnitRunner"]
[debug] &amp#27;[35m[WD Proxy]&amp#27;[39m Matched '/status' to command name 'getStatus'
[debug] &amp#27;[35m[WD Proxy]&amp#27;[39m Proxying [GET /status] to [GET http://127.0.0.1:8211/wd/hub/status] with no body
&amp#27;[35m[WD Proxy]&amp#27;[39m socket hang up
[debug] &amp#27;[35m[WD Proxy]&amp#27;[39m Matched '/status' to command name 'getStatus'
[debug] &amp#27;[35m[WD Proxy]&amp#27;[39m Proxying [GET /status] to [GET http://127.0.0.1:8211/wd/hub/status] with no body
&amp#27;[35m[WD Proxy]&amp#27;[39m socket hang up
[debug] &amp#27;[35m[WD Proxy]&amp#27;[39m Matched '/status' to command name 'getStatus'
[debug] &amp#27;[35m[WD Proxy]&amp#27;[39m Proxying [GET /status] to [GET http://127.0.0.1:8211/wd/hub/status] with no body
&amp#27;[35m[WD Proxy]&amp#27;[39m socket hang up
[debug] &amp#27;[35m[Instrumentation]&amp#27;[39m io.appium.uiautomator2.server.test.AppiumUiAutomator2Server:
[debug] &amp#27;[35m[WD Proxy]&amp#27;[39m Matched '/status' to command name 'getStatus'
[debug] &amp#27;[35m[WD Proxy]&amp#27;[39m Proxying [GET /status] to [GET http://127.0.0.1:8211/wd/hub/status] with no body
&amp#27;[35m[WD Proxy]&amp#27;[39m socket hang up
[debug] &amp#27;[35m[WD Proxy]&amp#27;[39m Matched '/status' to command name 'getStatus'
[debug] &amp#27;[35m[WD Proxy]&amp#27;[39m Proxying [GET /status] to [GET http://127.0.0.1:8211/wd/hub/status] with no body
&amp#27;[35m[WD Proxy]&amp#27;[39m socket hang up
[debug] &amp#27;[35m[WD Proxy]&amp#27;[39m Matched '/status' to command name 'getStatus'
[debug] &amp#27;[35m[WD Proxy]&amp#27;[39m Proxying [GET /status] to [GET http://127.0.0.1:8211/wd/hub/status] with no body
[debug] &amp#27;[35m[WD Proxy]&amp#27;[39m Got response with status 200: {"sessionId":"None","value":{"message":"UiAutomator2 Server is ready to accept commands","ready":true}}
[debug] &amp#27;[35m[UiAutomator2]&amp#27;[39m The initialization of the instrumentation process took 5195ms
[debug] &amp#27;[35m[WD Proxy]&amp#27;[39m Matched '/session' to command name 'createSession'
[debug] &amp#27;[35m[WD Proxy]&amp#27;[39m Proxying [POST /session] to [POST http://127.0.0.1:8211/wd/hub/session] with body: {"capabilities":{"firstMatch":[{"platform":"LINUX","webStorageEnabled":false,"takesScreenshot":true,"javascriptEnabled":true,"databaseEnabled":false,"networkConnectionEnabled":true,"locationContextEnabled":false,"warnings":{},"desired":{"platformName":"android","app":"/Users/kamaljhinjer/Documents/Mac_Coding/AndroidAutomation/src/sofadog-debug-services-4.5.3-2.apk","automationName":"uiautomator2","chromedriverExecutable":"/Users/kamaljhinjer/Documents/Mac_Coding/AndroidAutomation/src/chromedriver/chromedriver","deviceName":"Emulator_Pixel2XL","newCommandTimeout":180},"platformName":"android","app":"/Users/kamaljhinjer/Documents/Mac_Coding/AndroidAutomation/src/sofadog-debug-services-4.5.3-2.apk","automationName":"uiautomator2","chromedriverExecutable":"/Users/kamaljhinjer/Documents/Mac_Coding/AndroidAutomation/src/chromedriver/chromedriver","deviceName":"emulator-5554","newCommandTimeout":180,"deviceUDID":"emulator-5554","appPackage":"dog.fa.so.app"}],"alwaysMatch":{}}}
[debug] &amp#27;[35m[WD Proxy]&amp#27;[39m Got response with status 200: {"sessionId":"5b8ffdd5-9358-4113-8c50-9ddd6b74f0db","value":{"capabilities":{"firstMatch":[{"platform":"LINUX","webStorageEnabled":false,"takesScreenshot":true,"javascriptEnabled":true,"databaseEnabled":false,"networkConnectionEnabled":true,"locationContextEnabled":false,"warnings":{},"desired":{"platformName":"android","app":"/Users/kamaljhinjer/Documents/Mac_Coding/AndroidAutomation/src/sofadog-debug-services-4.5.3-2.apk","automationName":"uiautomator2","chromedriverExecutable":"/Users/kamaljhinjer/Documents/Mac_Coding/AndroidAutomation/src/chromedriver/chromedriver","deviceName":"Emulator_Pixel2XL","newCommandTimeout":180},"platformName":"android","app":"/Users/kamaljhinjer/Documents/Mac_Coding/AndroidAutomation/src/sofadog-debug-services-4.5.3-2.apk","automationName":"uiautomator2","chromedriverExecutable":"/Users/kamaljhinjer/Documents/Mac_Coding/AndroidAutomation/src/chromedriver/chromedriver","deviceName":"emulator-5554","newCommandTimeout":180,"deviceUDID":"emulator-5554","appPackage":"dog.fa.so.ap...
&amp#27;[35m[WD Proxy]&amp#27;[39m Determined the downstream protocol as 'W3C'
[debug] &amp#27;[35m[WD Proxy]&amp#27;[39m Proxying [GET /appium/device/info] to [GET http://127.0.0.1:8211/wd/hub/session/5b8ffdd5-9358-4113-8c50-9ddd6b74f0db/appium/device/info] with no body
[debug] &amp#27;[35m[WD Proxy]&amp#27;[39m Got response with status 200: {"sessionId":"5b8ffdd5-9358-4113-8c50-9ddd6b74f0db","value":{"androidId":"489d6660c2445b4e","apiVersion":"31","bluetooth":{"state":"OFF"},"brand":"google","carrierName":"T-Mobile","displayDensity":560,"locale":"en_US","manufacturer":"Google","model":"sdk_gphone64_x86_64","networks":[{"capabilities":{"SSID":null,"linkDownBandwidthKbps":4300,"linkUpstreamBandwidthKbps":1800,"networkCapabilities":"NET_CAPABILITY_MMS,NET_CAPABILITY_SUPL,NET_CAPABILITY_DUN,NET_CAPABILITY_FOTA,NET_CAPABILITY_IMS,NET_CAPABILITY_CBS,NET_CAPABILITY_INTERNET,NET_CAPABILITY_NOT_RESTRICTED,NET_CAPABILITY_TRUSTED,NET_CAPABILITY_NOT_VPN,NET_CAPABILITY_VALIDATED,NET_CAPABILITY_NOT_ROAMING,NET_CAPABILITY_NOT_CONGESTED,NET_CAPABILITY_NOT_SUSPENDED","signalStrength":-2147483648,"transportTypes":"TRANSPORT_CELLULAR"},"detailedState":"CONNECTED","extraInfo":"epc.tmobile.com","isAvailable":true,"isConnected":true,"isFailover":false,"isRoaming":false,"state":"CONNECTED","subtype":10,"subtypeName":"HSPA","type":0,"typeName":"MOBILE"},{"capabilit...
[debug] &amp#27;[35m[ADB]&amp#27;[39m Running '/Users/kamaljhinjer/Library/Android/sdk/platform-tools/adb -P 5037 -s emulator-5554 shell dumpsys window'
&amp#27;[35m[AndroidDriver]&amp#27;[39m Screen already unlocked, doing nothing
&amp#27;[35m[UiAutomator2]&amp#27;[39m Starting 'dog.fa.so.app/dog.fa.so.app.MainActivity and waiting for 'dog.fa.so.app/dog.fa.so.app.MainActivity'
[debug] &amp#27;[35m[ADB]&amp#27;[39m Running '/Users/kamaljhinjer/Library/Android/sdk/platform-tools/adb -P 5037 -s emulator-5554 shell am start -W -n dog.fa.so.app/dog.fa.so.app.MainActivity -S -a android.intent.action.MAIN -c android.intent.category.LAUNCHER -f 0x10200000'
[debug] &amp#27;[35m[ADB]&amp#27;[39m Waiting up to 20000ms for activity matching pkg: 'dog.fa.so.app' and activity: 'dog.fa.so.app.MainActivity' to be focused
[debug] &amp#27;[35m[ADB]&amp#27;[39m Possible activities, to be checked: 'dog.fa.so.app.MainActivity', 'dog.fa.so.app.dog.fa.so.app.MainActivity'
[debug] &amp#27;[35m[ADB]&amp#27;[39m Getting focused package and activity
[debug] &amp#27;[35m[ADB]&amp#27;[39m Running '/Users/kamaljhinjer/Library/Android/sdk/platform-tools/adb -P 5037 -s emulator-5554 shell dumpsys window displays'
[debug] &amp#27;[35m[ADB]&amp#27;[39m Found package: 'dog.fa.so.app' and fully qualified activity name : 'dog.fa.so.app.MainActivity'
[debug] &amp#27;[35m[WD Proxy]&amp#27;[39m Proxying [GET /appium/device/pixel_ratio] to [GET http://127.0.0.1:8211/wd/hub/session/5b8ffdd5-9358-4113-8c50-9ddd6b74f0db/appium/device/pixel_ratio] with no body
[debug] &amp#27;[35m[WD Proxy]&amp#27;[39m Got response with status 200: {"sessionId":"5b8ffdd5-9358-4113-8c50-9ddd6b74f0db","value":3.5}
[debug] &amp#27;[35m[WD Proxy]&amp#27;[39m Matched '/appium/device/system_bars' to command name 'getSystemBars'
[debug] &amp#27;[35m[WD Proxy]&amp#27;[39m Proxying [GET /appium/device/system_bars] to [GET http://127.0.0.1:8211/wd/hub/session/5b8ffdd5-9358-4113-8c50-9ddd6b74f0db/appium/device/system_bars] with no body
[debug] &amp#27;[35m[WD Proxy]&amp#27;[39m Got response with status 200: {"sessionId":"5b8ffdd5-9358-4113-8c50-9ddd6b74f0db","value":{"statusBar":98}}
[debug] &amp#27;[35m[WD Proxy]&amp#27;[39m Matched '/window/current/size' to command name 'getWindowSize'
[debug] &amp#27;[35m[WD Proxy]&amp#27;[39m Proxying [GET /window/current/size] to [GET http://127.0.0.1:8211/wd/hub/session/5b8ffdd5-9358-4113-8c50-9ddd6b74f0db/window/current/size] with no body
[debug] &amp#27;[35m[WD Proxy]&amp#27;[39m Got response with status 200: {"sessionId":"5b8ffdd5-9358-4113-8c50-9ddd6b74f0db","value":{"height":2712,"width":1440}}
&amp#27;[35m[Appium]&amp#27;[39m New AndroidUiautomator2Driver session created successfully, session 2565defb-9a36-4019-b006-81b23e7371cd added to master session list
[debug] &amp#27;[35m[BaseDriver]&amp#27;[39m Event 'newSessionStarted' logged at 1654621482668 (22:34:42 GMT+0530 (India Standard Time))
[debug] &amp#27;[35m[W3C (2565defb)]&amp#27;[39m Cached the protocol value 'W3C' for the new session 2565defb-9a36-4019-b006-81b23e7371cd
[debug] &amp#27;[35m[W3C (2565defb)]&amp#27;[39m Responding to client with driver.createSession() result: {"capabilities":{"platform":"LINUX","webStorageEnabled":false,"takesScreenshot":true,"javascriptEnabled":true,"databaseEnabled":false,"networkConnectionEnabled":true,"locationContextEnabled":false,"warnings":{},"desired":{"platformName":"android","app":"/Users/kamaljhinjer/Documents/Mac_Coding/AndroidAutomation/src/sofadog-debug-services-4.5.3-2.apk","automationName":"uiautomator2","chromedriverExecutable":"/Users/kamaljhinjer/Documents/Mac_Coding/AndroidAutomation/src/chromedriver/chromedriver","deviceName":"Emulator_Pixel2XL","newCommandTimeout":180},"platformName":"android","app":"/Users/kamaljhinjer/Documents/Mac_Coding/AndroidAutomation/src/sofadog-debug-services-4.5.3-2.apk","automationName":"uiautomator2","chromedriverExecutable":"/Users/kamaljhinjer/Documents/Mac_Coding/AndroidAutomation/src/chromedriver/chromedriver","deviceName":"emulator-5554","newCommandTimeout":180,"deviceUDID":"emulator-5554","appPackage":"dog.fa.so.app","deviceApiLevel":31,"platformVersion":"12","deviceScreenSize":"1440x2880...
Executing Before Method, Starting Test
&amp#27;[35m[HTTP]&amp#27;[39m &amp#27;[37m<-- POST /wd/hub/session &amp#27;[39m&amp#27;[32m200&amp#27;[39m &amp#27;[90m16895 ms - 1275&amp#27;[39m
&amp#27;[35m[HTTP]&amp#27;[39m &amp#27;[90m&amp#27;[39m
&amp#27;[35m[HTTP]&amp#27;[39m &amp#27;[37m-->&amp#27;[39m &amp#27;[37mPOST&amp#27;[39m &amp#27;[37m/wd/hub/session/2565defb-9a36-4019-b006-81b23e7371cd/timeouts&amp#27;[39m
&amp#27;[35m[HTTP]&amp#27;[39m &amp#27;[90m{"implicit":15000}&amp#27;[39m
[debug] &amp#27;[35m[W3C (2565defb)]&amp#27;[39m Calling AppiumDriver.timeouts() with args: [null,null,null,null,15000,"2565defb-9a36-4019-b006-81b23e7371cd"]
[debug] &amp#27;[35m[BaseDriver]&amp#27;[39m W3C timeout argument: {"implicit":15000}}
[debug] &amp#27;[35m[BaseDriver]&amp#27;[39m Set implicit wait to 15000ms
[debug] &amp#27;[35m[W3C (2565defb)]&amp#27;[39m Responding to client with driver.timeouts() result: null
&amp#27;[35m[HTTP]&amp#27;[39m &amp#27;[37m<-- POST /wd/hub/session/2565defb-9a36-4019-b006-81b23e7371cd/timeouts &amp#27;[39m&amp#27;[32m200&amp#27;[39m &amp#27;[90m6 ms - 14&amp#27;[39m
&amp#27;[35m[HTTP]&amp#27;[39m &amp#27;[90m&amp#27;[39m
&amp#27;[35m[HTTP]&amp#27;[39m &amp#27;[37m-->&amp#27;[39m &amp#27;[37mPOST&amp#27;[39m &amp#27;[37m/wd/hub/session/2565defb-9a36-4019-b006-81b23e7371cd/timeouts&amp#27;[39m
&amp#27;[35m[HTTP]&amp#27;[39m &amp#27;[90m{"implicit":15000}&amp#27;[39m
[debug] &amp#27;[35m[W3C (2565defb)]&amp#27;[39m Calling AppiumDriver.timeouts() with args: [null,null,null,null,15000,"2565defb-9a36-4019-b006-81b23e7371cd"]
[debug] &amp#27;[35m[BaseDriver]&amp#27;[39m W3C timeout argument: {"implicit":15000}}
[debug] &amp#27;[35m[BaseDriver]&amp#27;[39m Set implicit wait to 15000ms
[debug] &amp#27;[35m[W3C (2565defb)]&amp#27;[39m Responding to client with driver.timeouts() result: null
&amp#27;[35m[HTTP]&amp#27;[39m &amp#27;[37m<-- POST /wd/hub/session/2565deWait for application to load
fb-9a36-4019-b006-81b23e7371cd/timeouts &amp#27;[39m&amp#27;[32m200&amp#27;[39m &amp#27;[90m3 ms - 14&amp#27;[39m
&amp#27;[35m[HTTP]&amp#27;[39m &amp#27;[90m&amp#27;[39m
swipeScreen() Method : dir: 'LEFT'
&amp#27;[35m[HTTP]&amp#27;[39m &amp#27;[37m-->&amp#27;[39m &amp#27;[37mGET&amp#27;[39m &amp#27;[37m/wd/hub/session/2565defb-9a36-4019-b006-81b23e7371cd/window/rect&amp#27;[39m
&amp#27;[35m[HTTP]&amp#27;[39m &amp#27;[90m{}&amp#27;[39m
[debug] &amp#27;[35m[W3C (2565defb)]&amp#27;[39m Calling AppiumDriver.getWindowRect() with args: ["2565defb-9a36-4019-b006-81b23e7371cd"]
[debug] &amp#27;[35m[WD Proxy]&amp#27;[39m Matched '/window/current/size' to command name 'getWindowSize'
[debug] &amp#27;[35m[WD Proxy]&amp#27;[39m Proxying [GET /window/current/size] to [GET http://127.0.0.1:8211/wd/hub/session/5b8ffdd5-9358-4113-8c50-9ddd6b74f0db/window/current/size] with no body
[debug] &amp#27;[35m[WD Proxy]&amp#27;[39m Got response with status 200: {"sessionId":"5b8ffdd5-9358-4113-8c50-9ddd6b74f0db","value":{"height":2712,"width":1440}}
[debug] &amp#27;[35m[W3C (2565defb)]&amp#27;[39m Responding to client with driver.getWindowRect() result: {"width":1440,"height":2712,"x":0,"y":0}
The Screen Width is : 1440
&amp#27;[35m[HTTP]&amp#27;[39m &amp#27;[37m<-- GET /wd/hub/session/2565defb-9a36-4019-b006-81b23e7371cd/window/rect &amp#27;[39m&amp#27;[32m200&amp#27;[39m &amp#27;[90m15 ms - 50&amp#27;[39m
&amp#27;[35m[HTTP]&amp#27;[39m &amp#27;[90m&amp#27;[39m
&amp#27;[35m[HTTP]&amp#27;[39m &amp#27;[37m-->&amp#27;[39m &amp#27;[37mPOST&amp#27;[39m &amp#27;[37m/wd/hub/session/2565defb-9a36-4019-b006-81b23e7371cd/touch/perform&amp#27;[39m
&amp#27;[35m[HTTP]&amp#27;[39m &amp#27;[90m{"actions":[{"action":"press","options":{"x":1400,"y":1356}},{"action":"wait","options":{"ms":200}},{"action":"moveTo","options":{"x":10,"y":1356}},{"action":"release","options":{}}]}&amp#27;[39m
[debug] &amp#27;[35m[W3C (2565defb)]&amp#27;[39m Calling AppiumDriver.performTouch() with args: [[{"action":"press","options":{"x":1400,"y":1356}},{"action":"wait","options":{"ms":200}},{"action":"moveTo","options":{"x":10,"y":1356}},{"action":"release","options":{}}],"2565defb-9a36-4019-b006-81b23e7371cd"]
[debug] &amp#27;[35m[WD Proxy]&amp#27;[39m Matched '/touch/perform' to command name 'performTouch'
[debug] &amp#27;[35m[WD Proxy]&amp#27;[39m Proxying [POST /touch/perform] to [POST http://127.0.0.1:8211/wd/hub/session/5b8ffdd5-9358-4113-8c50-9ddd6b74f0db/touch/perform] with body: {"startX":1400,"startY":1356,"endX":10,"endY":1356,"steps":6}
[debug] &amp#27;[35m[WD Proxy]&amp#27;[39m Got response with status 200: {"sessionId":"5b8ffdd5-9358-4113-8c50-9ddd6b74f0db","value":null}
[debug] &amp#27;[35m[W3C (2565defb)]&amp#27;[39m Responding to client with driver.performTouch() result: null
&amp#27;[35m[HTTP]&amp#27;[39m &amp#27;[37m<-- POST /wd/hub/session/2565defb-9a36-4019-b006-81b23e7371cd/touch/perform &amp#27;[39m&amp#27;[32m200&amp#27;[39m &amp#27;[90m1378 ms - 14&amp#27;[39m
&amp#27;[35m[HTTP]&amp#27;[39m &amp#27;[90m&amp#27;[39m
1st Widget Swipe Executed
swipeScreen() Method : dir: 'LEFT'
&amp#27;[35m[HTTP]&amp#27;[39m &amp#27;[37m-->&amp#27;[39m &amp#27;[37mGET&amp#27;[39m &amp#27;[37m/wd/hub/session/2565defb-9a36-4019-b006-81b23e7371cd/window/rect&amp#27;[39m
&amp#27;[35m[HTTP]&amp#27;[39m &amp#27;[90m{}&amp#27;[39m
[debug] &amp#27;[35m[W3C (2565defb)]&amp#27;[39m Calling AppiumDriver.getWindowRect() with args: ["2565defb-9a36-4019-b006-81b23e7371cd"]
[debug] &amp#27;[35m[WD Proxy]&amp#27;[39m Matched '/window/current/size' to command name 'getWindowSize'
[debug] &amp#27;[35m[WD Proxy]&amp#27;[39m Proxying [GET /window/current/size] to [GET http://127.0.0.1:8211/wd/hub/session/5b8ffdd5-9358-4113-8c50-9ddd6b74f0db/window/current/size] with no body
[debug] &amp#27;[35m[WD Proxy]&amp#27;[39m Got response with status 200: {"sessionId":"5b8ffdd5-9358-4113-8c50-9ddd6b74f0db","value":{"height":2712,"width":1440}}
[debug] &amp#27;[35m[W3C (2565defb)]&amp#27;[39m Responding to client with driver.getWindowRect() result: {"width":1440,"height":2712,"x":0,"y":0}
&amp#27;[35m[HTTP]&amp#27;[39m &amp#27;[37m<-- GET /wd/hub/session/2565defb-9a36-4019-b006-81b23e7371cd/window/rect &amp#27;[39m&amp#27;[32m200&amp#27;[39m &amp#27;[90m13 ms - 50&amp#27;[39m
&amp#27;[35m[HTTP]&amp#27;[39m &amp#27;[90m&amp#27;[39m
The Screen Width is : 1440
&amp#27;[35m[HTTP]&amp#27;[39m &amp#27;[37m-->&amp#27;[39m &amp#27;[37mPOST&amp#27;[39m &amp#27;[37m/wd/hub/session/2565defb-9a36-4019-b006-81b23e7371cd/touch/perform&amp#27;[39m
&amp#27;[35m[HTTP]&amp#27;[39m &amp#27;[90m{"actions":[{"action":"press","options":{"x":1400,"y":1356}},{"action":"wait","options":{"ms":200}},{"action":"moveTo","options":{"x":10,"y":1356}},{"action":"release","options":{}}]}&amp#27;[39m
[debug] &amp#27;[35m[W3C (2565defb)]&amp#27;[39m Calling AppiumDriver.performTouch() with args: [[{"action":"press","options":{"x":1400,"y":1356}},{"action":"wait","options":{"ms":200}},{"action":"moveTo","options":{"x":10,"y":1356}},{"action":"release","options":{}}],"2565defb-9a36-4019-b006-81b23e7371cd"]
[debug] &amp#27;[35m[WD Proxy]&amp#27;[39m Matched '/touch/perform' to command name 'performTouch'
[debug] &amp#27;[35m[WD Proxy]&amp#27;[39m Proxying [POST /touch/perform] to [POST http://127.0.0.1:8211/wd/hub/session/5b8ffdd5-9358-4113-8c50-9ddd6b74f0db/touch/perform] with body: {"startX":1400,"startY":1356,"endX":10,"endY":1356,"steps":6}
[debug] &amp#27;[35m[WD Proxy]&amp#27;[39m Got response with status 200: {"sessionId":"5b8ffdd5-9358-4113-8c50-9ddd6b74f0db","value":null}
[debug] &amp#27;[35m[W3C (2565defb)]&amp#27;[39m Responding to client with driver.performTouch() result: null
&amp#27;[35m[HTTP]&amp#27;[39m &amp#27;[37m<-- POST /wd/hub/session/2565defb-9a36-4019-b006-81b23e7371cd/touch/perform &amp#27;[39m&amp#27;[32m200&amp#27;[39m &amp#27;[90m1382 ms - 14&amp#27;[39m
&amp#27;[35m[HTTP]&amp#27;[39m &amp#27;[90m&amp#27;[39m
2nd Widget Swipe Executed
swipeScreen() Method : dir: 'LEFT'
&amp#27;[35m[HTTP]&amp#27;[39m &amp#27;[37m-->&amp#27;[39m &amp#27;[37mGET&amp#27;[39m &amp#27;[37m/wd/hub/session/2565defb-9a36-4019-b006-81b23e7371cd/window/rect&amp#27;[39m
&amp#27;[35m[HTTP]&amp#27;[39m &amp#27;[90m{}&amp#27;[39m
[debug] &amp#27;[35m[W3C (2565defb)]&amp#27;[39m Calling AppiumDriver.getWindowRect() with args: ["2565defb-9a36-4019-b006-81b23e7371cd"]
[debug] &amp#27;[35m[WD Proxy]&amp#27;[39m Matched '/window/current/size' to command name 'getWindowSize'
[debug] &amp#27;[35m[WD Proxy]&amp#27;[39m Proxying [GET /window/current/size] to [GET http://127.0.0.1:8211/wd/hub/session/5b8ffdd5-9358-4113-8c50-9ddd6b74f0db/window/current/size] with no body
[debug] &amp#27;[35m[WD Proxy]&amp#27;[39m Got response with status 200: {"sessionId":"5b8ffdd5-9358-4113-8c50-9ddd6b74f0db","value":{"height":2712,"width":1440}}
[debug] &amp#27;[35m[W3C (2565defb)]&amp#27;[39m Responding to client with driver.getWindowRect() result: {"width":1440,"height":2712,"x":0,"y":0}
The Screen Width is : 1440
&amp#27;[35m[HTTP]&amp#27;[39m &amp#27;[37m<-- GET /wd/hub/session/2565defb-9a36-4019-b006-81b23e7371cd/window/rect &amp#27;[39m&amp#27;[32m200&amp#27;[39m &amp#27;[90m26 ms - 50&amp#27;[39m
&amp#27;[35m[HTTP]&amp#27;[39m &amp#27;[90m&amp#27;[39m
&amp#27;[35m[HTTP]&amp#27;[39m &amp#27;[37m-->&amp#27;[39m &amp#27;[37mPOST&amp#27;[39m &amp#27;[37m/wd/hub/session/2565defb-9a36-4019-b006-81b23e7371cd/touch/perform&amp#27;[39m
&amp#27;[35m[HTTP]&amp#27;[39m &amp#27;[90m{"actions":[{"action":"press","options":{"x":1400,"y":1356}},{"action":"wait","options":{"ms":200}},{"action":"moveTo","options":{"x":10,"y":1356}},{"action":"release","options":{}}]}&amp#27;[39m
[debug] &amp#27;[35m[W3C (2565defb)]&amp#27;[39m Calling AppiumDriver.performTouch() with args: [[{"action":"press","options":{"x":1400,"y":1356}},{"action":"wait","options":{"ms":200}},{"action":"moveTo","options":{"x":10,"y":1356}},{"action":"release","options":{}}],"2565defb-9a36-4019-b006-81b23e7371cd"]
[debug] &amp#27;[35m[WD Proxy]&amp#27;[39m Matched '/touch/perform' to command name 'performTouch'
[debug] &amp#27;[35m[WD Proxy]&amp#27;[39m Proxying [POST /touch/perform] to [POST http://127.0.0.1:8211/wd/hub/session/5b8ffdd5-9358-4113-8c50-9ddd6b74f0db/touch/perform] with body: {"startX":1400,"startY":1356,"endX":10,"endY":1356,"steps":6}
[debug] &amp#27;[35m[WD Proxy]&amp#27;[39m Got response with status 200: {"sessionId":"5b8ffdd5-9358-4113-8c50-9ddd6b74f0db","value":null}
[debug] &amp#27;[35m[W3C (2565defb)]&amp#27;[39m Responding to client with driver.performTouch() result: null
&amp#27;[35m[HTTP]&amp#27;[39m &amp#27;[37m<-- POST /wd/hub/session/2565defb-9a36-4019-b006-81b23e7371cd/touch/perform &amp#27;[39m&amp#27;[32m200&amp#27;[39m &amp#27;[90m1291 ms - 14&amp#27;[39m
&amp#27;[35m[HTTP]&amp#27;[39m &amp#27;[90m&amp#27;[39m
3rd Widget Swipe Executed
swipeScreen() Method : dir: 'LEFT'
&amp#27;[35m[HTTP]&amp#27;[39m &amp#27;[37m-->&amp#27;[39m &amp#27;[37mGET&amp#27;[39m &amp#27;[37m/wd/hub/session/2565defb-9a36-4019-b006-81b23e7371cd/window/rect&amp#27;[39m
&amp#27;[35m[HTTP]&amp#27;[39m &amp#27;[90m{}&amp#27;[39m
[debug] &amp#27;[35m[W3C (2565defb)]&amp#27;[39m Calling AppiumDriver.getWindowRect() with args: ["2565defb-9a36-4019-b006-81b23e7371cd"]
[debug] &amp#27;[35m[WD Proxy]&amp#27;[39m Matched '/window/current/size' to command name 'getWindowSize'
[debug] &amp#27;[35m[WD Proxy]&amp#27;[39m Proxying [GET /window/current/size] to [GET http://127.0.0.1:8211/wd/hub/session/5b8ffdd5-9358-4113-8c50-9ddd6b74f0db/window/current/size] with no body
[debug] &amp#27;[35m[WD Proxy]&amp#27;[39m Got response with status 200: {"sessionId":"5b8ffdd5-9358-4113-8c50-9ddd6b74f0db","value":{"height":2712,"width":1440}}
[debug] &amp#27;[35m[W3C (2565defb)]&amp#27;[39m Responding to client with driver.getWindowRect() result: {"width":1440,"height":2712,"x":0,"y":0}
&amp#27;[35m[HTTP]&amp#27;[39m &amp#27;[37m<-- GET /wd/hub/session/2565defb-9a36-4019-b006-81b23e7371cd/window/rect &amp#27;[39m&amp#27;[32m200&amp#27;[39m &amp#27;[90m45 ms - 50&amp#27;[39m
&amp#27;[35m[HTTP]&amp#27;[39m &amp#27;[90m&amp#27;[39m
The Screen Width is : 1440
&amp#27;[35m[HTTP]&amp#27;[39m &amp#27;[37m-->&amp#27;[39m &amp#27;[37mPOST&amp#27;[39m &amp#27;[37m/wd/hub/session/2565defb-9a36-4019-b006-81b23e7371cd/touch/perform&amp#27;[39m
&amp#27;[35m[HTTP]&amp#27;[39m &amp#27;[90m{"actions":[{"action":"press","options":{"x":1400,"y":1356}},{"action":"wait","options":{"ms":200}},{"action":"moveTo","options":{"x":10,"y":1356}},{"action":"release","options":{}}]}&amp#27;[39m
[debug] &amp#27;[35m[W3C (2565defb)]&amp#27;[39m Calling AppiumDriver.performTouch() with args: [[{"action":"press","options":{"x":1400,"y":1356}},{"action":"wait","options":{"ms":200}},{"action":"moveTo","options":{"x":10,"y":1356}},{"action":"release","options":{}}],"2565defb-9a36-4019-b006-81b23e7371cd"]
[debug] &amp#27;[35m[WD Proxy]&amp#27;[39m Matched '/touch/perform' to command name 'performTouch'
[debug] &amp#27;[35m[WD Proxy]&amp#27;[39m Proxying [POST /touch/perform] to [POST http://127.0.0.1:8211/wd/hub/session/5b8ffdd5-9358-4113-8c50-9ddd6b74f0db/touch/perform] with body: {"startX":1400,"startY":1356,"endX":10,"endY":1356,"steps":6}
[debug] &amp#27;[35m[WD Proxy]&amp#27;[39m Got response with status 200: {"sessionId":"5b8ffdd5-9358-4113-8c50-9ddd6b74f0db","value":null}
[debug] &amp#27;[35m[W3C (2565defb)]&amp#27;[39m Responding to client with driver.performTouch() result: null
&amp#27;[35m[HTTP]&amp#27;[39m &amp#27;[37m<-- POST /wd/hub/session/2565defb-9a36-4019-b006-81b23e7371cd/touch/perform &amp#27;[39m&amp#27;[32m200&amp#27;[39m &amp#27;[90m1365 ms - 14&amp#27;[39m
&amp#27;[35m[HTTP]&amp#27;[39m &amp#27;[90m&amp#27;[39m
Last Swipe Executed
&amp#27;[35m[HTTP]&amp#27;[39m &amp#27;[37m-->&amp#27;[39m &amp#27;[37mGET&amp#27;[39m &amp#27;[37m/wd/hub/session/2565defb-9a36-4019-b006-81b23e7371cd/context&amp#27;[39m
&amp#27;[35m[HTTP]&amp#27;[39m &amp#27;[90m{}&amp#27;[39m
[debug] &amp#27;[35m[W3C (2565defb)]&amp#27;[39m Calling AppiumDriver.getCurrentContext() with args: ["2565defb-9a36-4019-b006-81b23e7371cd"]
[debug] &amp#27;[35m[W3C (2565defb)]&amp#27;[39m Responding to client with driver.getCurrentContext() result: "NATIVE_APP"
&amp#27;[35m[HTTP]&amp#27;[39m &amp#27;[37m<-- GET /wd/hub/session/2565defb-9a36-4019-b006-81b23e7371cd/context &amp#27;[39m&amp#27;[32m200&amp#27;[39m &amp#27;[90m1 ms - 22&amp#27;[39m
&amp#27;[35m[HTTP]&amp#27;[39m &amp#27;[90m&amp#27;[39m
&amp#27;[35m[HTTP]&amp#27;[39m &amp#27;[37m-->&amp#27;[39m &amp#27;[37mPOST&amp#27;[39m &amp#27;[37m/wd/hub/session/2565defb-9a36-4019-b006-81b23e7371cd/element&amp#27;[39m
&amp#27;[35m[HTTP]&amp#27;[39m &amp#27;[90m{"using":"xpath","value":"//android.widget.TextView[@text='Maybe later']"}&amp#27;[39m
[debug] &amp#27;[35m[W3C (2565defb)]&amp#27;[39m Calling AppiumDriver.findElement() with args: ["xpath","//android.widget.TextView[@text='Maybe later']","2565defb-9a36-4019-b006-81b23e7371cd"]
[debug] &amp#27;[35m[BaseDriver]&amp#27;[39m Valid locator strategies for this request: xpath, id, class name, accessibility id, css selector, -android uiautomator
[debug] &amp#27;[35m[BaseDriver]&amp#27;[39m Waiting up to 15000 ms for condition
[debug] &amp#27;[35m[WD Proxy]&amp#27;[39m Matched '/element' to command name 'findElement'
[debug] &amp#27;[35m[WD Proxy]&amp#27;[39m Proxying [POST /element] to [POST http://127.0.0.1:8211/wd/hub/session/5b8ffdd5-9358-4113-8c50-9ddd6b74f0db/element] with body: {"strategy":"xpath","selector":"//android.widget.TextView[@text='Maybe later']","context":"","multiple":false}
[debug] &amp#27;[35m[WD Proxy]&amp#27;[39m Got response with status 200: {"sessionId":"5b8ffdd5-9358-4113-8c50-9ddd6b74f0db","value":{"ELEMENT":"00000000-0000-0246-ffff-ffff0000015d","element-6066-11e4-a52e-4f735466cecf":"00000000-0000-0246-ffff-ffff0000015d"}}
[debug] &amp#27;[35m[W3C (2565defb)]&amp#27;[39m Responding to client with driver.findElement() result: {"element-6066-11e4-a52e-4f735466cecf":"00000000-0000-0246-ffff-ffff0000015d","ELEMENT":"00000000-0000-0246-ffff-ffff0000015d"}
&amp#27;[35m[HTTP]&amp#27;[39m &amp#27;[37m<-- POST /wd/hub/session/2565defb-9a36-4019-b006-81b23e7371cd/element &amp#27;[39m&amp#27;[32m200&amp#27;[39m &amp#27;[90m2621 ms - 137&amp#27;[39m
&amp#27;[35m[HTTP]&amp#27;[39m &amp#27;[90m&amp#27;[39m
&amp#27;[35m[HTTP]&amp#27;[39m &amp#27;[37m-->&amp#27;[39m &amp#27;[37mGET&amp#27;[39m &amp#27;[37m/wd/hub/session/2565defb-9a36-4019-b006-81b23e7371cd/element/00000000-0000-0246-ffff-ffff0000015d/text&amp#27;[39m
&amp#27;[35m[HTTP]&amp#27;[39m &amp#27;[90m{}&amp#27;[39m
&amp#27;[35m[W3C (2565defb)]&amp#27;[39m Driver proxy active, passing request on via HTTP proxy
[debug] &amp#27;[35m[WD Proxy]&amp#27;[39m Matched '/wd/hub/session/2565defb-9a36-4019-b006-81b23e7371cd/element/00000000-0000-0246-ffff-ffff0000015d/text' to command name 'getText'
[debug] &amp#27;[35m[WD Proxy]&amp#27;[39m Proxying [GET /wd/hub/session/2565defb-9a36-4019-b006-81b23e7371cd/element/00000000-0000-0246-ffff-ffff0000015d/text] to [GET http://127.0.0.1:8211/wd/hub/session/5b8ffdd5-9358-4113-8c50-9ddd6b74f0db/element/00000000-0000-0246-ffff-ffff0000015d/text] with no body
[debug] &amp#27;[35m[WD Proxy]&amp#27;[39m Got response with status 200: {"sessionId":"5b8ffdd5-9358-4113-8c50-9ddd6b74f0db","value":"Maybe later"}
&amp#27;[35m[WD Proxy]&amp#27;[39m Replacing sessionId 5b8ffdd5-9358-4113-8c50-9ddd6b74f0db with 2565defb-9a36-4019-b006-81b23e7371cd
&amp#27;[35m[HTTP]&amp#27;[39m &amp#27;[37m<-- GET /wd/hub/session/2565defb-9a36-4019-b006-81b23e7371cd/element/00000000-0000-0246-ffff-ffff0000015d/text &amp#27;[39m&amp#27;[32m200&amp#27;[39m &amp#27;[90m227 ms - 74&amp#27;[39m
&amp#27;[35m[HTTP]&amp#27;[39m &amp#27;[90m&amp#27;[39m
&amp#27;[35m[HTTP]&amp#27;[39m &amp#27;[37m-->&amp#27;[39m &amp#27;[37mGET&amp#27;[39m &amp#27;[37m/wd/hub/session/2565defb-9a36-4019-b006-81b23e7371cd/context&amp#27;[39m
&amp#27;[35m[HTTP]&amp#27;[39m &amp#27;[90m{}&amp#27;[39m
[debug] &amp#27;[35m[W3C (2565defb)]&amp#27;[39m Calling AppiumDriver.getCurrentContext() with args: ["2565defb-9a36-4019-b006-81b23e7371cd"]
[debug] &amp#27;[35m[W3C (2565defb)]&amp#27;[39m Responding to client with driver.getCurrentContext() result: "NATIVE_APP"
&amp#27;[35m[HTTP]&amp#27;[39m &amp#27;[37m<-- GET /wd/hub/session/2565defb-9a36-4019-b006-81b23e7371cd/context &amp#27;[39m&amp#27;[32m200&amp#27;[39m &amp#27;[90m1 ms - 22&amp#27;[39m
&amp#27;[35m[HTTP]&amp#27;[39m &amp#27;[90m&amp#27;[39m
&amp#27;[35m[HTTP]&amp#27;[39m &amp#27;[37m-->&amp#27;[39m &amp#27;[37mPOST&amp#27;[39m &amp#27;[37m/wd/hub/session/2565defb-9a36-4019-b006-81b23e7371cd/element&amp#27;[39m
&amp#27;[35m[HTTP]&amp#27;[39m &amp#27;[90m{"using":"xpath","value":"//android.widget.TextView[@text='Sign in with Email']"}&amp#27;[39m
[debug] &amp#27;[35m[W3C (2565defb)]&amp#27;[39m Calling AppiumDriver.findElement() with args: ["xpath","//android.widget.TextView[@text='Sign in with Email']","2565defb-9a36-4019-b006-81b23e7371cd"]
[debug] &amp#27;[35m[BaseDriver]&amp#27;[39m Valid locator strategies for this request: xpath, id, class name, accessibility id, css selector, -android uiautomator
[debug] &amp#27;[35m[BaseDriver]&amp#27;[39m Waiting up to 15000 ms for condition
[debug] &amp#27;[35m[WD Proxy]&amp#27;[39m Matched '/element' to command name 'findElement'
[debug] &amp#27;[35m[WD Proxy]&amp#27;[39m Proxying [POST /element] to [POST http://127.0.0.1:8211/wd/hub/session/5b8ffdd5-9358-4113-8c50-9ddd6b74f0db/element] with body: {"strategy":"xpath","selector":"//android.widget.TextView[@text='Sign in with Email']","context":"","multiple":false}
[debug] &amp#27;[35m[WD Proxy]&amp#27;[39m Got response with status 200: {"sessionId":"5b8ffdd5-9358-4113-8c50-9ddd6b74f0db","value":{"ELEMENT":"00000000-0000-0246-ffff-ffff00000159","element-6066-11e4-a52e-4f735466cecf":"00000000-0000-0246-ffff-ffff00000159"}}
[debug] &amp#27;[35m[W3C (2565defb)]&amp#27;[39m Responding to client with driver.findElement() result: {"element-6066-11e4-a52e-4f735466cecf":"00000000-0000-0246-ffff-ffff00000159","ELEMENT":"00000000-0000-0246-ffff-ffff00000159"}
&amp#27;[35m[HTTP]&amp#27;[39m &amp#27;[37m<-- POST /wd/hub/session/2565defb-9a36-4019-b006-81b23e7371cd/element &amp#27;[39m&amp#27;[32m200&amp#27;[39m &amp#27;[90m1400 ms - 137&amp#27;[39m
&amp#27;[35m[HTTP]&amp#27;[39m &amp#27;[90m&amp#27;[39m
&amp#27;[35m[HTTP]&amp#27;[39m &amp#27;[37m-->&amp#27;[39m &amp#27;[37mPOST&amp#27;[39m &amp#27;[37m/wd/hub/session/2565defb-9a36-4019-b006-81b23e7371cd/element/00000000-0000-0246-ffff-ffff00000159/click&amp#27;[39m
&amp#27;[35m[HTTP]&amp#27;[39m &amp#27;[90m{"id":"00000000-0000-0246-ffff-ffff00000159"}&amp#27;[39m
[debug] &amp#27;[35m[W3C (2565defb)]&amp#27;[39m Calling AppiumDriver.click() with args: ["00000000-0000-0246-ffff-ffff00000159","2565defb-9a36-4019-b006-81b23e7371cd"]
[debug] &amp#27;[35m[WD Proxy]&amp#27;[39m Matched '/element/00000000-0000-0246-ffff-ffff00000159/click' to command name 'click'
[debug] &amp#27;[35m[WD Proxy]&amp#27;[39m Proxying [POST /element/00000000-0000-0246-ffff-ffff00000159/click] to [POST http://127.0.0.1:8211/wd/hub/session/5b8ffdd5-9358-4113-8c50-9ddd6b74f0db/element/00000000-0000-0246-ffff-ffff00000159/click] with body: {"element":"00000000-0000-0246-ffff-ffff00000159"}
[debug] &amp#27;[35m[WD Proxy]&amp#27;[39m Got response with status 200: {"sessionId":"5b8ffdd5-9358-4113-8c50-9ddd6b74f0db","value":null}
[debug] &amp#27;[35m[W3C (2565defb)]&amp#27;[39m Responding to client with driver.click() result: null
&amp#27;[35m[HTTP]&amp#27;[39m &amp#27;[37m<-- POST /wd/hub/session/2565defb-9a36-4019-b006-81b23e7371cd/element/00000000-0000-0246-ffff-ffff00000159/click &amp#27;[39m&amp#27;[32m200&amp#27;[39m &amp#27;[90m396 ms - 14&amp#27;[39m
&amp#27;[35m[HTTP]&amp#27;[39m &amp#27;[90m&amp#27;[39m
&amp#27;[35m[HTTP]&amp#27;[39m &amp#27;[37m-->&amp#27;[39m &amp#27;[37mGET&amp#27;[39m &amp#27;[37m/wd/hub/session/2565defb-9a36-4019-b006-81b23e7371cd/context&amp#27;[39m
&amp#27;[35m[HTTP]&amp#27;[39m &amp#27;[90m{}&amp#27;[39m
[debug] &amp#27;[35m[W3C (2565defb)]&amp#27;[39m Calling AppiumDriver.getCurrentContext() with args: ["2565defb-9a36-4019-b006-81b23e7371cd"]
[debug] &amp#27;[35m[W3C (2565defb)]&amp#27;[39m Responding to client with driver.getCurrentContext() result: "NATIVE_APP"
&amp#27;[35m[HTTP]&amp#27;[39m &amp#27;[37m<-- GET /wd/hub/session/2565defb-9a36-4019-b006-81b23e7371cd/context &amp#27;[39m&amp#27;[32m200&amp#27;[39m &amp#27;[90m1 ms - 22&amp#27;[39m
&amp#27;[35m[HTTP]&amp#27;[39m &amp#27;[90m&amp#27;[39m
&amp#27;[35m[HTTP]&amp#27;[39m &amp#27;[37m-->&amp#27;[39m &amp#27;[37mPOST&amp#27;[39m &amp#27;[37m/wd/hub/session/2565defb-9a36-4019-b006-81b23e7371cd/element&amp#27;[39m
&amp#27;[35m[HTTP]&amp#27;[39m &amp#27;[90m{"using":"xpath","value":"//android.widget.TextView[@text='Create Account']"}&amp#27;[39m
[debug] &amp#27;[35m[W3C (2565defb)]&amp#27;[39m Calling AppiumDriver.findElement() with args: ["xpath","//android.widget.TextView[@text='Create Account']","2565defb-9a36-4019-b006-81b23e7371cd"]
[debug] &amp#27;[35m[BaseDriver]&amp#27;[39m Valid locator strategies for this request: xpath, id, class name, accessibility id, css selector, -android uiautomator
[debug] &amp#27;[35m[BaseDriver]&amp#27;[39m Waiting up to 15000 ms for condition
[debug] &amp#27;[35m[WD Proxy]&amp#27;[39m Matched '/element' to command name 'findElement'
[debug] &amp#27;[35m[WD Proxy]&amp#27;[39m Proxying [POST /element] to [POST http://127.0.0.1:8211/wd/hub/session/5b8ffdd5-9358-4113-8c50-9ddd6b74f0db/element] with body: {"strategy":"xpath","selector":"//android.widget.TextView[@text='Create Account']","context":"","multiple":false}
&amp#27;[35m[WD Proxy]&amp#27;[39m Got response with status 404: {"sessionId":"5b8ffdd5-9358-4113-8c50-9ddd6b74f0db","value":{"error":"no such element","message":"An element could not be located on the page using the given search parameters","stacktrace":"io.appium.uiautomator2.common.exceptions.ElementNotFoundException: An element could not be located on the page using the given search parameters\n\tat io.appium.uiautomator2.handler.FindElement.findElement(FindElement.java:90)\n\tat io.appium.uiautomator2.handler.FindElement.safeHandle(FindElement.java:67)\n\tat io.appium.uiautomator2.handler.request.SafeRequestHandler.handle(SafeRequestHandler.java:59)\n\tat io.appium.uiautomator2.server.AppiumServlet.handleRequest(AppiumServlet.java:266)\n\tat io.appium.uiautomator2.server.AppiumServlet.handleHttpRequest(AppiumServlet.java:260)\n\tat io.appium.uiautomator2.http.ServerHandler.channelRead(ServerHandler.java:68)\n\tat io.netty.channel.AbstractChannelHandlerContext.invokeChannelRead(AbstractChannelHandlerContext.java:366)\n\tat io.netty.channel.AbstractChannelHandlerCont...
[debug] &amp#27;[35m[W3C]&amp#27;[39m Matched W3C error code 'no such element' to NoSuchElementError
[debug] &amp#27;[35m[BaseDriver]&amp#27;[39m Waited for 1407 ms so far
[debug] &amp#27;[35m[WD Proxy]&amp#27;[39m Matched '/element' to command name 'findElement'
[debug] &amp#27;[35m[WD Proxy]&amp#27;[39m Proxying [POST /element] to [POST http://127.0.0.1:8211/wd/hub/session/5b8ffdd5-9358-4113-8c50-9ddd6b74f0db/element] with body: {"strategy":"xpath","selector":"//android.widget.TextView[@text='Create Account']","context":"","multiple":false}
[debug] &amp#27;[35m[WD Proxy]&amp#27;[39m Got response with status 200: {"sessionId":"5b8ffdd5-9358-4113-8c50-9ddd6b74f0db","value":{"ELEMENT":"00000000-0000-0246-ffff-ffff00000171","element-6066-11e4-a52e-4f735466cecf":"00000000-0000-0246-ffff-ffff00000171"}}
[debug] &amp#27;[35m[W3C (2565defb)]&amp#27;[39m Responding to client with driver.findElement() result: {"element-6066-11e4-a52e-4f735466cecf":"00000000-0000-0246-ffff-ffff00000171","ELEMENT":"00000000-0000-0246-ffff-ffff00000171"}
&amp#27;[35m[HTTP]&amp#27;[39m &amp#27;[37m<-- POST /wd/hub/session/2565defb-9a36-4019-b006-81b23e7371cd/element &amp#27;[39m&amp#27;[32m200&amp#27;[39m &amp#27;[90m2001 ms - 137&amp#27;[39m
&amp#27;[35m[HTTP]&amp#27;[39m &amp#27;[90m&amp#27;[39m
&amp#27;[35m[HTTP]&amp#27;[39m &amp#27;[37m-->&amp#27;[39m &amp#27;[37mPOST&amp#27;[39m &amp#27;[37m/wd/hub/session/2565defb-9a36-4019-b006-81b23e7371cd/element/00000000-0000-0246-ffff-ffff00000171/click&amp#27;[39m
&amp#27;[35m[HTTP]&amp#27;[39m &amp#27;[90m{"id":"00000000-0000-0246-ffff-ffff00000171"}&amp#27;[39m
[debug] &amp#27;[35m[W3C (2565defb)]&amp#27;[39m Calling AppiumDriver.click() with args: ["00000000-0000-0246-ffff-ffff00000171","2565defb-9a36-4019-b006-81b23e7371cd"]
[debug] &amp#27;[35m[WD Proxy]&amp#27;[39m Matched '/element/00000000-0000-0246-ffff-ffff00000171/click' to command name 'click'
[debug] &amp#27;[35m[WD Proxy]&amp#27;[39m Proxying [POST /element/00000000-0000-0246-ffff-ffff00000171/click] to [POST http://127.0.0.1:8211/wd/hub/session/5b8ffdd5-9358-4113-8c50-9ddd6b74f0db/element/00000000-0000-0246-ffff-ffff00000171/click] with body: {"element":"00000000-0000-0246-ffff-ffff00000171"}
[debug] &amp#27;[35m[WD Proxy]&amp#27;[39m Got response with status 200: {"sessionId":"5b8ffdd5-9358-4113-8c50-9ddd6b74f0db","value":null}
[debug] &amp#27;[35m[W3C (2565defb)]&amp#27;[39m Responding to client with driver.click() result: null
&amp#27;[35m[HTTP]&amp#27;[39m &amp#27;[37m<-- POST /wd/hub/session/2565defb-9a36-4019-b006-81b23e7371cd/element/00000000-0000-0246-ffff-ffff00000171/click &amp#27;[39m&amp#27;[32m200&amp#27;[39m &amp#27;[90m92 ms - 14&amp#27;[39m
&amp#27;[35m[HTTP]&amp#27;[39m &amp#27;[90m&amp#27;[39m
&amp#27;[35m[HTTP]&amp#27;[39m &amp#27;[37m-->&amp#27;[39m &amp#27;[37mPOST&amp#27;[39m &amp#27;[37m/wd/hub/session/2565defb-9a36-4019-b006-81b23e7371cd/element&amp#27;[39m
&amp#27;[35m[HTTP]&amp#27;[39m &amp#27;[90m{"using":"xpath","value":"//android.widget.EditText[@text='John']"}&amp#27;[39m
[debug] &amp#27;[35m[W3C (2565defb)]&amp#27;[39m Calling AppiumDriver.findElement() with args: ["xpath","//android.widget.EditText[@text='John']","2565defb-9a36-4019-b006-81b23e7371cd"]
[debug] &amp#27;[35m[BaseDriver]&amp#27;[39m Valid locator strategies for this request: xpath, id, class name, accessibility id, css selector, -android uiautomator
[debug] &amp#27;[35m[BaseDriver]&amp#27;[39m Waiting up to 15000 ms for condition
[debug] &amp#27;[35m[WD Proxy]&amp#27;[39m Matched '/element' to command name 'findElement'
[debug] &amp#27;[35m[WD Proxy]&amp#27;[39m Proxying [POST /element] to [POST http://127.0.0.1:8211/wd/hub/session/5b8ffdd5-9358-4113-8c50-9ddd6b74f0db/element] with body: {"strategy":"xpath","selector":"//android.widget.EditText[@text='John']","context":"","multiple":false}
[debug] &amp#27;[35m[WD Proxy]&amp#27;[39m Got response with status 200: {"sessionId":"5b8ffdd5-9358-4113-8c50-9ddd6b74f0db","value":{"ELEMENT":"00000000-0000-0246-ffff-ffff00000180","element-6066-11e4-a52e-4f735466cecf":"00000000-0000-0246-ffff-ffff00000180"}}
[debug] &amp#27;[35m[W3C (2565defb)]&amp#27;[39m Responding to client with driver.findElement() result: {"element-6066-11e4-a52e-4f735466cecf":"00000000-0000-0246-ffff-ffff00000180","ELEMENT":"00000000-0000-0246-ffff-ffff00000180"}
&amp#27;[35m[HTTP]&amp#27;[39m &amp#27;[37m<-- POST /wd/hub/session/2565defb-9a36-4019-b006-81b23e7371cd/element &amp#27;[39m&amp#27;[32m200&amp#27;[39m &amp#27;[90m1221 ms - 137&amp#27;[39m
&amp#27;[35m[HTTP]&amp#27;[39m &amp#27;[90m&amp#27;[39m
&amp#27;[35m[HTTP]&amp#27;[39m &amp#27;[37m-->&amp#27;[39m &amp#27;[37mPOST&amp#27;[39m &amp#27;[37m/wd/hub/session/2565defb-9a36-4019-b006-81b23e7371cd/element/00000000-0000-0246-ffff-ffff00000180/value&amp#27;[39m
&amp#27;[35m[HTTP]&amp#27;[39m &amp#27;[90m{"id":"00000000-0000-0246-ffff-ffff00000180","text":"AutoUser47","value":["A","u","t","o","U","s","e","r","4","7"]}&amp#27;[39m
[debug] &amp#27;[35m[W3C (2565defb)]&amp#27;[39m Calling AppiumDriver.setValue() with args: [["A","u","t","o","U","s","e","r","4","7"],"00000000-0000-0246-ffff-ffff00000180","2565defb-9a36-4019-b006-81b23e7371cd"]
[debug] &amp#27;[35m[WD Proxy]&amp#27;[39m Matched '/element/00000000-0000-0246-ffff-ffff00000180/value' to command name 'setValue'
[debug] &amp#27;[35m[Protocol Converter]&amp#27;[39m Added 'value' property ["A","u","t","o","U","s","e","r","4","7"] to 'setValue' request body
[debug] &amp#27;[35m[WD Proxy]&amp#27;[39m Proxying [POST /element/00000000-0000-0246-ffff-ffff00000180/value] to [POST http://127.0.0.1:8211/wd/hub/session/5b8ffdd5-9358-4113-8c50-9ddd6b74f0db/element/00000000-0000-0246-ffff-ffff00000180/value] with body: {"elementId":"00000000-0000-0246-ffff-ffff00000180","text":"AutoUser47","replace":false,"value":["A","u","t","o","U","s","e","r","4","7"]}
[debug] &amp#27;[35m[WD Proxy]&amp#27;[39m Got response with status 200: {"sessionId":"5b8ffdd5-9358-4113-8c50-9ddd6b74f0db","value":null}
[debug] &amp#27;[35m[W3C (2565defb)]&amp#27;[39m Responding to client with driver.setValue() result: null
&amp#27;[35m[HTTP]&amp#27;[39m &amp#27;[37m<-- POST /wd/hub/session/2565defb-9a36-4019-b006-81b23e7371cd/element/00000000-0000-0246-ffff-ffff00000180/value &amp#27;[39m&amp#27;[32m200&amp#27;[39m &amp#27;[90m588 ms - 14&amp#27;[39m
&amp#27;[35m[HTTP]&amp#27;[39m &amp#27;[90m&amp#27;[39m
&amp#27;[35m[HTTP]&amp#27;[39m &amp#27;[37m-->&amp#27;[39m &amp#27;[37mPOST&amp#27;[39m &amp#27;[37m/wd/hub/session/2565defb-9a36-4019-b006-81b23e7371cd/element&amp#27;[39m
&amp#27;[35m[HTTP]&amp#27;[39m &amp#27;[90m{"using":"xpath","value":"//android.widget.EditText[@text='Doe']"}&amp#27;[39m
[debug] &amp#27;[35m[W3C (2565defb)]&amp#27;[39m Calling AppiumDriver.findElement() with args: ["xpath","//android.widget.EditText[@text='Doe']","2565defb-9a36-4019-b006-81b23e7371cd"]
[debug] &amp#27;[35m[BaseDriver]&amp#27;[39m Valid locator strategies for this request: xpath, id, class name, accessibility id, css selector, -android uiautomator
[debug] &amp#27;[35m[BaseDriver]&amp#27;[39m Waiting up to 15000 ms for condition
[debug] &amp#27;[35m[WD Proxy]&amp#27;[39m Matched '/element' to command name 'findElement'
[debug] &amp#27;[35m[WD Proxy]&amp#27;[39m Proxying [POST /element] to [POST http://127.0.0.1:8211/wd/hub/session/5b8ffdd5-9358-4113-8c50-9ddd6b74f0db/element] with body: {"strategy":"xpath","selector":"//android.widget.EditText[@text='Doe']","context":"","multiple":false}
[debug] &amp#27;[35m[WD Proxy]&amp#27;[39m Got response with status 200: {"sessionId":"5b8ffdd5-9358-4113-8c50-9ddd6b74f0db","value":{"ELEMENT":"00000000-0000-0246-ffff-ffff00000183","element-6066-11e4-a52e-4f735466cecf":"00000000-0000-0246-ffff-ffff00000183"}}
[debug] &amp#27;[35m[W3C (2565defb)]&amp#27;[39m Responding to client with driver.findElement() result: {"element-6066-11e4-a52e-4f735466cecf":"00000000-0000-0246-ffff-ffff00000183","ELEMENT":"00000000-0000-0246-ffff-ffff00000183"}
&amp#27;[35m[HTTP]&amp#27;[39m &amp#27;[37m<-- POST /wd/hub/session/2565defb-9a36-4019-b006-81b23e7371cd/element &amp#27;[39m&amp#27;[32m200&amp#27;[39m &amp#27;[90m188 ms - 137&amp#27;[39m
&amp#27;[35m[HTTP]&amp#27;[39m &amp#27;[90m&amp#27;[39m
&amp#27;[35m[HTTP]&amp#27;[39m &amp#27;[37m-->&amp#27;[39m &amp#27;[37mPOST&amp#27;[39m &amp#27;[37m/wd/hub/session/2565defb-9a36-4019-b006-81b23e7371cd/element/00000000-0000-0246-ffff-ffff00000183/value&amp#27;[39m
&amp#27;[35m[HTTP]&amp#27;[39m &amp#27;[90m{"id":"00000000-0000-0246-ffff-ffff00000183","text":"QATest47","value":["Q","A","T","e","s","t","4","7"]}&amp#27;[39m
[debug] &amp#27;[35m[W3C (2565defb)]&amp#27;[39m Calling AppiumDriver.setValue() with args: [["Q","A","T","e","s","t","4","7"],"00000000-0000-0246-ffff-ffff00000183","2565defb-9a36-4019-b006-81b23e7371cd"]
[debug] &amp#27;[35m[WD Proxy]&amp#27;[39m Matched '/element/00000000-0000-0246-ffff-ffff00000183/value' to command name 'setValue'
[debug] &amp#27;[35m[Protocol Converter]&amp#27;[39m Added 'value' property ["Q","A","T","e","s","t","4","7"] to 'setValue' request body
[debug] &amp#27;[35m[WD Proxy]&amp#27;[39m Proxying [POST /element/00000000-0000-0246-ffff-ffff00000183/value] to [POST http://127.0.0.1:8211/wd/hub/session/5b8ffdd5-9358-4113-8c50-9ddd6b74f0db/element/00000000-0000-0246-ffff-ffff00000183/value] with body: {"elementId":"00000000-0000-0246-ffff-ffff00000183","text":"QATest47","replace":false,"value":["Q","A","T","e","s","t","4","7"]}
[debug] &amp#27;[35m[WD Proxy]&amp#27;[39m Got response with status 200: {"sessionId":"5b8ffdd5-9358-4113-8c50-9ddd6b74f0db","value":null}
[debug] &amp#27;[35m[W3C (2565defb)]&amp#27;[39m Responding to client with driver.setValue() result: null
&amp#27;[35m[HTTP]&amp#27;[39m &amp#27;[37m<-- POST /wd/hub/session/2565defb-9a36-4019-b006-81b23e7371cd/element/00000000-0000-0246-ffff-ffff00000183/value &amp#27;[39m&amp#27;[32m200&amp#27;[39m &amp#27;[90m844 ms - 14&amp#27;[39m
&amp#27;[35m[HTTP]&amp#27;[39m &amp#27;[90m&amp#27;[39m
&amp#27;[35m[HTTP]&amp#27;[39m &amp#27;[37m-->&amp#27;[39m &amp#27;[37mPOST&amp#27;[39m &amp#27;[37m/wd/hub/session/2565defb-9a36-4019-b006-81b23e7371cd/element&amp#27;[39m
&amp#27;[35m[HTTP]&amp#27;[39m &amp#27;[90m{"using":"xpath","value":"//android.widget.EditText[@text='johndoe']"}&amp#27;[39m
[debug] &amp#27;[35m[W3C (2565defb)]&amp#27;[39m Calling AppiumDriver.findElement() with args: ["xpath","//android.widget.EditText[@text='johndoe']","2565defb-9a36-4019-b006-81b23e7371cd"]
[debug] &amp#27;[35m[BaseDriver]&amp#27;[39m Valid locator strategies for this request: xpath, id, class name, accessibility id, css selector, -android uiautomator
[debug] &amp#27;[35m[BaseDriver]&amp#27;[39m Waiting up to 15000 ms for condition
[debug] &amp#27;[35m[WD Proxy]&amp#27;[39m Matched '/element' to command name 'findElement'
[debug] &amp#27;[35m[WD Proxy]&amp#27;[39m Proxying [POST /element] to [POST http://127.0.0.1:8211/wd/hub/session/5b8ffdd5-9358-4113-8c50-9ddd6b74f0db/element] with body: {"strategy":"xpath","selector":"//android.widget.EditText[@text='johndoe']","context":"","multiple":false}
[debug] &amp#27;[35m[WD Proxy]&amp#27;[39m Got response with status 200: {"sessionId":"5b8ffdd5-9358-4113-8c50-9ddd6b74f0db","value":{"ELEMENT":"00000000-0000-0246-ffff-ffff00000187","element-6066-11e4-a52e-4f735466cecf":"00000000-0000-0246-ffff-ffff00000187"}}
[debug] &amp#27;[35m[W3C (2565defb)]&amp#27;[39m Responding to client with driver.findElement() result: {"element-6066-11e4-a52e-4f735466cecf":"00000000-0000-0246-ffff-ffff00000187","ELEMENT":"00000000-0000-0246-ffff-ffff00000187"}
&amp#27;[35m[HTTP]&amp#27;[39m &amp#27;[37m<-- POST /wd/hub/session/2565defb-9a36-4019-b006-81b23e7371cd/element &amp#27;[39m&amp#27;[32m200&amp#27;[39m &amp#27;[90m572 ms - 137&amp#27;[39m
&amp#27;[35m[HTTP]&amp#27;[39m &amp#27;[90m&amp#27;[39m
&amp#27;[35m[HTTP]&amp#27;[39m &amp#27;[37m-->&amp#27;[39m &amp#27;[37mPOST&amp#27;[39m &amp#27;[37m/wd/hub/session/2565defb-9a36-4019-b006-81b23e7371cd/element/00000000-0000-0246-ffff-ffff00000187/value&amp#27;[39m
&amp#27;[35m[HTTP]&amp#27;[39m &amp#27;[90m{"id":"00000000-0000-0246-ffff-ffff00000187","text":"AutoUser47","value":["A","u","t","o","U","s","e","r","4","7"]}&amp#27;[39m
[debug] &amp#27;[35m[W3C (2565defb)]&amp#27;[39m Calling AppiumDriver.setValue() with args: [["A","u","t","o","U","s","e","r","4","7"],"00000000-0000-0246-ffff-ffff00000187","2565defb-9a36-4019-b006-81b23e7371cd"]
[debug] &amp#27;[35m[WD Proxy]&amp#27;[39m Matched '/element/00000000-0000-0246-ffff-ffff00000187/value' to command name 'setValue'
[debug] &amp#27;[35m[Protocol Converter]&amp#27;[39m Added 'value' property ["A","u","t","o","U","s","e","r","4","7"] to 'setValue' request body
[debug] &amp#27;[35m[WD Proxy]&amp#27;[39m Proxying [POST /element/00000000-0000-0246-ffff-ffff00000187/value] to [POST http://127.0.0.1:8211/wd/hub/session/5b8ffdd5-9358-4113-8c50-9ddd6b74f0db/element/00000000-0000-0246-ffff-ffff00000187/value] with body: {"elementId":"00000000-0000-0246-ffff-ffff00000187","text":"AutoUser47","replace":false,"value":["A","u","t","o","U","s","e","r","4","7"]}
[debug] &amp#27;[35m[WD Proxy]&amp#27;[39m Got response with status 200: {"sessionId":"5b8ffdd5-9358-4113-8c50-9ddd6b74f0db","value":null}
[debug] &amp#27;[35m[W3C (2565defb)]&amp#27;[39m Responding to client with driver.setValue() result: null
&amp#27;[35m[HTTP]&amp#27;[39m &amp#27;[37m<-- POST /wd/hub/session/2565defb-9a36-4019-b006-81b23e7371cd/element/00000000-0000-0246-ffff-ffff00000187/value &amp#27;[39m&amp#27;[32m200&amp#27;[39m &amp#27;[90m553 ms - 14&amp#27;[39m
&amp#27;[35m[HTTP]&amp#27;[39m &amp#27;[90m&amp#27;[39m
&amp#27;[35m[HTTP]&amp#27;[39m &amp#27;[37m-->&amp#27;[39m &amp#27;[37mPOST&amp#27;[39m &amp#27;[37m/wd/hub/session/2565defb-9a36-4019-b006-81b23e7371cd/element&amp#27;[39m
&amp#27;[35m[HTTP]&amp#27;[39m &amp#27;[90m{"using":"xpath","value":"//android.widget.EditText[@text='john.doe@email.com']"}&amp#27;[39m
[debug] &amp#27;[35m[W3C (2565defb)]&amp#27;[39m Calling AppiumDriver.findElement() with args: ["xpath","//android.widget.EditText[@text='john.doe@email.com']","2565defb-9a36-4019-b006-81b23e7371cd"]
[debug] &amp#27;[35m[BaseDriver]&amp#27;[39m Valid locator strategies for this request: xpath, id, class name, accessibility id, css selector, -android uiautomator
[debug] &amp#27;[35m[BaseDriver]&amp#27;[39m Waiting up to 15000 ms for condition
[debug] &amp#27;[35m[WD Proxy]&amp#27;[39m Matched '/element' to command name 'findElement'
[debug] &amp#27;[35m[WD Proxy]&amp#27;[39m Proxying [POST /element] to [POST http://127.0.0.1:8211/wd/hub/session/5b8ffdd5-9358-4113-8c50-9ddd6b74f0db/element] with body: {"strategy":"xpath","selector":"//android.widget.EditText[@text='john.doe@email.com']","context":"","multiple":false}
[debug] &amp#27;[35m[WD Proxy]&amp#27;[39m Got response with status 200: {"sessionId":"5b8ffdd5-9358-4113-8c50-9ddd6b74f0db","value":{"ELEMENT":"00000000-0000-0246-ffff-ffff0000018a","element-6066-11e4-a52e-4f735466cecf":"00000000-0000-0246-ffff-ffff0000018a"}}
[debug] &amp#27;[35m[W3C (2565defb)]&amp#27;[39m Responding to client with driver.findElement() result: {"element-6066-11e4-a52e-4f735466cecf":"00000000-0000-0246-ffff-ffff0000018a","ELEMENT":"00000000-0000-0246-ffff-ffff0000018a"}
&amp#27;[35m[HTTP]&amp#27;[39m &amp#27;[37m<-- POST /wd/hub/session/2565defb-9a36-4019-b006-81b23e7371cd/element &amp#27;[39m&amp#27;[32m200&amp#27;[39m &amp#27;[90m170 ms - 137&amp#27;[39m
&amp#27;[35m[HTTP]&amp#27;[39m &amp#27;[90m&amp#27;[39m
&amp#27;[35m[HTTP]&amp#27;[39m &amp#27;[37m-->&amp#27;[39m &amp#27;[37mPOST&amp#27;[39m &amp#27;[37m/wd/hub/session/2565defb-9a36-4019-b006-81b23e7371cd/element/00000000-0000-0246-ffff-ffff0000018a/value&amp#27;[39m
&amp#27;[35m[HTTP]&amp#27;[39m &amp#27;[90m{"id":"00000000-0000-0246-ffff-ffff0000018a","text":"autouser47@yopmail.com","value":["a","u","t","o","u","s","e","r","4","7","@","y","o","p","m","a","i","l",".","c","o","m"]}&amp#27;[39m
[debug] &amp#27;[35m[W3C (2565defb)]&amp#27;[39m Calling AppiumDriver.setValue() with args: [["a","u","t","o","u","s","e","r","4","7","@","y","o","p","m","a","i","l",".","c","o","m"],"00000000-0000-0246-ffff-ffff0000018a","2565defb-9a36-4019-b006-81b23e7371cd"]
[debug] &amp#27;[35m[WD Proxy]&amp#27;[39m Matched '/element/00000000-0000-0246-ffff-ffff0000018a/value' to command name 'setValue'
[debug] &amp#27;[35m[Protocol Converter]&amp#27;[39m Added 'value' property ["a","u","t","o","u","s","e","r","4","7","@","y","o","p","m","a","i","l",".","c","o","m"] to 'setValue' request body
[debug] &amp#27;[35m[WD Proxy]&amp#27;[39m Proxying [POST /element/00000000-0000-0246-ffff-ffff0000018a/value] to [POST http://127.0.0.1:8211/wd/hub/session/5b8ffdd5-9358-4113-8c50-9ddd6b74f0db/element/00000000-0000-0246-ffff-ffff0000018a/value] with body: {"elementId":"00000000-0000-0246-ffff-ffff0000018a","text":"autouser47@yopmail.com","replace":false,"value":["a","u","t","o","u","s","e","r","4","7","@","y","o","p","m","a","i","l",".","c","o","m"]}
[debug] &amp#27;[35m[WD Proxy]&amp#27;[39m Got response with status 200: {"sessionId":"5b8ffdd5-9358-4113-8c50-9ddd6b74f0db","value":null}
[debug] &amp#27;[35m[W3C (2565defb)]&amp#27;[39m Responding to client with driver.setValue() result: null
&amp#27;[35m[HTTP]&amp#27;[39m &amp#27;[37m<-- POST /wd/hub/session/2565defb-9a36-4019-b006-81b23e7371cd/element/00000000-0000-0246-ffff-ffff0000018a/value &amp#27;[39m&amp#27;[32m200&amp#27;[39m &amp#27;[90m843 ms - 14&amp#27;[39m
&amp#27;[35m[HTTP]&amp#27;[39m &amp#27;[90m&amp#27;[39m
&amp#27;[35m[HTTP]&amp#27;[39m &amp#27;[37m-->&amp#27;[39m &amp#27;[37mPOST&amp#27;[39m &amp#27;[37m/wd/hub/session/2565defb-9a36-4019-b006-81b23e7371cd/elements&amp#27;[39m
&amp#27;[35m[HTTP]&amp#27;[39m &amp#27;[90m{"using":"xpath","value":"//android.widget.EditText"}&amp#27;[39m
[debug] &amp#27;[35m[W3C (2565defb)]&amp#27;[39m Calling AppiumDriver.findElements() with args: ["xpath","//android.widget.EditText","2565defb-9a36-4019-b006-81b23e7371cd"]
[debug] &amp#27;[35m[BaseDriver]&amp#27;[39m Valid locator strategies for this request: xpath, id, class name, accessibility id, css selector, -android uiautomator
[debug] &amp#27;[35m[BaseDriver]&amp#27;[39m Waiting up to 15000 ms for condition
[debug] &amp#27;[35m[WD Proxy]&amp#27;[39m Matched '/elements' to command name 'findElements'
[debug] &amp#27;[35m[WD Proxy]&amp#27;[39m Proxying [POST /elements] to [POST http://127.0.0.1:8211/wd/hub/session/5b8ffdd5-9358-4113-8c50-9ddd6b74f0db/elements] with body: {"strategy":"xpath","selector":"//android.widget.EditText","context":"","multiple":true}
[debug] &amp#27;[35m[WD Proxy]&amp#27;[39m Got response with status 200: {"sessionId":"5b8ffdd5-9358-4113-8c50-9ddd6b74f0db","value":[{"ELEMENT":"00000000-0000-0246-ffff-ffff00000180","element-6066-11e4-a52e-4f735466cecf":"00000000-0000-0246-ffff-ffff00000180"},{"ELEMENT":"00000000-0000-0246-ffff-ffff00000183","element-6066-11e4-a52e-4f735466cecf":"00000000-0000-0246-ffff-ffff00000183"},{"ELEMENT":"00000000-0000-0246-ffff-ffff00000187","element-6066-11e4-a52e-4f735466cecf":"00000000-0000-0246-ffff-ffff00000187"},{"ELEMENT":"00000000-0000-0246-ffff-ffff0000018a","element-6066-11e4-a52e-4f735466cecf":"00000000-0000-0246-ffff-ffff0000018a"},{"ELEMENT":"00000000-0000-0246-ffff-ffff0000018d","element-6066-11e4-a52e-4f735466cecf":"00000000-0000-0246-ffff-ffff0000018d"},{"ELEMENT":"00000000-0000-0246-ffff-ffff00000195","element-6066-11e4-a52e-4f735466cecf":"00000000-0000-0246-ffff-ffff00000195"}]}
[debug] &amp#27;[35m[W3C (2565defb)]&amp#27;[39m Responding to client with driver.findElements() result: [{"element-6066-11e4-a52e-4f735466cecf":"00000000-0000-0246-ffff-ffff00000180","ELEMENT":"00000000-0000-0246-ffff-ffff00000180"},{"element-6066-11e4-a52e-4f735466cecf":"00000000-0000-0246-ffff-ffff00000183","ELEMENT":"00000000-0000-0246-ffff-ffff00000183"},{"element-6066-11e4-a52e-4f735466cecf":"00000000-0000-0246-ffff-ffff00000187","ELEMENT":"00000000-0000-0246-ffff-ffff00000187"},{"element-6066-11e4-a52e-4f735466cecf":"00000000-0000-0246-ffff-ffff0000018a","ELEMENT":"00000000-0000-0246-ffff-ffff0000018a"},{"element-6066-11e4-a52e-4f735466cecf":"00000000-0000-0246-ffff-ffff0000018d","ELEMENT":"00000000-0000-0246-ffff-ffff0000018d"},{"element-6066-11e4-a52e-4f735466cecf":"00000000-0000-0246-ffff-ffff00000195","ELEMENT":"00000000-0000-0246-ffff-ffff00000195"}]
&amp#27;[35m[HTTP]&amp#27;[39m &amp#27;[37m<-- POST /wd/hub/session/2565defb-9a36-4019-b006-81b23e7371cd/elements &amp#27;[39m&amp#27;[32m200&amp#27;[39m &amp#27;[90m146 ms - 779&amp#27;[39m
&amp#27;[35m[HTTP]&amp#27;[39m &amp#27;[90m&amp#27;[39m
&amp#27;[35m[HTTP]&amp#27;[39m &amp#27;[37m-->&amp#27;[39m &amp#27;[37mPOST&amp#27;[39m &amp#27;[37m/wd/hub/session/2565defb-9a36-4019-b006-81b23e7371cd/element/00000000-0000-0246-ffff-ffff0000018d/value&amp#27;[39m
&amp#27;[35m[HTTP]&amp#27;[39m &amp#27;[90m{"id":"00000000-0000-0246-ffff-ffff0000018d","text":"autouser47","value":["a","u","t","o","u","s","e","r","4","7"]}&amp#27;[39m
[debug] &amp#27;[35m[W3C (2565defb)]&amp#27;[39m Calling AppiumDriver.setValue() with args: [["a","u","t","o","u","s","e","r","4","7"],"00000000-0000-0246-ffff-ffff0000018d","2565defb-9a36-4019-b006-81b23e7371cd"]
[debug] &amp#27;[35m[WD Proxy]&amp#27;[39m Matched '/element/00000000-0000-0246-ffff-ffff0000018d/value' to command name 'setValue'
[debug] &amp#27;[35m[Protocol Converter]&amp#27;[39m Added 'value' property ["a","u","t","o","u","s","e","r","4","7"] to 'setValue' request body
[debug] &amp#27;[35m[WD Proxy]&amp#27;[39m Proxying [POST /element/00000000-0000-0246-ffff-ffff0000018d/value] to [POST http://127.0.0.1:8211/wd/hub/session/5b8ffdd5-9358-4113-8c50-9ddd6b74f0db/element/00000000-0000-0246-ffff-ffff0000018d/value] with body: {"elementId":"00000000-0000-0246-ffff-ffff0000018d","text":"autouser47","replace":false,"value":["a","u","t","o","u","s","e","r","4","7"]}
[debug] &amp#27;[35m[WD Proxy]&amp#27;[39m Got response with status 200: {"sessionId":"5b8ffdd5-9358-4113-8c50-9ddd6b74f0db","value":null}
[debug] &amp#27;[35m[W3C (2565defb)]&amp#27;[39m Responding to client with driver.setValue() result: null
&amp#27;[35m[HTTP]&amp#27;[39m &amp#27;[37m<-- POST /wd/hub/session/2565defb-9a36-4019-b006-81b23e7371cd/element/00000000-0000-0246-ffff-ffff0000018d/value &amp#27;[39m&amp#27;[32m200&amp#27;[39m &amp#27;[90m354 ms - 14&amp#27;[39m
&amp#27;[35m[HTTP]&amp#27;[39m &amp#27;[90m&amp#27;[39m
&amp#27;[35m[HTTP]&amp#27;[39m &amp#27;[37m-->&amp#27;[39m &amp#27;[37mPOST&amp#27;[39m &amp#27;[37m/wd/hub/session/2565defb-9a36-4019-b006-81b23e7371cd/elements&amp#27;[39m
&amp#27;[35m[HTTP]&amp#27;[39m &amp#27;[90m{"using":"xpath","value":"//android.widget.EditText"}&amp#27;[39m
[debug] &amp#27;[35m[W3C (2565defb)]&amp#27;[39m Calling AppiumDriver.findElements() with args: ["xpath","//android.widget.EditText","2565defb-9a36-4019-b006-81b23e7371cd"]
[debug] &amp#27;[35m[BaseDriver]&amp#27;[39m Valid locator strategies for this request: xpath, id, class name, accessibility id, css selector, -android uiautomator
[debug] &amp#27;[35m[BaseDriver]&amp#27;[39m Waiting up to 15000 ms for condition
[debug] &amp#27;[35m[WD Proxy]&amp#27;[39m Matched '/elements' to command name 'findElements'
[debug] &amp#27;[35m[WD Proxy]&amp#27;[39m Proxying [POST /elements] to [POST http://127.0.0.1:8211/wd/hub/session/5b8ffdd5-9358-4113-8c50-9ddd6b74f0db/elements] with body: {"strategy":"xpath","selector":"//android.widget.EditText","context":"","multiple":true}
[debug] &amp#27;[35m[WD Proxy]&amp#27;[39m Got response with status 200: {"sessionId":"5b8ffdd5-9358-4113-8c50-9ddd6b74f0db","value":[{"ELEMENT":"00000000-0000-0246-ffff-ffff00000180","element-6066-11e4-a52e-4f735466cecf":"00000000-0000-0246-ffff-ffff00000180"},{"ELEMENT":"00000000-0000-0246-ffff-ffff00000183","element-6066-11e4-a52e-4f735466cecf":"00000000-0000-0246-ffff-ffff00000183"},{"ELEMENT":"00000000-0000-0246-ffff-ffff00000187","element-6066-11e4-a52e-4f735466cecf":"00000000-0000-0246-ffff-ffff00000187"},{"ELEMENT":"00000000-0000-0246-ffff-ffff0000018a","element-6066-11e4-a52e-4f735466cecf":"00000000-0000-0246-ffff-ffff0000018a"},{"ELEMENT":"00000000-0000-0246-ffff-ffff0000018d","element-6066-11e4-a52e-4f735466cecf":"00000000-0000-0246-ffff-ffff0000018d"},{"ELEMENT":"00000000-0000-0246-ffff-ffff00000195","element-6066-11e4-a52e-4f735466cecf":"00000000-0000-0246-ffff-ffff00000195"}]}
[debug] &amp#27;[35m[W3C (2565defb)]&amp#27;[39m Responding to client with driver.findElements() result: [{"element-6066-11e4-a52e-4f735466cecf":"00000000-0000-0246-ffff-ffff00000180","ELEMENT":"00000000-0000-0246-ffff-ffff00000180"},{"element-6066-11e4-a52e-4f735466cecf":"00000000-0000-0246-ffff-ffff00000183","ELEMENT":"00000000-0000-0246-ffff-ffff00000183"},{"element-6066-11e4-a52e-4f735466cecf":"00000000-0000-0246-ffff-ffff00000187","ELEMENT":"00000000-0000-0246-ffff-ffff00000187"},{"element-6066-11e4-a52e-4f735466cecf":"00000000-0000-0246-ffff-ffff0000018a","ELEMENT":"00000000-0000-0246-ffff-ffff0000018a"},{"element-6066-11e4-a52e-4f735466cecf":"00000000-0000-0246-ffff-ffff0000018d","ELEMENT":"00000000-0000-0246-ffff-ffff0000018d"},{"element-6066-11e4-a52e-4f735466cecf":"00000000-0000-0246-ffff-ffff00000195","ELEMENT":"00000000-0000-0246-ffff-ffff00000195"}]
&amp#27;[35m[HTTP]&amp#27;[39m &amp#27;[37m<-- POST /wd/hub/session/2565defb-9a36-4019-b006-81b23e7371cd/elements &amp#27;[39m&amp#27;[32m200&amp#27;[39m &amp#27;[90m126 ms - 779&amp#27;[39m
&amp#27;[35m[HTTP]&amp#27;[39m &amp#27;[90m&amp#27;[39m
&amp#27;[35m[HTTP]&amp#27;[39m &amp#27;[37m-->&amp#27;[39m &amp#27;[37mPOST&amp#27;[39m &amp#27;[37m/wd/hub/session/2565defb-9a36-4019-b006-81b23e7371cd/element/00000000-0000-0246-ffff-ffff00000195/value&amp#27;[39m
&amp#27;[35m[HTTP]&amp#27;[39m &amp#27;[90m{"id":"00000000-0000-0246-ffff-ffff00000195","text":"autouser47","value":["a","u","t","o","u","s","e","r","4","7"]}&amp#27;[39m
[debug] &amp#27;[35m[W3C (2565defb)]&amp#27;[39m Calling AppiumDriver.setValue() with args: [["a","u","t","o","u","s","e","r","4","7"],"00000000-0000-0246-ffff-ffff00000195","2565defb-9a36-4019-b006-81b23e7371cd"]
[debug] &amp#27;[35m[WD Proxy]&amp#27;[39m Matched '/element/00000000-0000-0246-ffff-ffff00000195/value' to command name 'setValue'
[debug] &amp#27;[35m[Protocol Converter]&amp#27;[39m Added 'value' property ["a","u","t","o","u","s","e","r","4","7"] to 'setValue' request body
[debug] &amp#27;[35m[WD Proxy]&amp#27;[39m Proxying [POST /element/00000000-0000-0246-ffff-ffff00000195/value] to [POST http://127.0.0.1:8211/wd/hub/session/5b8ffdd5-9358-4113-8c50-9ddd6b74f0db/element/00000000-0000-0246-ffff-ffff00000195/value] with body: {"elementId":"00000000-0000-0246-ffff-ffff00000195","text":"autouser47","replace":false,"value":["a","u","t","o","u","s","e","r","4","7"]}
[debug] &amp#27;[35m[WD Proxy]&amp#27;[39m Got response with status 200: {"sessionId":"5b8ffdd5-9358-4113-8c50-9ddd6b74f0db","value":null}
[debug] &amp#27;[35m[W3C (2565defb)]&amp#27;[39m Responding to client with driver.setValue() result: null
&amp#27;[35m[HTTP]&amp#27;[39m &amp#27;[37m<-- POST /wd/hub/session/2565defb-9a36-4019-b006-81b23e7371cd/element/00000000-0000-0246-ffff-ffff00000195/value &amp#27;[39m&amp#27;[32m200&amp#27;[39m &amp#27;[90m50 ms - 14&amp#27;[39m
&amp#27;[35m[HTTP]&amp#27;[39m &amp#27;[90m&amp#27;[39m
&amp#27;[35m[HTTP]&amp#27;[39m &amp#27;[37m-->&amp#27;[39m &amp#27;[37mGET&amp#27;[39m &amp#27;[37m/wd/hub/session/2565defb-9a36-4019-b006-81b23e7371cd/context&amp#27;[39m
&amp#27;[35m[HTTP]&amp#27;[39m &amp#27;[90m{}&amp#27;[39m
[debug] &amp#27;[35m[W3C (2565defb)]&amp#27;[39m Calling AppiumDriver.getCurrentContext() with args: ["2565defb-9a36-4019-b006-81b23e7371cd"]
[debug] &amp#27;[35m[W3C (2565defb)]&amp#27;[39m Responding to client with driver.getCurrentContext() result: "NATIVE_APP"
&amp#27;[35m[HTTP]&amp#27;[39m &amp#27;[37m<-- GET /wd/hub/session/2565defb-9a36-4019-b006-81b23e7371cd/context &amp#27;[39m&amp#27;[32m200&amp#27;[39m &amp#27;[90m1 ms - 22&amp#27;[39m
&amp#27;[35m[HTTP]&amp#27;[39m &amp#27;[90m&amp#27;[39m
&amp#27;[35m[HTTP]&amp#27;[39m &amp#27;[37m-->&amp#27;[39m &amp#27;[37mPOST&amp#27;[39m &amp#27;[37m/wd/hub/session/2565defb-9a36-4019-b006-81b23e7371cd/element&amp#27;[39m
&amp#27;[35m[HTTP]&amp#27;[39m &amp#27;[90m{"using":"xpath","value":"(//android.widget.TextView[@text='Create Account'])[2]"}&amp#27;[39m
[debug] &amp#27;[35m[W3C (2565defb)]&amp#27;[39m Calling AppiumDriver.findElement() with args: ["xpath","(//android.widget.TextView[@text='Create Account'])[2]","2565defb-9a36-4019-b006-81b23e7371cd"]
[debug] &amp#27;[35m[BaseDriver]&amp#27;[39m Valid locator strategies for this request: xpath, id, class name, accessibility id, css selector, -android uiautomator
[debug] &amp#27;[35m[BaseDriver]&amp#27;[39m Waiting up to 15000 ms for condition
[debug] &amp#27;[35m[WD Proxy]&amp#27;[39m Matched '/element' to command name 'findElement'
[debug] &amp#27;[35m[WD Proxy]&amp#27;[39m Proxying [POST /element] to [POST http://127.0.0.1:8211/wd/hub/session/5b8ffdd5-9358-4113-8c50-9ddd6b74f0db/element] with body: {"strategy":"xpath","selector":"(//android.widget.TextView[@text='Create Account'])[2]","context":"","multiple":false}
[debug] &amp#27;[35m[WD Proxy]&amp#27;[39m Got response with status 200: {"sessionId":"5b8ffdd5-9358-4113-8c50-9ddd6b74f0db","value":{"ELEMENT":"00000000-0000-0246-ffff-ffff0000019c","element-6066-11e4-a52e-4f735466cecf":"00000000-0000-0246-ffff-ffff0000019c"}}
[debug] &amp#27;[35m[W3C (2565defb)]&amp#27;[39m Responding to client with driver.findElement() result: {"element-6066-11e4-a52e-4f735466cecf":"00000000-0000-0246-ffff-ffff0000019c","ELEMENT":"00000000-0000-0246-ffff-ffff0000019c"}
&amp#27;[35m[HTTP]&amp#27;[39m &amp#27;[37m<-- POST /wd/hub/session/2565defb-9a36-4019-b006-81b23e7371cd/element &amp#27;[39m&amp#27;[32m200&amp#27;[39m &amp#27;[90m555 ms - 137&amp#27;[39m
&amp#27;[35m[HTTP]&amp#27;[39m &amp#27;[90m&amp#27;[39m
&amp#27;[35m[HTTP]&amp#27;[39m &amp#27;[37m-->&amp#27;[39m &amp#27;[37mPOST&amp#27;[39m &amp#27;[37m/wd/hub/session/2565defb-9a36-4019-b006-81b23e7371cd/element/00000000-0000-0246-ffff-ffff0000019c/click&amp#27;[39m
&amp#27;[35m[HTTP]&amp#27;[39m &amp#27;[90m{"id":"00000000-0000-0246-ffff-ffff0000019c"}&amp#27;[39m
[debug] &amp#27;[35m[W3C (2565defb)]&amp#27;[39m Calling AppiumDriver.click() with args: ["00000000-0000-0246-ffff-ffff0000019c","2565defb-9a36-4019-b006-81b23e7371cd"]
[debug] &amp#27;[35m[WD Proxy]&amp#27;[39m Matched '/element/00000000-0000-0246-ffff-ffff0000019c/click' to command name 'click'
[debug] &amp#27;[35m[WD Proxy]&amp#27;[39m Proxying [POST /element/00000000-0000-0246-ffff-ffff0000019c/click] to [POST http://127.0.0.1:8211/wd/hub/session/5b8ffdd5-9358-4113-8c50-9ddd6b74f0db/element/00000000-0000-0246-ffff-ffff0000019c/click] with body: {"element":"00000000-0000-0246-ffff-ffff0000019c"}
[debug] &amp#27;[35m[WD Proxy]&amp#27;[39m Got response with status 200: {"sessionId":"5b8ffdd5-9358-4113-8c50-9ddd6b74f0db","value":null}
[debug] &amp#27;[35m[W3C (2565defb)]&amp#27;[39m Responding to client with driver.click() result: null
&amp#27;[35m[HTTP]&amp#27;[39m &amp#27;[37m<-- POST /wd/hub/session/2565defb-9a36-4019-b006-81b23e7371cd/element/00000000-0000-0246-ffff-ffff0000019c/click &amp#27;[39m&amp#27;[32m200&amp#27;[39m &amp#27;[90m80 ms - 14&amp#27;[39m
&amp#27;[35m[HTTP]&amp#27;[39m &amp#27;[90m&amp#27;[39m
&amp#27;[35m[HTTP]&amp#27;[39m &amp#27;[37m-->&amp#27;[39m &amp#27;[37mPOST&amp#27;[39m &amp#27;[37m/wd/hub/session/2565defb-9a36-4019-b006-81b23e7371cd/element&amp#27;[39m
&amp#27;[35m[HTTP]&amp#27;[39m &amp#27;[90m{"using":"xpath","value":"//android.widget.TextView"}&amp#27;[39m
[debug] &amp#27;[35m[W3C (2565defb)]&amp#27;[39m Calling AppiumDriver.findElement() with args: ["xpath","//android.widget.TextView","2565defb-9a36-4019-b006-81b23e7371cd"]
[debug] &amp#27;[35m[BaseDriver]&amp#27;[39m Valid locator strategies for this request: xpath, id, class name, accessibility id, css selector, -android uiautomator
[debug] &amp#27;[35m[BaseDriver]&amp#27;[39m Waiting up to 15000 ms for condition
[debug] &amp#27;[35m[WD Proxy]&amp#27;[39m Matched '/element' to command name 'findElement'
[debug] &amp#27;[35m[WD Proxy]&amp#27;[39m Proxying [POST /element] to [POST http://127.0.0.1:8211/wd/hub/session/5b8ffdd5-9358-4113-8c50-9ddd6b74f0db/element] with body: {"strategy":"xpath","selector":"//android.widget.TextView","context":"","multiple":false}
[debug] &amp#27;[35m[WD Proxy]&amp#27;[39m Got response with status 200: {"sessionId":"5b8ffdd5-9358-4113-8c50-9ddd6b74f0db","value":{"ELEMENT":"00000000-0000-0246-ffff-ffff0000021c","element-6066-11e4-a52e-4f735466cecf":"00000000-0000-0246-ffff-ffff0000021c"}}
[debug] &amp#27;[35m[W3C (2565defb)]&amp#27;[39m Responding to client with driver.findElement() result: {"element-6066-11e4-a52e-4f735466cecf":"00000000-0000-0246-ffff-ffff0000021c","ELEMENT":"00000000-0000-0246-ffff-ffff0000021c"}
&amp#27;[35m[HTTP]&amp#27;[39m &amp#27;[37m<-- POST /wd/hub/session/2565defb-9a36-4019-b006-81b23e7371cd/element &amp#27;[39m&amp#27;[32m200&amp#27;[39m &amp#27;[90m153 ms - 137&amp#27;[39m
&amp#27;[35m[HTTP]&amp#27;[39m &amp#27;[90m&amp#27;[39m
&amp#27;[35m[HTTP]&amp#27;[39m &amp#27;[37m-->&amp#27;[39m &amp#27;[37mGET&amp#27;[39m &amp#27;[37m/wd/hub/session/2565defb-9a36-4019-b006-81b23e7371cd/element/00000000-0000-0246-ffff-ffff0000021c/text&amp#27;[39m
&amp#27;[35m[HTTP]&amp#27;[39m &amp#27;[90m{}&amp#27;[39m
&amp#27;[35m[W3C (2565defb)]&amp#27;[39m Driver proxy active, passing request on via HTTP proxy
[debug] &amp#27;[35m[WD Proxy]&amp#27;[39m Matched '/wd/hub/session/2565defb-9a36-4019-b006-81b23e7371cd/element/00000000-0000-0246-ffff-ffff0000021c/text' to command name 'getText'
[debug] &amp#27;[35m[WD Proxy]&amp#27;[39m Proxying [GET /wd/hub/session/2565defb-9a36-4019-b006-81b23e7371cd/element/00000000-0000-0246-ffff-ffff0000021c/text] to [GET http://127.0.0.1:8211/wd/hub/session/5b8ffdd5-9358-4113-8c50-9ddd6b74f0db/element/00000000-0000-0246-ffff-ffff0000021c/text] with no body
[debug] &amp#27;[35m[WD Proxy]&amp#27;[39m Got response with status 200: {"sessionId":"5b8ffdd5-9358-4113-8c50-9ddd6b74f0db","value":"AutoUser47"}
&amp#27;[35m[WD Proxy]&amp#27;[39m Replacing sessionId 5b8ffdd5-9358-4113-8c50-9ddd6b74f0db with 2565defb-9a36-4019-b006-81b23e7371cd
&amp#27;[35m[HTTP]&amp#27;[39m &amp#27;[37m<-- GET /wd/hub/session/2565defb-9a36-4019-b006-81b23e7371cd/element/00000000-0000-0246-ffff-ffff0000021c/text &amp#27;[39m&amp#27;[32m200&amp#27;[39m &amp#27;[90m36 ms - 73&amp#27;[39m
&amp#27;[35m[HTTP]&amp#27;[39m &amp#27;[90m&amp#27;[39m
AutoUser47
]]></system-out>
    <system-err><![CDATA[Jun 07, 2022 10:34:42 PM io.appium.java_client.remote.AppiumCommandExecutor$1 lambda$0
INFO: Detected dialect: W3C
]]></system-err>
  </testcase>
  <testcase name="DeleteAccountTestCase" classname="SoFaDog.AndroidAutomation.DeleteAccountTest" time="69.335">
    <failure message="Can&apos;t locate an element by this strategy: By.chained({By.xpath: //android.widget.TextView[@text=&apos;Maybe later&apos;]})" type="org.openqa.selenium.NoSuchElementException"><![CDATA[org.openqa.selenium.NoSuchElementException: Can't locate an element by this strategy: By.chained({By.xpath: //android.widget.TextView[@text='Maybe later']})
	at SoFaDog.AndroidAutomation.DeleteAccountTest.DeleteAccountTestCase(DeleteAccountTest.java:20)
Caused by: org.openqa.selenium.TimeoutException: Expected condition failed: waiting for io.appium.java_client.pagefactory.AppiumElementLocator$WaitingFunction@102d92c4 (tried for 1 second(s) with 500 milliseconds interval)
	at SoFaDog.AndroidAutomation.DeleteAccountTest.DeleteAccountTestCase(DeleteAccountTest.java:20)
Caused by: org.openqa.selenium.NoSuchElementException: 
Cannot locate an element using By.chained({By.xpath: //android.widget.TextView[@text='Maybe later']})
For documentation on this error, please visit: https://www.seleniumhq.org/exceptions/no_such_element.html
Build info: version: '3.141.59', revision: 'e82be7d358', time: '2018-11-14T08:17:03'
System info: host: 'Kamals-MacBook-Pro.local', ip: '2401:4900:4707:863b:7d87:a931:d239:a3d2%en0', os.name: 'Mac OS X', os.arch: 'x86_64', os.version: '10.16', java.version: '1.8.0_292'
Driver info: driver.version: AndroidDriver
	at SoFaDog.AndroidAutomation.DeleteAccountTest.DeleteAccountTestCase(DeleteAccountTest.java:20)
]]></failure>
    <system-out><![CDATA[Executing After Method and Confirming the Test was executed
Execute After Class
Execute Before Class & passing capabilities to driver every time the Test's Start in New Class
&amp#27;[35m[HTTP]&amp#27;[39m &amp#27;[37m-->&amp#27;[39m &amp#27;[37mPOST&amp#27;[39m &amp#27;[37m/wd/hub/session&amp#27;[39m
&amp#27;[35m[HTTP]&amp#27;[39m &amp#27;[90m{"desiredCapabilities":{"app":"/Users/kamaljhinjer/Documents/Mac_Coding/AndroidAutomation/src/sofadog-debug-services-4.5.3-2.apk","chromedriverExecutable":"/Users/kamaljhinjer/Documents/Mac_Coding/AndroidAutomation/src/chromedriver/chromedriver","newCommandTimeout":180,"automationName":"uiautomator2","platformName":"Android","deviceName":"Emulator_Pixel2XL"},"capabilities":{"firstMatch":[{"appium:app":"/Users/kamaljhinjer/Documents/Mac_Coding/AndroidAutomation/src/sofadog-debug-services-4.5.3-2.apk","appium:automationName":"uiautomator2","appium:chromedriverExecutable":"/Users/kamaljhinjer/Documents/Mac_Coding/AndroidAutomation/src/chromedriver/chromedriver","appium:deviceName":"Emulator_Pixel2XL","appium:newCommandTimeout":180,"platformName":"android"}]}}&amp#27;[39m
[debug] &amp#27;[35m[W3C]&amp#27;[39m Calling AppiumDriver.createSession() with args: [{"app":"/Users/kamaljhinjer/Documents/Mac_Coding/AndroidAutomation/src/sofadog-debug-services-4.5.3-2.apk","chromedriverExecutable":"/Users/kamaljhinjer/Documents/Mac_Coding/AndroidAutomation/src/chromedriver/chromedriver","newCommandTimeout":180,"automationName":"uiautomator2","platformName":"Android","deviceName":"Emulator_Pixel2XL"},null,{"firstMatch":[{"appium:app":"/Users/kamaljhinjer/Documents/Mac_Coding/AndroidAutomation/src/sofadog-debug-services-4.5.3-2.apk","appium:automationName":"uiautomator2","appium:chromedriverExecutable":"/Users/kamaljhinjer/Documents/Mac_Coding/AndroidAutomation/src/chromedriver/chromedriver","appium:deviceName":"Emulator_Pixel2XL","appium:newCommandTimeout":180,"platformName":"android"}]}]
[debug] &amp#27;[35m[BaseDriver]&amp#27;[39m Event 'newSessionRequested' logged at 1654621592517 (22:36:32 GMT+0530 (India Standard Time))
&amp#27;[35m[Appium]&amp#27;[39m Appium v1.22.3 creating new AndroidUiautomator2Driver (v1.70.1) session
[debug] &amp#27;[35m[BaseDriver]&amp#27;[39m W3C capabilities and MJSONWP desired capabilities were provided
[debug] &amp#27;[35m[BaseDriver]&amp#27;[39m Creating session with W3C capabilities: {
[debug] &amp#27;[35m[BaseDriver]&amp#27;[39m   "alwaysMatch": {
[debug] &amp#27;[35m[BaseDriver]&amp#27;[39m     "platformName": "android",
[debug] &amp#27;[35m[BaseDriver]&amp#27;[39m     "appium:app": "/Users/kamaljhinjer/Documents/Mac_Coding/AndroidAutomation/src/sofadog-debug-services-4.5.3-2.apk",
[debug] &amp#27;[35m[BaseDriver]&amp#27;[39m     "appium:automationName": "uiautomator2",
[debug] &amp#27;[35m[BaseDriver]&amp#27;[39m     "appium:chromedriverExecutable": "/Users/kamaljhinjer/Documents/Mac_Coding/AndroidAutomation/src/chromedriver/chromedriver",
[debug] &amp#27;[35m[BaseDriver]&amp#27;[39m     "appium:deviceName": "Emulator_Pixel2XL",
[debug] &amp#27;[35m[BaseDriver]&amp#27;[39m     "appium:newCommandTimeout": 180
[debug] &amp#27;[35m[BaseDriver]&amp#27;[39m   },
[debug] &amp#27;[35m[BaseDriver]&amp#27;[39m   "firstMatch": [
[debug] &amp#27;[35m[BaseDriver]&amp#27;[39m     {}
[debug] &amp#27;[35m[BaseDriver]&amp#27;[39m   ]
[debug] &amp#27;[35m[BaseDriver]&amp#27;[39m }
&amp#27;[35m[BaseDriver]&amp#27;[39m Session created with session id: 45710c49-6781-4b19-bd98-e9f2b7055747
&amp#27;[35m[BaseDriver]&amp#27;[39m Using local app '/Users/kamaljhinjer/Documents/Mac_Coding/AndroidAutomation/src/sofadog-debug-services-4.5.3-2.apk'
[debug] &amp#27;[35m[UiAutomator2]&amp#27;[39m Checking whether app is actually present
&amp#27;[35m[ADB]&amp#27;[39m Using 'adb' from '/Users/kamaljhinjer/Library/Android/sdk/platform-tools/adb'
[debug] &amp#27;[35m[ADB]&amp#27;[39m Running '/Users/kamaljhinjer/Library/Android/sdk/platform-tools/adb -P 5037 start-server'
&amp#27;[35m[AndroidDriver]&amp#27;[39m Retrieving device list
[debug] &amp#27;[35m[ADB]&amp#27;[39m Trying to find a connected android device
[debug] &amp#27;[35m[ADB]&amp#27;[39m Getting connected devices
[debug] &amp#27;[35m[ADB]&amp#27;[39m Connected devices: [{"udid":"emulator-5554","state":"device"}]
&amp#27;[35m[AndroidDriver]&amp#27;[39m Using device: emulator-5554
&amp#27;[35m[ADB]&amp#27;[39m Using 'adb' from '/Users/kamaljhinjer/Library/Android/sdk/platform-tools/adb'
[debug] &amp#27;[35m[ADB]&amp#27;[39m Running '/Users/kamaljhinjer/Library/Android/sdk/platform-tools/adb -P 5037 start-server'
[debug] &amp#27;[35m[ADB]&amp#27;[39m Setting device id to emulator-5554
[debug] &amp#27;[35m[ADB]&amp#27;[39m Running '/Users/kamaljhinjer/Library/Android/sdk/platform-tools/adb -P 5037 -s emulator-5554 shell getprop ro.build.version.sdk'
[debug] &amp#27;[35m[ADB]&amp#27;[39m Current device property 'ro.build.version.sdk': 31
&amp#27;[35m[ADB]&amp#27;[39m Getting device platform version
[debug] &amp#27;[35m[ADB]&amp#27;[39m Running '/Users/kamaljhinjer/Library/Android/sdk/platform-tools/adb -P 5037 -s emulator-5554 shell getprop ro.build.version.release'
[debug] &amp#27;[35m[ADB]&amp#27;[39m Current device property 'ro.build.version.release': 12
[debug] &amp#27;[35m[ADB]&amp#27;[39m Device API level: 31
&amp#27;[35m[UiAutomator2]&amp#27;[39m Relaxing hidden api policy
[debug] &amp#27;[35m[ADB]&amp#27;[39m Running '/Users/kamaljhinjer/Library/Android/sdk/platform-tools/adb -P 5037 -s emulator-5554 shell 'settings put global hidden_api_policy_pre_p_apps 1;settings put global hidden_api_policy_p_apps 1;settings put global hidden_api_policy 1''
[debug] &amp#27;[35m[AndroidDriver]&amp#27;[39m Parsing package and activity from app manifest
&amp#27;[35m[ADB]&amp#27;[39m Package name: 'dog.fa.so.app'
&amp#27;[35m[ADB]&amp#27;[39m Main activity name: 'dog.fa.so.app.MainActivity'
[debug] &amp#27;[35m[AndroidDriver]&amp#27;[39m Parsed package and activity are: dog.fa.so.app/dog.fa.so.app.MainActivity
[debug] &amp#27;[35m[ADB]&amp#27;[39m Running '/Users/kamaljhinjer/Library/Android/sdk/platform-tools/adb -P 5037 -s emulator-5554 wait-for-device'
[debug] &amp#27;[35m[ADB]&amp#27;[39m Running '/Users/kamaljhinjer/Library/Android/sdk/platform-tools/adb -P 5037 -s emulator-5554 shell echo ping'
[debug] &amp#27;[35m[AndroidDriver]&amp#27;[39m Pushing settings apk to device...
[debug] &amp#27;[35m[ADB]&amp#27;[39m Getting install status for io.appium.settings
[debug] &amp#27;[35m[ADB]&amp#27;[39m Running '/Users/kamaljhinjer/Library/Android/sdk/platform-tools/adb -P 5037 -s emulator-5554 shell dumpsys package io.appium.settings'
[debug] &amp#27;[35m[ADB]&amp#27;[39m 'io.appium.settings' is installed
[debug] &amp#27;[35m[ADB]&amp#27;[39m Getting package info for 'io.appium.settings'
[debug] &amp#27;[35m[ADB]&amp#27;[39m Running '/Users/kamaljhinjer/Library/Android/sdk/platform-tools/adb -P 5037 -s emulator-5554 shell dumpsys package io.appium.settings'
[debug] &amp#27;[35m[ADB]&amp#27;[39m The version name of the installed 'io.appium.settings' is greater or equal to the application version name ('3.4.0' >= '3.4.0')
[debug] &amp#27;[35m[ADB]&amp#27;[39m There is no need to install/upgrade '/usr/local/lib/node_modules/appium/node_modules/io.appium.settings/apks/settings_apk-debug.apk'
[debug] &amp#27;[35m[ADB]&amp#27;[39m Getting IDs of all 'io.appium.settings' processes
[debug] &amp#27;[35m[ADB]&amp#27;[39m Running '/Users/kamaljhinjer/Library/Android/sdk/platform-tools/adb -P 5037 -s emulator-5554 shell 'pgrep --help; echo $?''
[debug] &amp#27;[35m[ADB]&amp#27;[39m Running '/Users/kamaljhinjer/Library/Android/sdk/platform-tools/adb -P 5037 -s emulator-5554 shell pgrep -f \(\[\[:blank:\]\]\|\^\)io\.appium\.settings\(\[\[:blank:\]\]\|\$\)'
[debug] &amp#27;[35m[AndroidDriver]&amp#27;[39m io.appium.settings is already running. There is no need to reset its permissions.
[debug] &amp#27;[35m[Logcat]&amp#27;[39m Starting logs capture with command: /Users/kamaljhinjer/Library/Android/sdk/platform-tools/adb -P 5037 -s emulator-5554 logcat -v threadtime
[debug] &amp#27;[35m[UiAutomator2]&amp#27;[39m Forwarding UiAutomator2 Server port 6790 to local port 8212
[debug] &amp#27;[35m[ADB]&amp#27;[39m Forwarding system: 8212 to device: 6790
[debug] &amp#27;[35m[ADB]&amp#27;[39m Running '/Users/kamaljhinjer/Library/Android/sdk/platform-tools/adb -P 5037 -s emulator-5554 forward tcp:8212 tcp:6790'
&amp#27;[35m[UiAutomator2]&amp#27;[39m Server package at '/usr/local/lib/node_modules/appium/node_modules/appium-uiautomator2-server/apks/appium-uiautomator2-server-v4.27.0.apk' is not writeable. Will copy it into the temporary location at '/var/folders/4f/ggkjk46s0lj0y4w1yj8mpmm00000gn/T/202257-2037-g1myjw.8byw' as a workaround. Consider making this file writeable manually in order to improve the performance of session startup.
&amp#27;[35m[UiAutomator2]&amp#27;[39m Server package at '/usr/local/lib/node_modules/appium/node_modules/appium-uiautomator2-server/apks/appium-uiautomator2-server-debug-androidTest.apk' is not writeable. Will copy it into the temporary location at '/var/folders/4f/ggkjk46s0lj0y4w1yj8mpmm00000gn/T/202257-2037-g1myjw.8byw' as a workaround. Consider making this file writeable manually in order to improve the performance of session startup.
[debug] &amp#27;[35m[ADB]&amp#27;[39m Getting install status for io.appium.uiautomator2.server
[debug] &amp#27;[35m[ADB]&amp#27;[39m Running '/Users/kamaljhinjer/Library/Android/sdk/platform-tools/adb -P 5037 -s emulator-5554 shell dumpsys package io.appium.uiautomator2.server'
[debug] &amp#27;[35m[ADB]&amp#27;[39m 'io.appium.uiautomator2.server' is installed
[debug] &amp#27;[35m[ADB]&amp#27;[39m Getting package info for 'io.appium.uiautomator2.server'
[debug] &amp#27;[35m[ADB]&amp#27;[39m Running '/Users/kamaljhinjer/Library/Android/sdk/platform-tools/adb -P 5037 -s emulator-5554 shell dumpsys package io.appium.uiautomator2.server'
[debug] &amp#27;[35m[ADB]&amp#27;[39m The version name of the installed 'io.appium.uiautomator2.server' is greater or equal to the application version name ('4.27.0' >= '4.27.0')
[debug] &amp#27;[35m[UiAutomator2]&amp#27;[39m io.appium.uiautomator2.server installation state: sameVersionInstalled
[debug] &amp#27;[35m[ADB]&amp#27;[39m Checking app cert for /var/folders/4f/ggkjk46s0lj0y4w1yj8mpmm00000gn/T/202257-2037-g1myjw.8byw/appium-uiautomator2-server-v4.27.0.apk
[debug] &amp#27;[35m[ADB]&amp#27;[39m Using the previously cached signature entry for 'appium-uiautomator2-server-v4.27.0.apk'
[debug] &amp#27;[35m[ADB]&amp#27;[39m sha256 hash did match for 'appium-uiautomator2-server-v4.27.0.apk'
[debug] &amp#27;[35m[ADB]&amp#27;[39m Getting install status for io.appium.uiautomator2.server.test
[debug] &amp#27;[35m[ADB]&amp#27;[39m Running '/Users/kamaljhinjer/Library/Android/sdk/platform-tools/adb -P 5037 -s emulator-5554 shell dumpsys package io.appium.uiautomator2.server.test'
[debug] &amp#27;[35m[ADB]&amp#27;[39m 'io.appium.uiautomator2.server.test' is installed
[debug] &amp#27;[35m[ADB]&amp#27;[39m Checking app cert for /var/folders/4f/ggkjk46s0lj0y4w1yj8mpmm00000gn/T/202257-2037-g1myjw.8byw/appium-uiautomator2-server-debug-androidTest.apk
[debug] &amp#27;[35m[ADB]&amp#27;[39m Using the previously cached signature entry for 'appium-uiautomator2-server-debug-androidTest.apk'
[debug] &amp#27;[35m[ADB]&amp#27;[39m sha256 hash did match for 'appium-uiautomator2-server-debug-androidTest.apk'
&amp#27;[35m[UiAutomator2]&amp#27;[39m Server packages are not going to be (re)installed
[debug] &amp#27;[35m[UiAutomator2]&amp#27;[39m Waiting up to 30000ms for services to be available
[debug] &amp#27;[35m[ADB]&amp#27;[39m Running '/Users/kamaljhinjer/Library/Android/sdk/platform-tools/adb -P 5037 -s emulator-5554 shell pm list instrumentation'
[debug] &amp#27;[35m[UiAutomator2]&amp#27;[39m Instrumentation target 'io.appium.uiautomator2.server.test/androidx.test.runner.AndroidJUnitRunner' is available
&amp#27;[35m[ADB]&amp#27;[39m Adding packages ["io.appium.settings","io.appium.uiautomator2.server","io.appium.uiautomator2.server.test"] to Doze whitelist
[debug] &amp#27;[35m[ADB]&amp#27;[39m Got the following command chunks to execute: [["dumpsys","deviceidle","whitelist","+io.appium.settings",";","dumpsys","deviceidle","whitelist","+io.appium.uiautomator2.server",";","dumpsys","deviceidle","whitelist","+io.appium.uiautomator2.server.test",";"]]
[debug] &amp#27;[35m[ADB]&amp#27;[39m Running '/Users/kamaljhinjer/Library/Android/sdk/platform-tools/adb -P 5037 -s emulator-5554 shell dumpsys deviceidle whitelist +io.appium.settings ; dumpsys deviceidle whitelist +io.appium.uiautomator2.server ; dumpsys deviceidle whitelist +io.appium.uiautomator2.server.test ;'
[debug] &amp#27;[35m[ADB]&amp#27;[39m Checking app cert for /Users/kamaljhinjer/Documents/Mac_Coding/AndroidAutomation/src/sofadog-debug-services-4.5.3-2.apk
[debug] &amp#27;[35m[ADB]&amp#27;[39m Using the previously cached signature entry for 'sofadog-debug-services-4.5.3-2.apk'
[debug] &amp#27;[35m[ADB]&amp#27;[39m Getting install status for dog.fa.so.app
[debug] &amp#27;[35m[ADB]&amp#27;[39m Running '/Users/kamaljhinjer/Library/Android/sdk/platform-tools/adb -P 5037 -s emulator-5554 shell dumpsys package dog.fa.so.app'
[debug] &amp#27;[35m[ADB]&amp#27;[39m 'dog.fa.so.app' is installed
[debug] &amp#27;[35m[ADB]&amp#27;[39m Getting package info for 'dog.fa.so.app'
[debug] &amp#27;[35m[ADB]&amp#27;[39m Running '/Users/kamaljhinjer/Library/Android/sdk/platform-tools/adb -P 5037 -s emulator-5554 shell dumpsys package dog.fa.so.app'
[debug] &amp#27;[35m[ADB]&amp#27;[39m The version name of the installed 'dog.fa.so.app' is greater or equal to the application version name ('4.5.1' >= '4.5.1')
[debug] &amp#27;[35m[ADB]&amp#27;[39m There is no need to install/upgrade '/Users/kamaljhinjer/Documents/Mac_Coding/AndroidAutomation/src/sofadog-debug-services-4.5.3-2.apk'
&amp#27;[35m[AndroidDriver]&amp#27;[39m Performing fast reset on 'dog.fa.so.app'
[debug] &amp#27;[35m[ADB]&amp#27;[39m Getting install status for dog.fa.so.app
[debug] &amp#27;[35m[ADB]&amp#27;[39m Running '/Users/kamaljhinjer/Library/Android/sdk/platform-tools/adb -P 5037 -s emulator-5554 shell dumpsys package dog.fa.so.app'
[debug] &amp#27;[35m[ADB]&amp#27;[39m 'dog.fa.so.app' is installed
[debug] &amp#27;[35m[ADB]&amp#27;[39m Running '/Users/kamaljhinjer/Library/Android/sdk/platform-tools/adb -P 5037 -s emulator-5554 shell am force-stop dog.fa.so.app'
[debug] &amp#27;[35m[ADB]&amp#27;[39m Running '/Users/kamaljhinjer/Library/Android/sdk/platform-tools/adb -P 5037 -s emulator-5554 shell pm clear dog.fa.so.app'
[debug] &amp#27;[35m[AndroidDriver]&amp#27;[39m Performed fast reset on the installed 'dog.fa.so.app' application (stop and clear)
[debug] &amp#27;[35m[UiAutomator2]&amp#27;[39m Performing shallow cleanup of automation leftovers
[debug] &amp#27;[35m[UiAutomator2]&amp#27;[39m The following obsolete sessions are still running: ["5b8ffdd5-9358-4113-8c50-9ddd6b74f0db"]
[debug] &amp#27;[35m[UiAutomator2]&amp#27;[39m Cleaning up 1 obsolete session
[debug] &amp#27;[35m[Instrumentation]&amp#27;[39m .
[debug] &amp#27;[35m[Instrumentation]&amp#27;[39m Time: 120.427
[debug] &amp#27;[35m[Instrumentation]&amp#27;[39m 
[debug] &amp#27;[35m[Instrumentation]&amp#27;[39m OK (1 test)
[debug] &amp#27;[35m[Instrumentation]&amp#27;[39m The process has exited with code 0
[debug] &amp#27;[35m[ADB]&amp#27;[39m Running '/Users/kamaljhinjer/Library/Android/sdk/platform-tools/adb -P 5037 -s emulator-5554 shell am force-stop io.appium.uiautomator2.server.test'
&amp#27;[35m[UiAutomator2]&amp#27;[39m Starting UIAutomator2 server 4.27.0
&amp#27;[35m[UiAutomator2]&amp#27;[39m Using UIAutomator2 server from '/usr/local/lib/node_modules/appium/node_modules/appium-uiautomator2-server/apks/appium-uiautomator2-server-v4.27.0.apk' and test from '/usr/local/lib/node_modules/appium/node_modules/appium-uiautomator2-server/apks/appium-uiautomator2-server-debug-androidTest.apk'
&amp#27;[35m[UiAutomator2]&amp#27;[39m Waiting up to 30000ms for UiAutomator2 to be online...
[debug] &amp#27;[35m[ADB]&amp#27;[39m Creating ADB subprocess with args: ["-P",5037,"-s","emulator-5554","shell","am","instrument","-w","-e","disableAnalytics",true,"io.appium.uiautomator2.server.test/androidx.test.runner.AndroidJUnitRunner"]
[debug] &amp#27;[35m[WD Proxy]&amp#27;[39m Matched '/status' to command name 'getStatus'
[debug] &amp#27;[35m[WD Proxy]&amp#27;[39m Proxying [GET /status] to [GET http://127.0.0.1:8212/wd/hub/status] with no body
&amp#27;[35m[WD Proxy]&amp#27;[39m socket hang up
[debug] &amp#27;[35m[WD Proxy]&amp#27;[39m Matched '/status' to command name 'getStatus'
[debug] &amp#27;[35m[WD Proxy]&amp#27;[39m Proxying [GET /status] to [GET http://127.0.0.1:8212/wd/hub/status] with no body
&amp#27;[35m[WD Proxy]&amp#27;[39m socket hang up
[debug] &amp#27;[35m[Instrumentation]&amp#27;[39m io.appium.uiautomator2.server.test.AppiumUiAutomator2Server:
[debug] &amp#27;[35m[WD Proxy]&amp#27;[39m Matched '/status' to command name 'getStatus'
[debug] &amp#27;[35m[WD Proxy]&amp#27;[39m Proxying [GET /status] to [GET http://127.0.0.1:8212/wd/hub/status] with no body
&amp#27;[35m[WD Proxy]&amp#27;[39m socket hang up
[debug] &amp#27;[35m[WD Proxy]&amp#27;[39m Matched '/status' to command name 'getStatus'
[debug] &amp#27;[35m[WD Proxy]&amp#27;[39m Proxying [GET /status] to [GET http://127.0.0.1:8212/wd/hub/status] with no body
[debug] &amp#27;[35m[WD Proxy]&amp#27;[39m Got response with status 200: {"sessionId":"None","value":{"message":"UiAutomator2 Server is ready to accept commands","ready":true}}
[debug] &amp#27;[35m[UiAutomator2]&amp#27;[39m The initialization of the instrumentation process took 3188ms
[debug] &amp#27;[35m[WD Proxy]&amp#27;[39m Matched '/session' to command name 'createSession'
[debug] &amp#27;[35m[WD Proxy]&amp#27;[39m Proxying [POST /session] to [POST http://127.0.0.1:8212/wd/hub/session] with body: {"capabilities":{"firstMatch":[{"platform":"LINUX","webStorageEnabled":false,"takesScreenshot":true,"javascriptEnabled":true,"databaseEnabled":false,"networkConnectionEnabled":true,"locationContextEnabled":false,"warnings":{},"desired":{"platformName":"android","app":"/Users/kamaljhinjer/Documents/Mac_Coding/AndroidAutomation/src/sofadog-debug-services-4.5.3-2.apk","automationName":"uiautomator2","chromedriverExecutable":"/Users/kamaljhinjer/Documents/Mac_Coding/AndroidAutomation/src/chromedriver/chromedriver","deviceName":"Emulator_Pixel2XL","newCommandTimeout":180},"platformName":"android","app":"/Users/kamaljhinjer/Documents/Mac_Coding/AndroidAutomation/src/sofadog-debug-services-4.5.3-2.apk","automationName":"uiautomator2","chromedriverExecutable":"/Users/kamaljhinjer/Documents/Mac_Coding/AndroidAutomation/src/chromedriver/chromedriver","deviceName":"emulator-5554","newCommandTimeout":180,"deviceUDID":"emulator-5554","appPackage":"dog.fa.so.app"}],"alwaysMatch":{}}}
[debug] &amp#27;[35m[WD Proxy]&amp#27;[39m Got response with status 200: {"sessionId":"97357a72-38c2-4815-ae0f-e03616fb079e","value":{"capabilities":{"firstMatch":[{"platform":"LINUX","webStorageEnabled":false,"takesScreenshot":true,"javascriptEnabled":true,"databaseEnabled":false,"networkConnectionEnabled":true,"locationContextEnabled":false,"warnings":{},"desired":{"platformName":"android","app":"/Users/kamaljhinjer/Documents/Mac_Coding/AndroidAutomation/src/sofadog-debug-services-4.5.3-2.apk","automationName":"uiautomator2","chromedriverExecutable":"/Users/kamaljhinjer/Documents/Mac_Coding/AndroidAutomation/src/chromedriver/chromedriver","deviceName":"Emulator_Pixel2XL","newCommandTimeout":180},"platformName":"android","app":"/Users/kamaljhinjer/Documents/Mac_Coding/AndroidAutomation/src/sofadog-debug-services-4.5.3-2.apk","automationName":"uiautomator2","chromedriverExecutable":"/Users/kamaljhinjer/Documents/Mac_Coding/AndroidAutomation/src/chromedriver/chromedriver","deviceName":"emulator-5554","newCommandTimeout":180,"deviceUDID":"emulator-5554","appPackage":"dog.fa.so.ap...
&amp#27;[35m[WD Proxy]&amp#27;[39m Determined the downstream protocol as 'W3C'
[debug] &amp#27;[35m[WD Proxy]&amp#27;[39m Proxying [GET /appium/device/info] to [GET http://127.0.0.1:8212/wd/hub/session/97357a72-38c2-4815-ae0f-e03616fb079e/appium/device/info] with no body
[debug] &amp#27;[35m[WD Proxy]&amp#27;[39m Got response with status 200: {"sessionId":"97357a72-38c2-4815-ae0f-e03616fb079e","value":{"androidId":"489d6660c2445b4e","apiVersion":"31","bluetooth":{"state":"OFF"},"brand":"google","carrierName":"T-Mobile","displayDensity":560,"locale":"en_US","manufacturer":"Google","model":"sdk_gphone64_x86_64","networks":[{"capabilities":{"SSID":null,"linkDownBandwidthKbps":4300,"linkUpstreamBandwidthKbps":1800,"networkCapabilities":"NET_CAPABILITY_MMS,NET_CAPABILITY_SUPL,NET_CAPABILITY_DUN,NET_CAPABILITY_FOTA,NET_CAPABILITY_IMS,NET_CAPABILITY_CBS,NET_CAPABILITY_INTERNET,NET_CAPABILITY_NOT_RESTRICTED,NET_CAPABILITY_TRUSTED,NET_CAPABILITY_NOT_VPN,NET_CAPABILITY_VALIDATED,NET_CAPABILITY_NOT_ROAMING,NET_CAPABILITY_NOT_CONGESTED,NET_CAPABILITY_NOT_SUSPENDED","signalStrength":-2147483648,"transportTypes":"TRANSPORT_CELLULAR"},"detailedState":"CONNECTED","extraInfo":"epc.tmobile.com","isAvailable":true,"isConnected":true,"isFailover":false,"isRoaming":false,"state":"CONNECTED","subtype":10,"subtypeName":"HSPA","type":0,"typeName":"MOBILE"},{"capabilit...
[debug] &amp#27;[35m[ADB]&amp#27;[39m Running '/Users/kamaljhinjer/Library/Android/sdk/platform-tools/adb -P 5037 -s emulator-5554 shell dumpsys window'
&amp#27;[35m[AndroidDriver]&amp#27;[39m Screen already unlocked, doing nothing
&amp#27;[35m[UiAutomator2]&amp#27;[39m Starting 'dog.fa.so.app/dog.fa.so.app.MainActivity and waiting for 'dog.fa.so.app/dog.fa.so.app.MainActivity'
[debug] &amp#27;[35m[ADB]&amp#27;[39m Running '/Users/kamaljhinjer/Library/Android/sdk/platform-tools/adb -P 5037 -s emulator-5554 shell am start -W -n dog.fa.so.app/dog.fa.so.app.MainActivity -S -a android.intent.action.MAIN -c android.intent.category.LAUNCHER -f 0x10200000'
[debug] &amp#27;[35m[ADB]&amp#27;[39m Waiting up to 20000ms for activity matching pkg: 'dog.fa.so.app' and activity: 'dog.fa.so.app.MainActivity' to be focused
[debug] &amp#27;[35m[ADB]&amp#27;[39m Possible activities, to be checked: 'dog.fa.so.app.MainActivity', 'dog.fa.so.app.dog.fa.so.app.MainActivity'
[debug] &amp#27;[35m[ADB]&amp#27;[39m Getting focused package and activity
[debug] &amp#27;[35m[ADB]&amp#27;[39m Running '/Users/kamaljhinjer/Library/Android/sdk/platform-tools/adb -P 5037 -s emulator-5554 shell dumpsys window displays'
[debug] &amp#27;[35m[ADB]&amp#27;[39m Found package: 'dog.fa.so.app' and fully qualified activity name : 'dog.fa.so.app.MainActivity'
[debug] &amp#27;[35m[WD Proxy]&amp#27;[39m Proxying [GET /appium/device/pixel_ratio] to [GET http://127.0.0.1:8212/wd/hub/session/97357a72-38c2-4815-ae0f-e03616fb079e/appium/device/pixel_ratio] with no body
[debug] &amp#27;[35m[WD Proxy]&amp#27;[39m Got response with status 200: {"sessionId":"97357a72-38c2-4815-ae0f-e03616fb079e","value":3.5}
[debug] &amp#27;[35m[WD Proxy]&amp#27;[39m Matched '/appium/device/system_bars' to command name 'getSystemBars'
[debug] &amp#27;[35m[WD Proxy]&amp#27;[39m Proxying [GET /appium/device/system_bars] to [GET http://127.0.0.1:8212/wd/hub/session/97357a72-38c2-4815-ae0f-e03616fb079e/appium/device/system_bars] with no body
[debug] &amp#27;[35m[WD Proxy]&amp#27;[39m Got response with status 200: {"sessionId":"97357a72-38c2-4815-ae0f-e03616fb079e","value":{"statusBar":98}}
[debug] &amp#27;[35m[WD Proxy]&amp#27;[39m Matched '/window/current/size' to command name 'getWindowSize'
[debug] &amp#27;[35m[WD Proxy]&amp#27;[39m Proxying [GET /window/current/size] to [GET http://127.0.0.1:8212/wd/hub/session/97357a72-38c2-4815-ae0f-e03616fb079e/window/current/size] with no body
[debug] &amp#27;[35m[WD Proxy]&amp#27;[39m Got response with status 200: {"sessionId":"97357a72-38c2-4815-ae0f-e03616fb079e","value":{"height":2712,"width":1440}}
&amp#27;[35m[Appium]&amp#27;[39m New AndroidUiautomator2Driver session created successfully, session 45710c49-6781-4b19-bd98-e9f2b7055747 added to master session list
[debug] &amp#27;[35m[BaseDriver]&amp#27;[39m Event 'newSessionStarted' logged at 1654621604434 (22:36:44 GMT+0530 (India Standard Time))
[debug] &amp#27;[35m[W3C (45710c49)]&amp#27;[39m Cached the protocol value 'W3C' for the new session 45710c49-6781-4b19-bd98-e9f2b7055747
[debug] &amp#27;[35m[W3C (45710c49)]&amp#27;[39m Responding to client with driver.createSession() result: {"capabilities":{"platform":"LINUX","webStorageEnabled":false,"takesScreenshot":true,"javascriptEnabled":true,"databaseEnabled":false,"networkConnectionEnabled":true,"locationContextEnabled":false,"warnings":{},"desired":{"platformName":"android","app":"/Users/kamaljhinjer/Documents/Mac_Coding/AndroidAutomation/src/sofadog-debug-services-4.5.3-2.apk","automationName":"uiautomator2","chromedriverExecutable":"/Users/kamaljhinjer/Documents/Mac_Coding/AndroidAutomation/src/chromedriver/chromedriver","deviceName":"Emulator_Pixel2XL","newCommandTimeout":180},"platformName":"android","app":"/Users/kamaljhinjer/Documents/Mac_Coding/AndroidAutomation/src/sofadog-debug-services-4.5.3-2.apk","automationName":"uiautomator2","chromedriverExecutable":"/Users/kamaljhinjer/Documents/Mac_Coding/AndroidAutomation/src/chromedriver/chromedriver","deviceName":"emulator-5554","newCommandTimeout":180,"deviceUDID":"emulator-5554","appPackage":"dog.fa.so.app","deviceApiLevel":31,"platformVersion":"12","deviceScreenSize":"1440x2880...
&amp#27;[35m[HTTP]&amp#27;[39m &amp#27;[37m<-- POST /wd/hub/session &amp#27;[39m&amp#27;[32m200&amp#27;[39m &amp#27;[90m11923 ms - 1275&amp#27;[39m
&amp#27;[35m[HTTP]&amp#27;[39m &amp#27;[90m&amp#27;[39m
Executing Before Method, Starting Test
&amp#27;[35m[HTTP]&amp#27;[39m &amp#27;[37m-->&amp#27;[39m &amp#27;[37mPOST&amp#27;[39m &amp#27;[37m/wd/hub/session/45710c49-6781-4b19-bd98-e9f2b7055747/timeouts&amp#27;[39m
&amp#27;[35m[HTTP]&amp#27;[39m &amp#27;[90m{"implicit":15000}&amp#27;[39m
[debug] &amp#27;[35m[W3C (45710c49)]&amp#27;[39m Calling AppiumDriver.timeouts() with args: [null,null,null,null,15000,"45710c49-6781-4b19-bd98-e9f2b7055747"]
[debug] &amp#27;[35m[BaseDriver]&amp#27;[39m W3C timeout argument: {"implicit":15000}}
[debug] &amp#27;[35m[BaseDriver]&amp#27;[39m Set implicit wait to 15000ms
[debug] &amp#27;[35m[W3C (45710c49)]&amp#27;[39m Responding to client with driver.timeouts() result: null
&amp#27;[35m[HTTP]&amp#27;[39m &amp#27;[37m<-- POST /wd/hub/session/45710c49-6781-4b19-bd98-e9f2b7055747/timeouts &amp#27;[39m&amp#27;[32m200&amp#27;[39m &amp#27;[90m2 ms - 14&amp#27;[39m
&amp#27;[35m[HTTP]&amp#27;[39m &amp#27;[90m&amp#27;[39m
&amp#27;[35m[HTTP]&amp#27;[39m &amp#27;[37m-->&amp#27;[39m &amp#27;[37mPOST&amp#27;[39m &amp#27;[37m/wd/hub/session/45710c49-6781-4b19-bd98-e9f2b7055747/timeouts&amp#27;[39m
&amp#27;[35m[HTTP]&amp#27;[39m &amp#27;[90m{"implicit":15000}&amp#27;[39m
[debug] &amp#27;[35m[W3C (45710c49)]&amp#27;[39m Calling AppiumDriver.timeouts() with args: [null,null,null,null,15000,"45710c49-6781-4b19-bd98-e9f2b7055747"]
[debug] &amp#27;[35m[BaseDriver]&amp#27;[39m W3C timeout argument: {"implicit":15000}}
[debug] &amp#27;[35m[BaseDriver]&amp#27;[39m Set implicit wait to 15000ms
[debug] &amp#27;[35m[W3C (45710c49)]&amp#27;[39m Responding to client with driver.timeouts() result: null
&amp#27;[35m[HTTP]&amp#27;[39m &amp#27;[37m<-- POST /wd/hub/session/45710c49-6781-4b19-bd98-e9f2b7055747/timeouts &amp#27;[39m&amp#27;[32m200&amp#27;[39m &amp#27;[90m1 ms - 14&amp#27;[39m
&amp#27;[35m[HTTP]&amp#27;[39m &amp#27;[90m&amp#27;[39m
Wait for application to load
swipeScreen() Method : dir: 'LEFT'
&amp#27;[35m[HTTP]&amp#27;[39m &amp#27;[37m-->&amp#27;[39m &amp#27;[37mGET&amp#27;[39m &amp#27;[37m/wd/hub/session/45710c49-6781-4b19-bd98-e9f2b7055747/window/rect&amp#27;[39m
&amp#27;[35m[HTTP]&amp#27;[39m &amp#27;[90m{}&amp#27;[39m
[debug] &amp#27;[35m[W3C (45710c49)]&amp#27;[39m Calling AppiumDriver.getWindowRect() with args: ["45710c49-6781-4b19-bd98-e9f2b7055747"]
[debug] &amp#27;[35m[WD Proxy]&amp#27;[39m Matched '/window/current/size' to command name 'getWindowSize'
[debug] &amp#27;[35m[WD Proxy]&amp#27;[39m Proxying [GET /window/current/size] to [GET http://127.0.0.1:8212/wd/hub/session/97357a72-38c2-4815-ae0f-e03616fb079e/window/current/size] with no body
[debug] &amp#27;[35m[WD Proxy]&amp#27;[39m Got response with status 200: {"sessionId":"97357a72-38c2-4815-ae0f-e03616fb079e","value":{"height":2712,"width":1440}}
[debug] &amp#27;[35m[W3C (45710c49)]&amp#27;[39m Responding to client with driver.getWindowRect() result: {"width":1440,"height":2712,"x":0,"y":0}
&amp#27;[35m[HTTP]&amp#27;[39m &amp#27;[37m<-- GET /wd/hub/session/45710c49-6781-4b19-bd98-e9f2b7055747/window/rect &amp#27;[39m&amp#27;[32m200&amp#27;[39m &amp#27;[90m18 ms - 50&amp#27;[39m
&amp#27;[35m[HTTP]&amp#27;[39m &amp#27;[90m&amp#27;[39m
The Screen Width is : 1440
&amp#27;[35m[HTTP]&amp#27;[39m &amp#27;[37m-->&amp#27;[39m &amp#27;[37mPOST&amp#27;[39m &amp#27;[37m/wd/hub/session/45710c49-6781-4b19-bd98-e9f2b7055747/touch/perform&amp#27;[39m
&amp#27;[35m[HTTP]&amp#27;[39m &amp#27;[90m{"actions":[{"action":"press","options":{"x":1400,"y":1356}},{"action":"wait","options":{"ms":200}},{"action":"moveTo","options":{"x":10,"y":1356}},{"action":"release","options":{}}]}&amp#27;[39m
[debug] &amp#27;[35m[W3C (45710c49)]&amp#27;[39m Calling AppiumDriver.performTouch() with args: [[{"action":"press","options":{"x":1400,"y":1356}},{"action":"wait","options":{"ms":200}},{"action":"moveTo","options":{"x":10,"y":1356}},{"action":"release","options":{}}],"45710c49-6781-4b19-bd98-e9f2b7055747"]
[debug] &amp#27;[35m[WD Proxy]&amp#27;[39m Matched '/touch/perform' to command name 'performTouch'
[debug] &amp#27;[35m[WD Proxy]&amp#27;[39m Proxying [POST /touch/perform] to [POST http://127.0.0.1:8212/wd/hub/session/97357a72-38c2-4815-ae0f-e03616fb079e/touch/perform] with body: {"startX":1400,"startY":1356,"endX":10,"endY":1356,"steps":6}
[debug] &amp#27;[35m[WD Proxy]&amp#27;[39m Got response with status 200: {"sessionId":"97357a72-38c2-4815-ae0f-e03616fb079e","value":null}
[debug] &amp#27;[35m[W3C (45710c49)]&amp#27;[39m Responding to client with driver.performTouch() result: null
&amp#27;[35m[HTTP]&amp#27;[39m &amp#27;[37m<-- POST /wd/hub/session/45710c49-6781-4b19-bd98-e9f2b7055747/touch/perform &amp#27;[39m&amp#27;[32m200&amp#27;[39m &amp#27;[90m1405 ms - 14&amp#27;[39m
&amp#27;[35m[HTTP]&amp#27;[39m &amp#27;[90m&amp#27;[39m
1st Widget Swipe Executed
&amp#27;[35m[BaseDriver]&amp#27;[39m Shutting down because we waited 180 seconds for a command
&amp#27;[35m[Appium]&amp#27;[39m Closing session, cause was 'New Command Timeout of 180 seconds expired. Try customizing the timeout using the 'newCommandTimeout' desired capability'
&amp#27;[35m[Appium]&amp#27;[39m Removing session 'a8395378-8b4c-4d54-802f-1303ab7567cb' from our master session list
[debug] &amp#27;[35m[UiAutomator2]&amp#27;[39m Deleting UiAutomator2 session
[debug] &amp#27;[35m[UiAutomator2]&amp#27;[39m Deleting UiAutomator2 server session
&amp#27;[35m[UiAutomator2]&amp#27;[39m Did not get confirmation UiAutomator2 deleteSession worked; Error was: UnknownError: An unknown server-side error occurred while processing the command. Original error: 'DELETE /' cannot be proxied to UiAutomator2 server because the instrumentation process is not running (probably crashed). Check the server log and/or the logcat output for more details
[debug] &amp#27;[35m[ADB]&amp#27;[39m Running '/Users/kamaljhinjer/Library/Android/sdk/platform-tools/adb -P 5037 -s emulator-5554 shell am force-stop dog.fa.so.app'
[debug] &amp#27;[35m[Logcat]&amp#27;[39m Stopping logcat capture
[debug] &amp#27;[35m[ADB]&amp#27;[39m Removing forwarded port socket connection: 8209 
[debug] &amp#27;[35m[ADB]&amp#27;[39m Running '/Users/kamaljhinjer/Library/Android/sdk/platform-tools/adb -P 5037 -s emulator-5554 forward --remove tcp:8209'
&amp#27;[35m[UiAutomator2]&amp#27;[39m Restoring hidden api policy to the device default configuration
[debug] &amp#27;[35m[ADB]&amp#27;[39m Running '/Users/kamaljhinjer/Library/Android/sdk/platform-tools/adb -P 5037 -s emulator-5554 shell 'settings delete global hidden_api_policy_pre_p_apps;settings delete global hidden_api_policy_p_apps;settings delete global hidden_api_policy''
swipeScreen() Method : dir: 'LEFT'
&amp#27;[35m[HTTP]&amp#27;[39m &amp#27;[37m-->&amp#27;[39m &amp#27;[37mGET&amp#27;[39m &amp#27;[37m/wd/hub/session/45710c49-6781-4b19-bd98-e9f2b7055747/window/rect&amp#27;[39m
&amp#27;[35m[HTTP]&amp#27;[39m &amp#27;[90m{}&amp#27;[39m
[debug] &amp#27;[35m[W3C (45710c49)]&amp#27;[39m Calling AppiumDriver.getWindowRect() with args: ["45710c49-6781-4b19-bd98-e9f2b7055747"]
[debug] &amp#27;[35m[WD Proxy]&amp#27;[39m Matched '/window/current/size' to command name 'getWindowSize'
[debug] &amp#27;[35m[WD Proxy]&amp#27;[39m Proxying [GET /window/current/size] to [GET http://127.0.0.1:8212/wd/hub/session/97357a72-38c2-4815-ae0f-e03616fb079e/window/current/size] with no body
[debug] &amp#27;[35m[WD Proxy]&amp#27;[39m Got response with status 200: {"sessionId":"97357a72-38c2-4815-ae0f-e03616fb079e","value":{"height":2712,"width":1440}}
[debug] &amp#27;[35m[W3C (45710c49)]&amp#27;[39m Responding to client with driver.getWindowRect() result: {"width":1440,"height":2712,"x":0,"y":0}
&amp#27;[35m[HTTP]&amp#27;[39m &amp#27;[37m<-- GET /wd/hub/session/45710c49-6781-4b19-bd98-e9f2b7055747/window/rect &amp#27;[39m&amp#27;[32m200&amp#27;[39m &amp#27;[90m16 ms - 50&amp#27;[39m
&amp#27;[35m[HTTP]&amp#27;[39m &amp#27;[90m&amp#27;[39m
The Screen Width is : 1440
&amp#27;[35m[HTTP]&amp#27;[39m &amp#27;[37m-->&amp#27;[39m &amp#27;[37mPOST&amp#27;[39m &amp#27;[37m/wd/hub/session/45710c49-6781-4b19-bd98-e9f2b7055747/touch/perform&amp#27;[39m
&amp#27;[35m[HTTP]&amp#27;[39m &amp#27;[90m{"actions":[{"action":"press","options":{"x":1400,"y":1356}},{"action":"wait","options":{"ms":200}},{"action":"moveTo","options":{"x":10,"y":1356}},{"action":"release","options":{}}]}&amp#27;[39m
[debug] &amp#27;[35m[W3C (45710c49)]&amp#27;[39m Calling AppiumDriver.performTouch() with args: [[{"action":"press","options":{"x":1400,"y":1356}},{"action":"wait","options":{"ms":200}},{"action":"moveTo","options":{"x":10,"y":1356}},{"action":"release","options":{}}],"45710c49-6781-4b19-bd98-e9f2b7055747"]
[debug] &amp#27;[35m[WD Proxy]&amp#27;[39m Matched '/touch/perform' to command name 'performTouch'
[debug] &amp#27;[35m[WD Proxy]&amp#27;[39m Proxying [POST /touch/perform] to [POST http://127.0.0.1:8212/wd/hub/session/97357a72-38c2-4815-ae0f-e03616fb079e/touch/perform] with body: {"startX":1400,"startY":1356,"endX":10,"endY":1356,"steps":6}
[debug] &amp#27;[35m[WD Proxy]&amp#27;[39m Got response with status 200: {"sessionId":"97357a72-38c2-4815-ae0f-e03616fb079e","value":null}
[debug] &amp#27;[35m[W3C (45710c49)]&amp#27;[39m Responding to client with driver.performTouch() result: null
&amp#27;[35m[HTTP]&amp#27;[39m &amp#27;[37m<-- POST /wd/hub/session/45710c49-6781-4b19-bd98-e9f2b7055747/touch/perform &amp#27;[39m&amp#27;[32m200&amp#27;[39m &amp#27;[90m938 ms - 14&amp#27;[39m
&amp#27;[35m[HTTP]&amp#27;[39m &amp#27;[90m&amp#27;[39m
2nd Widget Swipe Executed
swipeScreen() Method : dir: 'LEFT'
&amp#27;[35m[HTTP]&amp#27;[39m &amp#27;[37m-->&amp#27;[39m &amp#27;[37mGET&amp#27;[39m &amp#27;[37m/wd/hub/session/45710c49-6781-4b19-bd98-e9f2b7055747/window/rect&amp#27;[39m
&amp#27;[35m[HTTP]&amp#27;[39m &amp#27;[90m{}&amp#27;[39m
[debug] &amp#27;[35m[W3C (45710c49)]&amp#27;[39m Calling AppiumDriver.getWindowRect() with args: ["45710c49-6781-4b19-bd98-e9f2b7055747"]
[debug] &amp#27;[35m[WD Proxy]&amp#27;[39m Matched '/window/current/size' to command name 'getWindowSize'
[debug] &amp#27;[35m[WD Proxy]&amp#27;[39m Proxying [GET /window/current/size] to [GET http://127.0.0.1:8212/wd/hub/session/97357a72-38c2-4815-ae0f-e03616fb079e/window/current/size] with no body
[debug] &amp#27;[35m[WD Proxy]&amp#27;[39m Got response with status 200: {"sessionId":"97357a72-38c2-4815-ae0f-e03616fb079e","value":{"height":2712,"width":1440}}
[debug] &amp#27;[35m[W3C (45710c49)]&amp#27;[39m Responding to client with driver.getWindowRect() result: {"width":1440,"height":2712,"x":0,"y":0}
&amp#27;[35m[HTTP]&amp#27;[39m &amp#27;[37m<-- GET /wd/hub/session/45710c49-6781-4b19-bd98-e9f2b7055747/window/rect &amp#27;[39m&amp#27;[32m200&amp#27;[39m &amp#27;[90m14 ms - 50&amp#27;[39m
&amp#27;[35m[HTTP]&amp#27;[39m &amp#27;[90m&amp#27;[39m
The Screen Width is : 1440
&amp#27;[35m[HTTP]&amp#27;[39m &amp#27;[37m-->&amp#27;[39m &amp#27;[37mPOST&amp#27;[39m &amp#27;[37m/wd/hub/session/45710c49-6781-4b19-bd98-e9f2b7055747/touch/perform&amp#27;[39m
&amp#27;[35m[HTTP]&amp#27;[39m &amp#27;[90m{"actions":[{"action":"press","options":{"x":1400,"y":1356}},{"action":"wait","options":{"ms":200}},{"action":"moveTo","options":{"x":10,"y":1356}},{"action":"release","options":{}}]}&amp#27;[39m
[debug] &amp#27;[35m[W3C (45710c49)]&amp#27;[39m Calling AppiumDriver.performTouch() with args: [[{"action":"press","options":{"x":1400,"y":1356}},{"action":"wait","options":{"ms":200}},{"action":"moveTo","options":{"x":10,"y":1356}},{"action":"release","options":{}}],"45710c49-6781-4b19-bd98-e9f2b7055747"]
[debug] &amp#27;[35m[WD Proxy]&amp#27;[39m Matched '/touch/perform' to command name 'performTouch'
[debug] &amp#27;[35m[WD Proxy]&amp#27;[39m Proxying [POST /touch/perform] to [POST http://127.0.0.1:8212/wd/hub/session/97357a72-38c2-4815-ae0f-e03616fb079e/touch/perform] with body: {"startX":1400,"startY":1356,"endX":10,"endY":1356,"steps":6}
[debug] &amp#27;[35m[WD Proxy]&amp#27;[39m Got response with status 200: {"sessionId":"97357a72-38c2-4815-ae0f-e03616fb079e","value":null}
[debug] &amp#27;[35m[W3C (45710c49)]&amp#27;[39m Responding to client with driver.performTouch() result: null
&amp#27;[35m[HTTP]&amp#27;[39m &amp#27;[37m<-- POST /wd/hub/session/45710c49-6781-4b19-bd98-e9f2b7055747/touch/perform &amp#27;[39m&amp#27;[32m200&amp#27;[39m &amp#27;[90m1000 ms - 14&amp#27;[39m
&amp#27;[35m[HTTP]&amp#27;[39m &amp#27;[90m&amp#27;[39m
3rd Widget Swipe Executed
swipeScreen() Method : dir: 'LEFT'
&amp#27;[35m[HTTP]&amp#27;[39m &amp#27;[37m-->&amp#27;[39m &amp#27;[37mGET&amp#27;[39m &amp#27;[37m/wd/hub/session/45710c49-6781-4b19-bd98-e9f2b7055747/window/rect&amp#27;[39m
&amp#27;[35m[HTTP]&amp#27;[39m &amp#27;[90m{}&amp#27;[39m
[debug] &amp#27;[35m[W3C (45710c49)]&amp#27;[39m Calling AppiumDriver.getWindowRect() with args: ["45710c49-6781-4b19-bd98-e9f2b7055747"]
[debug] &amp#27;[35m[WD Proxy]&amp#27;[39m Matched '/window/current/size' to command name 'getWindowSize'
[debug] &amp#27;[35m[WD Proxy]&amp#27;[39m Proxying [GET /window/current/size] to [GET http://127.0.0.1:8212/wd/hub/session/97357a72-38c2-4815-ae0f-e03616fb079e/window/current/size] with no body
[debug] &amp#27;[35m[WD Proxy]&amp#27;[39m Got response with status 200: {"sessionId":"97357a72-38c2-4815-ae0f-e03616fb079e","value":{"height":2712,"width":1440}}
[debug] &amp#27;[35m[W3C (45710c49)]&amp#27;[39m Responding to client with driver.getWindowRect() result: {"width":1440,"height":2712,"x":0,"y":0}
&amp#27;[35m[HTTP]&amp#27;[39m &amp#27;[37m<-- GET /wd/hub/session/45710c49-6781-4b19-bd98-e9f2b7055747/window/rect &amp#27;[39m&amp#27;[32m200&amp#27;[39m &amp#27;[90m14 ms - 50&amp#27;[39m
&amp#27;[35m[HTTP]&amp#27;[39m &amp#27;[90m&amp#27;[39m
The Screen Width is : 1440
&amp#27;[35m[HTTP]&amp#27;[39m &amp#27;[37m-->&amp#27;[39m &amp#27;[37mPOST&amp#27;[39m &amp#27;[37m/wd/hub/session/45710c49-6781-4b19-bd98-e9f2b7055747/touch/perform&amp#27;[39m
&amp#27;[35m[HTTP]&amp#27;[39m &amp#27;[90m{"actions":[{"action":"press","options":{"x":1400,"y":1356}},{"action":"wait","options":{"ms":200}},{"action":"moveTo","options":{"x":10,"y":1356}},{"action":"release","options":{}}]}&amp#27;[39m
[debug] &amp#27;[35m[W3C (45710c49)]&amp#27;[39m Calling AppiumDriver.performTouch() with args: [[{"action":"press","options":{"x":1400,"y":1356}},{"action":"wait","options":{"ms":200}},{"action":"moveTo","options":{"x":10,"y":1356}},{"action":"release","options":{}}],"45710c49-6781-4b19-bd98-e9f2b7055747"]
[debug] &amp#27;[35m[WD Proxy]&amp#27;[39m Matched '/touch/perform' to command name 'performTouch'
[debug] &amp#27;[35m[WD Proxy]&amp#27;[39m Proxying [POST /touch/perform] to [POST http://127.0.0.1:8212/wd/hub/session/97357a72-38c2-4815-ae0f-e03616fb079e/touch/perform] with body: {"startX":1400,"startY":1356,"endX":10,"endY":1356,"steps":6}
[debug] &amp#27;[35m[WD Proxy]&amp#27;[39m Got response with status 200: {"sessionId":"97357a72-38c2-4815-ae0f-e03616fb079e","value":null}
[debug] &amp#27;[35m[W3C (45710c49)]&amp#27;[39m Responding to client with driver.performTouch() result: null
&amp#27;[35m[HTTP]&amp#27;[39m &amp#27;[37m<-- POST /wd/hub/session/45710c49-6781-4b19-bd98-e9f2b7055747/touch/perform &amp#27;[39m&amp#27;[32m200&amp#27;[39m &amp#27;[90m940 ms - 14&amp#27;[39m
&amp#27;[35m[HTTP]&amp#27;[39m &amp#27;[90m&amp#27;[39m
Last Swipe Executed
&amp#27;[35m[HTTP]&amp#27;[39m &amp#27;[37m-->&amp#27;[39m &amp#27;[37mGET&amp#27;[39m &amp#27;[37m/wd/hub/session/45710c49-6781-4b19-bd98-e9f2b7055747/context&amp#27;[39m
&amp#27;[35m[HTTP]&amp#27;[39m &amp#27;[90m{}&amp#27;[39m
[debug] &amp#27;[35m[W3C (45710c49)]&amp#27;[39m Calling AppiumDriver.getCurrentContext() with args: ["45710c49-6781-4b19-bd98-e9f2b7055747"]
[debug] &amp#27;[35m[W3C (45710c49)]&amp#27;[39m Responding to client with driver.getCurrentContext() result: "NATIVE_APP"
&amp#27;[35m[HTTP]&amp#27;[39m &amp#27;[37m<-- GET /wd/hub/session/45710c49-6781-4b19-bd98-e9f2b7055747/context &amp#27;[39m&amp#27;[32m200&amp#27;[39m &amp#27;[90m2 ms - 22&amp#27;[39m
&amp#27;[35m[HTTP]&amp#27;[39m &amp#27;[90m&amp#27;[39m
&amp#27;[35m[HTTP]&amp#27;[39m &amp#27;[37m-->&amp#27;[39m &amp#27;[37mPOST&amp#27;[39m &amp#27;[37m/wd/hub/session/45710c49-6781-4b19-bd98-e9f2b7055747/element&amp#27;[39m
&amp#27;[35m[HTTP]&amp#27;[39m &amp#27;[90m{"using":"xpath","value":"//android.widget.TextView[@text='Maybe later']"}&amp#27;[39m
[debug] &amp#27;[35m[W3C (45710c49)]&amp#27;[39m Calling AppiumDriver.findElement() with args: ["xpath","//android.widget.TextView[@text='Maybe later']","45710c49-6781-4b19-bd98-e9f2b7055747"]
[debug] &amp#27;[35m[BaseDriver]&amp#27;[39m Valid locator strategies for this request: xpath, id, class name, accessibility id, css selector, -android uiautomator
[debug] &amp#27;[35m[BaseDriver]&amp#27;[39m Waiting up to 15000 ms for condition
[debug] &amp#27;[35m[WD Proxy]&amp#27;[39m Matched '/element' to command name 'findElement'
[debug] &amp#27;[35m[WD Proxy]&amp#27;[39m Proxying [POST /element] to [POST http://127.0.0.1:8212/wd/hub/session/97357a72-38c2-4815-ae0f-e03616fb079e/element] with body: {"strategy":"xpath","selector":"//android.widget.TextView[@text='Maybe later']","context":"","multiple":false}
&amp#27;[35m[WD Proxy]&amp#27;[39m Got response with status 404: {"sessionId":"97357a72-38c2-4815-ae0f-e03616fb079e","value":{"error":"no such element","message":"An element could not be located on the page using the given search parameters","stacktrace":"io.appium.uiautomator2.common.exceptions.ElementNotFoundException: An element could not be located on the page using the given search parameters\n\tat io.appium.uiautomator2.handler.FindElement.findElement(FindElement.java:90)\n\tat io.appium.uiautomator2.handler.FindElement.safeHandle(FindElement.java:67)\n\tat io.appium.uiautomator2.handler.request.SafeRequestHandler.handle(SafeRequestHandler.java:59)\n\tat io.appium.uiautomator2.server.AppiumServlet.handleRequest(AppiumServlet.java:266)\n\tat io.appium.uiautomator2.server.AppiumServlet.handleHttpRequest(AppiumServlet.java:260)\n\tat io.appium.uiautomator2.http.ServerHandler.channelRead(ServerHandler.java:68)\n\tat io.netty.channel.AbstractChannelHandlerContext.invokeChannelRead(AbstractChannelHandlerContext.java:366)\n\tat io.netty.channel.AbstractChannelHandlerCont...
[debug] &amp#27;[35m[W3C]&amp#27;[39m Matched W3C error code 'no such element' to NoSuchElementError
[debug] &amp#27;[35m[BaseDriver]&amp#27;[39m Waited for 427 ms so far
[debug] &amp#27;[35m[WD Proxy]&amp#27;[39m Matched '/element' to command name 'findElement'
[debug] &amp#27;[35m[WD Proxy]&amp#27;[39m Proxying [POST /element] to [POST http://127.0.0.1:8212/wd/hub/session/97357a72-38c2-4815-ae0f-e03616fb079e/element] with body: {"strategy":"xpath","selector":"//android.widget.TextView[@text='Maybe later']","context":"","multiple":false}
&amp#27;[35m[WD Proxy]&amp#27;[39m Got response with status 404: {"sessionId":"97357a72-38c2-4815-ae0f-e03616fb079e","value":{"error":"no such element","message":"An element could not be located on the page using the given search parameters","stacktrace":"io.appium.uiautomator2.common.exceptions.ElementNotFoundException: An element could not be located on the page using the given search parameters\n\tat io.appium.uiautomator2.handler.FindElement.findElement(FindElement.java:90)\n\tat io.appium.uiautomator2.handler.FindElement.safeHandle(FindElement.java:67)\n\tat io.appium.uiautomator2.handler.request.SafeRequestHandler.handle(SafeRequestHandler.java:59)\n\tat io.appium.uiautomator2.server.AppiumServlet.handleRequest(AppiumServlet.java:266)\n\tat io.appium.uiautomator2.server.AppiumServlet.handleHttpRequest(AppiumServlet.java:260)\n\tat io.appium.uiautomator2.http.ServerHandler.channelRead(ServerHandler.java:68)\n\tat io.netty.channel.AbstractChannelHandlerContext.invokeChannelRead(AbstractChannelHandlerContext.java:366)\n\tat io.netty.channel.AbstractChannelHandlerCont...
[debug] &amp#27;[35m[W3C]&amp#27;[39m Matched W3C error code 'no such element' to NoSuchElementError
[debug] &amp#27;[35m[BaseDriver]&amp#27;[39m Waited for 1020 ms so far
[debug] &amp#27;[35m[WD Proxy]&amp#27;[39m Matched '/element' to command name 'findElement'
[debug] &amp#27;[35m[WD Proxy]&amp#27;[39m Proxying [POST /element] to [POST http://127.0.0.1:8212/wd/hub/session/97357a72-38c2-4815-ae0f-e03616fb079e/element] with body: {"strategy":"xpath","selector":"//android.widget.TextView[@text='Maybe later']","context":"","multiple":false}
&amp#27;[35m[WD Proxy]&amp#27;[39m Got response with status 404: {"sessionId":"97357a72-38c2-4815-ae0f-e03616fb079e","value":{"error":"no such element","message":"An element could not be located on the page using the given search parameters","stacktrace":"io.appium.uiautomator2.common.exceptions.ElementNotFoundException: An element could not be located on the page using the given search parameters\n\tat io.appium.uiautomator2.handler.FindElement.findElement(FindElement.java:90)\n\tat io.appium.uiautomator2.handler.FindElement.safeHandle(FindElement.java:67)\n\tat io.appium.uiautomator2.handler.request.SafeRequestHandler.handle(SafeRequestHandler.java:59)\n\tat io.appium.uiautomator2.server.AppiumServlet.handleRequest(AppiumServlet.java:266)\n\tat io.appium.uiautomator2.server.AppiumServlet.handleHttpRequest(AppiumServlet.java:260)\n\tat io.appium.uiautomator2.http.ServerHandler.channelRead(ServerHandler.java:68)\n\tat io.netty.channel.AbstractChannelHandlerContext.invokeChannelRead(AbstractChannelHandlerContext.java:366)\n\tat io.netty.channel.AbstractChannelHandlerCont...
[debug] &amp#27;[35m[W3C]&amp#27;[39m Matched W3C error code 'no such element' to NoSuchElementError
[debug] &amp#27;[35m[BaseDriver]&amp#27;[39m Waited for 1595 ms so far
[debug] &amp#27;[35m[WD Proxy]&amp#27;[39m Matched '/element' to command name 'findElement'
[debug] &amp#27;[35m[WD Proxy]&amp#27;[39m Proxying [POST /element] to [POST http://127.0.0.1:8212/wd/hub/session/97357a72-38c2-4815-ae0f-e03616fb079e/element] with body: {"strategy":"xpath","selector":"//android.widget.TextView[@text='Maybe later']","context":"","multiple":false}
&amp#27;[35m[WD Proxy]&amp#27;[39m Got response with status 404: {"sessionId":"97357a72-38c2-4815-ae0f-e03616fb079e","value":{"error":"no such element","message":"An element could not be located on the page using the given search parameters","stacktrace":"io.appium.uiautomator2.common.exceptions.ElementNotFoundException: An element could not be located on the page using the given search parameters\n\tat io.appium.uiautomator2.handler.FindElement.findElement(FindElement.java:90)\n\tat io.appium.uiautomator2.handler.FindElement.safeHandle(FindElement.java:67)\n\tat io.appium.uiautomator2.handler.request.SafeRequestHandler.handle(SafeRequestHandler.java:59)\n\tat io.appium.uiautomator2.server.AppiumServlet.handleRequest(AppiumServlet.java:266)\n\tat io.appium.uiautomator2.server.AppiumServlet.handleHttpRequest(AppiumServlet.java:260)\n\tat io.appium.uiautomator2.http.ServerHandler.channelRead(ServerHandler.java:68)\n\tat io.netty.channel.AbstractChannelHandlerContext.invokeChannelRead(AbstractChannelHandlerContext.java:366)\n\tat io.netty.channel.AbstractChannelHandlerCont...
[debug] &amp#27;[35m[W3C]&amp#27;[39m Matched W3C error code 'no such element' to NoSuchElementError
[debug] &amp#27;[35m[BaseDriver]&amp#27;[39m Waited for 2178 ms so far
[debug] &amp#27;[35m[WD Proxy]&amp#27;[39m Matched '/element' to command name 'findElement'
[debug] &amp#27;[35m[WD Proxy]&amp#27;[39m Proxying [POST /element] to [POST http://127.0.0.1:8212/wd/hub/session/97357a72-38c2-4815-ae0f-e03616fb079e/element] with body: {"strategy":"xpath","selector":"//android.widget.TextView[@text='Maybe later']","context":"","multiple":false}
&amp#27;[35m[WD Proxy]&amp#27;[39m Got response with status 404: {"sessionId":"97357a72-38c2-4815-ae0f-e03616fb079e","value":{"error":"no such element","message":"An element could not be located on the page using the given search parameters","stacktrace":"io.appium.uiautomator2.common.exceptions.ElementNotFoundException: An element could not be located on the page using the given search parameters\n\tat io.appium.uiautomator2.handler.FindElement.findElement(FindElement.java:90)\n\tat io.appium.uiautomator2.handler.FindElement.safeHandle(FindElement.java:67)\n\tat io.appium.uiautomator2.handler.request.SafeRequestHandler.handle(SafeRequestHandler.java:59)\n\tat io.appium.uiautomator2.server.AppiumServlet.handleRequest(AppiumServlet.java:266)\n\tat io.appium.uiautomator2.server.AppiumServlet.handleHttpRequest(AppiumServlet.java:260)\n\tat io.appium.uiautomator2.http.ServerHandler.channelRead(ServerHandler.java:68)\n\tat io.netty.channel.AbstractChannelHandlerContext.invokeChannelRead(AbstractChannelHandlerContext.java:366)\n\tat io.netty.channel.AbstractChannelHandlerCont...
[debug] &amp#27;[35m[W3C]&amp#27;[39m Matched W3C error code 'no such element' to NoSuchElementError
[debug] &amp#27;[35m[BaseDriver]&amp#27;[39m Waited for 2767 ms so far
[debug] &amp#27;[35m[WD Proxy]&amp#27;[39m Matched '/element' to command name 'findElement'
[debug] &amp#27;[35m[WD Proxy]&amp#27;[39m Proxying [POST /element] to [POST http://127.0.0.1:8212/wd/hub/session/97357a72-38c2-4815-ae0f-e03616fb079e/element] with body: {"strategy":"xpath","selector":"//android.widget.TextView[@text='Maybe later']","context":"","multiple":false}
&amp#27;[35m[WD Proxy]&amp#27;[39m Got response with status 404: {"sessionId":"97357a72-38c2-4815-ae0f-e03616fb079e","value":{"error":"no such element","message":"An element could not be located on the page using the given search parameters","stacktrace":"io.appium.uiautomator2.common.exceptions.ElementNotFoundException: An element could not be located on the page using the given search parameters\n\tat io.appium.uiautomator2.handler.FindElement.findElement(FindElement.java:90)\n\tat io.appium.uiautomator2.handler.FindElement.safeHandle(FindElement.java:67)\n\tat io.appium.uiautomator2.handler.request.SafeRequestHandler.handle(SafeRequestHandler.java:59)\n\tat io.appium.uiautomator2.server.AppiumServlet.handleRequest(AppiumServlet.java:266)\n\tat io.appium.uiautomator2.server.AppiumServlet.handleHttpRequest(AppiumServlet.java:260)\n\tat io.appium.uiautomator2.http.ServerHandler.channelRead(ServerHandler.java:68)\n\tat io.netty.channel.AbstractChannelHandlerContext.invokeChannelRead(AbstractChannelHandlerContext.java:366)\n\tat io.netty.channel.AbstractChannelHandlerCont...
[debug] &amp#27;[35m[W3C]&amp#27;[39m Matched W3C error code 'no such element' to NoSuchElementError
[debug] &amp#27;[35m[BaseDriver]&amp#27;[39m Waited for 3334 ms so far
[debug] &amp#27;[35m[WD Proxy]&amp#27;[39m Matched '/element' to command name 'findElement'
[debug] &amp#27;[35m[WD Proxy]&amp#27;[39m Proxying [POST /element] to [POST http://127.0.0.1:8212/wd/hub/session/97357a72-38c2-4815-ae0f-e03616fb079e/element] with body: {"strategy":"xpath","selector":"//android.widget.TextView[@text='Maybe later']","context":"","multiple":false}
&amp#27;[35m[WD Proxy]&amp#27;[39m Got response with status 404: {"sessionId":"97357a72-38c2-4815-ae0f-e03616fb079e","value":{"error":"no such element","message":"An element could not be located on the page using the given search parameters","stacktrace":"io.appium.uiautomator2.common.exceptions.ElementNotFoundException: An element could not be located on the page using the given search parameters\n\tat io.appium.uiautomator2.handler.FindElement.findElement(FindElement.java:90)\n\tat io.appium.uiautomator2.handler.FindElement.safeHandle(FindElement.java:67)\n\tat io.appium.uiautomator2.handler.request.SafeRequestHandler.handle(SafeRequestHandler.java:59)\n\tat io.appium.uiautomator2.server.AppiumServlet.handleRequest(AppiumServlet.java:266)\n\tat io.appium.uiautomator2.server.AppiumServlet.handleHttpRequest(AppiumServlet.java:260)\n\tat io.appium.uiautomator2.http.ServerHandler.channelRead(ServerHandler.java:68)\n\tat io.netty.channel.AbstractChannelHandlerContext.invokeChannelRead(AbstractChannelHandlerContext.java:366)\n\tat io.netty.channel.AbstractChannelHandlerCont...
[debug] &amp#27;[35m[W3C]&amp#27;[39m Matched W3C error code 'no such element' to NoSuchElementError
[debug] &amp#27;[35m[BaseDriver]&amp#27;[39m Waited for 3912 ms so far
[debug] &amp#27;[35m[WD Proxy]&amp#27;[39m Matched '/element' to command name 'findElement'
[debug] &amp#27;[35m[WD Proxy]&amp#27;[39m Proxying [POST /element] to [POST http://127.0.0.1:8212/wd/hub/session/97357a72-38c2-4815-ae0f-e03616fb079e/element] with body: {"strategy":"xpath","selector":"//android.widget.TextView[@text='Maybe later']","context":"","multiple":false}
&amp#27;[35m[WD Proxy]&amp#27;[39m Got response with status 404: {"sessionId":"97357a72-38c2-4815-ae0f-e03616fb079e","value":{"error":"no such element","message":"An element could not be located on the page using the given search parameters","stacktrace":"io.appium.uiautomator2.common.exceptions.ElementNotFoundException: An element could not be located on the page using the given search parameters\n\tat io.appium.uiautomator2.handler.FindElement.findElement(FindElement.java:90)\n\tat io.appium.uiautomator2.handler.FindElement.safeHandle(FindElement.java:67)\n\tat io.appium.uiautomator2.handler.request.SafeRequestHandler.handle(SafeRequestHandler.java:59)\n\tat io.appium.uiautomator2.server.AppiumServlet.handleRequest(AppiumServlet.java:266)\n\tat io.appium.uiautomator2.server.AppiumServlet.handleHttpRequest(AppiumServlet.java:260)\n\tat io.appium.uiautomator2.http.ServerHandler.channelRead(ServerHandler.java:68)\n\tat io.netty.channel.AbstractChannelHandlerContext.invokeChannelRead(AbstractChannelHandlerContext.java:366)\n\tat io.netty.channel.AbstractChannelHandlerCont...
[debug] &amp#27;[35m[W3C]&amp#27;[39m Matched W3C error code 'no such element' to NoSuchElementError
[debug] &amp#27;[35m[BaseDriver]&amp#27;[39m Waited for 4484 ms so far
[debug] &amp#27;[35m[WD Proxy]&amp#27;[39m Matched '/element' to command name 'findElement'
[debug] &amp#27;[35m[WD Proxy]&amp#27;[39m Proxying [POST /element] to [POST http://127.0.0.1:8212/wd/hub/session/97357a72-38c2-4815-ae0f-e03616fb079e/element] with body: {"strategy":"xpath","selector":"//android.widget.TextView[@text='Maybe later']","context":"","multiple":false}
&amp#27;[35m[WD Proxy]&amp#27;[39m Got response with status 404: {"sessionId":"97357a72-38c2-4815-ae0f-e03616fb079e","value":{"error":"no such element","message":"An element could not be located on the page using the given search parameters","stacktrace":"io.appium.uiautomator2.common.exceptions.ElementNotFoundException: An element could not be located on the page using the given search parameters\n\tat io.appium.uiautomator2.handler.FindElement.findElement(FindElement.java:90)\n\tat io.appium.uiautomator2.handler.FindElement.safeHandle(FindElement.java:67)\n\tat io.appium.uiautomator2.handler.request.SafeRequestHandler.handle(SafeRequestHandler.java:59)\n\tat io.appium.uiautomator2.server.AppiumServlet.handleRequest(AppiumServlet.java:266)\n\tat io.appium.uiautomator2.server.AppiumServlet.handleHttpRequest(AppiumServlet.java:260)\n\tat io.appium.uiautomator2.http.ServerHandler.channelRead(ServerHandler.java:68)\n\tat io.netty.channel.AbstractChannelHandlerContext.invokeChannelRead(AbstractChannelHandlerContext.java:366)\n\tat io.netty.channel.AbstractChannelHandlerCont...
[debug] &amp#27;[35m[W3C]&amp#27;[39m Matched W3C error code 'no such element' to NoSuchElementError
[debug] &amp#27;[35m[BaseDriver]&amp#27;[39m Waited for 5077 ms so far
[debug] &amp#27;[35m[WD Proxy]&amp#27;[39m Matched '/element' to command name 'findElement'
[debug] &amp#27;[35m[WD Proxy]&amp#27;[39m Proxying [POST /element] to [POST http://127.0.0.1:8212/wd/hub/session/97357a72-38c2-4815-ae0f-e03616fb079e/element] with body: {"strategy":"xpath","selector":"//android.widget.TextView[@text='Maybe later']","context":"","multiple":false}
&amp#27;[35m[WD Proxy]&amp#27;[39m Got response with status 404: {"sessionId":"97357a72-38c2-4815-ae0f-e03616fb079e","value":{"error":"no such element","message":"An element could not be located on the page using the given search parameters","stacktrace":"io.appium.uiautomator2.common.exceptions.ElementNotFoundException: An element could not be located on the page using the given search parameters\n\tat io.appium.uiautomator2.handler.FindElement.findElement(FindElement.java:90)\n\tat io.appium.uiautomator2.handler.FindElement.safeHandle(FindElement.java:67)\n\tat io.appium.uiautomator2.handler.request.SafeRequestHandler.handle(SafeRequestHandler.java:59)\n\tat io.appium.uiautomator2.server.AppiumServlet.handleRequest(AppiumServlet.java:266)\n\tat io.appium.uiautomator2.server.AppiumServlet.handleHttpRequest(AppiumServlet.java:260)\n\tat io.appium.uiautomator2.http.ServerHandler.channelRead(ServerHandler.java:68)\n\tat io.netty.channel.AbstractChannelHandlerContext.invokeChannelRead(AbstractChannelHandlerContext.java:366)\n\tat io.netty.channel.AbstractChannelHandlerCont...
[debug] &amp#27;[35m[W3C]&amp#27;[39m Matched W3C error code 'no such element' to NoSuchElementError
[debug] &amp#27;[35m[BaseDriver]&amp#27;[39m Waited for 5637 ms so far
[debug] &amp#27;[35m[WD Proxy]&amp#27;[39m Matched '/element' to command name 'findElement'
[debug] &amp#27;[35m[WD Proxy]&amp#27;[39m Proxying [POST /element] to [POST http://127.0.0.1:8212/wd/hub/session/97357a72-38c2-4815-ae0f-e03616fb079e/element] with body: {"strategy":"xpath","selector":"//android.widget.TextView[@text='Maybe later']","context":"","multiple":false}
&amp#27;[35m[WD Proxy]&amp#27;[39m Got response with status 404: {"sessionId":"97357a72-38c2-4815-ae0f-e03616fb079e","value":{"error":"no such element","message":"An element could not be located on the page using the given search parameters","stacktrace":"io.appium.uiautomator2.common.exceptions.ElementNotFoundException: An element could not be located on the page using the given search parameters\n\tat io.appium.uiautomator2.handler.FindElement.findElement(FindElement.java:90)\n\tat io.appium.uiautomator2.handler.FindElement.safeHandle(FindElement.java:67)\n\tat io.appium.uiautomator2.handler.request.SafeRequestHandler.handle(SafeRequestHandler.java:59)\n\tat io.appium.uiautomator2.server.AppiumServlet.handleRequest(AppiumServlet.java:266)\n\tat io.appium.uiautomator2.server.AppiumServlet.handleHttpRequest(AppiumServlet.java:260)\n\tat io.appium.uiautomator2.http.ServerHandler.channelRead(ServerHandler.java:68)\n\tat io.netty.channel.AbstractChannelHandlerContext.invokeChannelRead(AbstractChannelHandlerContext.java:366)\n\tat io.netty.channel.AbstractChannelHandlerCont...
[debug] &amp#27;[35m[W3C]&amp#27;[39m Matched W3C error code 'no such element' to NoSuchElementError
[debug] &amp#27;[35m[BaseDriver]&amp#27;[39m Waited for 6222 ms so far
[debug] &amp#27;[35m[WD Proxy]&amp#27;[39m Matched '/element' to command name 'findElement'
[debug] &amp#27;[35m[WD Proxy]&amp#27;[39m Proxying [POST /element] to [POST http://127.0.0.1:8212/wd/hub/session/97357a72-38c2-4815-ae0f-e03616fb079e/element] with body: {"strategy":"xpath","selector":"//android.widget.TextView[@text='Maybe later']","context":"","multiple":false}
&amp#27;[35m[WD Proxy]&amp#27;[39m Got response with status 404: {"sessionId":"97357a72-38c2-4815-ae0f-e03616fb079e","value":{"error":"no such element","message":"An element could not be located on the page using the given search parameters","stacktrace":"io.appium.uiautomator2.common.exceptions.ElementNotFoundException: An element could not be located on the page using the given search parameters\n\tat io.appium.uiautomator2.handler.FindElement.findElement(FindElement.java:90)\n\tat io.appium.uiautomator2.handler.FindElement.safeHandle(FindElement.java:67)\n\tat io.appium.uiautomator2.handler.request.SafeRequestHandler.handle(SafeRequestHandler.java:59)\n\tat io.appium.uiautomator2.server.AppiumServlet.handleRequest(AppiumServlet.java:266)\n\tat io.appium.uiautomator2.server.AppiumServlet.handleHttpRequest(AppiumServlet.java:260)\n\tat io.appium.uiautomator2.http.ServerHandler.channelRead(ServerHandler.java:68)\n\tat io.netty.channel.AbstractChannelHandlerContext.invokeChannelRead(AbstractChannelHandlerContext.java:366)\n\tat io.netty.channel.AbstractChannelHandlerCont...
[debug] &amp#27;[35m[W3C]&amp#27;[39m Matched W3C error code 'no such element' to NoSuchElementError
[debug] &amp#27;[35m[BaseDriver]&amp#27;[39m Waited for 6795 ms so far
[debug] &amp#27;[35m[WD Proxy]&amp#27;[39m Matched '/element' to command name 'findElement'
[debug] &amp#27;[35m[WD Proxy]&amp#27;[39m Proxying [POST /element] to [POST http://127.0.0.1:8212/wd/hub/session/97357a72-38c2-4815-ae0f-e03616fb079e/element] with body: {"strategy":"xpath","selector":"//android.widget.TextView[@text='Maybe later']","context":"","multiple":false}
&amp#27;[35m[WD Proxy]&amp#27;[39m Got response with status 404: {"sessionId":"97357a72-38c2-4815-ae0f-e03616fb079e","value":{"error":"no such element","message":"An element could not be located on the page using the given search parameters","stacktrace":"io.appium.uiautomator2.common.exceptions.ElementNotFoundException: An element could not be located on the page using the given search parameters\n\tat io.appium.uiautomator2.handler.FindElement.findElement(FindElement.java:90)\n\tat io.appium.uiautomator2.handler.FindElement.safeHandle(FindElement.java:67)\n\tat io.appium.uiautomator2.handler.request.SafeRequestHandler.handle(SafeRequestHandler.java:59)\n\tat io.appium.uiautomator2.server.AppiumServlet.handleRequest(AppiumServlet.java:266)\n\tat io.appium.uiautomator2.server.AppiumServlet.handleHttpRequest(AppiumServlet.java:260)\n\tat io.appium.uiautomator2.http.ServerHandler.channelRead(ServerHandler.java:68)\n\tat io.netty.channel.AbstractChannelHandlerContext.invokeChannelRead(AbstractChannelHandlerContext.java:366)\n\tat io.netty.channel.AbstractChannelHandlerCont...
[debug] &amp#27;[35m[W3C]&amp#27;[39m Matched W3C error code 'no such element' to NoSuchElementError
[debug] &amp#27;[35m[BaseDriver]&amp#27;[39m Waited for 7365 ms so far
[debug] &amp#27;[35m[WD Proxy]&amp#27;[39m Matched '/element' to command name 'findElement'
[debug] &amp#27;[35m[WD Proxy]&amp#27;[39m Proxying [POST /element] to [POST http://127.0.0.1:8212/wd/hub/session/97357a72-38c2-4815-ae0f-e03616fb079e/element] with body: {"strategy":"xpath","selector":"//android.widget.TextView[@text='Maybe later']","context":"","multiple":false}
&amp#27;[35m[WD Proxy]&amp#27;[39m Got response with status 404: {"sessionId":"97357a72-38c2-4815-ae0f-e03616fb079e","value":{"error":"no such element","message":"An element could not be located on the page using the given search parameters","stacktrace":"io.appium.uiautomator2.common.exceptions.ElementNotFoundException: An element could not be located on the page using the given search parameters\n\tat io.appium.uiautomator2.handler.FindElement.findElement(FindElement.java:90)\n\tat io.appium.uiautomator2.handler.FindElement.safeHandle(FindElement.java:67)\n\tat io.appium.uiautomator2.handler.request.SafeRequestHandler.handle(SafeRequestHandler.java:59)\n\tat io.appium.uiautomator2.server.AppiumServlet.handleRequest(AppiumServlet.java:266)\n\tat io.appium.uiautomator2.server.AppiumServlet.handleHttpRequest(AppiumServlet.java:260)\n\tat io.appium.uiautomator2.http.ServerHandler.channelRead(ServerHandler.java:68)\n\tat io.netty.channel.AbstractChannelHandlerContext.invokeChannelRead(AbstractChannelHandlerContext.java:366)\n\tat io.netty.channel.AbstractChannelHandlerCont...
[debug] &amp#27;[35m[W3C]&amp#27;[39m Matched W3C error code 'no such element' to NoSuchElementError
[debug] &amp#27;[35m[BaseDriver]&amp#27;[39m Waited for 7945 ms so far
[debug] &amp#27;[35m[WD Proxy]&amp#27;[39m Matched '/element' to command name 'findElement'
[debug] &amp#27;[35m[WD Proxy]&amp#27;[39m Proxying [POST /element] to [POST http://127.0.0.1:8212/wd/hub/session/97357a72-38c2-4815-ae0f-e03616fb079e/element] with body: {"strategy":"xpath","selector":"//android.widget.TextView[@text='Maybe later']","context":"","multiple":false}
&amp#27;[35m[WD Proxy]&amp#27;[39m Got response with status 404: {"sessionId":"97357a72-38c2-4815-ae0f-e03616fb079e","value":{"error":"no such element","message":"An element could not be located on the page using the given search parameters","stacktrace":"io.appium.uiautomator2.common.exceptions.ElementNotFoundException: An element could not be located on the page using the given search parameters\n\tat io.appium.uiautomator2.handler.FindElement.findElement(FindElement.java:90)\n\tat io.appium.uiautomator2.handler.FindElement.safeHandle(FindElement.java:67)\n\tat io.appium.uiautomator2.handler.request.SafeRequestHandler.handle(SafeRequestHandler.java:59)\n\tat io.appium.uiautomator2.server.AppiumServlet.handleRequest(AppiumServlet.java:266)\n\tat io.appium.uiautomator2.server.AppiumServlet.handleHttpRequest(AppiumServlet.java:260)\n\tat io.appium.uiautomator2.http.ServerHandler.channelRead(ServerHandler.java:68)\n\tat io.netty.channel.AbstractChannelHandlerContext.invokeChannelRead(AbstractChannelHandlerContext.java:366)\n\tat io.netty.channel.AbstractChannelHandlerCont...
[debug] &amp#27;[35m[W3C]&amp#27;[39m Matched W3C error code 'no such element' to NoSuchElementError
[debug] &amp#27;[35m[BaseDriver]&amp#27;[39m Waited for 8504 ms so far
[debug] &amp#27;[35m[WD Proxy]&amp#27;[39m Matched '/element' to command name 'findElement'
[debug] &amp#27;[35m[WD Proxy]&amp#27;[39m Proxying [POST /element] to [POST http://127.0.0.1:8212/wd/hub/session/97357a72-38c2-4815-ae0f-e03616fb079e/element] with body: {"strategy":"xpath","selector":"//android.widget.TextView[@text='Maybe later']","context":"","multiple":false}
&amp#27;[35m[WD Proxy]&amp#27;[39m Got response with status 404: {"sessionId":"97357a72-38c2-4815-ae0f-e03616fb079e","value":{"error":"no such element","message":"An element could not be located on the page using the given search parameters","stacktrace":"io.appium.uiautomator2.common.exceptions.ElementNotFoundException: An element could not be located on the page using the given search parameters\n\tat io.appium.uiautomator2.handler.FindElement.findElement(FindElement.java:90)\n\tat io.appium.uiautomator2.handler.FindElement.safeHandle(FindElement.java:67)\n\tat io.appium.uiautomator2.handler.request.SafeRequestHandler.handle(SafeRequestHandler.java:59)\n\tat io.appium.uiautomator2.server.AppiumServlet.handleRequest(AppiumServlet.java:266)\n\tat io.appium.uiautomator2.server.AppiumServlet.handleHttpRequest(AppiumServlet.java:260)\n\tat io.appium.uiautomator2.http.ServerHandler.channelRead(ServerHandler.java:68)\n\tat io.netty.channel.AbstractChannelHandlerContext.invokeChannelRead(AbstractChannelHandlerContext.java:366)\n\tat io.netty.channel.AbstractChannelHandlerCont...
[debug] &amp#27;[35m[W3C]&amp#27;[39m Matched W3C error code 'no such element' to NoSuchElementError
[debug] &amp#27;[35m[BaseDriver]&amp#27;[39m Waited for 9091 ms so far
[debug] &amp#27;[35m[WD Proxy]&amp#27;[39m Matched '/element' to command name 'findElement'
[debug] &amp#27;[35m[WD Proxy]&amp#27;[39m Proxying [POST /element] to [POST http://127.0.0.1:8212/wd/hub/session/97357a72-38c2-4815-ae0f-e03616fb079e/element] with body: {"strategy":"xpath","selector":"//android.widget.TextView[@text='Maybe later']","context":"","multiple":false}
&amp#27;[35m[WD Proxy]&amp#27;[39m Got response with status 404: {"sessionId":"97357a72-38c2-4815-ae0f-e03616fb079e","value":{"error":"no such element","message":"An element could not be located on the page using the given search parameters","stacktrace":"io.appium.uiautomator2.common.exceptions.ElementNotFoundException: An element could not be located on the page using the given search parameters\n\tat io.appium.uiautomator2.handler.FindElement.findElement(FindElement.java:90)\n\tat io.appium.uiautomator2.handler.FindElement.safeHandle(FindElement.java:67)\n\tat io.appium.uiautomator2.handler.request.SafeRequestHandler.handle(SafeRequestHandler.java:59)\n\tat io.appium.uiautomator2.server.AppiumServlet.handleRequest(AppiumServlet.java:266)\n\tat io.appium.uiautomator2.server.AppiumServlet.handleHttpRequest(AppiumServlet.java:260)\n\tat io.appium.uiautomator2.http.ServerHandler.channelRead(ServerHandler.java:68)\n\tat io.netty.channel.AbstractChannelHandlerContext.invokeChannelRead(AbstractChannelHandlerContext.java:366)\n\tat io.netty.channel.AbstractChannelHandlerCont...
[debug] &amp#27;[35m[W3C]&amp#27;[39m Matched W3C error code 'no such element' to NoSuchElementError
[debug] &amp#27;[35m[BaseDriver]&amp#27;[39m Waited for 9665 ms so far
[debug] &amp#27;[35m[WD Proxy]&amp#27;[39m Matched '/element' to command name 'findElement'
[debug] &amp#27;[35m[WD Proxy]&amp#27;[39m Proxying [POST /element] to [POST http://127.0.0.1:8212/wd/hub/session/97357a72-38c2-4815-ae0f-e03616fb079e/element] with body: {"strategy":"xpath","selector":"//android.widget.TextView[@text='Maybe later']","context":"","multiple":false}
&amp#27;[35m[WD Proxy]&amp#27;[39m Got response with status 404: {"sessionId":"97357a72-38c2-4815-ae0f-e03616fb079e","value":{"error":"no such element","message":"An element could not be located on the page using the given search parameters","stacktrace":"io.appium.uiautomator2.common.exceptions.ElementNotFoundException: An element could not be located on the page using the given search parameters\n\tat io.appium.uiautomator2.handler.FindElement.findElement(FindElement.java:90)\n\tat io.appium.uiautomator2.handler.FindElement.safeHandle(FindElement.java:67)\n\tat io.appium.uiautomator2.handler.request.SafeRequestHandler.handle(SafeRequestHandler.java:59)\n\tat io.appium.uiautomator2.server.AppiumServlet.handleRequest(AppiumServlet.java:266)\n\tat io.appium.uiautomator2.server.AppiumServlet.handleHttpRequest(AppiumServlet.java:260)\n\tat io.appium.uiautomator2.http.ServerHandler.channelRead(ServerHandler.java:68)\n\tat io.netty.channel.AbstractChannelHandlerContext.invokeChannelRead(AbstractChannelHandlerContext.java:366)\n\tat io.netty.channel.AbstractChannelHandlerCont...
[debug] &amp#27;[35m[W3C]&amp#27;[39m Matched W3C error code 'no such element' to NoSuchElementError
[debug] &amp#27;[35m[BaseDriver]&amp#27;[39m Waited for 10253 ms so far
[debug] &amp#27;[35m[WD Proxy]&amp#27;[39m Matched '/element' to command name 'findElement'
[debug] &amp#27;[35m[WD Proxy]&amp#27;[39m Proxying [POST /element] to [POST http://127.0.0.1:8212/wd/hub/session/97357a72-38c2-4815-ae0f-e03616fb079e/element] with body: {"strategy":"xpath","selector":"//android.widget.TextView[@text='Maybe later']","context":"","multiple":false}
&amp#27;[35m[WD Proxy]&amp#27;[39m Got response with status 404: {"sessionId":"97357a72-38c2-4815-ae0f-e03616fb079e","value":{"error":"no such element","message":"An element could not be located on the page using the given search parameters","stacktrace":"io.appium.uiautomator2.common.exceptions.ElementNotFoundException: An element could not be located on the page using the given search parameters\n\tat io.appium.uiautomator2.handler.FindElement.findElement(FindElement.java:90)\n\tat io.appium.uiautomator2.handler.FindElement.safeHandle(FindElement.java:67)\n\tat io.appium.uiautomator2.handler.request.SafeRequestHandler.handle(SafeRequestHandler.java:59)\n\tat io.appium.uiautomator2.server.AppiumServlet.handleRequest(AppiumServlet.java:266)\n\tat io.appium.uiautomator2.server.AppiumServlet.handleHttpRequest(AppiumServlet.java:260)\n\tat io.appium.uiautomator2.http.ServerHandler.channelRead(ServerHandler.java:68)\n\tat io.netty.channel.AbstractChannelHandlerContext.invokeChannelRead(AbstractChannelHandlerContext.java:366)\n\tat io.netty.channel.AbstractChannelHandlerCont...
[debug] &amp#27;[35m[W3C]&amp#27;[39m Matched W3C error code 'no such element' to NoSuchElementError
[debug] &amp#27;[35m[BaseDriver]&amp#27;[39m Waited for 10824 ms so far
[debug] &amp#27;[35m[WD Proxy]&amp#27;[39m Matched '/element' to command name 'findElement'
[debug] &amp#27;[35m[WD Proxy]&amp#27;[39m Proxying [POST /element] to [POST http://127.0.0.1:8212/wd/hub/session/97357a72-38c2-4815-ae0f-e03616fb079e/element] with body: {"strategy":"xpath","selector":"//android.widget.TextView[@text='Maybe later']","context":"","multiple":false}
&amp#27;[35m[WD Proxy]&amp#27;[39m Got response with status 404: {"sessionId":"97357a72-38c2-4815-ae0f-e03616fb079e","value":{"error":"no such element","message":"An element could not be located on the page using the given search parameters","stacktrace":"io.appium.uiautomator2.common.exceptions.ElementNotFoundException: An element could not be located on the page using the given search parameters\n\tat io.appium.uiautomator2.handler.FindElement.findElement(FindElement.java:90)\n\tat io.appium.uiautomator2.handler.FindElement.safeHandle(FindElement.java:67)\n\tat io.appium.uiautomator2.handler.request.SafeRequestHandler.handle(SafeRequestHandler.java:59)\n\tat io.appium.uiautomator2.server.AppiumServlet.handleRequest(AppiumServlet.java:266)\n\tat io.appium.uiautomator2.server.AppiumServlet.handleHttpRequest(AppiumServlet.java:260)\n\tat io.appium.uiautomator2.http.ServerHandler.channelRead(ServerHandler.java:68)\n\tat io.netty.channel.AbstractChannelHandlerContext.invokeChannelRead(AbstractChannelHandlerContext.java:366)\n\tat io.netty.channel.AbstractChannelHandlerCont...
[debug] &amp#27;[35m[W3C]&amp#27;[39m Matched W3C error code 'no such element' to NoSuchElementError
[debug] &amp#27;[35m[BaseDriver]&amp#27;[39m Waited for 11397 ms so far
[debug] &amp#27;[35m[WD Proxy]&amp#27;[39m Matched '/element' to command name 'findElement'
[debug] &amp#27;[35m[WD Proxy]&amp#27;[39m Proxying [POST /element] to [POST http://127.0.0.1:8212/wd/hub/session/97357a72-38c2-4815-ae0f-e03616fb079e/element] with body: {"strategy":"xpath","selector":"//android.widget.TextView[@text='Maybe later']","context":"","multiple":false}
&amp#27;[35m[WD Proxy]&amp#27;[39m Got response with status 404: {"sessionId":"97357a72-38c2-4815-ae0f-e03616fb079e","value":{"error":"no such element","message":"An element could not be located on the page using the given search parameters","stacktrace":"io.appium.uiautomator2.common.exceptions.ElementNotFoundException: An element could not be located on the page using the given search parameters\n\tat io.appium.uiautomator2.handler.FindElement.findElement(FindElement.java:90)\n\tat io.appium.uiautomator2.handler.FindElement.safeHandle(FindElement.java:67)\n\tat io.appium.uiautomator2.handler.request.SafeRequestHandler.handle(SafeRequestHandler.java:59)\n\tat io.appium.uiautomator2.server.AppiumServlet.handleRequest(AppiumServlet.java:266)\n\tat io.appium.uiautomator2.server.AppiumServlet.handleHttpRequest(AppiumServlet.java:260)\n\tat io.appium.uiautomator2.http.ServerHandler.channelRead(ServerHandler.java:68)\n\tat io.netty.channel.AbstractChannelHandlerContext.invokeChannelRead(AbstractChannelHandlerContext.java:366)\n\tat io.netty.channel.AbstractChannelHandlerCont...
[debug] &amp#27;[35m[W3C]&amp#27;[39m Matched W3C error code 'no such element' to NoSuchElementError
[debug] &amp#27;[35m[BaseDriver]&amp#27;[39m Waited for 11965 ms so far
[debug] &amp#27;[35m[WD Proxy]&amp#27;[39m Matched '/element' to command name 'findElement'
[debug] &amp#27;[35m[WD Proxy]&amp#27;[39m Proxying [POST /element] to [POST http://127.0.0.1:8212/wd/hub/session/97357a72-38c2-4815-ae0f-e03616fb079e/element] with body: {"strategy":"xpath","selector":"//android.widget.TextView[@text='Maybe later']","context":"","multiple":false}
&amp#27;[35m[WD Proxy]&amp#27;[39m Got response with status 404: {"sessionId":"97357a72-38c2-4815-ae0f-e03616fb079e","value":{"error":"no such element","message":"An element could not be located on the page using the given search parameters","stacktrace":"io.appium.uiautomator2.common.exceptions.ElementNotFoundException: An element could not be located on the page using the given search parameters\n\tat io.appium.uiautomator2.handler.FindElement.findElement(FindElement.java:90)\n\tat io.appium.uiautomator2.handler.FindElement.safeHandle(FindElement.java:67)\n\tat io.appium.uiautomator2.handler.request.SafeRequestHandler.handle(SafeRequestHandler.java:59)\n\tat io.appium.uiautomator2.server.AppiumServlet.handleRequest(AppiumServlet.java:266)\n\tat io.appium.uiautomator2.server.AppiumServlet.handleHttpRequest(AppiumServlet.java:260)\n\tat io.appium.uiautomator2.http.ServerHandler.channelRead(ServerHandler.java:68)\n\tat io.netty.channel.AbstractChannelHandlerContext.invokeChannelRead(AbstractChannelHandlerContext.java:366)\n\tat io.netty.channel.AbstractChannelHandlerCont...
[debug] &amp#27;[35m[W3C]&amp#27;[39m Matched W3C error code 'no such element' to NoSuchElementError
[debug] &amp#27;[35m[BaseDriver]&amp#27;[39m Waited for 12530 ms so far
[debug] &amp#27;[35m[WD Proxy]&amp#27;[39m Matched '/element' to command name 'findElement'
[debug] &amp#27;[35m[WD Proxy]&amp#27;[39m Proxying [POST /element] to [POST http://127.0.0.1:8212/wd/hub/session/97357a72-38c2-4815-ae0f-e03616fb079e/element] with body: {"strategy":"xpath","selector":"//android.widget.TextView[@text='Maybe later']","context":"","multiple":false}
&amp#27;[35m[WD Proxy]&amp#27;[39m Got response with status 404: {"sessionId":"97357a72-38c2-4815-ae0f-e03616fb079e","value":{"error":"no such element","message":"An element could not be located on the page using the given search parameters","stacktrace":"io.appium.uiautomator2.common.exceptions.ElementNotFoundException: An element could not be located on the page using the given search parameters\n\tat io.appium.uiautomator2.handler.FindElement.findElement(FindElement.java:90)\n\tat io.appium.uiautomator2.handler.FindElement.safeHandle(FindElement.java:67)\n\tat io.appium.uiautomator2.handler.request.SafeRequestHandler.handle(SafeRequestHandler.java:59)\n\tat io.appium.uiautomator2.server.AppiumServlet.handleRequest(AppiumServlet.java:266)\n\tat io.appium.uiautomator2.server.AppiumServlet.handleHttpRequest(AppiumServlet.java:260)\n\tat io.appium.uiautomator2.http.ServerHandler.channelRead(ServerHandler.java:68)\n\tat io.netty.channel.AbstractChannelHandlerContext.invokeChannelRead(AbstractChannelHandlerContext.java:366)\n\tat io.netty.channel.AbstractChannelHandlerCont...
[debug] &amp#27;[35m[W3C]&amp#27;[39m Matched W3C error code 'no such element' to NoSuchElementError
[debug] &amp#27;[35m[BaseDriver]&amp#27;[39m Waited for 13093 ms so far
[debug] &amp#27;[35m[WD Proxy]&amp#27;[39m Matched '/element' to command name 'findElement'
[debug] &amp#27;[35m[WD Proxy]&amp#27;[39m Proxying [POST /element] to [POST http://127.0.0.1:8212/wd/hub/session/97357a72-38c2-4815-ae0f-e03616fb079e/element] with body: {"strategy":"xpath","selector":"//android.widget.TextView[@text='Maybe later']","context":"","multiple":false}
&amp#27;[35m[WD Proxy]&amp#27;[39m Got response with status 404: {"sessionId":"97357a72-38c2-4815-ae0f-e03616fb079e","value":{"error":"no such element","message":"An element could not be located on the page using the given search parameters","stacktrace":"io.appium.uiautomator2.common.exceptions.ElementNotFoundException: An element could not be located on the page using the given search parameters\n\tat io.appium.uiautomator2.handler.FindElement.findElement(FindElement.java:90)\n\tat io.appium.uiautomator2.handler.FindElement.safeHandle(FindElement.java:67)\n\tat io.appium.uiautomator2.handler.request.SafeRequestHandler.handle(SafeRequestHandler.java:59)\n\tat io.appium.uiautomator2.server.AppiumServlet.handleRequest(AppiumServlet.java:266)\n\tat io.appium.uiautomator2.server.AppiumServlet.handleHttpRequest(AppiumServlet.java:260)\n\tat io.appium.uiautomator2.http.ServerHandler.channelRead(ServerHandler.java:68)\n\tat io.netty.channel.AbstractChannelHandlerContext.invokeChannelRead(AbstractChannelHandlerContext.java:366)\n\tat io.netty.channel.AbstractChannelHandlerCont...
[debug] &amp#27;[35m[W3C]&amp#27;[39m Matched W3C error code 'no such element' to NoSuchElementError
[debug] &amp#27;[35m[BaseDriver]&amp#27;[39m Waited for 13646 ms so far
[debug] &amp#27;[35m[WD Proxy]&amp#27;[39m Matched '/element' to command name 'findElement'
[debug] &amp#27;[35m[WD Proxy]&amp#27;[39m Proxying [POST /element] to [POST http://127.0.0.1:8212/wd/hub/session/97357a72-38c2-4815-ae0f-e03616fb079e/element] with body: {"strategy":"xpath","selector":"//android.widget.TextView[@text='Maybe later']","context":"","multiple":false}
&amp#27;[35m[WD Proxy]&amp#27;[39m Got response with status 404: {"sessionId":"97357a72-38c2-4815-ae0f-e03616fb079e","value":{"error":"no such element","message":"An element could not be located on the page using the given search parameters","stacktrace":"io.appium.uiautomator2.common.exceptions.ElementNotFoundException: An element could not be located on the page using the given search parameters\n\tat io.appium.uiautomator2.handler.FindElement.findElement(FindElement.java:90)\n\tat io.appium.uiautomator2.handler.FindElement.safeHandle(FindElement.java:67)\n\tat io.appium.uiautomator2.handler.request.SafeRequestHandler.handle(SafeRequestHandler.java:59)\n\tat io.appium.uiautomator2.server.AppiumServlet.handleRequest(AppiumServlet.java:266)\n\tat io.appium.uiautomator2.server.AppiumServlet.handleHttpRequest(AppiumServlet.java:260)\n\tat io.appium.uiautomator2.http.ServerHandler.channelRead(ServerHandler.java:68)\n\tat io.netty.channel.AbstractChannelHandlerContext.invokeChannelRead(AbstractChannelHandlerContext.java:366)\n\tat io.netty.channel.AbstractChannelHandlerCont...
[debug] &amp#27;[35m[W3C]&amp#27;[39m Matched W3C error code 'no such element' to NoSuchElementError
[debug] &amp#27;[35m[BaseDriver]&amp#27;[39m Waited for 14229 ms so far
[debug] &amp#27;[35m[WD Proxy]&amp#27;[39m Matched '/element' to command name 'findElement'
[debug] &amp#27;[35m[WD Proxy]&amp#27;[39m Proxying [POST /element] to [POST http://127.0.0.1:8212/wd/hub/session/97357a72-38c2-4815-ae0f-e03616fb079e/element] with body: {"strategy":"xpath","selector":"//android.widget.TextView[@text='Maybe later']","context":"","multiple":false}
&amp#27;[35m[WD Proxy]&amp#27;[39m Got response with status 404: {"sessionId":"97357a72-38c2-4815-ae0f-e03616fb079e","value":{"error":"no such element","message":"An element could not be located on the page using the given search parameters","stacktrace":"io.appium.uiautomator2.common.exceptions.ElementNotFoundException: An element could not be located on the page using the given search parameters\n\tat io.appium.uiautomator2.handler.FindElement.findElement(FindElement.java:90)\n\tat io.appium.uiautomator2.handler.FindElement.safeHandle(FindElement.java:67)\n\tat io.appium.uiautomator2.handler.request.SafeRequestHandler.handle(SafeRequestHandler.java:59)\n\tat io.appium.uiautomator2.server.AppiumServlet.handleRequest(AppiumServlet.java:266)\n\tat io.appium.uiautomator2.server.AppiumServlet.handleHttpRequest(AppiumServlet.java:260)\n\tat io.appium.uiautomator2.http.ServerHandler.channelRead(ServerHandler.java:68)\n\tat io.netty.channel.AbstractChannelHandlerContext.invokeChannelRead(AbstractChannelHandlerContext.java:366)\n\tat io.netty.channel.AbstractChannelHandlerCont...
[debug] &amp#27;[35m[W3C]&amp#27;[39m Matched W3C error code 'no such element' to NoSuchElementError
[debug] &amp#27;[35m[BaseDriver]&amp#27;[39m Waited for 14799 ms so far
[debug] &amp#27;[35m[WD Proxy]&amp#27;[39m Matched '/element' to command name 'findElement'
[debug] &amp#27;[35m[WD Proxy]&amp#27;[39m Proxying [POST /element] to [POST http://127.0.0.1:8212/wd/hub/session/97357a72-38c2-4815-ae0f-e03616fb079e/element] with body: {"strategy":"xpath","selector":"//android.widget.TextView[@text='Maybe later']","context":"","multiple":false}
&amp#27;[35m[WD Proxy]&amp#27;[39m Got response with status 404: {"sessionId":"97357a72-38c2-4815-ae0f-e03616fb079e","value":{"error":"no such element","message":"An element could not be located on the page using the given search parameters","stacktrace":"io.appium.uiautomator2.common.exceptions.ElementNotFoundException: An element could not be located on the page using the given search parameters\n\tat io.appium.uiautomator2.handler.FindElement.findElement(FindElement.java:90)\n\tat io.appium.uiautomator2.handler.FindElement.safeHandle(FindElement.java:67)\n\tat io.appium.uiautomator2.handler.request.SafeRequestHandler.handle(SafeRequestHandler.java:59)\n\tat io.appium.uiautomator2.server.AppiumServlet.handleRequest(AppiumServlet.java:266)\n\tat io.appium.uiautomator2.server.AppiumServlet.handleHttpRequest(AppiumServlet.java:260)\n\tat io.appium.uiautomator2.http.ServerHandler.channelRead(ServerHandler.java:68)\n\tat io.netty.channel.AbstractChannelHandlerContext.invokeChannelRead(AbstractChannelHandlerContext.java:366)\n\tat io.netty.channel.AbstractChannelHandlerCont...
[debug] &amp#27;[35m[W3C]&amp#27;[39m Matched W3C error code 'no such element' to NoSuchElementError
[debug] &amp#27;[35m[W3C (45710c49)]&amp#27;[39m Encountered internal error running command: NoSuchElementError: An element could not be located on the page using the given search parameters.
[debug] &amp#27;[35m[W3C (45710c49)]&amp#27;[39m     at AndroidUiautomator2Driver.findElOrEls (/usr/local/lib/node_modules/appium/node_modules/appium-android-driver/lib/commands/find.js:75:11)
[debug] &amp#27;[35m[W3C (45710c49)]&amp#27;[39m     at runMicrotasks (<anonymous>)
[debug] &amp#27;[35m[W3C (45710c49)]&amp#27;[39m     at processTicksAndRejections (internal/process/task_queues.js:97:5)
&amp#27;[35m[HTTP]&amp#27;[39m &amp#27;[37m<-- POST /wd/hub/session/45710c49-6781-4b19-bd98-e9f2b7055747/element &amp#27;[39m&amp#27;[33m404&amp#27;[39m &amp#27;[90m15063 ms - 496&amp#27;[39m
&amp#27;[35m[HTTP]&amp#27;[39m &amp#27;[90m&amp#27;[39m
]]></system-out>
    <system-err><![CDATA[Jun 07, 2022 10:36:44 PM io.appium.java_client.remote.AppiumCommandExecutor$1 lambda$0
INFO: Detected dialect: W3C
]]></system-err>
  </testcase>
</testsuite>