<?xml version="1.0" encoding="UTF-8"?>
<testsuite xmlns:xsi="http://www.w3.org/2001/XMLSchema-instance" xsi:noNamespaceSchemaLocation="https://maven.apache.org/surefire/maven-surefire-plugin/xsd/surefire-test-report-3.0.xsd" version="3.0" name="TestSuite" time="58.141" tests="2" errors="0" skipped="0" failures="1">
  <properties>
    <property name="java.specification.version" value="15"/>
    <property name="sun.jnu.encoding" value="UTF-8"/>
    <property name="java.class.path" value="/Users/kamaljhinjer/Documents/Mac_Coding/AndroidAutomation/target/test-classes:/Users/kamaljhinjer/Documents/Mac_Coding/AndroidAutomation/target/classes:/Users/kamaljhinjer/.m2/repository/org/seleniumhq/selenium/selenium-java/3.141.59/selenium-java-3.141.59.jar:/Users/kamaljhinjer/.m2/repository/org/seleniumhq/selenium/selenium-api/3.141.59/selenium-api-3.141.59.jar:/Users/kamaljhinjer/.m2/repository/org/seleniumhq/selenium/selenium-chrome-driver/3.141.59/selenium-chrome-driver-3.141.59.jar:/Users/kamaljhinjer/.m2/repository/org/seleniumhq/selenium/selenium-edge-driver/3.141.59/selenium-edge-driver-3.141.59.jar:/Users/kamaljhinjer/.m2/repository/org/seleniumhq/selenium/selenium-firefox-driver/3.141.59/selenium-firefox-driver-3.141.59.jar:/Users/kamaljhinjer/.m2/repository/org/seleniumhq/selenium/selenium-ie-driver/3.141.59/selenium-ie-driver-3.141.59.jar:/Users/kamaljhinjer/.m2/repository/org/seleniumhq/selenium/selenium-opera-driver/3.141.59/selenium-opera-driver-3.141.59.jar:/Users/kamaljhinjer/.m2/repository/org/seleniumhq/selenium/selenium-remote-driver/3.141.59/selenium-remote-driver-3.141.59.jar:/Users/kamaljhinjer/.m2/repository/org/seleniumhq/selenium/selenium-safari-driver/3.141.59/selenium-safari-driver-3.141.59.jar:/Users/kamaljhinjer/.m2/repository/org/seleniumhq/selenium/selenium-support/3.141.59/selenium-support-3.141.59.jar:/Users/kamaljhinjer/.m2/repository/net/bytebuddy/byte-buddy/1.8.15/byte-buddy-1.8.15.jar:/Users/kamaljhinjer/.m2/repository/org/apache/commons/commons-exec/1.3/commons-exec-1.3.jar:/Users/kamaljhinjer/.m2/repository/com/google/guava/guava/25.0-jre/guava-25.0-jre.jar:/Users/kamaljhinjer/.m2/repository/com/google/code/findbugs/jsr305/1.3.9/jsr305-1.3.9.jar:/Users/kamaljhinjer/.m2/repository/org/checkerframework/checker-compat-qual/2.0.0/checker-compat-qual-2.0.0.jar:/Users/kamaljhinjer/.m2/repository/com/google/errorprone/error_prone_annotations/2.1.3/error_prone_annotations-2.1.3.jar:/Users/kamaljhinjer/.m2/repository/com/google/j2objc/j2objc-annotations/1.1/j2objc-annotations-1.1.jar:/Users/kamaljhinjer/.m2/repository/org/codehaus/mojo/animal-sniffer-annotations/1.14/animal-sniffer-annotations-1.14.jar:/Users/kamaljhinjer/.m2/repository/com/squareup/okhttp3/okhttp/3.11.0/okhttp-3.11.0.jar:/Users/kamaljhinjer/.m2/repository/com/squareup/okio/okio/1.14.0/okio-1.14.0.jar:/Users/kamaljhinjer/.m2/repository/org/testng/testng/7.3.0/testng-7.3.0.jar:/Users/kamaljhinjer/.m2/repository/com/beust/jcommander/1.78/jcommander-1.78.jar:/Users/kamaljhinjer/.m2/repository/org/apache/ant/ant/1.10.3/ant-1.10.3.jar:/Users/kamaljhinjer/.m2/repository/org/apache/ant/ant-launcher/1.10.3/ant-launcher-1.10.3.jar:/Users/kamaljhinjer/.m2/repository/junit/junit/4.12/junit-4.12.jar:/Users/kamaljhinjer/.m2/repository/org/hamcrest/hamcrest-core/1.3/hamcrest-core-1.3.jar:/Users/kamaljhinjer/.m2/repository/com/google/inject/guice/4.2.2/guice-4.2.2-no_aop.jar:/Users/kamaljhinjer/.m2/repository/javax/inject/javax.inject/1/javax.inject-1.jar:/Users/kamaljhinjer/.m2/repository/aopalliance/aopalliance/1.0/aopalliance-1.0.jar:/Users/kamaljhinjer/.m2/repository/org/yaml/snakeyaml/1.21/snakeyaml-1.21.jar:/Users/kamaljhinjer/.m2/repository/org/apache/commons/commons-lang3/3.9/commons-lang3-3.9.jar:/Users/kamaljhinjer/.m2/repository/commons-io/commons-io/2.6/commons-io-2.6.jar:/Users/kamaljhinjer/.m2/repository/io/appium/java-client/7.3.0/java-client-7.3.0.jar:/Users/kamaljhinjer/.m2/repository/com/google/code/gson/gson/2.8.5/gson-2.8.5.jar:/Users/kamaljhinjer/.m2/repository/org/apache/httpcomponents/httpclient/4.5.9/httpclient-4.5.9.jar:/Users/kamaljhinjer/.m2/repository/org/apache/httpcomponents/httpcore/4.4.11/httpcore-4.4.11.jar:/Users/kamaljhinjer/.m2/repository/commons-codec/commons-codec/1.11/commons-codec-1.11.jar:/Users/kamaljhinjer/.m2/repository/cglib/cglib/3.2.12/cglib-3.2.12.jar:/Users/kamaljhinjer/.m2/repository/org/ow2/asm/asm/7.1/asm-7.1.jar:/Users/kamaljhinjer/.m2/repository/org/springframework/spring-context/5.1.8.RELEASE/spring-context-5.1.8.RELEASE.jar:/Users/kamaljhinjer/.m2/repository/org/springframework/spring-aop/5.1.8.RELEASE/spring-aop-5.1.8.RELEASE.jar:/Users/kamaljhinjer/.m2/repository/org/springframework/spring-beans/5.1.8.RELEASE/spring-beans-5.1.8.RELEASE.jar:/Users/kamaljhinjer/.m2/repository/org/springframework/spring-core/5.1.8.RELEASE/spring-core-5.1.8.RELEASE.jar:/Users/kamaljhinjer/.m2/repository/org/springframework/spring-jcl/5.1.8.RELEASE/spring-jcl-5.1.8.RELEASE.jar:/Users/kamaljhinjer/.m2/repository/org/springframework/spring-expression/5.1.8.RELEASE/spring-expression-5.1.8.RELEASE.jar:/Users/kamaljhinjer/.m2/repository/org/aspectj/aspectjweaver/1.9.4/aspectjweaver-1.9.4.jar:/Users/kamaljhinjer/.m2/repository/commons-validator/commons-validator/1.6/commons-validator-1.6.jar:/Users/kamaljhinjer/.m2/repository/commons-beanutils/commons-beanutils/1.9.2/commons-beanutils-1.9.2.jar:/Users/kamaljhinjer/.m2/repository/commons-digester/commons-digester/1.8.1/commons-digester-1.8.1.jar:/Users/kamaljhinjer/.m2/repository/commons-logging/commons-logging/1.2/commons-logging-1.2.jar:/Users/kamaljhinjer/.m2/repository/commons-collections/commons-collections/3.2.2/commons-collections-3.2.2.jar:/Users/kamaljhinjer/.m2/repository/org/slf4j/slf4j-simple/1.7.26/slf4j-simple-1.7.26.jar:/Users/kamaljhinjer/.m2/repository/org/slf4j/slf4j-api/1.7.26/slf4j-api-1.7.26.jar:/Users/kamaljhinjer/.m2/repository/com/aventstack/extentreports/4.0.0/extentreports-4.0.0.jar:/Users/kamaljhinjer/.m2/repository/org/freemarker/freemarker/2.3.23/freemarker-2.3.23.jar:/Users/kamaljhinjer/.m2/repository/org/mongodb/mongodb-driver/3.3.0/mongodb-driver-3.3.0.jar:/Users/kamaljhinjer/.m2/repository/org/mongodb/mongodb-driver-core/3.3.0/mongodb-driver-core-3.3.0.jar:/Users/kamaljhinjer/.m2/repository/org/mongodb/bson/3.3.0/bson-3.3.0.jar:/Users/kamaljhinjer/.m2/repository/org/apache/httpcomponents/httpmime/4.5.2/httpmime-4.5.2.jar:"/>
    <property name="java.vm.vendor" value="Oracle Corporation"/>
    <property name="sun.arch.data.model" value="64"/>
    <property name="java.vendor.url" value="https://java.oracle.com/"/>
    <property name="user.timezone" value="Asia/Kolkata"/>
    <property name="os.name" value="Mac OS X"/>
    <property name="java.vm.specification.version" value="15"/>
    <property name="sun.java.launcher" value="SUN_STANDARD"/>
    <property name="user.country" value="IN"/>
    <property name="sun.boot.library.path" value="/Applications/Eclipse.app/Contents/Eclipse/plugins/org.eclipse.justj.openjdk.hotspot.jre.full.macosx.x86_64_15.0.1.v20201027-0507/jre/lib"/>
    <property name="sun.java.command" value="/Users/kamaljhinjer/Documents/Mac_Coding/AndroidAutomation/target/surefire/surefirebooter15397565919459881688.jar /Users/kamaljhinjer/Documents/Mac_Coding/AndroidAutomation/target/surefire 2022-05-09T18-39-23_169-jvmRun1 surefire3674404801687470209tmp surefire_07348854724503297654tmp"/>
    <property name="http.nonProxyHosts" value="local|*.local|169.254/16|*.169.254/16"/>
    <property name="jdk.debug" value="release"/>
    <property name="surefire.test.class.path" value="/Users/kamaljhinjer/Documents/Mac_Coding/AndroidAutomation/target/test-classes:/Users/kamaljhinjer/Documents/Mac_Coding/AndroidAutomation/target/classes:/Users/kamaljhinjer/.m2/repository/org/seleniumhq/selenium/selenium-java/3.141.59/selenium-java-3.141.59.jar:/Users/kamaljhinjer/.m2/repository/org/seleniumhq/selenium/selenium-api/3.141.59/selenium-api-3.141.59.jar:/Users/kamaljhinjer/.m2/repository/org/seleniumhq/selenium/selenium-chrome-driver/3.141.59/selenium-chrome-driver-3.141.59.jar:/Users/kamaljhinjer/.m2/repository/org/seleniumhq/selenium/selenium-edge-driver/3.141.59/selenium-edge-driver-3.141.59.jar:/Users/kamaljhinjer/.m2/repository/org/seleniumhq/selenium/selenium-firefox-driver/3.141.59/selenium-firefox-driver-3.141.59.jar:/Users/kamaljhinjer/.m2/repository/org/seleniumhq/selenium/selenium-ie-driver/3.141.59/selenium-ie-driver-3.141.59.jar:/Users/kamaljhinjer/.m2/repository/org/seleniumhq/selenium/selenium-opera-driver/3.141.59/selenium-opera-driver-3.141.59.jar:/Users/kamaljhinjer/.m2/repository/org/seleniumhq/selenium/selenium-remote-driver/3.141.59/selenium-remote-driver-3.141.59.jar:/Users/kamaljhinjer/.m2/repository/org/seleniumhq/selenium/selenium-safari-driver/3.141.59/selenium-safari-driver-3.141.59.jar:/Users/kamaljhinjer/.m2/repository/org/seleniumhq/selenium/selenium-support/3.141.59/selenium-support-3.141.59.jar:/Users/kamaljhinjer/.m2/repository/net/bytebuddy/byte-buddy/1.8.15/byte-buddy-1.8.15.jar:/Users/kamaljhinjer/.m2/repository/org/apache/commons/commons-exec/1.3/commons-exec-1.3.jar:/Users/kamaljhinjer/.m2/repository/com/google/guava/guava/25.0-jre/guava-25.0-jre.jar:/Users/kamaljhinjer/.m2/repository/com/google/code/findbugs/jsr305/1.3.9/jsr305-1.3.9.jar:/Users/kamaljhinjer/.m2/repository/org/checkerframework/checker-compat-qual/2.0.0/checker-compat-qual-2.0.0.jar:/Users/kamaljhinjer/.m2/repository/com/google/errorprone/error_prone_annotations/2.1.3/error_prone_annotations-2.1.3.jar:/Users/kamaljhinjer/.m2/repository/com/google/j2objc/j2objc-annotations/1.1/j2objc-annotations-1.1.jar:/Users/kamaljhinjer/.m2/repository/org/codehaus/mojo/animal-sniffer-annotations/1.14/animal-sniffer-annotations-1.14.jar:/Users/kamaljhinjer/.m2/repository/com/squareup/okhttp3/okhttp/3.11.0/okhttp-3.11.0.jar:/Users/kamaljhinjer/.m2/repository/com/squareup/okio/okio/1.14.0/okio-1.14.0.jar:/Users/kamaljhinjer/.m2/repository/org/testng/testng/7.3.0/testng-7.3.0.jar:/Users/kamaljhinjer/.m2/repository/com/beust/jcommander/1.78/jcommander-1.78.jar:/Users/kamaljhinjer/.m2/repository/org/apache/ant/ant/1.10.3/ant-1.10.3.jar:/Users/kamaljhinjer/.m2/repository/org/apache/ant/ant-launcher/1.10.3/ant-launcher-1.10.3.jar:/Users/kamaljhinjer/.m2/repository/junit/junit/4.12/junit-4.12.jar:/Users/kamaljhinjer/.m2/repository/org/hamcrest/hamcrest-core/1.3/hamcrest-core-1.3.jar:/Users/kamaljhinjer/.m2/repository/com/google/inject/guice/4.2.2/guice-4.2.2-no_aop.jar:/Users/kamaljhinjer/.m2/repository/javax/inject/javax.inject/1/javax.inject-1.jar:/Users/kamaljhinjer/.m2/repository/aopalliance/aopalliance/1.0/aopalliance-1.0.jar:/Users/kamaljhinjer/.m2/repository/org/yaml/snakeyaml/1.21/snakeyaml-1.21.jar:/Users/kamaljhinjer/.m2/repository/org/apache/commons/commons-lang3/3.9/commons-lang3-3.9.jar:/Users/kamaljhinjer/.m2/repository/commons-io/commons-io/2.6/commons-io-2.6.jar:/Users/kamaljhinjer/.m2/repository/io/appium/java-client/7.3.0/java-client-7.3.0.jar:/Users/kamaljhinjer/.m2/repository/com/google/code/gson/gson/2.8.5/gson-2.8.5.jar:/Users/kamaljhinjer/.m2/repository/org/apache/httpcomponents/httpclient/4.5.9/httpclient-4.5.9.jar:/Users/kamaljhinjer/.m2/repository/org/apache/httpcomponents/httpcore/4.4.11/httpcore-4.4.11.jar:/Users/kamaljhinjer/.m2/repository/commons-codec/commons-codec/1.11/commons-codec-1.11.jar:/Users/kamaljhinjer/.m2/repository/cglib/cglib/3.2.12/cglib-3.2.12.jar:/Users/kamaljhinjer/.m2/repository/org/ow2/asm/asm/7.1/asm-7.1.jar:/Users/kamaljhinjer/.m2/repository/org/springframework/spring-context/5.1.8.RELEASE/spring-context-5.1.8.RELEASE.jar:/Users/kamaljhinjer/.m2/repository/org/springframework/spring-aop/5.1.8.RELEASE/spring-aop-5.1.8.RELEASE.jar:/Users/kamaljhinjer/.m2/repository/org/springframework/spring-beans/5.1.8.RELEASE/spring-beans-5.1.8.RELEASE.jar:/Users/kamaljhinjer/.m2/repository/org/springframework/spring-core/5.1.8.RELEASE/spring-core-5.1.8.RELEASE.jar:/Users/kamaljhinjer/.m2/repository/org/springframework/spring-jcl/5.1.8.RELEASE/spring-jcl-5.1.8.RELEASE.jar:/Users/kamaljhinjer/.m2/repository/org/springframework/spring-expression/5.1.8.RELEASE/spring-expression-5.1.8.RELEASE.jar:/Users/kamaljhinjer/.m2/repository/org/aspectj/aspectjweaver/1.9.4/aspectjweaver-1.9.4.jar:/Users/kamaljhinjer/.m2/repository/commons-validator/commons-validator/1.6/commons-validator-1.6.jar:/Users/kamaljhinjer/.m2/repository/commons-beanutils/commons-beanutils/1.9.2/commons-beanutils-1.9.2.jar:/Users/kamaljhinjer/.m2/repository/commons-digester/commons-digester/1.8.1/commons-digester-1.8.1.jar:/Users/kamaljhinjer/.m2/repository/commons-logging/commons-logging/1.2/commons-logging-1.2.jar:/Users/kamaljhinjer/.m2/repository/commons-collections/commons-collections/3.2.2/commons-collections-3.2.2.jar:/Users/kamaljhinjer/.m2/repository/org/slf4j/slf4j-simple/1.7.26/slf4j-simple-1.7.26.jar:/Users/kamaljhinjer/.m2/repository/org/slf4j/slf4j-api/1.7.26/slf4j-api-1.7.26.jar:/Users/kamaljhinjer/.m2/repository/com/aventstack/extentreports/4.0.0/extentreports-4.0.0.jar:/Users/kamaljhinjer/.m2/repository/org/freemarker/freemarker/2.3.23/freemarker-2.3.23.jar:/Users/kamaljhinjer/.m2/repository/org/mongodb/mongodb-driver/3.3.0/mongodb-driver-3.3.0.jar:/Users/kamaljhinjer/.m2/repository/org/mongodb/mongodb-driver-core/3.3.0/mongodb-driver-core-3.3.0.jar:/Users/kamaljhinjer/.m2/repository/org/mongodb/bson/3.3.0/bson-3.3.0.jar:/Users/kamaljhinjer/.m2/repository/org/apache/httpcomponents/httpmime/4.5.2/httpmime-4.5.2.jar:"/>
    <property name="sun.cpu.endian" value="little"/>
    <property name="user.home" value="/Users/kamaljhinjer"/>
    <property name="user.language" value="en"/>
    <property name="java.specification.vendor" value="Oracle Corporation"/>
    <property name="java.version.date" value="2020-10-20"/>
    <property name="java.home" value="/Applications/Eclipse.app/Contents/Eclipse/plugins/org.eclipse.justj.openjdk.hotspot.jre.full.macosx.x86_64_15.0.1.v20201027-0507/jre"/>
    <property name="file.separator" value="/"/>
    <property name="basedir" value="/Users/kamaljhinjer/Documents/Mac_Coding/AndroidAutomation"/>
    <property name="java.vm.compressedOopsMode" value="Zero based"/>
    <property name="line.separator" value="&#10;"/>
    <property name="java.specification.name" value="Java Platform API Specification"/>
    <property name="java.vm.specification.vendor" value="Oracle Corporation"/>
    <property name="surefire.real.class.path" value="/Users/kamaljhinjer/Documents/Mac_Coding/AndroidAutomation/target/surefire/surefirebooter15397565919459881688.jar"/>
    <property name="sun.management.compiler" value="HotSpot 64-Bit Tiered Compilers"/>
    <property name="ftp.nonProxyHosts" value="local|*.local|169.254/16|*.169.254/16"/>
    <property name="java.runtime.version" value="15.0.1+9-18"/>
    <property name="user.name" value="kamaljhinjer"/>
    <property name="path.separator" value=":"/>
    <property name="os.version" value="10.16"/>
    <property name="java.runtime.name" value="OpenJDK Runtime Environment"/>
    <property name="file.encoding" value="UTF-8"/>
    <property name="java.vm.name" value="OpenJDK 64-Bit Server VM"/>
    <property name="localRepository" value="/Users/kamaljhinjer/.m2/repository"/>
    <property name="java.vendor.url.bug" value="https://bugreport.java.com/bugreport/"/>
    <property name="java.io.tmpdir" value="/var/folders/4f/ggkjk46s0lj0y4w1yj8mpmm00000gn/T/"/>
    <property name="java.version" value="15.0.1"/>
    <property name="user.dir" value="/Users/kamaljhinjer/Documents/Mac_Coding/AndroidAutomation"/>
    <property name="os.arch" value="x86_64"/>
    <property name="java.vm.specification.name" value="Java Virtual Machine Specification"/>
    <property name="java.library.path" value="/Users/kamaljhinjer/Library/Java/Extensions:/Library/Java/Extensions:/Network/Library/Java/Extensions:/System/Library/Java/Extensions:/usr/lib/java:."/>
    <property name="java.vm.info" value="mixed mode"/>
    <property name="java.vendor" value="Oracle Corporation"/>
    <property name="java.vm.version" value="15.0.1+9-18"/>
    <property name="sun.io.unicode.encoding" value="UnicodeBig"/>
    <property name="socksNonProxyHosts" value="local|*.local|169.254/16|*.169.254/16"/>
    <property name="java.class.version" value="59.0"/>
  </properties>
  <testcase name="FirstTest" classname="SoFaDog.AndroidAutomation.SampleTest" time="29.59">
    <system-out><![CDATA[&amp#27;[35m[Appium]&amp#27;[39m Welcome to Appium v1.22.3
&amp#27;[35m[Appium]&amp#27;[39m Non-default server args:
&amp#27;[35m[Appium]&amp#27;[39m   address: 127.0.0.1
&amp#27;[35m[HTTP]&amp#27;[39m Could not start REST http interface listener. The requested port may already be in use. Please make sure there is no other instance of this server running already.
Fatal Error: listen EADDRINUSE: address already in use 127.0.0.1:4723
    at Server.setupListenHandle [as _listen2] (net.js:1313:16)
    at listenInCluster (net.js:1361:12)
    at doListen (net.js:1498:7)
    at processTicksAndRejections (internal/process/task_queues.js:85:21)
]]></system-out>
    <system-err><![CDATA[May 09, 2022 6:39:41 PM io.appium.java_client.remote.AppiumCommandExecutor$1 lambda$0
INFO: Detected dialect: W3C
]]></system-err>
  </testcase>
  <testcase name="FirstTest" classname="SoFaDog.AndroidAutomation.SoFaDogSmokeTest" time="27.303">
    <failure message="Index 1 out of bounds for length 1" type="java.lang.IndexOutOfBoundsException"><![CDATA[java.lang.IndexOutOfBoundsException: Index 1 out of bounds for length 1
	at SoFaDog.AndroidAutomation.SoFaDogSmokeTest.FirstTest(SoFaDogSmokeTest.java:24)
]]></failure>
    <system-out><![CDATA[&amp#27;[35m[Appium]&amp#27;[39m Welcome to Appium v1.22.3
&amp#27;[35m[Appium]&amp#27;[39m Non-default server args:
&amp#27;[35m[Appium]&amp#27;[39m   address: 127.0.0.1
&amp#27;[35m[HTTP]&amp#27;[39m Could not start REST http interface listener. The requested port may already be in use. Please make sure there is no other instance of this server running already.
Fatal Error: listen EADDRINUSE: address already in use 127.0.0.1:4723
    at Server.setupListenHandle [as _listen2] (net.js:1313:16)
    at listenInCluster (net.js:1361:12)
    at doListen (net.js:1498:7)
    at processTicksAndRejections (internal/process/task_queues.js:85:21)
]]></system-out>
    <system-err><![CDATA[May 09, 2022 6:40:12 PM io.appium.java_client.remote.AppiumCommandExecutor$1 lambda$0
INFO: Detected dialect: W3C
]]></system-err>
  </testcase>
</testsuite>