<?xml version="1.0" encoding="UTF-8"?>
<!-- Generated by org.testng.reporters.JUnitReportReporter -->
<testsuite hostname="Kamals-MacBook-Pro.local" failures="0" tests="1" name="Memberse.AndroidAutomation.aLogoutTest" time="43.234" errors="0" timestamp="2022-08-15T21:22:16 IST" skipped="0">
  <testcase classname="Memberse.AndroidAutomation.aLogoutTest" name="aLogoutTestCase" time="43.234"/>
</testsuite> <!-- Memberse.AndroidAutomation.aLogoutTest -->
