<?xml version="1.0" encoding="UTF-8"?>
<!-- Generated by org.testng.reporters.JUnitReportReporter -->
<testsuite skipped="0" hostname="Kamals-MacBook-Pro.local" name="Memberse.AndroidAutomation.aCreatePlaylistTest" tests="1" failures="0" timestamp="2022-12-23T14:05:02 IST" time="104.149" errors="0">
  <testcase name="aCreatePlaylistTestCase" time="104.149" classname="Memberse.AndroidAutomation.aCreatePlaylistTest"/>
  <system-out/>
</testsuite> <!-- Memberse.AndroidAutomation.aCreatePlaylistTest -->
