<?xml version="1.0" encoding="UTF-8"?>
<!-- Generated by org.testng.reporters.JUnitReportReporter -->
<testsuite skipped="0" hostname="Kamals-MacBook-Pro.local" name="Memberse.AndroidAutomation.aUserInfoTest" tests="1" failures="0" timestamp="2022-11-30T17:23:38 IST" time="69.967" errors="0">
  <testcase name="aUserInfoTestCase" time="69.967" classname="Memberse.AndroidAutomation.aUserInfoTest"/>
  <system-out/>
</testsuite> <!-- Memberse.AndroidAutomation.aUserInfoTest -->
