<?xml version="1.0" encoding="UTF-8"?>
<!-- Generated by org.testng.reporters.JUnitReportReporter -->
<testsuite skipped="0" hostname="Kamals-MacBook-Pro.local" name="Memberse.AndroidAutomation.aLoginWithFacebookTest" tests="1" failures="0" timestamp="2023-01-05T18:43:21 IST" time="67.667" errors="0">
  <testcase name="aLoginWithFacebookTestCase" time="67.667" classname="Memberse.AndroidAutomation.aLoginWithFacebookTest"/>
  <system-out/>
</testsuite> <!-- Memberse.AndroidAutomation.aLoginWithFacebookTest -->
