<?xml version="1.0" encoding="UTF-8"?>
<!-- Generated by org.testng.reporters.JUnitReportReporter -->
<testsuite skipped="0" hostname="Kamals-MacBook-Pro.local" name="Memberse.AndroidAutomation.aMembershipsTest" tests="1" failures="0" timestamp="2022-11-30T18:15:19 IST" time="69.740" errors="0">
  <testcase name="aMembershipsTestCase" time="69.740" classname="Memberse.AndroidAutomation.aMembershipsTest"/>
  <system-out/>
</testsuite> <!-- Memberse.AndroidAutomation.aMembershipsTest -->
