<?xml version="1.0" encoding="UTF-8"?>
<!-- Generated by org.testng.reporters.JUnitReportReporter -->
<testsuite skipped="0" hostname="Kamals-MacBook-Pro.local" name="Memberse.AndroidAutomation.aCreateAudioPostTest" tests="1" failures="0" timestamp="2023-01-13T15:44:36 IST" time="153.063" errors="0">
  <testcase name="aCreateAudioPostTestCase" time="153.063" classname="Memberse.AndroidAutomation.aCreateAudioPostTest"/>
  <system-out/>
</testsuite> <!-- Memberse.AndroidAutomation.aCreateAudioPostTest -->
