<?xml version="1.0" encoding="UTF-8"?>
<!-- Generated by org.testng.reporters.JUnitReportReporter -->
<testsuite hostname="Kamals-MacBook-Pro.local" failures="0" tests="1" name="Memberse.AndroidAutomation.aRegisterFormValidationTest" time="30.529" errors="0" timestamp="2022-09-23T09:34:45 IST" skipped="0">
  <testcase classname="Memberse.AndroidAutomation.aRegisterFormValidationTest" name="aRegisterFormValidationTestCase" time="30.529"/>
</testsuite> <!-- Memberse.AndroidAutomation.aRegisterFormValidationTest -->
