<?xml version="1.0" encoding="UTF-8"?>
<!-- Generated by org.testng.reporters.JUnitReportReporter -->
<testsuite hostname="Kamals-MacBook-Pro.local" failures="0" tests="1" name="Memberse.AndroidAutomation.aBecomeCreatorTest" time="81.493" errors="0" timestamp="2022-10-31T16:02:01 IST" skipped="0">
  <testcase classname="Memberse.AndroidAutomation.aBecomeCreatorTest" name="aRegisterWithEmailTestCase" time="81.493"/>
</testsuite> <!-- Memberse.AndroidAutomation.aBecomeCreatorTest -->
