<?xml version="1.0" encoding="UTF-8"?>
<!-- Generated by org.testng.reporters.JUnitReportReporter -->
<testsuite hostname="Kamals-MacBook-Pro.local" failures="0" tests="1" name="Memberse.AndroidAutomation.aLoginWithGoogleTest" time="75.069" errors="0" timestamp="2022-10-03T17:50:02 IST" skipped="0">
  <testcase classname="Memberse.AndroidAutomation.aLoginWithGoogleTest" name="aLoginWithGoogleTestCase" time="75.069"/>
</testsuite> <!-- Memberse.AndroidAutomation.aLoginWithGoogleTest -->
