<?xml version="1.0" encoding="UTF-8"?>
<!-- Generated by org.testng.reporters.JUnitReportReporter -->
<testsuite skipped="0" hostname="Kamals-MacBook-Pro.local" name="Memberse.AndroidAutomation.aLoginWithEmailTest" tests="1" failures="0" timestamp="2023-01-05T18:43:21 IST" time="51.626" errors="0">
  <testcase name="aLoginWithEmailTestCase" time="51.626" classname="Memberse.AndroidAutomation.aLoginWithEmailTest"/>
  <system-out/>
</testsuite> <!-- Memberse.AndroidAutomation.aLoginWithEmailTest -->
