<?xml version="1.0" encoding="UTF-8"?>
<!-- Generated by org.testng.reporters.JUnitReportReporter -->
<testsuite skipped="0" hostname="Kamals-MacBook-Pro.local" name="Memberse.AndroidAutomation.aBecomeCreatorTest" tests="1" failures="0" timestamp="2023-03-10T14:51:55 IST" time="83.840" errors="0">
  <testcase name="aBecomeCreatorTestCase" time="83.840" classname="Memberse.AndroidAutomation.aBecomeCreatorTest"/>
  <system-out/>
</testsuite> <!-- Memberse.AndroidAutomation.aBecomeCreatorTest -->
