<?xml version="1.0" encoding="UTF-8"?>
<!-- Generated by org.testng.reporters.JUnitReportReporter -->
<testsuite hostname="Kamals-MacBook-Pro.local" failures="0" tests="1" name="SoFaDog.AndroidAutomation.WidgetSwipeTest" time="41.751" errors="0" timestamp="2022-06-14T14:54:48 IST" skipped="0">
  <testcase classname="SoFaDog.AndroidAutomation.WidgetSwipeTest" name="WidgetSwipeTestCase" time="41.751"/>
</testsuite> <!-- SoFaDog.AndroidAutomation.WidgetSwipeTest -->
