<?xml version="1.0" encoding="UTF-8"?>
<!-- Generated by org.testng.reporters.JUnitReportReporter -->
<testsuite hostname="Kamals-MacBook-Pro.local" failures="0" tests="1" name="SoFaDog.AndroidAutomation.CreatePaidService" time="116.448" errors="0" timestamp="2022-06-24T10:59:03 IST" skipped="0">
  <testcase classname="SoFaDog.AndroidAutomation.CreatePaidService" name="CreatePaidServiceTestCase" time="116.448"/>
</testsuite> <!-- SoFaDog.AndroidAutomation.CreatePaidService -->
