<?xml version="1.0" encoding="UTF-8"?>
<!-- Generated by org.testng.reporters.JUnitReportReporter -->
<testsuite skipped="0" hostname="Kamals-MacBook-Pro.local" name="Memberse.AndroidAutomation.aFeedsFilterTest" tests="1" failures="0" timestamp="2023-01-06T14:53:47 IST" time="87.534" errors="0">
  <testcase name="aFeedsFilterTestCase" time="87.534" classname="Memberse.AndroidAutomation.aFeedsFilterTest"/>
  <system-out/>
</testsuite> <!-- Memberse.AndroidAutomation.aFeedsFilterTest -->
