<?xml version="1.0" encoding="UTF-8"?>
<!-- Generated by org.testng.reporters.JUnitReportReporter -->
<testsuite hostname="Kamals-MacBook-Pro.local" failures="0" tests="1" name="Memberse.AndroidAutomation.aLoginWithGoogleTest" time="55.670" errors="0" timestamp="2022-10-10T15:24:35 IST" skipped="0">
  <testcase classname="Memberse.AndroidAutomation.aLoginWithGoogleTest" name="aLoginWithGoogleTestCase" time="55.670"/>
</testsuite> <!-- Memberse.AndroidAutomation.aLoginWithGoogleTest -->
