<?xml version="1.0" encoding="UTF-8"?>
<!-- Generated by org.testng.reporters.JUnitReportReporter -->
<testsuite skipped="0" hostname="Kamals-MacBook-Pro.local" name="Memberse.AndroidAutomation.aDonationTest" tests="1" failures="0" timestamp="2023-01-31T14:16:22 IST" time="109.399" errors="0">
  <testcase name="aDonationTestCase" time="109.399" classname="Memberse.AndroidAutomation.aDonationTest"/>
  <system-out/>
</testsuite> <!-- Memberse.AndroidAutomation.aDonationTest -->
