<?xml version="1.0" encoding="UTF-8"?>
<!-- Generated by org.testng.reporters.JUnitReportReporter -->
<testsuite hostname="Kamals-MacBook-Pro.local" failures="0" tests="1" name="SoFaDog.AndroidAutomation.WidgetSwipeTest" time="40.524" errors="0" timestamp="2022-06-17T11:33:41 IST" skipped="0">
  <testcase classname="SoFaDog.AndroidAutomation.WidgetSwipeTest" name="WidgetSwipeTestCase" time="40.524"/>
</testsuite> <!-- SoFaDog.AndroidAutomation.WidgetSwipeTest -->
