<?xml version="1.0" encoding="UTF-8"?>
<!-- Generated by org.testng.reporters.JUnitReportReporter -->
<testsuite hostname="Kamals-MacBook-Pro.local" failures="0" tests="1" name="Memberse.AndroidAutomation.aLoginWithFacebookTest" time="63.229" errors="0" timestamp="2022-11-03T06:57:59 IST" skipped="0">
  <testcase classname="Memberse.AndroidAutomation.aLoginWithFacebookTest" name="aLoginWithFacebookTestCase" time="63.229"/>
</testsuite> <!-- Memberse.AndroidAutomation.aLoginWithFacebookTest -->
