<?xml version="1.0" encoding="UTF-8"?>
<!-- Generated by org.testng.reporters.JUnitReportReporter -->
<testsuite skipped="0" hostname="Kamals-MacBook-Pro.local" name="Memberse.AndroidAutomation.aTermsAndConditionsTest" tests="1" failures="0" timestamp="2023-03-10T14:51:55 IST" time="81.551" errors="0">
  <testcase name="aTermsAndConditionsTestCase" time="81.551" classname="Memberse.AndroidAutomation.aTermsAndConditionsTest"/>
  <system-out/>
</testsuite> <!-- Memberse.AndroidAutomation.aTermsAndConditionsTest -->
