<?xml version="1.0" encoding="UTF-8"?>
<!-- Generated by org.testng.reporters.JUnitReportReporter -->
<testsuite skipped="0" hostname="Kamals-MacBook-Pro.local" name="Memberse.AndroidAutomation.aWatchedHistoryTest" tests="1" failures="0" timestamp="2023-03-10T14:51:55 IST" time="84.209" errors="0">
  <testcase name="aWatchedHistoryTestCase" time="84.209" classname="Memberse.AndroidAutomation.aWatchedHistoryTest"/>
  <system-out/>
</testsuite> <!-- Memberse.AndroidAutomation.aWatchedHistoryTest -->
