<?xml version="1.0" encoding="UTF-8"?>
<!-- Generated by org.testng.reporters.JUnitReportReporter -->
<testsuite hostname="Kamals-MacBook-Pro.local" failures="0" tests="1" name="Memberse.AndroidAutomation.aRegisterWithEmailTest" time="45.223" errors="0" timestamp="2022-09-23T09:46:19 IST" skipped="0">
  <testcase classname="Memberse.AndroidAutomation.aRegisterWithEmailTest" name="aRegisterWithEmailTestCase" time="45.223"/>
</testsuite> <!-- Memberse.AndroidAutomation.aRegisterWithEmailTest -->
