<?xml version="1.0" encoding="UTF-8"?>
<!-- Generated by org.testng.reporters.JUnitReportReporter -->
<testsuite skipped="0" hostname="Kamals-MacBook-Pro.local" name="Memberse.AndroidAutomation.aLoginFormValidationTest" tests="1" failures="0" timestamp="2023-01-05T18:43:21 IST" time="31.622" errors="0">
  <testcase name="aEmailFormValidationTestCase" time="31.622" classname="Memberse.AndroidAutomation.aLoginFormValidationTest"/>
  <system-out/>
</testsuite> <!-- Memberse.AndroidAutomation.aLoginFormValidationTest -->
