<?xml version="1.0" encoding="UTF-8"?>
<!-- Generated by org.testng.reporters.JUnitReportReporter -->
<testsuite hostname="Kamals-MacBook-Pro.local" failures="0" tests="1" name="Memberse.AndroidAutomation.aCommunityGuidelinesTest" time="88.246" errors="0" timestamp="2022-10-13T12:21:52 IST" skipped="0">
  <testcase classname="Memberse.AndroidAutomation.aCommunityGuidelinesTest" name="aCommunityGuidelinesTestCase" time="88.246"/>
</testsuite> <!-- Memberse.AndroidAutomation.aCommunityGuidelinesTest -->
