<?xml version="1.0" encoding="UTF-8"?>
<!-- Generated by org.testng.reporters.JUnitReportReporter -->
<testsuite hostname="Kamals-MacBook-Pro.local" failures="0" tests="1" name="Memberse.AndroidAutomation.aEmailFormValidationTest" time="21.418" errors="0" timestamp="2022-09-02T12:15:33 IST" skipped="0">
  <testcase classname="Memberse.AndroidAutomation.aEmailFormValidationTest" name="aEmailFormValidationTestCase" time="21.418"/>
</testsuite> <!-- Memberse.AndroidAutomation.aEmailFormValidationTest -->
