<?xml version="1.0" encoding="UTF-8"?>
<!-- Generated by org.testng.reporters.JUnitReportReporter -->
<testsuite skipped="0" hostname="Kamals-MacBook-Pro.local" name="Memberse.AndroidAutomation.aReportPostTest" tests="1" failures="0" timestamp="2023-01-19T14:04:57 IST" time="61.532" errors="0">
  <testcase name="aReportPostTestCase" time="61.532" classname="Memberse.AndroidAutomation.aReportPostTest"/>
  <system-out/>
</testsuite> <!-- Memberse.AndroidAutomation.aReportPostTest -->
