<?xml version="1.0" encoding="UTF-8"?>
<!-- Generated by org.testng.reporters.JUnitReportReporter -->
<testsuite skipped="0" hostname="Kamals-MacBook-Pro.local" name="Memberse.AndroidAutomation.aCommentOnPostTest" tests="1" failures="0" timestamp="2023-03-10T14:51:55 IST" time="78.947" errors="0">
  <testcase name="aCommentOnPostTestCase" time="78.947" classname="Memberse.AndroidAutomation.aCommentOnPostTest"/>
  <system-out/>
</testsuite> <!-- Memberse.AndroidAutomation.aCommentOnPostTest -->
