<?xml version="1.0" encoding="UTF-8"?>
<!-- Generated by org.testng.reporters.JUnitReportReporter -->
<testsuite skipped="0" hostname="Kamals-MacBook-Pro.local" name="Memberse.AndroidAutomation.aRegisterFormValidationTest" tests="1" failures="0" timestamp="2022-11-30T14:33:42 IST" time="35.497" errors="0">
  <testcase name="aRegisterFormValidationTestCase" time="35.497" classname="Memberse.AndroidAutomation.aRegisterFormValidationTest"/>
  <system-out/>
</testsuite> <!-- Memberse.AndroidAutomation.aRegisterFormValidationTest -->
