<?xml version="1.0" encoding="UTF-8"?>
<!-- Generated by org.testng.reporters.JUnitReportReporter -->
<testsuite skipped="0" hostname="Kamals-MacBook-Pro.local" name="Memberse.AndroidAutomation.aFeedsVerifyTest" tests="1" failures="0" timestamp="2023-01-06T12:20:20 IST" time="59.241" errors="0">
  <testcase name="aFeedsVerifyTestCase" time="59.241" classname="Memberse.AndroidAutomation.aFeedsVerifyTest"/>
  <system-out/>
</testsuite> <!-- Memberse.AndroidAutomation.aFeedsVerifyTest -->
