<?xml version="1.0" encoding="UTF-8"?>
<!-- Generated by org.testng.reporters.JUnitReportReporter -->
<testsuite hostname="Kamals-MacBook-Pro.local" failures="0" tests="1" name="Memberse.AndroidAutomation.aPrivacyPolicyTest" time="94.142" errors="0" timestamp="2022-10-12T17:31:22 IST" skipped="0">
  <testcase classname="Memberse.AndroidAutomation.aPrivacyPolicyTest" name="aPrivacyPolicyTestCase" time="94.142"/>
</testsuite> <!-- Memberse.AndroidAutomation.aPrivacyPolicyTest -->
