<?xml version="1.0" encoding="UTF-8"?>
<!-- Generated by org.testng.reporters.JUnitReportReporter -->
<testsuite skipped="0" hostname="Kamals-MacBook-Pro.local" name="Memberse.AndroidAutomation.aPrivacyPolicyTest" tests="1" failures="0" timestamp="2022-11-30T16:52:57 IST" time="71.706" errors="0">
  <testcase name="aPrivacyPolicyTestCase" time="71.706" classname="Memberse.AndroidAutomation.aPrivacyPolicyTest"/>
  <system-out/>
</testsuite> <!-- Memberse.AndroidAutomation.aPrivacyPolicyTest -->
