<?xml version="1.0" encoding="UTF-8"?>
<!-- Generated by org.testng.reporters.JUnitReportReporter -->
<testsuite hostname="Kamals-MacBook-Pro.local" failures="0" tests="1" name="SoFaDog.AndroidAutomation.DeleteAccountTest" time="113.443" errors="0" timestamp="2022-06-07T22:21:08 IST" skipped="0">
  <testcase classname="SoFaDog.AndroidAutomation.DeleteAccountTest" name="DeleteAccountTestCase" time="113.443"/>
</testsuite> <!-- SoFaDog.AndroidAutomation.DeleteAccountTest -->
