<?xml version="1.0" encoding="UTF-8"?>
<!-- Generated by org.testng.reporters.JUnitReportReporter -->
<testsuite skipped="0" hostname="Kamals-MacBook-Pro.local" name="Memberse.AndroidAutomation.aCreateTextPost" tests="1" failures="0" timestamp="2023-01-12T16:07:24 IST" time="78.655" errors="0">
  <testcase name="aCreateTextPostCase" time="78.655" classname="Memberse.AndroidAutomation.aCreateTextPost"/>
  <system-out/>
</testsuite> <!-- Memberse.AndroidAutomation.aCreateTextPost -->
