<?xml version="1.0" encoding="UTF-8"?>
<!-- Generated by org.testng.reporters.JUnitReportReporter -->
<testsuite skipped="0" hostname="Kamals-MacBook-Pro.local" name="Memberse.AndroidAutomation.aLoginWithFacebookTest" tests="1" failures="0" timestamp="2022-11-30T15:23:34 IST" time="53.662" errors="0">
  <testcase name="aLoginWithFacebookTestCase" time="53.662" classname="Memberse.AndroidAutomation.aLoginWithFacebookTest"/>
  <system-out/>
</testsuite> <!-- Memberse.AndroidAutomation.aLoginWithFacebookTest -->
