<?xml version="1.0" encoding="UTF-8"?>
<!-- Generated by org.testng.reporters.JUnitReportReporter -->
<testsuite hostname="Kamals-MacBook-Pro.local" failures="0" tests="1" name="SoFaDog.AndroidAutomation.LogoutTest" time="73.791" errors="0" timestamp="2022-06-17T12:18:43 IST" skipped="0">
  <testcase classname="SoFaDog.AndroidAutomation.LogoutTest" name="LogoutTestCase" time="73.791"/>
</testsuite> <!-- SoFaDog.AndroidAutomation.LogoutTest -->
