<?xml version="1.0" encoding="UTF-8"?>
<!-- Generated by org.testng.reporters.JUnitReportReporter -->
<testsuite skipped="0" hostname="Kamals-MacBook-Pro.local" name="Memberse.AndroidAutomation.aLoginWithEmailTest" tests="1" failures="0" timestamp="2022-12-23T14:05:02 IST" time="52.134" errors="0">
  <testcase name="aLoginWithEmailTestCase" time="52.134" classname="Memberse.AndroidAutomation.aLoginWithEmailTest"/>
  <system-out/>
</testsuite> <!-- Memberse.AndroidAutomation.aLoginWithEmailTest -->
