<?xml version="1.0" encoding="UTF-8"?>
<!-- Generated by org.testng.reporters.JUnitReportReporter -->
<testsuite hostname="Kamals-MacBook-Pro.local" failures="0" tests="1" name="Memberse.AndroidAutomation.aLoginWithGoogleTest" time="30.136" errors="0" timestamp="2022-09-05T11:27:30 IST" skipped="0">
  <testcase classname="Memberse.AndroidAutomation.aLoginWithGoogleTest" name="aLoginWithGoogleTestCase" time="30.136"/>
</testsuite> <!-- Memberse.AndroidAutomation.aLoginWithGoogleTest -->
