<?xml version="1.0" encoding="UTF-8"?>
<!-- Generated by org.testng.reporters.JUnitReportReporter -->
<testsuite skipped="0" hostname="Kamals-MacBook-Pro.local" name="Memberse.AndroidAutomation.aCommunityGuidelinesTest" tests="1" failures="0" timestamp="2022-11-30T16:50:20 IST" time="63.026" errors="0">
  <testcase name="aCommunityGuidelinesTestCase" time="63.026" classname="Memberse.AndroidAutomation.aCommunityGuidelinesTest"/>
  <system-out/>
</testsuite> <!-- Memberse.AndroidAutomation.aCommunityGuidelinesTest -->
