<?xml version="1.0" encoding="UTF-8"?>
<!-- Generated by org.testng.reporters.JUnitReportReporter -->
<testsuite skipped="0" hostname="Kamals-MacBook-Pro.local" name="Memberse.AndroidAutomation.aPostHistoryPostEditTest" tests="1" failures="0" timestamp="2022-12-01T12:18:28 IST" time="68.832" errors="0">
  <testcase name="aPostHistoryPostEditTestCase" time="68.832" classname="Memberse.AndroidAutomation.aPostHistoryPostEditTest"/>
  <system-out/>
</testsuite> <!-- Memberse.AndroidAutomation.aPostHistoryPostEditTest -->
