<?xml version="1.0" encoding="UTF-8"?>
<!-- Generated by org.testng.reporters.JUnitReportReporter -->
<testsuite hostname="Kamals-MacBook-Pro.local" failures="0" tests="1" name="SoFaDog.AndroidAutomation.EndToEndTest" time="277.364" errors="0" timestamp="2022-06-07T22:08:56 IST" skipped="0">
  <testcase classname="SoFaDog.AndroidAutomation.EndToEndTest" name="EndToEndTestCase" time="277.364"/>
</testsuite> <!-- SoFaDog.AndroidAutomation.EndToEndTest -->
