<?xml version="1.0" encoding="UTF-8"?>
<!-- Generated by org.testng.reporters.JUnitReportReporter -->
<testsuite hostname="Kamals-MacBook-Pro.local" failures="0" tests="1" name="SoFaDog.AndroidAutomation.CreateFreeServiceTest" time="97.537" errors="0" timestamp="2022-06-24T11:37:06 IST" skipped="0">
  <testcase classname="SoFaDog.AndroidAutomation.CreateFreeServiceTest" name="CreateFreeServiceTestCase" time="97.537"/>
</testsuite> <!-- SoFaDog.AndroidAutomation.CreateFreeServiceTest -->
