<?xml version="1.0" encoding="UTF-8"?>
<!-- Generated by org.testng.reporters.JUnitReportReporter -->
<testsuite skipped="0" hostname="Kamals-MacBook-Pro.local" name="Memberse.AndroidAutomation.aReportCommunityTest" tests="1" failures="0" timestamp="2023-01-18T18:42:09 IST" time="82.945" errors="0">
  <testcase name="aReportCommunityTestCase" time="82.945" classname="Memberse.AndroidAutomation.aReportCommunityTest"/>
  <system-out/>
</testsuite> <!-- Memberse.AndroidAutomation.aReportCommunityTest -->
