<?xml version="1.0" encoding="UTF-8"?>
<!-- Generated by org.testng.reporters.JUnitReportReporter -->
<testsuite hostname="Kamals-MacBook-Pro.local" failures="0" tests="1" name="Memberse.AndroidAutomation.aLoginTestWithEmail" time="37.799" errors="0" timestamp="2022-08-09T17:01:18 IST" skipped="0">
  <testcase classname="Memberse.AndroidAutomation.aLoginTestWithEmail" name="LoginTestCasewithEmail" time="37.799"/>
</testsuite> <!-- Memberse.AndroidAutomation.aLoginTestWithEmail -->
