<?xml version="1.0" encoding="UTF-8"?>
<!-- Generated by org.testng.reporters.JUnitReportReporter -->
<testsuite skipped="0" hostname="Kamals-MacBook-Pro.local" name="Memberse.AndroidAutomation.aLogoutTest" tests="1" failures="0" timestamp="2022-12-23T14:05:02 IST" time="48.821" errors="0">
  <testcase name="aLogoutTestCase" time="48.821" classname="Memberse.AndroidAutomation.aLogoutTest"/>
  <system-out/>
</testsuite> <!-- Memberse.AndroidAutomation.aLogoutTest -->
