<?xml version="1.0" encoding="UTF-8"?>
<!-- Generated by org.testng.reporters.JUnitReportReporter -->
<testsuite hostname="Kamals-MacBook-Pro.local" failures="0" tests="1" name="SoFaDog.AndroidAutomation.SampleTest" time="29.230" errors="0" timestamp="2022-06-12T12:32:59 IST" skipped="0">
  <testcase classname="SoFaDog.AndroidAutomation.SampleTest" name="FirstTest" time="29.230"/>
</testsuite> <!-- SoFaDog.AndroidAutomation.SampleTest -->
