<?xml version="1.0" encoding="UTF-8"?>
<!-- Generated by org.testng.reporters.JUnitReportReporter -->
<testsuite skipped="0" hostname="Kamals-MacBook-Pro.local" name="Memberse.AndroidAutomation.aPlaylistEditTest" tests="1" failures="0" timestamp="2022-12-07T13:35:42 IST" time="140.408" errors="0">
  <testcase name="aPlaylistEditTestCase" time="140.408" classname="Memberse.AndroidAutomation.aPlaylistEditTest"/>
  <system-out/>
</testsuite> <!-- Memberse.AndroidAutomation.aPlaylistEditTest -->
