<?xml version="1.0" encoding="UTF-8"?>
<!-- Generated by org.testng.reporters.JUnitReportReporter -->
<testsuite skipped="0" hostname="Kamals-MacBook-Pro.local" name="Memberse.AndroidAutomation.aFollowAndUnfollowCommunityTest" tests="1" failures="0" timestamp="2023-01-17T10:34:11 IST" time="86.426" errors="0">
  <testcase name="aFollowCommunityTestCase" time="86.426" classname="Memberse.AndroidAutomation.aFollowAndUnfollowCommunityTest"/>
  <system-out/>
</testsuite> <!-- Memberse.AndroidAutomation.aFollowAndUnfollowCommunityTest -->
