<?xml version="1.0" encoding="UTF-8"?>
<!-- Generated by org.testng.reporters.JUnitReportReporter -->
<testsuite skipped="0" hostname="Kamals-MacBook-Pro.local" name="Memberse.AndroidAutomation.aCommunityTabsTest" tests="1" failures="0" timestamp="2023-01-24T13:55:01 IST" time="111.093" errors="0">
  <testcase name="aCommunityTabsTestCase" time="111.093" classname="Memberse.AndroidAutomation.aCommunityTabsTest"/>
  <system-out/>
</testsuite> <!-- Memberse.AndroidAutomation.aCommunityTabsTest -->
