<?xml version="1.0" encoding="UTF-8"?>
<!-- Generated by org.testng.reporters.JUnitReportReporter -->
<testsuite hostname="Kamals-MacBook-Pro.local" failures="0" tests="1" name="SoFaDog.AndroidAutomation.RegisterTest" time="115.890" errors="0" timestamp="2022-06-08T18:58:10 IST" skipped="0">
  <testcase classname="SoFaDog.AndroidAutomation.RegisterTest" name="registerUser" time="115.890"/>
</testsuite> <!-- SoFaDog.AndroidAutomation.RegisterTest -->
