<?xml version="1.0" encoding="UTF-8"?>
<!-- Generated by org.testng.reporters.JUnitReportReporter -->
<testsuite hostname="Kamals-MacBook-Pro.local" failures="0" tests="1" name="Memberse.AndroidAutomation.aLanguageTest" time="88.984" errors="0" timestamp="2022-10-31T16:20:28 IST" skipped="0">
  <testcase classname="Memberse.AndroidAutomation.aLanguageTest" name="aLanguageTestCase" time="88.984"/>
</testsuite> <!-- Memberse.AndroidAutomation.aLanguageTest -->
