<?xml version="1.0" encoding="UTF-8"?>
<!-- Generated by org.testng.reporters.JUnitReportReporter -->
<testsuite hostname="Kamals-MacBook-Pro.local" failures="0" tests="1" name="Memberse.AndroidAutomation.aManageMyCommunityTest" time="110.358" errors="0" timestamp="2022-11-10T14:39:32 IST" skipped="0">
  <testcase classname="Memberse.AndroidAutomation.aManageMyCommunityTest" name="aManageMyCommunityTestCase" time="110.358"/>
</testsuite> <!-- Memberse.AndroidAutomation.aManageMyCommunityTest -->
