<?xml version="1.0" encoding="UTF-8"?>
<!-- Generated by org.testng.reporters.JUnitReportReporter -->
<testsuite hostname="Kamals-MacBook-Pro.local" failures="0" tests="1" name="Memberse.AndroidAutomation.aLoginWithEmailTest" time="53.538" errors="0" timestamp="2022-09-23T10:08:27 IST" skipped="0">
  <testcase classname="Memberse.AndroidAutomation.aLoginWithEmailTest" name="LoginTestCasewithEmail" time="53.538"/>
</testsuite> <!-- Memberse.AndroidAutomation.aLoginWithEmailTest -->
