<?xml version="1.0" encoding="UTF-8"?>
<!-- Generated by org.testng.reporters.JUnitReportReporter -->
<testsuite hostname="Kamals-MacBook-Pro.local" failures="0" tests="1" name="Memberse.AndroidAutomation.aLogoutTest" time="35.261" errors="0" timestamp="2022-08-22T12:56:44 IST" skipped="0">
  <testcase classname="Memberse.AndroidAutomation.aLogoutTest" name="aLogoutTestCase" time="35.261"/>
</testsuite> <!-- Memberse.AndroidAutomation.aLogoutTest -->
