<?xml version="1.0" encoding="UTF-8"?>
<!-- Generated by org.testng.reporters.JUnitReportReporter -->
<testsuite hostname="Kamals-MacBook-Pro.local" failures="0" tests="1" name="Memberse.AndroidAutomation.aLoginWithEmailTest" time="82.966" errors="0" timestamp="2022-11-24T15:28:55 IST" skipped="0">
  <testcase classname="Memberse.AndroidAutomation.aLoginWithEmailTest" name="aLoginWithEmailTestCase" time="82.966"/>
</testsuite> <!-- Memberse.AndroidAutomation.aLoginWithEmailTest -->
