<?xml version="1.0" encoding="UTF-8"?>
<!-- Generated by org.testng.reporters.JUnitReportReporter -->
<testsuite hostname="Kamals-MacBook-Pro.local" failures="0" tests="1" name="Memberse.AndroidAutomation.aTermsAndConditionsTest" time="91.285" errors="0" timestamp="2022-10-13T12:08:06 IST" skipped="0">
  <testcase classname="Memberse.AndroidAutomation.aTermsAndConditionsTest" name="aTermsAndConditionsTestCase" time="91.285"/>
</testsuite> <!-- Memberse.AndroidAutomation.aTermsAndConditionsTest -->
