<?xml version="1.0" encoding="UTF-8"?>
<!-- Generated by org.testng.reporters.JUnitReportReporter -->
<testsuite skipped="0" hostname="Kamals-MacBook-Pro.local" name="Memberse.AndroidAutomation.aManageMyCommunityTest" tests="1" failures="0" timestamp="2022-11-30T18:50:50 IST" time="80.684" errors="0">
  <testcase name="aManageMyCommunityTestCase" time="80.684" classname="Memberse.AndroidAutomation.aManageMyCommunityTest"/>
  <system-out/>
</testsuite> <!-- Memberse.AndroidAutomation.aManageMyCommunityTest -->
