<?xml version="1.0" encoding="UTF-8"?>
<!-- Generated by org.testng.reporters.JUnitReportReporter -->
<testsuite hostname="Kamals-MacBook-Pro.local" failures="0" tests="1" name="Memberse.AndroidAutomation.aDeleteAccountTest" time="53.028" errors="0" timestamp="2022-09-05T12:22:22 IST" skipped="0">
  <testcase classname="Memberse.AndroidAutomation.aDeleteAccountTest" name="aDeleteAccountTestCase" time="53.028"/>
</testsuite> <!-- Memberse.AndroidAutomation.aDeleteAccountTest -->
