<?xml version="1.0" encoding="UTF-8"?>
<!-- Generated by org.testng.reporters.JUnitReportReporter -->
<testsuite skipped="0" hostname="Kamals-MacBook-Pro.local" name="Memberse.AndroidAutomation.aCreatePhotoPostTest" tests="1" failures="0" timestamp="2023-01-18T14:48:28 IST" time="146.846" errors="0">
  <testcase name="aCreatePhotoPostTestCase" time="146.846" classname="Memberse.AndroidAutomation.aCreatePhotoPostTest"/>
  <system-out/>
</testsuite> <!-- Memberse.AndroidAutomation.aCreatePhotoPostTest -->
