<?xml version="1.0" encoding="UTF-8"?>
<!-- Generated by org.testng.reporters.JUnitReportReporter -->
<testsuite skipped="0" hostname="Kamals-MacBook-Pro.local" name="Memberse.AndroidAutomation.aMyFansListTest" tests="1" failures="0" timestamp="2022-12-07T14:02:47 IST" time="57.813" errors="0">
  <testcase name="aMyFansListTestCase" time="57.813" classname="Memberse.AndroidAutomation.aMyFansListTest"/>
  <system-out/>
</testsuite> <!-- Memberse.AndroidAutomation.aMyFansListTest -->
