<?xml version="1.0" encoding="UTF-8"?>
<!-- Generated by org.testng.reporters.JUnitReportReporter -->
<testsuite hostname="Kamals-MacBook-Pro.local" failures="0" tests="1" name="SoFaDog.AndroidAutomation.DeleteAccountTest" time="71.703" errors="0" timestamp="2022-06-27T11:23:29 IST" skipped="0">
  <testcase classname="SoFaDog.AndroidAutomation.DeleteAccountTest" name="DeleteAccountTestCase" time="71.703"/>
</testsuite> <!-- SoFaDog.AndroidAutomation.DeleteAccountTest -->
