<?xml version="1.0" encoding="UTF-8"?>
<!-- Generated by org.testng.reporters.JUnitReportReporter -->
<testsuite skipped="0" hostname="Kamals-MacBook-Pro.local" name="Memberse.AndroidAutomation.aTermsAndConditionsTest" tests="1" failures="0" timestamp="2022-11-30T15:47:51 IST" time="65.662" errors="0">
  <testcase name="aTermsAndConditionsTestCase" time="65.662" classname="Memberse.AndroidAutomation.aTermsAndConditionsTest"/>
  <system-out/>
</testsuite> <!-- Memberse.AndroidAutomation.aTermsAndConditionsTest -->
