<?xml version="1.0" encoding="UTF-8"?>
<!-- Generated by org.testng.reporters.JUnitReportReporter -->
<testsuite hostname="Kamals-MacBook-Pro.local" failures="0" tests="1" name="SoFaDog.AndroidAutomation.RegisterTest" time="71.370" errors="0" timestamp="2022-06-17T13:51:31 IST" skipped="0">
  <testcase classname="SoFaDog.AndroidAutomation.RegisterTest" name="registerUser" time="71.370"/>
</testsuite> <!-- SoFaDog.AndroidAutomation.RegisterTest -->
