<?xml version="1.0" encoding="UTF-8"?>
<!-- Generated by org.testng.reporters.JUnitReportReporter -->
<testsuite hostname="Kamals-MacBook-Pro.local" failures="0" tests="1" name="SoFaDog.AndroidAutomation.LoginTest" time="83.612" errors="0" timestamp="2022-06-07T21:59:03 IST" skipped="0">
  <testcase classname="SoFaDog.AndroidAutomation.LoginTest" name="LoginTestCase" time="83.612"/>
</testsuite> <!-- SoFaDog.AndroidAutomation.LoginTest -->
