<?xml version="1.0" encoding="UTF-8"?>
<!-- Generated by org.testng.reporters.JUnitReportReporter -->
<testsuite skipped="0" hostname="Kamals-MacBook-Pro.local" name="Memberse.AndroidAutomation.aViewTextPostTest" tests="1" failures="0" timestamp="2023-01-24T11:56:31 IST" time="69.509" errors="0">
  <testcase name="aViewTextPostTestCase" time="69.509" classname="Memberse.AndroidAutomation.aViewTextPostTest"/>
  <system-out/>
</testsuite> <!-- Memberse.AndroidAutomation.aViewTextPostTest -->
