<?xml version="1.0" encoding="UTF-8"?>
<!-- Generated by org.testng.reporters.JUnitReportReporter -->
<testsuite skipped="0" hostname="Kamals-MacBook-Pro.local" name="Memberse.AndroidAutomation.aPlayVideoPostTest" tests="1" failures="0" timestamp="2023-01-24T12:10:25 IST" time="70.035" errors="0">
  <testcase name="aPlayVideoPostTestCase" time="70.035" classname="Memberse.AndroidAutomation.aPlayVideoPostTest"/>
  <system-out/>
</testsuite> <!-- Memberse.AndroidAutomation.aPlayVideoPostTest -->
