<?xml version="1.0" encoding="UTF-8"?>
<!-- Generated by org.testng.reporters.JUnitReportReporter -->
<testsuite hostname="Kamals-MacBook-Pro.local" failures="0" tests="1" name="SoFaDog.AndroidAutomation.DeleteServiceTest" time="82.008" errors="0" timestamp="2022-06-25T13:23:56 IST" skipped="0">
  <testcase classname="SoFaDog.AndroidAutomation.DeleteServiceTest" name="DeleteServiceTestCase" time="82.008"/>
</testsuite> <!-- SoFaDog.AndroidAutomation.DeleteServiceTest -->
