<?xml version="1.0" encoding="UTF-8"?>
<!-- Generated by org.testng.reporters.JUnitReportReporter -->
<testsuite hostname="Kamals-MacBook-Pro.local" failures="0" tests="1" name="Memberse.AndroidAutomation.aPostHistoryDeleteTest" time="92.711" errors="0" timestamp="2022-11-11T16:48:52 IST" skipped="0">
  <testcase classname="Memberse.AndroidAutomation.aPostHistoryDeleteTest" name="aPostHistoryDeleteTestCase" time="92.711"/>
</testsuite> <!-- Memberse.AndroidAutomation.aPostHistoryDeleteTest -->
