<?xml version="1.0" encoding="UTF-8"?>
<!-- Generated by org.testng.reporters.JUnitReportReporter -->
<testsuite hostname="Kamals-MacBook-Pro.local" failures="0" tests="1" name="Memberse.AndroidAutomation.aLanguageTest" time="104.600" errors="0" timestamp="2022-11-03T07:52:05 IST" skipped="0">
  <testcase classname="Memberse.AndroidAutomation.aLanguageTest" name="aLanguageTestCase" time="104.600"/>
</testsuite> <!-- Memberse.AndroidAutomation.aLanguageTest -->
