<?xml version="1.0" encoding="UTF-8"?>
<!-- Generated by org.testng.reporters.JUnitReportReporter -->
<testsuite hostname="Kamals-MacBook-Pro.local" failures="0" tests="1" name="Memberse.AndroidAutomation.aLoginWithFacebookTest" time="40.806" errors="0" timestamp="2022-08-22T17:13:46 IST" skipped="0">
  <testcase classname="Memberse.AndroidAutomation.aLoginWithFacebookTest" name="iLoginWithFacebookTestCase" time="40.806"/>
</testsuite> <!-- Memberse.AndroidAutomation.aLoginWithFacebookTest -->
