<?xml version="1.0" encoding="UTF-8"?>
<!-- Generated by org.testng.reporters.JUnitReportReporter -->
<testsuite hostname="Kamals-MacBook-Pro.local" failures="0" tests="1" name="SoFaDog.AndroidAutomation.CreatePaidServiceTest" time="159.635" errors="0" timestamp="2022-06-24T11:58:54 IST" skipped="0">
  <testcase classname="SoFaDog.AndroidAutomation.CreatePaidServiceTest" name="CreatePaidServiceTestCase" time="159.635"/>
</testsuite> <!-- SoFaDog.AndroidAutomation.CreatePaidServiceTest -->
