<?xml version="1.0" encoding="UTF-8"?>
<!-- Generated by org.testng.reporters.JUnitReportReporter -->
<testsuite hostname="Kamals-MacBook-Pro.local" failures="0" tests="1" name="Memberse.AndroidAutomation.aSmokeTest" time="28.879" errors="0" timestamp="2022-10-03T17:37:41 IST" skipped="0">
  <testcase classname="Memberse.AndroidAutomation.aSmokeTest" name="aSmokeTestCase" time="28.879"/>
</testsuite> <!-- Memberse.AndroidAutomation.aSmokeTest -->
