<?xml version="1.0" encoding="UTF-8"?>
<!-- Generated by org.testng.reporters.JUnitReportReporter -->
<testsuite hostname="Kamals-MacBook-Pro.local" failures="0" tests="1" name="Memberse.AndroidAutomation.aStripeConnectionTest" time="147.733" errors="0" timestamp="2022-11-10T17:04:46 IST" skipped="0">
  <testcase classname="Memberse.AndroidAutomation.aStripeConnectionTest" name="aStripeConnectionTestCase" time="147.733"/>
</testsuite> <!-- Memberse.AndroidAutomation.aStripeConnectionTest -->
