<?xml version="1.0" encoding="UTF-8"?>
<!-- Generated by org.testng.reporters.JUnitReportReporter -->
<testsuite hostname="Kamals-MacBook-Pro.local" failures="0" tests="1" name="Memberse.AndroidAutomation.aWidgetSwipeTest" time="13.454" errors="0" timestamp="2022-08-12T08:57:58 IST" skipped="0">
  <testcase classname="Memberse.AndroidAutomation.aWidgetSwipeTest" name="aWidgetSwipeTestCase" time="13.454"/>
</testsuite> <!-- Memberse.AndroidAutomation.aWidgetSwipeTest -->
