<?xml version="1.0" encoding="UTF-8"?>
<!-- Generated by org.testng.reporters.JUnitReportReporter -->
<testsuite hostname="Kamals-MacBook-Pro.local" failures="0" tests="1" name="SoFaDog.AndroidAutomation.SampleTest" time="28.599" errors="0" timestamp="2022-05-22T12:55:46 IST" skipped="0">
  <testcase classname="SoFaDog.AndroidAutomation.SampleTest" name="FirstTest" time="28.599"/>
</testsuite> <!-- SoFaDog.AndroidAutomation.SampleTest -->
