<?xml version="1.0" encoding="UTF-8"?>
<!-- Generated by org.testng.reporters.JUnitReportReporter -->
<testsuite hostname="Kamals-MacBook-Pro.local" failures="0" tests="1" name="Memberse.AndroidAutomation.aLogoutTest" time="87.251" errors="0" timestamp="2022-11-03T07:52:05 IST" skipped="0">
  <testcase classname="Memberse.AndroidAutomation.aLogoutTest" name="aLogoutTestCase" time="87.251"/>
</testsuite> <!-- Memberse.AndroidAutomation.aLogoutTest -->
