<?xml version="1.0" encoding="UTF-8"?>
<!-- Generated by org.testng.reporters.JUnitReportReporter -->
<testsuite hostname="Kamals-MacBook-Pro.local" failures="0" tests="1" name="Memberse.AndroidAutomation.aSmokeTest" time="20.670" errors="0" timestamp="2022-08-22T15:08:10 IST" skipped="0">
  <testcase classname="Memberse.AndroidAutomation.aSmokeTest" name="aSmokeTestCase" time="20.670"/>
</testsuite> <!-- Memberse.AndroidAutomation.aSmokeTest -->
