<?xml version="1.0" encoding="UTF-8"?>
<!-- Generated by org.testng.reporters.JUnitReportReporter -->
<testsuite skipped="0" hostname="Kamals-MacBook-Pro.local" name="Memberse.AndroidAutomation.aLogoutTest" tests="1" failures="0" timestamp="2022-11-30T15:29:17 IST" time="50.934" errors="0">
  <testcase name="aLogoutTestCase" time="50.934" classname="Memberse.AndroidAutomation.aLogoutTest"/>
  <system-out/>
</testsuite> <!-- Memberse.AndroidAutomation.aLogoutTest -->
