<?xml version="1.0" encoding="UTF-8"?>
<!-- Generated by org.testng.reporters.JUnitReportReporter -->
<testsuite skipped="0" hostname="Kamals-MacBook-Pro.local" name="Memberse.AndroidAutomation.aBecomeCreatorTest" tests="1" failures="0" timestamp="2022-11-30T18:43:03 IST" time="65.355" errors="0">
  <testcase name="aBecomeCreatorTestCase" time="65.355" classname="Memberse.AndroidAutomation.aBecomeCreatorTest"/>
  <system-out/>
</testsuite> <!-- Memberse.AndroidAutomation.aBecomeCreatorTest -->
