<?xml version="1.0" encoding="UTF-8"?>
<!-- Generated by org.testng.reporters.JUnitReportReporter -->
<testsuite skipped="0" hostname="Kamals-MacBook-Pro.local" name="Memberse.AndroidAutomation.aCreateTextPostTest" tests="1" failures="0" timestamp="2023-01-13T13:20:39 IST" time="78.429" errors="0">
  <testcase name="aCreateTextPostTestCase" time="78.429" classname="Memberse.AndroidAutomation.aCreateTextPostTest"/>
  <system-out/>
</testsuite> <!-- Memberse.AndroidAutomation.aCreateTextPostTest -->
