<?xml version="1.0" encoding="UTF-8"?>
<!-- Generated by org.testng.reporters.JUnitReportReporter -->
<testsuite hostname="Kamals-MacBook-Pro.local" failures="0" tests="1" name="Memberse.AndroidAutomation.abcTest" time="30.010" errors="0" timestamp="2022-11-17T21:41:14 IST" skipped="0">
  <testcase classname="Memberse.AndroidAutomation.abcTest" name="abcTestCase" time="30.010"/>
</testsuite> <!-- Memberse.AndroidAutomation.abcTest -->
