<?xml version="1.0" encoding="UTF-8"?>
<!-- Generated by org.testng.reporters.JUnitReportReporter -->
<testsuite hostname="Kamals-MacBook-Pro.local" failures="0" tests="1" name="Memberse.AndroidAutomation.aRegisterFormValidationTest" time="74.358" errors="0" timestamp="2022-11-02T20:20:39 IST" skipped="0">
  <testcase classname="Memberse.AndroidAutomation.aRegisterFormValidationTest" name="aRegisterFormValidationTestCase" time="74.358"/>
</testsuite> <!-- Memberse.AndroidAutomation.aRegisterFormValidationTest -->
