<?xml version="1.0" encoding="UTF-8"?>
<!-- Generated by org.testng.reporters.JUnitReportReporter -->
<testsuite skipped="0" hostname="Kamals-MacBook-Pro.local" name="Memberse.AndroidAutomation.aWatchedHistoryTest" tests="1" failures="0" timestamp="2022-12-23T14:05:02 IST" time="73.266" errors="0">
  <testcase name="aWatchedHistoryTestCase" time="73.266" classname="Memberse.AndroidAutomation.aWatchedHistoryTest"/>
  <system-out/>
</testsuite> <!-- Memberse.AndroidAutomation.aWatchedHistoryTest -->
