<?xml version="1.0" encoding="UTF-8"?>
<!-- Generated by org.testng.reporters.JUnitReportReporter -->
<testsuite hostname="Kamals-MacBook-Pro.local" failures="0" tests="1" name="SoFaDog.AndroidAutomation.WatchVideoTest" time="131.827" errors="0" timestamp="2022-06-14T14:57:44 IST" skipped="0">
  <testcase classname="SoFaDog.AndroidAutomation.WatchVideoTest" name="WatchVideoTestCase" time="131.827"/>
</testsuite> <!-- SoFaDog.AndroidAutomation.WatchVideoTest -->
