<?xml version="1.0" encoding="UTF-8"?>
<!-- Generated by org.testng.reporters.JUnitReportReporter -->
<testsuite skipped="0" hostname="Kamals-MacBook-Pro.local" name="Memberse.AndroidAutomation.aCommunityGuidelinesTest" tests="1" failures="0" timestamp="2023-03-10T14:51:55 IST" time="85.870" errors="0">
  <testcase name="aCommunityGuidelinesTestCase" time="85.870" classname="Memberse.AndroidAutomation.aCommunityGuidelinesTest"/>
  <system-out/>
</testsuite> <!-- Memberse.AndroidAutomation.aCommunityGuidelinesTest -->
