<?xml version="1.0" encoding="UTF-8"?>
<!-- Generated by org.testng.reporters.JUnitReportReporter -->
<testsuite hostname="Kamals-MacBook-Pro.local" failures="0" tests="1" name="Memberse.AndroidAutomation.aLoginWithFacebookTest" time="39.465" errors="0" timestamp="2022-08-12T09:39:55 IST" skipped="0">
  <testcase classname="Memberse.AndroidAutomation.aLoginWithFacebookTest" name="iLoginWithFacebookTestCase" time="39.465"/>
</testsuite> <!-- Memberse.AndroidAutomation.aLoginWithFacebookTest -->
