<?xml version="1.0" encoding="UTF-8"?>
<!-- Generated by org.testng.reporters.JUnitReportReporter -->
<testsuite hostname="Kamals-MacBook-Pro.local" failures="0" tests="1" name="Memberse.AndroidAutomation.aEmailFormValidationTest" time="19.549" errors="0" timestamp="2022-10-03T17:42:50 IST" skipped="0">
  <testcase classname="Memberse.AndroidAutomation.aEmailFormValidationTest" name="aEmailFormValidationTestCase" time="19.549"/>
</testsuite> <!-- Memberse.AndroidAutomation.aEmailFormValidationTest -->
