<?xml version="1.0" encoding="UTF-8"?>
<!-- Generated by org.testng.reporters.JUnitReportReporter -->
<testsuite hostname="Kamals-MacBook-Pro.local" failures="0" tests="1" name="Memberse.AndroidAutomation.aPostHistoryPlayTest" time="98.826" errors="0" timestamp="2022-11-11T16:33:35 IST" skipped="0">
  <testcase classname="Memberse.AndroidAutomation.aPostHistoryPlayTest" name="aPostHistoryPlayTestCase" time="98.826"/>
</testsuite> <!-- Memberse.AndroidAutomation.aPostHistoryPlayTest -->
