<?xml version="1.0" encoding="UTF-8"?>
<!-- Generated by org.testng.reporters.JUnitReportReporter -->
<testsuite skipped="0" hostname="Kamals-MacBook-Pro.local" name="Memberse.AndroidAutomation.aSharePostTest" tests="1" failures="0" timestamp="2023-01-19T13:52:09 IST" time="77.155" errors="0">
  <testcase name="aSharePostTestCase" time="77.155" classname="Memberse.AndroidAutomation.aSharePostTest"/>
  <system-out/>
</testsuite> <!-- Memberse.AndroidAutomation.aSharePostTest -->
