<?xml version="1.0" encoding="UTF-8"?>
<!-- Generated by org.testng.reporters.JUnitReportReporter -->
<testsuite skipped="0" hostname="Kamals-MacBook-Pro.local" name="Memberse.AndroidAutomation.aDeleteAccountTest" tests="1" failures="0" timestamp="2023-03-10T14:51:55 IST" time="73.588" errors="0">
  <testcase name="aDeleteAccountTestCase" time="73.588" classname="Memberse.AndroidAutomation.aDeleteAccountTest"/>
  <system-out/>
</testsuite> <!-- Memberse.AndroidAutomation.aDeleteAccountTest -->
