<?xml version="1.0" encoding="UTF-8"?>
<!-- Generated by org.testng.reporters.JUnitReportReporter -->
<testsuite skipped="0" hostname="Kamals-MacBook-Pro.local" name="Memberse.AndroidAutomation.aDeleteAccountTest" tests="1" failures="0" timestamp="2022-12-23T14:05:02 IST" time="58.151" errors="0">
  <testcase name="aDeleteAccountTestCase" time="58.151" classname="Memberse.AndroidAutomation.aDeleteAccountTest"/>
  <system-out/>
</testsuite> <!-- Memberse.AndroidAutomation.aDeleteAccountTest -->
