<?xml version="1.0" encoding="UTF-8"?>
<!-- Generated by org.testng.reporters.JUnitReportReporter -->
<testsuite hostname="Kamals-MacBook-Pro.local" failures="0" tests="1" name="Memberse.AndroidAutomation.aPostHistoryPostEditTest" time="106.424" errors="0" timestamp="2022-11-11T17:13:54 IST" skipped="0">
  <testcase classname="Memberse.AndroidAutomation.aPostHistoryPostEditTest" name="aPostHistoryPostEditTestCase" time="106.424"/>
</testsuite> <!-- Memberse.AndroidAutomation.aPostHistoryPostEditTest -->
