<?xml version="1.0" encoding="UTF-8"?>
<!-- Generated by org.testng.reporters.JUnitReportReporter -->
<testsuite skipped="0" hostname="Kamals-MacBook-Pro.local" name="Memberse.AndroidAutomation.aCreateVideoPostTest" tests="1" failures="0" timestamp="2023-01-13T15:49:06 IST" time="214.779" errors="0">
  <testcase name="aCreateVideoPostTestCase" time="214.779" classname="Memberse.AndroidAutomation.aCreateVideoPostTest"/>
  <system-out/>
</testsuite> <!-- Memberse.AndroidAutomation.aCreateVideoPostTest -->
