<?xml version="1.0" encoding="UTF-8"?>
<!-- Generated by org.testng.reporters.JUnitReportReporter -->
<testsuite hostname="Kamals-MacBook-Pro.local" failures="0" tests="1" name="SoFaDog.AndroidAutomation.DeleteAccountTest" time="122.504" errors="0" timestamp="2022-06-08T19:17:40 IST" skipped="0">
  <testcase classname="SoFaDog.AndroidAutomation.DeleteAccountTest" name="DeleteAccountTestCase" time="122.504"/>
</testsuite> <!-- SoFaDog.AndroidAutomation.DeleteAccountTest -->
