<?xml version="1.0" encoding="UTF-8"?>
<!-- Generated by org.testng.reporters.JUnitReportReporter -->
<testsuite hostname="Kamals-MacBook-Pro.local" failures="0" tests="1" name="SoFaDog.AndroidAutomation.BecomeCreatorTest" time="143.481" errors="0" timestamp="2022-06-14T17:03:42 IST" skipped="0">
  <testcase classname="SoFaDog.AndroidAutomation.BecomeCreatorTest" name="BecomeCreatorTestCase" time="143.481"/>
</testsuite> <!-- SoFaDog.AndroidAutomation.BecomeCreatorTest -->
