<?xml version="1.0" encoding="UTF-8"?>
<!-- Generated by org.testng.reporters.JUnitReportReporter -->
<testsuite hostname="Kamals-MacBook-Pro.local" failures="0" tests="2" name="SoFaDog.AndroidAutomation.WidgetSwipeTest" time="2.431" errors="1" timestamp="2022-06-08T18:40:30 IST" skipped="1">
  <testcase classname="SoFaDog.AndroidAutomation.WidgetSwipeTest" name="startService" time="2.431">
    <error message="Cannot run program &quot;/Users/mobile/Library/Android/sdk/emulator/emulator&quot;: error=2, No such file or directory" type="java.io.IOException">
      <![CDATA[java.io.IOException: Cannot run program "/Users/mobile/Library/Android/sdk/emulator/emulator": error=2, No such file or directory
at java.base/java.lang.ProcessBuilder.start(ProcessBuilder.java:1142)
at java.base/java.lang.ProcessBuilder.start(ProcessBuilder.java:1073)
at java.base/java.lang.Runtime.exec(Runtime.java:591)
at java.base/java.lang.Runtime.exec(Runtime.java:415)
at java.base/java.lang.Runtime.exec(Runtime.java:312)
at SoFaDog.AndroidAutomation.Base.startEmulator(Base.java:77)
at SoFaDog.AndroidAutomation.Base.capabilities(Base.java:97)
at SoFaDog.AndroidAutomation.Base.startService(Base.java:131)
at java.base/jdk.internal.reflect.NativeMethodAccessorImpl.invoke0(Native Method)
at java.base/jdk.internal.reflect.NativeMethodAccessorImpl.invoke(NativeMethodAccessorImpl.java:64)
at java.base/jdk.internal.reflect.DelegatingMethodAccessorImpl.invoke(DelegatingMethodAccessorImpl.java:43)
at java.base/java.lang.reflect.Method.invoke(Method.java:564)
at org.testng.internal.MethodInvocationHelper.invokeMethod(MethodInvocationHelper.java:133)
at org.testng.internal.MethodInvocationHelper.invokeMethodConsideringTimeout(MethodInvocationHelper.java:62)
at org.testng.internal.ConfigInvoker.invokeConfigurationMethod(ConfigInvoker.java:340)
at org.testng.internal.ConfigInvoker.invokeConfigurations(ConfigInvoker.java:294)
at org.testng.TestRunner.invokeTestConfigurations(TestRunner.java:623)
at org.testng.TestRunner.beforeRun(TestRunner.java:613)
at org.testng.TestRunner.run(TestRunner.java:584)
at org.testng.SuiteRunner.runTest(SuiteRunner.java:402)
at org.testng.SuiteRunner.runSequentially(SuiteRunner.java:396)
at org.testng.SuiteRunner.privateRun(SuiteRunner.java:355)
at org.testng.SuiteRunner.run(SuiteRunner.java:304)
at org.testng.SuiteRunnerWorker.runSuite(SuiteRunnerWorker.java:53)
at org.testng.SuiteRunnerWorker.run(SuiteRunnerWorker.java:96)
at org.testng.TestNG.runSuitesSequentially(TestNG.java:1180)
at org.testng.TestNG.runSuitesLocally(TestNG.java:1102)
at org.testng.TestNG.runSuites(TestNG.java:1032)
at org.testng.TestNG.run(TestNG.java:1000)
at org.testng.remote.AbstractRemoteTestNG.run(AbstractRemoteTestNG.java:115)
at org.testng.remote.RemoteTestNG.initAndRun(RemoteTestNG.java:251)
at org.testng.remote.RemoteTestNG.main(RemoteTestNG.java:77)
Caused by: java.io.IOException: error=2, No such file or directory
at java.base/java.lang.ProcessImpl.forkAndExec(Native Method)
at java.base/java.lang.ProcessImpl.<init>(ProcessImpl.java:313)
at java.base/java.lang.ProcessImpl.start(ProcessImpl.java:244)
at java.base/java.lang.ProcessBuilder.start(ProcessBuilder.java:1109)
... 31 more
]]>
    </error>
  </testcase> <!-- startService -->
  <testcase classname="SoFaDog.AndroidAutomation.WidgetSwipeTest" name="WidgetSwipeTestCase" time="0.000">
    <skipped/>
  </testcase> <!-- WidgetSwipeTestCase -->
</testsuite> <!-- SoFaDog.AndroidAutomation.WidgetSwipeTest -->
