<?xml version="1.0" encoding="UTF-8"?>
<!-- Generated by org.testng.reporters.JUnitReportReporter -->
<testsuite skipped="0" hostname="Kamals-MacBook-Pro.local" name="Memberse.AndroidAutomation.aShareCommunityTest" tests="1" failures="0" timestamp="2023-01-31T12:18:36 IST" time="112.168" errors="0">
  <testcase name="aShareCommunityTestCase" time="112.168" classname="Memberse.AndroidAutomation.aShareCommunityTest"/>
  <system-out/>
</testsuite> <!-- Memberse.AndroidAutomation.aShareCommunityTest -->
