<?xml version="1.0" encoding="UTF-8"?>
<!-- Generated by org.testng.reporters.JUnitReportReporter -->
<testsuite skipped="0" hostname="Kamals-MacBook-Pro.local" name="Memberse.AndroidAutomation.aDeleteAccountTest" tests="1" failures="0" timestamp="2022-11-30T15:37:58 IST" time="57.834" errors="0">
  <testcase name="aDeleteAccountTestCase" time="57.834" classname="Memberse.AndroidAutomation.aDeleteAccountTest"/>
  <system-out/>
</testsuite> <!-- Memberse.AndroidAutomation.aDeleteAccountTest -->
