<?xml version="1.0" encoding="UTF-8"?>
<!-- Generated by org.testng.reporters.JUnitReportReporter -->
<testsuite skipped="0" hostname="Kamals-MacBook-Pro.local" name="Memberse.AndroidAutomation.aCreatePlaylistTest" tests="1" failures="0" timestamp="2023-01-12T15:10:02 IST" time="103.811" errors="0">
  <testcase name="aCreatePlaylistTestCase" time="103.811" classname="Memberse.AndroidAutomation.aCreatePlaylistTest"/>
  <system-out/>
</testsuite> <!-- Memberse.AndroidAutomation.aCreatePlaylistTest -->
