<?xml version="1.0" encoding="UTF-8"?>
<!-- Generated by org.testng.reporters.JUnitReportReporter -->
<testsuite hostname="Kamals-MacBook-Pro.local" failures="0" tests="1" name="SoFaDog.AndroidAutomation.SmokeTest" time="84.662" errors="0" timestamp="2022-06-14T14:59:44 IST" skipped="0">
  <testcase classname="SoFaDog.AndroidAutomation.SmokeTest" name="SmokeTestCase" time="84.662"/>
</testsuite> <!-- SoFaDog.AndroidAutomation.SmokeTest -->
