<?xml version="1.0" encoding="UTF-8"?>
<!-- Generated by org.testng.reporters.JUnitReportReporter -->
<testsuite skipped="0" hostname="Kamals-MacBook-Pro.local" name="Memberse.AndroidAutomation.aFollowAndUnfollowCommunityTest" tests="1" failures="0" timestamp="2023-03-10T14:51:55 IST" time="97.070" errors="0">
  <testcase name="aFollowCommunityTestCase" time="97.070" classname="Memberse.AndroidAutomation.aFollowAndUnfollowCommunityTest"/>
  <system-out/>
</testsuite> <!-- Memberse.AndroidAutomation.aFollowAndUnfollowCommunityTest -->
