<?xml version="1.0" encoding="UTF-8"?>
<!-- Generated by org.testng.reporters.JUnitReportReporter -->
<testsuite hostname="Kamals-MacBook-Pro.local" failures="0" tests="1" name="Memberse.AndroidAutomation.aMembershipsTest" time="99.499" errors="0" timestamp="2022-10-31T11:02:15 IST" skipped="0">
  <testcase classname="Memberse.AndroidAutomation.aMembershipsTest" name="aMembershipsTestCase" time="99.499"/>
</testsuite> <!-- Memberse.AndroidAutomation.aMembershipsTest -->
