<?xml version="1.0" encoding="UTF-8"?>
<!-- Generated by org.testng.reporters.JUnitReportReporter -->
<testsuite hostname="Kamals-MacBook-Pro.local" failures="0" tests="1" name="SoFaDog.AndroidAutomation.LogoutTest" time="94.128" errors="0" timestamp="2022-06-07T22:02:49 IST" skipped="0">
  <testcase classname="SoFaDog.AndroidAutomation.LogoutTest" name="LogoutTestCase" time="94.128"/>
</testsuite> <!-- SoFaDog.AndroidAutomation.LogoutTest -->
