<?xml version="1.0" encoding="UTF-8"?>
<!-- Generated by org.testng.reporters.JUnitReportReporter -->
<testsuite skipped="0" hostname="Kamals-MacBook-Pro.local" name="Memberse.AndroidAutomation.aMyFansListTest" tests="1" failures="0" timestamp="2023-01-05T18:43:21 IST" time="57.339" errors="0">
  <testcase name="aMyFansListTestCase" time="57.339" classname="Memberse.AndroidAutomation.aMyFansListTest"/>
  <system-out/>
</testsuite> <!-- Memberse.AndroidAutomation.aMyFansListTest -->
