<?xml version="1.0" encoding="UTF-8"?>
<!-- Generated by org.testng.reporters.JUnitReportReporter -->
<testsuite hostname="Kamals-MacBook-Pro.local" failures="0" tests="1" name="SoFaDog.AndroidAutomation.WidgetSwipeTest" time="74.510" errors="0" timestamp="2022-06-02T18:04:52 IST" skipped="0">
  <testcase classname="SoFaDog.AndroidAutomation.WidgetSwipeTest" name="WidgetSwipeTestCase" time="74.510"/>
</testsuite> <!-- SoFaDog.AndroidAutomation.WidgetSwipeTest -->
