<?xml version="1.0" encoding="UTF-8"?>
<!-- Generated by org.testng.reporters.JUnitReportReporter -->
<testsuite hostname="Kamals-MacBook-Pro.local" failures="0" tests="1" name="SoFaDog.AndroidAutomation.SubscribeFreeChannel" time="106.087" errors="0" timestamp="2022-06-23T10:31:31 IST" skipped="0">
  <testcase classname="SoFaDog.AndroidAutomation.SubscribeFreeChannel" name="SubscribeFreeChannelTestCase" time="106.087"/>
</testsuite> <!-- SoFaDog.AndroidAutomation.SubscribeFreeChannel -->
