<?xml version="1.0" encoding="UTF-8"?>
<!-- Generated by org.testng.reporters.JUnitReportReporter -->
<testsuite skipped="0" hostname="Kamals-MacBook-Pro.local" name="Memberse.AndroidAutomation.aLanguageTest" tests="1" failures="0" timestamp="2022-11-30T18:37:45 IST" time="60.764" errors="0">
  <testcase name="aLanguageTestCase" time="60.764" classname="Memberse.AndroidAutomation.aLanguageTest"/>
  <system-out/>
</testsuite> <!-- Memberse.AndroidAutomation.aLanguageTest -->
