<?xml version="1.0" encoding="UTF-8"?>
<!-- Generated by org.testng.reporters.JUnitReportReporter -->
<testsuite skipped="0" hostname="Kamals-MacBook-Pro.local" name="Memberse.AndroidAutomation.aLoginWithEmailTest" tests="1" failures="0" timestamp="2023-03-10T14:51:55 IST" time="63.683" errors="0">
  <testcase name="aLoginWithEmailTestCase" time="63.683" classname="Memberse.AndroidAutomation.aLoginWithEmailTest"/>
  <system-out/>
</testsuite> <!-- Memberse.AndroidAutomation.aLoginWithEmailTest -->
