<?xml version="1.0" encoding="UTF-8"?>
<!-- Generated by org.testng.reporters.JUnitReportReporter -->
<testsuite hostname="Kamals-MacBook-Pro.local" failures="0" tests="1" name="Memberse.AndroidAutomation.aLoginWithEmailTest" time="24.610" errors="0" timestamp="2022-08-12T09:02:21 IST" skipped="0">
  <testcase classname="Memberse.AndroidAutomation.aLoginWithEmailTest" name="LoginTestCasewithEmail" time="24.610"/>
</testsuite> <!-- Memberse.AndroidAutomation.aLoginWithEmailTest -->
