<?xml version="1.0" encoding="UTF-8"?>
<!-- Generated by org.testng.reporters.JUnitReportReporter -->
<testsuite skipped="0" hostname="Kamals-MacBook-Pro.local" name="Memberse.AndroidAutomation.aViewPhotoPostTest" tests="1" failures="0" timestamp="2023-01-24T12:03:08 IST" time="70.432" errors="0">
  <testcase name="aViewPhotoPostTestCase" time="70.432" classname="Memberse.AndroidAutomation.aViewPhotoPostTest"/>
  <system-out/>
</testsuite> <!-- Memberse.AndroidAutomation.aViewPhotoPostTest -->
