<?xml version="1.0" encoding="UTF-8"?>
<!-- Generated by org.testng.reporters.JUnitReportReporter -->
<testsuite hostname="Kamals-MacBook-Pro.local" failures="0" tests="1" name="SoFaDog.AndroidAutomation.SoFaDogSmokeTest" time="42.104" errors="0" timestamp="2022-05-22T16:48:54 IST" skipped="0">
  <testcase classname="SoFaDog.AndroidAutomation.SoFaDogSmokeTest" name="SmokeTest" time="42.104"/>
</testsuite> <!-- SoFaDog.AndroidAutomation.SoFaDogSmokeTest -->
