<?xml version="1.0" encoding="UTF-8"?>
<!-- Generated by org.testng.reporters.JUnitReportReporter -->
<testsuite hostname="Kamals-MacBook-Pro.local" failures="0" tests="1" name="Memberse.AndroidAutomation.aRegisterWithEmailTest" time="49.491" errors="0" timestamp="2022-08-23T12:03:46 IST" skipped="0">
  <testcase classname="Memberse.AndroidAutomation.aRegisterWithEmailTest" name="aRegisterWithEmailTestCase" time="49.491"/>
</testsuite> <!-- Memberse.AndroidAutomation.aRegisterWithEmailTest -->
