<?xml version="1.0" encoding="UTF-8"?>
<!-- Generated by org.testng.reporters.JUnitReportReporter -->
<testsuite hostname="Kamals-MacBook-Pro.local" failures="0" tests="1" name="SoFaDog.AndroidAutomation.SmokeTest" time="152.890" errors="0" timestamp="2022-06-08T19:22:18 IST" skipped="0">
  <testcase classname="SoFaDog.AndroidAutomation.SmokeTest" name="SmokeTestCase" time="152.890"/>
</testsuite> <!-- SoFaDog.AndroidAutomation.SmokeTest -->
