<?xml version="1.0" encoding="UTF-8"?>
<!-- Generated by org.testng.reporters.JUnitReportReporter -->
<testsuite skipped="0" hostname="Kamals-MacBook-Pro.local" name="Memberse.AndroidAutomation.aPostHistoryPlayTest" tests="1" failures="0" timestamp="2023-03-10T14:51:55 IST" time="88.263" errors="0">
  <testcase name="aPostHistoryPlayTestCase" time="88.263" classname="Memberse.AndroidAutomation.aPostHistoryPlayTest"/>
  <system-out/>
</testsuite> <!-- Memberse.AndroidAutomation.aPostHistoryPlayTest -->
