<?xml version="1.0" encoding="UTF-8"?>
<!-- Generated by org.testng.reporters.JUnitReportReporter -->
<testsuite hostname="Kamals-MacBook-Pro.local" failures="0" tests="1" name="SoFaDog.AndroidAutomation.DeleteAccountTest" time="86.215" errors="0" timestamp="2022-06-14T15:19:13 IST" skipped="0">
  <testcase classname="SoFaDog.AndroidAutomation.DeleteAccountTest" name="DeleteAccountTestCase" time="86.215"/>
</testsuite> <!-- SoFaDog.AndroidAutomation.DeleteAccountTest -->
