<?xml version="1.0" encoding="UTF-8"?>
<!-- Generated by org.testng.reporters.JUnitReportReporter -->
<testsuite skipped="0" hostname="Kamals-MacBook-Pro.local" name="Memberse.AndroidAutomation.aPlayAudioPostTest" tests="1" failures="0" timestamp="2023-01-24T12:15:38 IST" time="70.176" errors="0">
  <testcase name="aPlayAudioPostTestCase" time="70.176" classname="Memberse.AndroidAutomation.aPlayAudioPostTest"/>
  <system-out/>
</testsuite> <!-- Memberse.AndroidAutomation.aPlayAudioPostTest -->
