<?xml version="1.0" encoding="UTF-8"?>
<!-- Generated by org.testng.reporters.JUnitReportReporter -->
<testsuite skipped="0" hostname="Kamals-MacBook-Pro.local" name="Memberse.AndroidAutomation.aSmokeTest" tests="1" failures="0" timestamp="2022-11-30T14:21:49 IST" time="34.870" errors="0">
  <testcase name="aSmokeTestCase" time="34.870" classname="Memberse.AndroidAutomation.aSmokeTest"/>
  <system-out/>
</testsuite> <!-- Memberse.AndroidAutomation.aSmokeTest -->
