<?xml version="1.0" encoding="UTF-8"?>
<!-- Generated by org.testng.reporters.JUnitReportReporter -->
<testsuite skipped="0" hostname="Kamals-MacBook-Pro.local" name="Memberse.AndroidAutomation.aLikePostTest" tests="1" failures="0" timestamp="2023-01-19T15:52:18 IST" time="72.207" errors="0">
  <testcase name="aLikePostTestCase" time="72.207" classname="Memberse.AndroidAutomation.aLikePostTest"/>
  <system-out/>
</testsuite> <!-- Memberse.AndroidAutomation.aLikePostTest -->
