<?xml version="1.0" encoding="UTF-8"?>
<!-- Generated by org.testng.reporters.JUnitReportReporter -->
<testsuite skipped="0" hostname="Kamals-MacBook-Pro.local" name="Memberse.AndroidAutomation.aRegisterFormValidationTest" tests="1" failures="0" timestamp="2022-12-23T14:05:02 IST" time="40.734" errors="0">
  <testcase name="aRegisterFormValidationTestCase" time="40.734" classname="Memberse.AndroidAutomation.aRegisterFormValidationTest"/>
  <system-out/>
</testsuite> <!-- Memberse.AndroidAutomation.aRegisterFormValidationTest -->
