<?xml version="1.0" encoding="UTF-8"?>
<!-- Generated by org.testng.reporters.JUnitReportReporter -->
<testsuite hostname="Kamals-MacBook-Pro.local" failures="0" tests="1" name="SoFaDog.AndroidAutomation.SubscribePaidChannel" time="130.444" errors="0" timestamp="2022-06-30T12:42:48 IST" skipped="0">
  <testcase classname="SoFaDog.AndroidAutomation.SubscribePaidChannel" name="SubscribePaidChannelTestCase" time="130.444"/>
</testsuite> <!-- SoFaDog.AndroidAutomation.SubscribePaidChannel -->
