<?xml version="1.0" encoding="UTF-8"?>
<!-- Generated by org.testng.reporters.JUnitReportReporter -->
<testsuite skipped="0" hostname="Kamals-MacBook-Pro.local" name="Memberse.AndroidAutomation.aLoginWithGoogleTest" tests="1" failures="0" timestamp="2022-11-30T15:12:58 IST" time="45.134" errors="0">
  <testcase name="aLoginWithGoogleTestCase" time="45.134" classname="Memberse.AndroidAutomation.aLoginWithGoogleTest"/>
  <system-out/>
</testsuite> <!-- Memberse.AndroidAutomation.aLoginWithGoogleTest -->
