<?xml version="1.0" encoding="UTF-8"?>
<!-- Generated by org.testng.reporters.JUnitReportReporter -->
<testsuite hostname="Kamals-MacBook-Pro.local" failures="0" tests="1" name="Memberse.AndroidAutomation.aBecomeCreatorTest" time="87.311" errors="0" timestamp="2022-11-18T10:46:17 IST" skipped="0">
  <testcase classname="Memberse.AndroidAutomation.aBecomeCreatorTest" name="aBecomeCreatorTestCase" time="87.311"/>
</testsuite> <!-- Memberse.AndroidAutomation.aBecomeCreatorTest -->
