<?xml version="1.0" encoding="UTF-8"?>
<!-- Generated by org.testng.reporters.JUnitReportReporter -->
<testsuite hostname="Kamals-MacBook-Pro.local" failures="0" tests="1" name="Memberse.AndroidAutomation.aRegisterWithEmailTest" time="69.714" errors="0" timestamp="2022-11-02T20:40:12 IST" skipped="0">
  <testcase classname="Memberse.AndroidAutomation.aRegisterWithEmailTest" name="aRegisterWithEmailTestCase" time="69.714"/>
</testsuite> <!-- Memberse.AndroidAutomation.aRegisterWithEmailTest -->
