<?xml version="1.0" encoding="UTF-8"?>
<!-- Generated by org.testng.reporters.JUnitReportReporter -->
<testsuite hostname="Kamals-MacBook-Pro.local" failures="0" tests="1" name="SoFaDog.AndroidAutomation.LoginTest" time="63.580" errors="0" timestamp="2022-06-14T15:01:55 IST" skipped="0">
  <testcase classname="SoFaDog.AndroidAutomation.LoginTest" name="LoginTestCase" time="63.580"/>
</testsuite> <!-- SoFaDog.AndroidAutomation.LoginTest -->
