<?xml version="1.0" encoding="UTF-8"?>
<!-- Generated by org.testng.reporters.JUnitReportReporter -->
<testsuite hostname="Kamals-MacBook-Pro.local" failures="0" tests="1" name="Memberse.AndroidAutomation.aLoginWithGoogleTest" time="29.325" errors="0" timestamp="2022-08-22T12:22:52 IST" skipped="0">
  <testcase classname="Memberse.AndroidAutomation.aLoginWithGoogleTest" name="aLoginWithGoogleTestCase" time="29.325"/>
</testsuite> <!-- Memberse.AndroidAutomation.aLoginWithGoogleTest -->
