<?xml version="1.0" encoding="UTF-8"?>
<!-- Generated by org.testng.reporters.JUnitReportReporter -->
<testsuite skipped="0" hostname="Kamals-MacBook-Pro.local" name="Memberse.AndroidAutomation.aBecomeCreatorTest" tests="1" failures="0" timestamp="2022-12-23T14:05:02 IST" time="64.612" errors="0">
  <testcase name="aBecomeCreatorTestCase" time="64.612" classname="Memberse.AndroidAutomation.aBecomeCreatorTest"/>
  <system-out/>
</testsuite> <!-- Memberse.AndroidAutomation.aBecomeCreatorTest -->
