<?xml version="1.0" encoding="UTF-8"?>
<!-- Generated by org.testng.reporters.JUnitReportReporter -->
<testsuite hostname="Kamals-MacBook-Pro.local" failures="0" tests="1" name="SoFaDog.AndroidAutomation.DonationPaidTest" time="107.014" errors="0" timestamp="2022-06-28T14:22:13 IST" skipped="0">
  <testcase classname="SoFaDog.AndroidAutomation.DonationPaidTest" name="DonationPaidTestCase" time="107.014"/>
</testsuite> <!-- SoFaDog.AndroidAutomation.DonationPaidTest -->
