<?xml version="1.0" encoding="UTF-8"?>
<!-- Generated by org.testng.reporters.JUnitReportReporter -->
<testsuite hostname="Kamals-MacBook-Pro.local" failures="0" tests="2" name="SoFaDog.AndroidAutomation.SmokeTest" time="1074.444" errors="1" timestamp="2022-06-17T11:59:08 IST" skipped="0">
  <testcase classname="SoFaDog.AndroidAutomation.SmokeTest" name="SmokeTestCase" time="1074.108"/>
  <testcase classname="SoFaDog.AndroidAutomation.SmokeTest" name="quitDriver" time="0.336">
    <error message="A session is either terminated or not started
Build info: version: &#039;3.141.59&#039;, revision: &#039;e82be7d358&#039;, time: &#039;2018-11-14T08:17:03&#039;
System info: host: &#039;Kamals-MacBook-Pro.local&#039;, ip: &#039;fe80:0:0:0:14b5:5705:d6d4:b0d8%en0&#039;, os.name: &#039;Mac OS X&#039;, os.arch: &#039;x86_64&#039;, os.version: &#039;10.16&#039;, java.version: &#039;15.0.1&#039;
Driver info: io.appium.java_client.android.AndroidDriver
Capabilities {app: /Users/kamaljhinjer/Documen..., appPackage: dog.fa.so.app, automationName: uiautomator2, chromedriverExecutable: /Users/kamaljhinjer/Documen..., databaseEnabled: false, desired: {app: /Users/kamaljhinjer/Documen..., automationName: uiautomator2, chromedriverExecutable: /Users/kamaljhinjer/Documen..., deviceName: Android Device, newCommandTimeout: 180, platformName: android}, deviceApiLevel: 27, deviceManufacturer: LENOVO, deviceModel: Lenovo TB-8504F, deviceName: HA0KH00V, deviceScreenDensity: 213, deviceScreenSize: 800x1280, deviceUDID: HA0KH00V, javascriptEnabled: true, locationContextEnabled: false, networkConnectionEnabled: true, newCommandTimeout: 180, pixelRatio: 1.3312501, platform: LINUX, platformName: Android, platformVersion: 8.1.0, statBarHeight: 32, takesScreenshot: true, viewportRect: {height: 1184, left: 0, top: 32, width: 800}, warnings: {}, webStorageEnabled: false}
Session ID: 1b02cf86-7d88-478d-86ff-7dcf9d6fc51b" type="org.openqa.selenium.NoSuchSessionException">
      <![CDATA[org.openqa.selenium.NoSuchSessionException: A session is either terminated or not started
Build info: version: '3.141.59', revision: 'e82be7d358', time: '2018-11-14T08:17:03'
System info: host: 'Kamals-MacBook-Pro.local', ip: 'fe80:0:0:0:14b5:5705:d6d4:b0d8%en0', os.name: 'Mac OS X', os.arch: 'x86_64', os.version: '10.16', java.version: '15.0.1'
Driver info: io.appium.java_client.android.AndroidDriver
Capabilities {app: /Users/kamaljhinjer/Documen..., appPackage: dog.fa.so.app, automationName: uiautomator2, chromedriverExecutable: /Users/kamaljhinjer/Documen..., databaseEnabled: false, desired: {app: /Users/kamaljhinjer/Documen..., automationName: uiautomator2, chromedriverExecutable: /Users/kamaljhinjer/Documen..., deviceName: Android Device, newCommandTimeout: 180, platformName: android}, deviceApiLevel: 27, deviceManufacturer: LENOVO, deviceModel: Lenovo TB-8504F, deviceName: HA0KH00V, deviceScreenDensity: 213, deviceScreenSize: 800x1280, deviceUDID: HA0KH00V, javascriptEnabled: true, locationContextEnabled: false, networkConnectionEnabled: true, newCommandTimeout: 180, pixelRatio: 1.3312501, platform: LINUX, platformName: Android, platformVersion: 8.1.0, statBarHeight: 32, takesScreenshot: true, viewportRect: {height: 1184, left: 0, top: 32, width: 800}, warnings: {}, webStorageEnabled: false}
Session ID: 1b02cf86-7d88-478d-86ff-7dcf9d6fc51b
at java.base/jdk.internal.reflect.NativeConstructorAccessorImpl.newInstance0(Native Method)
at java.base/jdk.internal.reflect.NativeConstructorAccessorImpl.newInstance(NativeConstructorAccessorImpl.java:64)
at java.base/jdk.internal.reflect.DelegatingConstructorAccessorImpl.newInstance(DelegatingConstructorAccessorImpl.java:45)
at java.base/java.lang.reflect.Constructor.newInstanceWithCaller(Constructor.java:500)
at java.base/java.lang.reflect.Constructor.newInstance(Constructor.java:481)
at org.openqa.selenium.remote.http.W3CHttpResponseCodec.createException(W3CHttpResponseCodec.java:187)
at org.openqa.selenium.remote.http.W3CHttpResponseCodec.decode(W3CHttpResponseCodec.java:122)
at org.openqa.selenium.remote.http.W3CHttpResponseCodec.decode(W3CHttpResponseCodec.java:49)
at org.openqa.selenium.remote.HttpCommandExecutor.execute(HttpCommandExecutor.java:158)
at io.appium.java_client.remote.AppiumCommandExecutor.execute(AppiumCommandExecutor.java:239)
at org.openqa.selenium.remote.RemoteWebDriver.execute(RemoteWebDriver.java:552)
at io.appium.java_client.DefaultGenericMobileDriver.execute(DefaultGenericMobileDriver.java:45)
at io.appium.java_client.AppiumDriver.execute(AppiumDriver.java:1)
at io.appium.java_client.android.AndroidDriver.execute(AndroidDriver.java:1)
at org.openqa.selenium.remote.RemoteWebDriver.quit(RemoteWebDriver.java:452)
at SoFaDog.AndroidAutomation.Base.quitDriver(Base.java:230)
at java.base/jdk.internal.reflect.NativeMethodAccessorImpl.invoke0(Native Method)
at java.base/jdk.internal.reflect.NativeMethodAccessorImpl.invoke(NativeMethodAccessorImpl.java:64)
at java.base/jdk.internal.reflect.DelegatingMethodAccessorImpl.invoke(DelegatingMethodAccessorImpl.java:43)
at java.base/java.lang.reflect.Method.invoke(Method.java:564)
at org.testng.internal.MethodInvocationHelper.invokeMethod(MethodInvocationHelper.java:133)
at org.testng.internal.MethodInvocationHelper.invokeMethodConsideringTimeout(MethodInvocationHelper.java:62)
at org.testng.internal.ConfigInvoker.invokeConfigurationMethod(ConfigInvoker.java:340)
at org.testng.internal.ConfigInvoker.invokeConfigurations(ConfigInvoker.java:294)
at org.testng.internal.TestMethodWorker.invokeAfterClassMethods(TestMethodWorker.java:217)
at org.testng.internal.TestMethodWorker.run(TestMethodWorker.java:130)
at java.base/java.util.ArrayList.forEach(ArrayList.java:1511)
at org.testng.TestRunner.privateRun(TestRunner.java:770)
at org.testng.TestRunner.run(TestRunner.java:591)
at org.testng.SuiteRunner.runTest(SuiteRunner.java:402)
at org.testng.SuiteRunner.runSequentially(SuiteRunner.java:396)
at org.testng.SuiteRunner.privateRun(SuiteRunner.java:355)
at org.testng.SuiteRunner.run(SuiteRunner.java:304)
at org.testng.SuiteRunnerWorker.runSuite(SuiteRunnerWorker.java:53)
at org.testng.SuiteRunnerWorker.run(SuiteRunnerWorker.java:96)
at org.testng.TestNG.runSuitesSequentially(TestNG.java:1180)
at org.testng.TestNG.runSuitesLocally(TestNG.java:1102)
at org.testng.TestNG.runSuites(TestNG.java:1032)
at org.testng.TestNG.run(TestNG.java:1000)
at org.testng.remote.AbstractRemoteTestNG.run(AbstractRemoteTestNG.java:115)
at org.testng.remote.RemoteTestNG.initAndRun(RemoteTestNG.java:251)
at org.testng.remote.RemoteTestNG.main(RemoteTestNG.java:77)
]]>
    </error>
  </testcase> <!-- quitDriver -->
</testsuite> <!-- SoFaDog.AndroidAutomation.SmokeTest -->
