<?xml version="1.0" encoding="UTF-8"?>
<!-- Generated by org.testng.reporters.JUnitReportReporter -->
<testsuite skipped="0" hostname="Kamals-MacBook-Pro.local" name="Memberse.AndroidAutomation.aDMMenuTest" tests="1" failures="0" timestamp="2023-03-23T21:34:33 IST" time="95.511" errors="0">
  <testcase name="aDMMenuTestCase" time="95.511" classname="Memberse.AndroidAutomation.aDMMenuTest"/>
  <system-out/>
</testsuite> <!-- Memberse.AndroidAutomation.aDMMenuTest -->
