<?xml version="1.0" encoding="UTF-8"?>
<!-- Generated by org.testng.reporters.JUnitReportReporter -->
<testsuite skipped="0" hostname="Kamals-MacBook-Pro.local" name="Memberse.AndroidAutomation.aLanguageTest" tests="1" failures="0" timestamp="2023-03-10T14:51:55 IST" time="75.366" errors="0">
  <testcase name="aLanguageTestCase" time="75.366" classname="Memberse.AndroidAutomation.aLanguageTest"/>
  <system-out/>
</testsuite> <!-- Memberse.AndroidAutomation.aLanguageTest -->
