<?xml version="1.0" encoding="UTF-8"?>
<!-- Generated by org.testng.reporters.JUnitReportReporter -->
<testsuite hostname="Kamals-MacBook-Pro.local" failures="0" tests="1" name="Memberse.AndroidAutomation.aRegisterFormValidationTest" time="31.458" errors="0" timestamp="2022-10-10T15:24:35 IST" skipped="0">
  <testcase classname="Memberse.AndroidAutomation.aRegisterFormValidationTest" name="aRegisterFormValidationTestCase" time="31.458"/>
</testsuite> <!-- Memberse.AndroidAutomation.aRegisterFormValidationTest -->
