<?xml version="1.0" encoding="UTF-8"?>
<!-- Generated by org.testng.reporters.JUnitReportReporter -->
<testsuite skipped="0" hostname="Kamals-MacBook-Pro.local" name="Memberse.AndroidAutomation.aEmailFormValidationTest" tests="1" failures="0" timestamp="2022-11-30T14:42:32 IST" time="26.760" errors="0">
  <testcase name="aEmailFormValidationTestCase" time="26.760" classname="Memberse.AndroidAutomation.aEmailFormValidationTest"/>
  <system-out/>
</testsuite> <!-- Memberse.AndroidAutomation.aEmailFormValidationTest -->
