<?xml version="1.0" encoding="UTF-8"?>
<!-- Generated by org.testng.reporters.JUnitReportReporter -->
<testsuite hostname="Kamals-MacBook-Pro.local" failures="0" tests="1" name="SoFaDog.AndroidAutomation.SmokeTest" time="63.141" errors="0" timestamp="2022-05-28T22:14:50 IST" skipped="0">
  <testcase classname="SoFaDog.AndroidAutomation.SmokeTest" name="SmokeTestCase" time="63.141"/>
</testsuite> <!-- SoFaDog.AndroidAutomation.SmokeTest -->
