<?xml version="1.0" encoding="UTF-8"?>
<!-- Generated by org.testng.reporters.JUnitReportReporter -->
<testsuite hostname="Kamals-MacBook-Pro.local" failures="0" tests="1" name="SoFaDog.AndroidAutomation.BecomeCreatorTest" time="129.594" errors="0" timestamp="2022-06-21T14:24:16 IST" skipped="0">
  <testcase classname="SoFaDog.AndroidAutomation.BecomeCreatorTest" name="BecomeCreatorTestCase" time="129.594"/>
</testsuite> <!-- SoFaDog.AndroidAutomation.BecomeCreatorTest -->
