<?xml version="1.0" encoding="UTF-8"?>
<!-- Generated by org.testng.reporters.JUnitReportReporter -->
<testsuite skipped="0" hostname="Kamals-MacBook-Pro.local" name="Memberse.AndroidAutomation.aLoginFormValidationTest" tests="1" failures="0" timestamp="2023-03-10T14:51:55 IST" time="39.212" errors="0">
  <testcase name="aEmailFormValidationTestCase" time="39.212" classname="Memberse.AndroidAutomation.aLoginFormValidationTest"/>
  <system-out/>
</testsuite> <!-- Memberse.AndroidAutomation.aLoginFormValidationTest -->
