<?xml version="1.0" encoding="UTF-8"?>
<!-- Generated by org.testng.reporters.JUnitReportReporter -->
<testsuite hostname="Kamals-MacBook-Pro.local" failures="0" tests="1" name="Memberse.AndroidAutomation.aLoginWithEmailTest" time="37.303" errors="0" timestamp="2022-08-23T12:15:37 IST" skipped="0">
  <testcase classname="Memberse.AndroidAutomation.aLoginWithEmailTest" name="LoginTestCasewithEmail" time="37.303"/>
</testsuite> <!-- Memberse.AndroidAutomation.aLoginWithEmailTest -->
