<?xml version="1.0" encoding="UTF-8"?>
<!-- Generated by org.testng.reporters.JUnitReportReporter -->
<testsuite hostname="Kamals-MacBook-Pro.local" failures="0" tests="1" name="Memberse.AndroidAutomation.aRegisterFormValidationTest" time="29.882" errors="0" timestamp="2022-10-03T17:39:16 IST" skipped="0">
  <testcase classname="Memberse.AndroidAutomation.aRegisterFormValidationTest" name="aRegisterFormValidationTestCase" time="29.882"/>
</testsuite> <!-- Memberse.AndroidAutomation.aRegisterFormValidationTest -->
