<?xml version="1.0" encoding="UTF-8"?>
<!-- Generated by org.testng.reporters.JUnitReportReporter -->
<testsuite hostname="Kamals-MacBook-Pro.local" failures="0" tests="1" name="SoFaDog.AndroidAutomation.RegisterTest" time="75.961" errors="0" timestamp="2022-06-14T15:15:25 IST" skipped="0">
  <testcase classname="SoFaDog.AndroidAutomation.RegisterTest" name="registerUser" time="75.961"/>
</testsuite> <!-- SoFaDog.AndroidAutomation.RegisterTest -->
