<?xml version="1.0" encoding="UTF-8"?>
<!-- Generated by org.testng.reporters.JUnitReportReporter -->
<testsuite hostname="Kamals-MacBook-Pro.local" failures="0" tests="1" name="SoFaDog.AndroidAutomation.UploadVideoTest" time="122.795" errors="0" timestamp="2022-07-05T15:14:07 IST" skipped="0">
  <testcase classname="SoFaDog.AndroidAutomation.UploadVideoTest" name="UploadVideoTestCase" time="122.795"/>
</testsuite> <!-- SoFaDog.AndroidAutomation.UploadVideoTest -->
