<?xml version="1.0" encoding="UTF-8"?>
<!-- Generated by org.testng.reporters.JUnitReportReporter -->
<testsuite skipped="0" hostname="Kamals-MacBook-Pro.local" name="Memberse.AndroidAutomation.aPostHistoryPlayTest" tests="1" failures="0" timestamp="2022-12-01T11:37:19 IST" time="76.809" errors="0">
  <testcase name="aPostHistoryPlayTestCase" time="76.809" classname="Memberse.AndroidAutomation.aPostHistoryPlayTest"/>
  <system-out/>
</testsuite> <!-- Memberse.AndroidAutomation.aPostHistoryPlayTest -->
