<?xml version="1.0" encoding="UTF-8"?>
<!-- Generated by org.testng.reporters.JUnitReportReporter -->
<testsuite skipped="0" hostname="Kamals-MacBook-Pro.local" name="Memberse.AndroidAutomation.aJoinCommunityTest" tests="1" failures="0" timestamp="2023-01-31T13:18:49 IST" time="126.615" errors="0">
  <testcase name="aJoinCommunityTestCase" time="126.615" classname="Memberse.AndroidAutomation.aJoinCommunityTest"/>
  <system-out/>
</testsuite> <!-- Memberse.AndroidAutomation.aJoinCommunityTest -->
