<?xml version="1.0" encoding="UTF-8"?>
<!-- Generated by org.testng.reporters.JUnitReportReporter -->
<testsuite hostname="Kamals-MacBook-Pro.local" failures="0" tests="1" name="Memberse.AndroidAutomation.aLoginWithEmailTest" time="29.662" errors="0" timestamp="2022-08-22T14:17:51 IST" skipped="0">
  <testcase classname="Memberse.AndroidAutomation.aLoginWithEmailTest" name="LoginTestCasewithEmail" time="29.662"/>
</testsuite> <!-- Memberse.AndroidAutomation.aLoginWithEmailTest -->
