<?xml version="1.0" encoding="UTF-8"?>
<!-- Generated by org.testng.reporters.JUnitReportReporter -->
<testsuite hostname="Kamals-MacBook-Pro.local" failures="0" tests="1" name="SoFaDog.AndroidAutomation.WidgetSwipeTest" time="59.205" errors="0" timestamp="2022-06-07T21:52:51 IST" skipped="0">
  <testcase classname="SoFaDog.AndroidAutomation.WidgetSwipeTest" name="WidgetSwipeTestCase" time="59.205"/>
</testsuite> <!-- SoFaDog.AndroidAutomation.WidgetSwipeTest -->
