<?xml version="1.0" encoding="UTF-8"?>
<!-- Generated by org.testng.reporters.JUnitReportReporter -->
<testsuite hostname="Kamals-MacBook-Pro.local" failures="0" tests="1" name="SoFaDog.AndroidAutomation.UploadVideoTest" time="167.201" errors="0" timestamp="2022-06-22T22:13:38 IST" skipped="0">
  <testcase classname="SoFaDog.AndroidAutomation.UploadVideoTest" name="UploadVideoTestCase" time="167.201"/>
</testsuite> <!-- SoFaDog.AndroidAutomation.UploadVideoTest -->
