<?xml version="1.0" encoding="UTF-8"?>
<!-- Generated by org.testng.reporters.JUnitReportReporter -->
<testsuite hostname="Kamals-MacBook-Pro.local" failures="0" tests="1" name="Memberse.AndroidAutomation.aWatchedHistoryTest" time="84.389" errors="0" timestamp="2022-10-31T14:03:53 IST" skipped="0">
  <testcase classname="Memberse.AndroidAutomation.aWatchedHistoryTest" name="aWatchedHistoryTestCase" time="84.389"/>
</testsuite> <!-- Memberse.AndroidAutomation.aWatchedHistoryTest -->
