<?xml version="1.0" encoding="UTF-8"?>
<!-- Generated by org.testng.reporters.JUnitReportReporter -->
<testsuite hostname="Kamals-MacBook-Pro.local" failures="0" tests="1" name="Memberse.AndroidAutomation.aUserInfoTest" time="102.974" errors="0" timestamp="2022-10-18T17:57:09 IST" skipped="0">
  <testcase classname="Memberse.AndroidAutomation.aUserInfoTest" name="aUserInfoTestCase" time="102.974"/>
</testsuite> <!-- Memberse.AndroidAutomation.aUserInfoTest -->
