<?xml version="1.0" encoding="UTF-8"?>
<!-- Generated by org.testng.reporters.JUnitReportReporter -->
<testsuite skipped="0" hostname="Kamals-MacBook-Pro.local" name="Memberse.AndroidAutomation.aSignupWithEmailTest" tests="1" failures="0" timestamp="2023-01-16T13:58:53 IST" time="58.339" errors="0">
  <testcase name="aRegisterWithEmailTestCase" time="58.339" classname="Memberse.AndroidAutomation.aSignupWithEmailTest"/>
  <system-out/>
</testsuite> <!-- Memberse.AndroidAutomation.aSignupWithEmailTest -->
