<?xml version="1.0" encoding="UTF-8"?>
<!-- Generated by org.testng.reporters.JUnitReportReporter -->
<testsuite skipped="0" hostname="Kamals-MacBook-Pro.local" name="Memberse.AndroidAutomation.aMemberInfoTest" tests="1" failures="0" timestamp="2023-01-05T18:43:21 IST" time="71.619" errors="0">
  <testcase name="aUserInfoTestCase" time="71.619" classname="Memberse.AndroidAutomation.aMemberInfoTest"/>
  <system-out/>
</testsuite> <!-- Memberse.AndroidAutomation.aMemberInfoTest -->
