<?xml version="1.0" encoding="UTF-8"?>
<!-- Generated by org.testng.reporters.JUnitReportReporter -->
<testsuite skipped="0" hostname="Kamals-MacBook-Pro.local" name="Memberse.AndroidAutomation.aRegisterWithEmailTest" tests="1" failures="0" timestamp="2022-11-30T14:40:35 IST" time="46.930" errors="0">
  <testcase name="aRegisterWithEmailTestCase" time="46.930" classname="Memberse.AndroidAutomation.aRegisterWithEmailTest"/>
  <system-out/>
</testsuite> <!-- Memberse.AndroidAutomation.aRegisterWithEmailTest -->
