<?xml version="1.0" encoding="UTF-8"?>
<!-- Generated by org.testng.reporters.JUnitReportReporter -->
<testsuite skipped="0" hostname="Kamals-MacBook-Pro.local" name="Memberse.AndroidAutomation.aAddMediaAndPlayPlaylistTest" tests="1" failures="0" timestamp="2022-12-05T18:02:11 IST" time="145.112" errors="0">
  <testcase name="aAddMediaAndPlayPlaylistTestCase" time="145.112" classname="Memberse.AndroidAutomation.aAddMediaAndPlayPlaylistTest"/>
  <system-out/>
</testsuite> <!-- Memberse.AndroidAutomation.aAddMediaAndPlayPlaylistTest -->
