<?xml version="1.0" encoding="UTF-8"?>
<!-- Generated by org.testng.reporters.JUnitReportReporter -->
<testsuite skipped="0" hostname="Kamals-MacBook-Pro.local" name="Memberse.AndroidAutomation.aLoginWithEmailTest" tests="1" failures="0" timestamp="2022-11-30T14:47:06 IST" time="44.071" errors="0">
  <testcase name="aLoginWithEmailTestCase" time="44.071" classname="Memberse.AndroidAutomation.aLoginWithEmailTest"/>
  <system-out/>
</testsuite> <!-- Memberse.AndroidAutomation.aLoginWithEmailTest -->
