<?xml version="1.0" encoding="UTF-8"?>
<!-- Generated by org.testng.reporters.JUnitReportReporter -->
<testsuite skipped="0" hostname="Kamals-MacBook-Pro.local" name="Memberse.AndroidAutomation.aStripeConnectionTest" tests="1" failures="0" timestamp="2022-11-30T18:56:02 IST" time="145.733" errors="0">
  <testcase name="aStripeConnectionTestCase" time="145.733" classname="Memberse.AndroidAutomation.aStripeConnectionTest"/>
  <system-out/>
</testsuite> <!-- Memberse.AndroidAutomation.aStripeConnectionTest -->
