<?xml version="1.0" encoding="UTF-8"?>
<!-- Generated by org.testng.reporters.JUnitReportReporter -->
<testsuite hostname="Kamals-MacBook-Pro.local" failures="0" tests="1" name="Memberse.AndroidAutomation.aTutorialSwipeTest" time="18.497" errors="0" timestamp="2022-08-17T19:05:26 IST" skipped="0">
  <testcase classname="Memberse.AndroidAutomation.aTutorialSwipeTest" name="aTutorialSwipeTestCase" time="18.497"/>
</testsuite> <!-- Memberse.AndroidAutomation.aTutorialSwipeTest -->
