<?xml version="1.0" encoding="UTF-8"?>
<!-- Generated by org.testng.reporters.JUnitReportReporter -->
<testsuite hostname="Kamals-MacBook-Pro.local" failures="0" tests="1" name="SoFaDog.AndroidAutomation.EditServiceTest" time="93.122" errors="0" timestamp="2022-06-25T13:27:09 IST" skipped="0">
  <testcase classname="SoFaDog.AndroidAutomation.EditServiceTest" name="EditServiceTestCase" time="93.122"/>
</testsuite> <!-- SoFaDog.AndroidAutomation.EditServiceTest -->
