<?xml version="1.0" encoding="UTF-8"?>
<!-- Generated by org.testng.reporters.JUnitReportReporter -->
<testsuite skipped="0" hostname="Kamals-MacBook-Pro.local" name="Memberse.AndroidAutomation.aSearchCreatorTest" tests="1" failures="0" timestamp="2022-12-23T14:05:02 IST" time="70.958" errors="0">
  <testcase name="aSearchCreatorTestCase" time="70.958" classname="Memberse.AndroidAutomation.aSearchCreatorTest"/>
  <system-out/>
</testsuite> <!-- Memberse.AndroidAutomation.aSearchCreatorTest -->
