<?xml version="1.0" encoding="UTF-8"?>
<!-- Generated by org.testng.reporters.JUnitReportReporter -->
<testsuite hostname="Kamals-MacBook-Pro.local" failures="0" tests="1" name="SoFaDog.AndroidAutomation.PaidServiceStatusTest" time="464.144" errors="0" timestamp="2022-07-01T12:32:03 IST" skipped="0">
  <testcase classname="SoFaDog.AndroidAutomation.PaidServiceStatusTest" name="PaidServiceStatusTestCase" time="464.144"/>
</testsuite> <!-- SoFaDog.AndroidAutomation.PaidServiceStatusTest -->
