<?xml version="1.0" encoding="UTF-8"?>
<!-- Generated by org.testng.reporters.JUnitReportReporter -->
<testsuite hostname="Kamals-MacBook-Pro.local" failures="0" tests="1" name="SoFaDog.AndroidAutomation.ListenAudioTest" time="113.760" errors="0" timestamp="2022-06-17T13:04:46 IST" skipped="0">
  <testcase classname="SoFaDog.AndroidAutomation.ListenAudioTest" name="ListenaudioTestCase" time="113.760"/>
</testsuite> <!-- SoFaDog.AndroidAutomation.ListenAudioTest -->
