<?xml version="1.0" encoding="UTF-8"?>
<!-- Generated by org.testng.reporters.JUnitReportReporter -->
<testsuite skipped="0" hostname="Kamals-MacBook-Pro.local" name="Memberse.AndroidAutomation.aPostHistoryDeleteTest" tests="1" failures="0" timestamp="2022-12-01T12:32:31 IST" time="67.843" errors="0">
  <testcase name="aPostHistoryDeleteTestCase" time="67.843" classname="Memberse.AndroidAutomation.aPostHistoryDeleteTest"/>
  <system-out/>
</testsuite> <!-- Memberse.AndroidAutomation.aPostHistoryDeleteTest -->
