<?xml version="1.0" encoding="UTF-8"?>
<!-- Generated by org.testng.reporters.JUnitReportReporter -->
<testsuite skipped="0" hostname="Kamals-MacBook-Pro.local" name="SoFaDog.AndroidAutomation.EndToEndTest" tests="1" failures="0" timestamp="2022-06-07T22:38:06 IST" time="281.602" errors="0">
  <testcase name="EndToEndTestCase" time="281.602" classname="SoFaDog.AndroidAutomation.EndToEndTest"/>
  <system-out/>
</testsuite> <!-- SoFaDog.AndroidAutomation.EndToEndTest -->
