<?xml version="1.0" encoding="UTF-8"?>
<!-- Generated by org.testng.reporters.JUnitReportReporter -->
<testsuite skipped="0" hostname="Kamals-MacBook-Pro.local" name="SoFaDog.AndroidAutomation.SmokeTest" tests="1" failures="0" timestamp="2022-06-07T22:38:06 IST" time="128.312" errors="0">
  <testcase name="SmokeTestCase" time="128.312" classname="SoFaDog.AndroidAutomation.SmokeTest"/>
  <system-out/>
</testsuite> <!-- SoFaDog.AndroidAutomation.SmokeTest -->
