<?xml version="1.0" encoding="UTF-8"?>
<!-- Generated by org.testng.reporters.JUnitReportReporter -->
<testsuite hostname="Kamals-MacBook-Pro.local" failures="0" tests="1" name="SoFaDog.AndroidAutomation.SampleTest" time="29.466" errors="0" timestamp="2022-05-09T18:40:21 IST" skipped="0">
  <testcase classname="SoFaDog.AndroidAutomation.SampleTest" name="FirstTest" time="29.466"/>
  <system-out/>
</testsuite> <!-- SoFaDog.AndroidAutomation.SampleTest -->
