<?xml version="1.0" encoding="UTF-8"?>
<!-- Generated by org.testng.reporters.JUnitReportReporter -->
<testsuite skipped="0" hostname="Kamals-MacBook-Pro.local" name="SoFaDog.AndroidAutomation.WidgetSwipeTest" tests="1" failures="0" timestamp="2022-06-07T22:38:06 IST" time="58.267" errors="0">
  <testcase name="WidgetSwipeTestCase" time="58.267" classname="SoFaDog.AndroidAutomation.WidgetSwipeTest"/>
  <system-out/>
</testsuite> <!-- SoFaDog.AndroidAutomation.WidgetSwipeTest -->
